0:0:0:0:0:0:0:1 -  -  [03/Jul/2015:19:41:27 +0000] "GET / HTTP/1.1" 302 0 
0:0:0:0:0:0:0:1 -  -  [03/Jul/2015:19:41:27 +0000] "GET /static/index.html HTTP/1.1" 200 656 
0:0:0:0:0:0:0:1 -  -  [03/Jul/2015:19:41:27 +0000] "GET /openhab.app HTTP/1.1" 500 3911 
0:0:0:0:0:0:0:1 -  -  [03/Jul/2015:19:41:32 +0000] "GET /openhab.app?sitemap=demo HTTP/1.1" 200 9824 
0:0:0:0:0:0:0:1 -  -  [03/Jul/2015:19:41:32 +0000] "GET /WebApp/Design/Render.css HTTP/1.1" 200 16314 
0:0:0:0:0:0:0:1 -  -  [03/Jul/2015:19:41:32 +0000] "GET /WebApp/Design/RenderRTL.css HTTP/1.1" 200 2903 
0:0:0:0:0:0:0:1 -  -  [03/Jul/2015:19:41:32 +0000] "GET /WebApp/Action/Logic.min.js HTTP/1.1" 200 25268 
0:0:0:0:0:0:0:1 -  -  [03/Jul/2015:19:41:32 +0000] "GET /WebApp/Design/Firefox.css HTTP/1.1" 200 3505 
0:0:0:0:0:0:0:1 -  -  [03/Jul/2015:19:41:32 +0000] "GET /jquery.miniColors.css HTTP/1.1" 200 3525 
0:0:0:0:0:0:0:1 -  -  [03/Jul/2015:19:41:32 +0000] "GET /jquery.miniColors.js HTTP/1.1" 200 20436 
0:0:0:0:0:0:0:1 -  -  [03/Jul/2015:19:41:32 +0000] "GET /WebApp/Design/openHAB.css HTTP/1.1" 200 101 
0:0:0:0:0:0:0:1 -  -  [03/Jul/2015:19:41:32 +0000] "GET /jquery.min.js HTTP/1.1" 200 93637 
0:0:0:0:0:0:0:1 -  -  [03/Jul/2015:19:41:32 +0000] "GET /images/present.png HTTP/1.1" 200 5272 
0:0:0:0:0:0:0:1 -  -  [03/Jul/2015:19:41:32 +0000] "GET /WebApp/Design/Img/bg.png HTTP/1.1" 200 115 
0:0:0:0:0:0:0:1 -  -  [03/Jul/2015:19:41:32 +0000] "GET /images/firstfloor.png HTTP/1.1" 200 4473 
0:0:0:0:0:0:0:1 -  -  [03/Jul/2015:19:41:32 +0000] "GET /images/none.png HTTP/1.1" 200 132 
0:0:0:0:0:0:0:1 -  -  [03/Jul/2015:19:41:32 +0000] "GET /images/switch.png HTTP/1.1" 200 1467 
0:0:0:0:0:0:0:1 -  -  [03/Jul/2015:19:41:32 +0000] "GET /WebApp/Design/Img/loader-white-100x12x2.png HTTP/1.1" 200 621 
0:0:0:0:0:0:0:1 -  -  [03/Jul/2015:19:41:32 +0000] "GET /images/temperature.png HTTP/1.1" 200 4361 
0:0:0:0:0:0:0:1 -  -  [03/Jul/2015:19:41:32 +0000] "GET /images/contact-closed.png HTTP/1.1" 200 4262 
0:0:0:0:0:0:0:1 -  -  [03/Jul/2015:19:41:32 +0000] "GET /WebApp/Design/Img/loader-white-100x12x4.png HTTP/1.1" 200 615 
0:0:0:0:0:0:0:1 -  -  [03/Jul/2015:19:41:32 +0000] "GET /WebApp/Design/Img/loader-white-100x12x1.png HTTP/1.1" 200 608 
0:0:0:0:0:0:0:1 -  -  [03/Jul/2015:19:41:32 +0000] "GET /WebApp/Design/Img/loader-white-100x12x5.png HTTP/1.1" 200 608 
0:0:0:0:0:0:0:1 -  -  [03/Jul/2015:19:41:32 +0000] "GET /WebApp/Design/Img/loader-white-100x12x6.png HTTP/1.1" 200 601 
0:0:0:0:0:0:0:1 -  -  [03/Jul/2015:19:41:32 +0000] "GET /WebApp/Design/Img/loader-white-100x12x8.png HTTP/1.1" 200 616 
0:0:0:0:0:0:0:1 -  -  [03/Jul/2015:19:41:32 +0000] "GET /WebApp/Design/Img/loader-white-100x12x9.png HTTP/1.1" 200 604 
0:0:0:0:0:0:0:1 -  -  [03/Jul/2015:19:41:32 +0000] "GET /WebApp/Design/Img/loader-white-100x12x10.png HTTP/1.1" 200 608 
0:0:0:0:0:0:0:1 -  -  [03/Jul/2015:19:41:32 +0000] "GET /WebApp/Design/Img/loader-gray-100x12x1.png HTTP/1.1" 200 701 
0:0:0:0:0:0:0:1 -  -  [03/Jul/2015:19:41:32 +0000] "GET /WebApp/Design/Img/loader-gray-100x12x2.png HTTP/1.1" 200 693 
0:0:0:0:0:0:0:1 -  -  [03/Jul/2015:19:41:32 +0000] "GET /WebApp/Design/Img/loader-white-100x12x7.png HTTP/1.1" 200 607 
0:0:0:0:0:0:0:1 -  -  [03/Jul/2015:19:41:32 +0000] "GET /WebApp/Design/Img/loader-gray-100x12x4.png HTTP/1.1" 200 689 
0:0:0:0:0:0:0:1 -  -  [03/Jul/2015:19:41:32 +0000] "GET /WebApp/Design/Img/loader-white-100x12x11.png HTTP/1.1" 200 606 
0:0:0:0:0:0:0:1 -  -  [03/Jul/2015:19:41:32 +0000] "GET /WebApp/Design/Img/loader-gray-100x12x6.png HTTP/1.1" 200 689 
0:0:0:0:0:0:0:1 -  -  [03/Jul/2015:19:41:32 +0000] "GET /WebApp/Design/Img/loader-white-100x12x12.png HTTP/1.1" 200 616 
0:0:0:0:0:0:0:1 -  -  [03/Jul/2015:19:41:32 +0000] "GET /WebApp/Design/Img/loader-gray-100x12x3.png HTTP/1.1" 200 700 
0:0:0:0:0:0:0:1 -  -  [03/Jul/2015:19:41:32 +0000] "GET /WebApp/Design/Img/loader-gray-100x12x7.png HTTP/1.1" 200 689 
0:0:0:0:0:0:0:1 -  -  [03/Jul/2015:19:41:32 +0000] "GET /WebApp/Design/Img/select.png HTTP/1.1" 200 135 
0:0:0:0:0:0:0:1 -  -  [03/Jul/2015:19:41:32 +0000] "GET /WebApp/Design/Img/loader-gray-100x12x9.png HTTP/1.1" 200 692 
0:0:0:0:0:0:0:1 -  -  [03/Jul/2015:19:41:32 +0000] "GET /WebApp/Design/Img/loader-white-100x12x3.png HTTP/1.1" 200 615 
0:0:0:0:0:0:0:1 -  -  [03/Jul/2015:19:41:32 +0000] "GET /WebApp/Design/Img/loader-gray-100x12x12.png HTTP/1.1" 200 694 
0:0:0:0:0:0:0:1 -  -  [03/Jul/2015:19:41:32 +0000] "GET /WebApp/Design/Img/loader-gray-100x12x11.png HTTP/1.1" 200 688 
0:0:0:0:0:0:0:1 -  -  [03/Jul/2015:19:41:32 +0000] "GET /WebApp/Design/Img/loader-big-white-100x12x1.png HTTP/1.1" 200 1873 
0:0:0:0:0:0:0:1 -  -  [03/Jul/2015:19:41:32 +0000] "GET /WebApp/Design/Img/loader-big-white-100x12x2.png HTTP/1.1" 200 1870 
0:0:0:0:0:0:0:1 -  -  [03/Jul/2015:19:41:32 +0000] "GET /WebApp/Design/Img/loader-gray-100x12x10.png HTTP/1.1" 200 692 
0:0:0:0:0:0:0:1 -  -  [03/Jul/2015:19:41:32 +0000] "GET /WebApp/Design/Img/loader-big-white-100x12x4.png HTTP/1.1" 200 1923 
0:0:0:0:0:0:0:1 -  -  [03/Jul/2015:19:41:32 +0000] "GET /WebApp/Design/Img/loader-big-white-100x12x8.png HTTP/1.1" 200 1897 
0:0:0:0:0:0:0:1 -  -  [03/Jul/2015:19:41:32 +0000] "GET /WebApp/Design/Img/loader-gray-100x12x8.png HTTP/1.1" 200 688 
0:0:0:0:0:0:0:1 -  -  [03/Jul/2015:19:41:32 +0000] "GET /WebApp/Design/Img/loader-big-white-100x12x3.png HTTP/1.1" 200 1849 
0:0:0:0:0:0:0:1 -  -  [03/Jul/2015:19:41:32 +0000] "GET /WebApp/Design/Img/loader-gray-100x12x5.png HTTP/1.1" 200 699 
0:0:0:0:0:0:0:1 -  -  [03/Jul/2015:19:41:32 +0000] "GET /WebApp/Design/Img/loader-big-white-100x12x9.png HTTP/1.1" 200 1876 
0:0:0:0:0:0:0:1 -  -  [03/Jul/2015:19:41:32 +0000] "GET /WebApp/Design/Img/chevron-select.png HTTP/1.1" 200 196 
0:0:0:0:0:0:0:1 -  -  [03/Jul/2015:19:41:32 +0000] "GET /WebApp/Design/Img/loader-big-white-100x12x10.png HTTP/1.1" 200 1893 
0:0:0:0:0:0:0:1 -  -  [03/Jul/2015:19:41:32 +0000] "GET /WebApp/Design/Img/loader-big-white-100x12x12.png HTTP/1.1" 200 1873 
0:0:0:0:0:0:0:1 -  -  [03/Jul/2015:19:41:32 +0000] "GET /WebApp/Design/Img/loader-big-white-100x12x11.png HTTP/1.1" 200 1889 
0:0:0:0:0:0:0:1 -  -  [03/Jul/2015:19:41:32 +0000] "GET /WebApp/Design/Img/loader-big-white-100x12x5.png HTTP/1.1" 200 1914 
0:0:0:0:0:0:0:1 -  -  [03/Jul/2015:19:41:32 +0000] "GET /WebApp/Design/Img/button-simple.png HTTP/1.1" 200 670 
0:0:0:0:0:0:0:1 -  -  [03/Jul/2015:19:41:32 +0000] "GET /WebApp/Design/Img/check-sel.png HTTP/1.1" 200 290 
0:0:0:0:0:0:0:1 -  -  [03/Jul/2015:19:41:32 +0000] "GET /WebApp/Design/Img/button-back-touch.png HTTP/1.1" 200 932 
0:0:0:0:0:0:0:1 -  -  [03/Jul/2015:19:41:32 +0000] "GET /WebApp/Design/Img/button-back.png HTTP/1.1" 200 940 
0:0:0:0:0:0:0:1 -  -  [03/Jul/2015:19:41:32 +0000] "GET /WebApp/Design/Img/loader-big-white-100x12x6.png HTTP/1.1" 200 1901 
0:0:0:0:0:0:0:1 -  -  [03/Jul/2015:19:41:32 +0000] "GET /WebApp/Design/Img/loader-big-white-100x12x7.png HTTP/1.1" 200 1859 
0:0:0:0:0:0:0:1 -  -  [03/Jul/2015:19:41:32 +0000] "GET /WebApp/Design/Img/button-simple-touch.png HTTP/1.1" 200 665 
0:0:0:0:0:0:0:1 -  -  [03/Jul/2015:19:41:32 +0000] "GET /WebApp/Design/Img/bg-head.png HTTP/1.1" 200 152 
0:0:0:0:0:0:0:1 -  -  [03/Jul/2015:19:41:32 +0000] "GET /WebApp/Design/Img/bg-switch.png HTTP/1.1" 200 157 
0:0:0:0:0:0:0:1 -  -  [03/Jul/2015:19:41:32 +0000] "GET /WebApp/Design/Img/form-check-text.png HTTP/1.1" 200 122 
0:0:0:0:0:0:0:1 -  -  [03/Jul/2015:19:41:32 +0000] "GET /WebApp/Design/Img/chevron.png HTTP/1.1" 200 254 
0:0:0:0:0:0:0:1 -  -  [03/Jul/2015:19:41:32 +0000] "GET /WebApp/Design/Img/bg-switch-thumb.png HTTP/1.1" 200 164 
0:0:0:0:0:0:0:1 -  -  [03/Jul/2015:19:41:32 +0000] "GET /jquery.minicolors.png HTTP/1.1" 200 50867 
0:0:0:0:0:0:0:1 -  -  [03/Jul/2015:19:41:32 +0000] "GET /images/favicon.ico HTTP/1.1" 200 1150 
0:0:0:0:0:0:0:1 -  -  [03/Jul/2015:19:41:34 +0000] "GET /openhab.app?sitemap=demo&poll=true&__async=true&__source=waHome HTTP/1.1" 200 1280 
0:0:0:0:0:0:0:1 -  -  [03/Jul/2015:19:41:37 +0000] "GET /images/contact-open.png HTTP/1.1" 200 4596 
0:0:0:0:0:0:0:1 -  -  [03/Jul/2015:19:41:40 +0000] "GET /WebApp/Design/Img/form-check-texton.png HTTP/1.1" 200 121 
0:0:0:0:0:0:0:1 -  -  [03/Jul/2015:19:41:40 +0000] "GET /CMD?Presence=TOGGLE&__async=true&__source=waHome HTTP/1.1" 200 13 
0:0:0:0:0:0:0:1 -  -  [03/Jul/2015:19:41:37 +0000] "GET /openhab.app?sitemap=demo&poll=true&__async=true&__source=waHome HTTP/1.1" 200 1292 
0:0:0:0:0:0:0:1 -  -  [03/Jul/2015:19:41:40 +0000] "GET /CMD?Presence=TOGGLE&__async=true&__source=waHome HTTP/1.1" 200 13 
0:0:0:0:0:0:0:1 -  -  [03/Jul/2015:19:41:40 +0000] "GET /openhab.app?sitemap=demo&poll=true&__async=true&__source=waHome HTTP/1.1" 200 1284 
0:0:0:0:0:0:0:1 -  -  [03/Jul/2015:19:41:41 +0000] "GET /images/present-off.png HTTP/1.1" 200 5083 
0:0:0:0:0:0:0:1 -  -  [03/Jul/2015:19:41:41 +0000] "GET /openhab.app?sitemap=demo&w=0002&__async=true&__source=waHome HTTP/1.1" 200 1358 
0:0:0:0:0:0:0:1 -  -  [03/Jul/2015:19:41:43 +0000] "GET /openhab.app?sitemap=demo&sitemap=demo&w=&poll=true&__async=true&__source=waHome HTTP/1.1" 200 1288 
0:0:0:0:0:0:0:1 -  -  [03/Jul/2015:19:41:44 +0000] "GET /images/switch-off.png HTTP/1.1" 200 1467 
0:0:0:0:0:0:0:1 -  -  [03/Jul/2015:19:41:44 +0000] "GET /CMD?Light=TOGGLE&__async=true&__source=waHome HTTP/1.1" 200 13 
0:0:0:0:0:0:0:1 -  -  [03/Jul/2015:19:41:41 +0000] "GET /openhab.app?sitemap=demo&poll=true&__async=true&__source=waHome HTTP/1.1" 200 1299 
0:0:0:0:0:0:0:1 -  -  [03/Jul/2015:19:41:44 +0000] "GET /images/switch-on.png HTTP/1.1" 200 2076 
0:0:0:0:0:0:0:1 -  -  [03/Jul/2015:19:41:44 +0000] "GET /openhab.app?sitemap=demo&sitemap=demo&w=&poll=true&__async=true&__source=waHome HTTP/1.1" 200 1299 
0:0:0:0:0:0:0:1 -  -  [03/Jul/2015:19:41:44 +0000] "GET /CMD?Light=TOGGLE&__async=true&__source=waHome HTTP/1.1" 200 13 
0:0:0:0:0:0:0:1 -  -  [03/Jul/2015:19:41:44 +0000] "GET /openhab.app?sitemap=demo&poll=true&__async=true&__source=waHome HTTP/1.1" 200 1288 
0:0:0:0:0:0:0:1 -  -  [03/Jul/2015:19:41:44 +0000] "GET /openhab.app?sitemap=demo&sitemap=demo&w=&poll=true&__async=true&__source=waHome HTTP/1.1" 200 1288 
0:0:0:0:0:0:0:1 -  -  [03/Jul/2015:19:41:42 +0000] "GET /openhab.app?sitemap=demo&sitemap=demo&w=0002&poll=true&__async=true&__source=wa0002 HTTP/1.1" 200 92 
0:0:0:0:0:0:0:1 -  -  [03/Jul/2015:19:41:44 +0000] "GET /openhab.app?sitemap=demo&poll=true&__async=true&__source=waHome HTTP/1.1" 200 92 
0:0:0:0:0:0:0:1 -  -  [03/Jul/2015:19:41:45 +0000] "GET /openhab.app?sitemap=demo&sitemap=demo&w=&poll=true&__async=true&__source=waHome HTTP/1.1" 200 92 
0:0:0:0:0:0:0:1 -  -  [03/Jul/2015:19:41:55 +0000] "GET /openhab.app?sitemap=demo&sitemap=demo&w=&poll=true&__async=true&__source=waHome HTTP/1.1" 200 1288 
0:0:0:0:0:0:0:1 -  -  [03/Jul/2015:19:41:52 +0000] "GET /openhab.app?sitemap=demo&sitemap=demo&w=0002&poll=true&__async=true&__source=waHome HTTP/1.1" 200 1362 
0:0:0:0:0:0:0:1 -  -  [03/Jul/2015:19:41:55 +0000] "GET /openhab.app?sitemap=demo&poll=true&__async=true&__source=waHome HTTP/1.1" 200 1288 
0:0:0:0:0:0:0:1 -  -  [03/Jul/2015:19:42:00 +0000] "GET /openhab.app?sitemap=demo&sitemap=demo&w=&poll=true&__async=true&__source=waHome HTTP/1.1" 200 92 
0:0:0:0:0:0:0:1 -  -  [03/Jul/2015:19:42:00 +0000] "GET /openhab.app?sitemap=demo&sitemap=demo&w=0002&poll=true&__async=true&__source=waHome HTTP/1.1" 200 92 
0:0:0:0:0:0:0:1 -  -  [03/Jul/2015:19:42:00 +0000] "GET /openhab.app?sitemap=demo&poll=true&__async=true&__source=waHome HTTP/1.1" 200 92 
0:0:0:0:0:0:0:1 -  -  [03/Jul/2015:19:42:10 +0000] "GET /openhab.app?sitemap=demo&sitemap=demo&w=0002&poll=true&__async=true&__source=waHome HTTP/1.1" 200 92 
0:0:0:0:0:0:0:1 -  -  [03/Jul/2015:19:42:10 +0000] "GET /openhab.app?sitemap=demo&sitemap=demo&w=&poll=true&__async=true&__source=waHome HTTP/1.1" 200 92 
0:0:0:0:0:0:0:1 -  -  [03/Jul/2015:19:42:10 +0000] "GET /openhab.app?sitemap=demo&poll=true&__async=true&__source=waHome HTTP/1.1" 200 92 
0:0:0:0:0:0:0:1 -  -  [03/Jul/2015:19:42:21 +0000] "GET /openhab.app?sitemap=demo&poll=true&__async=true&__source=waHome HTTP/1.1" 200 1288 
0:0:0:0:0:0:0:1 -  -  [03/Jul/2015:19:42:21 +0000] "GET /openhab.app?sitemap=demo&sitemap=demo&w=0002&poll=true&__async=true&__source=waHome HTTP/1.1" 200 1362 
0:0:0:0:0:0:0:1 -  -  [03/Jul/2015:19:42:21 +0000] "GET /openhab.app?sitemap=demo&sitemap=demo&w=&poll=true&__async=true&__source=waHome HTTP/1.1" 200 1288 
0:0:0:0:0:0:0:1 -  -  [03/Jul/2015:19:42:30 +0000] "GET /openhab.app?sitemap=demo&poll=true&__async=true&__source=waHome HTTP/1.1" 200 92 
0:0:0:0:0:0:0:1 -  -  [03/Jul/2015:19:42:30 +0000] "GET /openhab.app?sitemap=demo&sitemap=demo&w=0002&poll=true&__async=true&__source=waHome HTTP/1.1" 200 92 
0:0:0:0:0:0:0:1 -  -  [03/Jul/2015:19:42:30 +0000] "GET /openhab.app?sitemap=demo&sitemap=demo&w=&poll=true&__async=true&__source=waHome HTTP/1.1" 200 92 
0:0:0:0:0:0:0:1 -  -  [03/Jul/2015:19:42:40 +0000] "GET /openhab.app?sitemap=demo&poll=true&__async=true&__source=waHome HTTP/1.1" 200 92 
0:0:0:0:0:0:0:1 -  -  [03/Jul/2015:19:42:40 +0000] "GET /openhab.app?sitemap=demo&sitemap=demo&w=0002&poll=true&__async=true&__source=waHome HTTP/1.1" 200 92 
0:0:0:0:0:0:0:1 -  -  [03/Jul/2015:19:42:40 +0000] "GET /openhab.app?sitemap=demo&sitemap=demo&w=&poll=true&__async=true&__source=waHome HTTP/1.1" 200 92 
0:0:0:0:0:0:0:1 -  -  [03/Jul/2015:19:42:51 +0000] "GET /openhab.app?sitemap=demo&sitemap=demo&w=&poll=true&__async=true&__source=waHome HTTP/1.1" 200 1288 
0:0:0:0:0:0:0:1 -  -  [03/Jul/2015:19:42:51 +0000] "GET /openhab.app?sitemap=demo&sitemap=demo&w=0002&poll=true&__async=true&__source=waHome HTTP/1.1" 200 1362 
0:0:0:0:0:0:0:1 -  -  [03/Jul/2015:19:42:51 +0000] "GET /openhab.app?sitemap=demo&poll=true&__async=true&__source=waHome HTTP/1.1" 200 1288 
0:0:0:0:0:0:0:1 -  -  [03/Jul/2015:19:43:00 +0000] "GET /openhab.app?sitemap=demo&sitemap=demo&w=&poll=true&__async=true&__source=waHome HTTP/1.1" 200 92 
0:0:0:0:0:0:0:1 -  -  [03/Jul/2015:19:43:00 +0000] "GET /openhab.app?sitemap=demo&sitemap=demo&w=0002&poll=true&__async=true&__source=waHome HTTP/1.1" 200 92 
0:0:0:0:0:0:0:1 -  -  [03/Jul/2015:19:43:00 +0000] "GET /openhab.app?sitemap=demo&poll=true&__async=true&__source=waHome HTTP/1.1" 200 92 
0:0:0:0:0:0:0:1 -  -  [03/Jul/2015:19:43:10 +0000] "GET /openhab.app?sitemap=demo&sitemap=demo&w=&poll=true&__async=true&__source=waHome HTTP/1.1" 200 92 
0:0:0:0:0:0:0:1 -  -  [03/Jul/2015:19:43:10 +0000] "GET /openhab.app?sitemap=demo&sitemap=demo&w=0002&poll=true&__async=true&__source=waHome HTTP/1.1" 200 92 
0:0:0:0:0:0:0:1 -  -  [03/Jul/2015:19:43:10 +0000] "GET /openhab.app?sitemap=demo&poll=true&__async=true&__source=waHome HTTP/1.1" 200 92 
0:0:0:0:0:0:0:1 -  -  [03/Jul/2015:19:43:21 +0000] "GET /openhab.app?sitemap=demo&sitemap=demo&w=&poll=true&__async=true&__source=waHome HTTP/1.1" 200 1288 
0:0:0:0:0:0:0:1 -  -  [03/Jul/2015:19:43:21 +0000] "GET /openhab.app?sitemap=demo&sitemap=demo&w=0002&poll=true&__async=true&__source=waHome HTTP/1.1" 200 1370 
0:0:0:0:0:0:0:1 -  -  [03/Jul/2015:19:43:21 +0000] "GET /openhab.app?sitemap=demo&poll=true&__async=true&__source=waHome HTTP/1.1" 200 1288 
0:0:0:0:0:0:0:1 -  -  [03/Jul/2015:19:43:30 +0000] "GET /openhab.app?sitemap=demo&sitemap=demo&w=&poll=true&__async=true&__source=waHome HTTP/1.1" 200 92 
0:0:0:0:0:0:0:1 -  -  [03/Jul/2015:19:43:30 +0000] "GET /openhab.app?sitemap=demo&sitemap=demo&w=0002&poll=true&__async=true&__source=waHome HTTP/1.1" 200 92 
0:0:0:0:0:0:0:1 -  -  [03/Jul/2015:19:43:30 +0000] "GET /openhab.app?sitemap=demo&poll=true&__async=true&__source=waHome HTTP/1.1" 200 92 
0:0:0:0:0:0:0:1 -  -  [03/Jul/2015:19:43:40 +0000] "GET /openhab.app?sitemap=demo&sitemap=demo&w=&poll=true&__async=true&__source=waHome HTTP/1.1" 200 92 
0:0:0:0:0:0:0:1 -  -  [03/Jul/2015:19:43:40 +0000] "GET /openhab.app?sitemap=demo&sitemap=demo&w=0002&poll=true&__async=true&__source=waHome HTTP/1.1" 200 92 
0:0:0:0:0:0:0:1 -  -  [03/Jul/2015:19:43:41 +0000] "GET /openhab.app?sitemap=demo&poll=true&__async=true&__source=waHome HTTP/1.1" 200 92 
0:0:0:0:0:0:0:1 -  -  [03/Jul/2015:19:43:51 +0000] "GET /openhab.app?sitemap=demo&poll=true&__async=true&__source=waHome HTTP/1.1" 200 1288 
0:0:0:0:0:0:0:1 -  -  [03/Jul/2015:19:43:51 +0000] "GET /openhab.app?sitemap=demo&sitemap=demo&w=&poll=true&__async=true&__source=waHome HTTP/1.1" 200 1288 
0:0:0:0:0:0:0:1 -  -  [03/Jul/2015:19:43:51 +0000] "GET /openhab.app?sitemap=demo&sitemap=demo&w=0002&poll=true&__async=true&__source=waHome HTTP/1.1" 200 1358 
0:0:0:0:0:0:0:1 -  -  [03/Jul/2015:19:44:00 +0000] "GET /openhab.app?sitemap=demo&poll=true&__async=true&__source=waHome HTTP/1.1" 200 92 
0:0:0:0:0:0:0:1 -  -  [03/Jul/2015:19:44:00 +0000] "GET /openhab.app?sitemap=demo&sitemap=demo&w=&poll=true&__async=true&__source=waHome HTTP/1.1" 200 92 
0:0:0:0:0:0:0:1 -  -  [03/Jul/2015:19:44:00 +0000] "GET /openhab.app?sitemap=demo&sitemap=demo&w=0002&poll=true&__async=true&__source=waHome HTTP/1.1" 200 92 
0:0:0:0:0:0:0:1 -  -  [03/Jul/2015:19:44:10 +0000] "GET /openhab.app?sitemap=demo&poll=true&__async=true&__source=waHome HTTP/1.1" 200 92 
0:0:0:0:0:0:0:1 -  -  [03/Jul/2015:19:44:11 +0000] "GET /openhab.app?sitemap=demo&sitemap=demo&w=0002&poll=true&__async=true&__source=waHome HTTP/1.1" 200 92 
0:0:0:0:0:0:0:1 -  -  [03/Jul/2015:19:44:11 +0000] "GET /openhab.app?sitemap=demo&sitemap=demo&w=&poll=true&__async=true&__source=waHome HTTP/1.1" 200 92 
0:0:0:0:0:0:0:1 -  -  [03/Jul/2015:19:44:21 +0000] "GET /openhab.app?sitemap=demo&sitemap=demo&w=&poll=true&__async=true&__source=waHome HTTP/1.1" 200 1288 
0:0:0:0:0:0:0:1 -  -  [03/Jul/2015:19:44:21 +0000] "GET /openhab.app?sitemap=demo&sitemap=demo&w=0002&poll=true&__async=true&__source=waHome HTTP/1.1" 200 1350 
0:0:0:0:0:0:0:1 -  -  [03/Jul/2015:19:44:21 +0000] "GET /openhab.app?sitemap=demo&poll=true&__async=true&__source=waHome HTTP/1.1" 200 1288 
0:0:0:0:0:0:0:1 -  -  [03/Jul/2015:19:44:30 +0000] "GET /openhab.app?sitemap=demo&sitemap=demo&w=&poll=true&__async=true&__source=waHome HTTP/1.1" 200 92 
0:0:0:0:0:0:0:1 -  -  [03/Jul/2015:19:44:30 +0000] "GET /openhab.app?sitemap=demo&sitemap=demo&w=0002&poll=true&__async=true&__source=waHome HTTP/1.1" 200 92 
0:0:0:0:0:0:0:1 -  -  [03/Jul/2015:19:44:30 +0000] "GET /openhab.app?sitemap=demo&poll=true&__async=true&__source=waHome HTTP/1.1" 200 92 
0:0:0:0:0:0:0:1 -  -  [03/Jul/2015:19:44:40 +0000] "GET /openhab.app?sitemap=demo&sitemap=demo&w=&poll=true&__async=true&__source=waHome HTTP/1.1" 200 92 
0:0:0:0:0:0:0:1 -  -  [03/Jul/2015:19:44:40 +0000] "GET /openhab.app?sitemap=demo&sitemap=demo&w=0002&poll=true&__async=true&__source=waHome HTTP/1.1" 200 92 
0:0:0:0:0:0:0:1 -  -  [03/Jul/2015:19:44:40 +0000] "GET /openhab.app?sitemap=demo&poll=true&__async=true&__source=waHome HTTP/1.1" 200 92 
0:0:0:0:0:0:0:1 -  -  [03/Jul/2015:19:44:51 +0000] "GET /openhab.app?sitemap=demo&sitemap=demo&w=&poll=true&__async=true&__source=waHome HTTP/1.1" 200 1288 
0:0:0:0:0:0:0:1 -  -  [03/Jul/2015:19:44:51 +0000] "GET /openhab.app?sitemap=demo&sitemap=demo&w=0002&poll=true&__async=true&__source=waHome HTTP/1.1" 200 1358 
0:0:0:0:0:0:0:1 -  -  [03/Jul/2015:19:44:51 +0000] "GET /openhab.app?sitemap=demo&poll=true&__async=true&__source=waHome HTTP/1.1" 200 1288 
0:0:0:0:0:0:0:1 -  -  [03/Jul/2015:19:45:00 +0000] "GET /openhab.app?sitemap=demo&sitemap=demo&w=&poll=true&__async=true&__source=waHome HTTP/1.1" 200 92 
0:0:0:0:0:0:0:1 -  -  [03/Jul/2015:19:45:00 +0000] "GET /openhab.app?sitemap=demo&sitemap=demo&w=0002&poll=true&__async=true&__source=waHome HTTP/1.1" 200 92 
0:0:0:0:0:0:0:1 -  -  [03/Jul/2015:19:45:00 +0000] "GET /openhab.app?sitemap=demo&poll=true&__async=true&__source=waHome HTTP/1.1" 200 92 
0:0:0:0:0:0:0:1 -  -  [03/Jul/2015:19:45:10 +0000] "GET /openhab.app?sitemap=demo&sitemap=demo&w=&poll=true&__async=true&__source=waHome HTTP/1.1" 200 92 
0:0:0:0:0:0:0:1 -  -  [03/Jul/2015:19:45:10 +0000] "GET /openhab.app?sitemap=demo&sitemap=demo&w=0002&poll=true&__async=true&__source=waHome HTTP/1.1" 200 92 
0:0:0:0:0:0:0:1 -  -  [03/Jul/2015:19:45:11 +0000] "GET /openhab.app?sitemap=demo&poll=true&__async=true&__source=waHome HTTP/1.1" 200 92 
0:0:0:0:0:0:0:1 -  -  [03/Jul/2015:19:45:21 +0000] "GET /openhab.app?sitemap=demo&sitemap=demo&w=&poll=true&__async=true&__source=waHome HTTP/1.1" 200 1288 
0:0:0:0:0:0:0:1 -  -  [03/Jul/2015:19:45:21 +0000] "GET /openhab.app?sitemap=demo&sitemap=demo&w=0002&poll=true&__async=true&__source=waHome HTTP/1.1" 200 1346 
0:0:0:0:0:0:0:1 -  -  [03/Jul/2015:19:45:21 +0000] "GET /openhab.app?sitemap=demo&poll=true&__async=true&__source=waHome HTTP/1.1" 200 1288 
0:0:0:0:0:0:0:1 -  -  [03/Jul/2015:19:45:30 +0000] "GET /openhab.app?sitemap=demo&sitemap=demo&w=&poll=true&__async=true&__source=waHome HTTP/1.1" 200 92 
0:0:0:0:0:0:0:1 -  -  [03/Jul/2015:19:45:30 +0000] "GET /openhab.app?sitemap=demo&sitemap=demo&w=0002&poll=true&__async=true&__source=waHome HTTP/1.1" 200 92 
0:0:0:0:0:0:0:1 -  -  [03/Jul/2015:19:45:30 +0000] "GET /openhab.app?sitemap=demo&poll=true&__async=true&__source=waHome HTTP/1.1" 200 92 
0:0:0:0:0:0:0:1 -  -  [03/Jul/2015:19:45:40 +0000] "GET /openhab.app?sitemap=demo&sitemap=demo&w=0002&poll=true&__async=true&__source=waHome HTTP/1.1" 200 92 
0:0:0:0:0:0:0:1 -  -  [03/Jul/2015:19:45:40 +0000] "GET /openhab.app?sitemap=demo&sitemap=demo&w=&poll=true&__async=true&__source=waHome HTTP/1.1" 200 92 
0:0:0:0:0:0:0:1 -  -  [03/Jul/2015:19:45:40 +0000] "GET /openhab.app?sitemap=demo&poll=true&__async=true&__source=waHome HTTP/1.1" 200 92 
0:0:0:0:0:0:0:1 -  -  [03/Jul/2015:19:45:51 +0000] "GET /openhab.app?sitemap=demo&sitemap=demo&w=&poll=true&__async=true&__source=waHome HTTP/1.1" 200 1288 
0:0:0:0:0:0:0:1 -  -  [03/Jul/2015:19:45:51 +0000] "GET /openhab.app?sitemap=demo&sitemap=demo&w=0002&poll=true&__async=true&__source=waHome HTTP/1.1" 200 1350 
0:0:0:0:0:0:0:1 -  -  [03/Jul/2015:19:45:51 +0000] "GET /openhab.app?sitemap=demo&poll=true&__async=true&__source=waHome HTTP/1.1" 200 1288 
0:0:0:0:0:0:0:1 -  -  [03/Jul/2015:19:46:00 +0000] "GET /openhab.app?sitemap=demo&sitemap=demo&w=&poll=true&__async=true&__source=waHome HTTP/1.1" 200 92 
0:0:0:0:0:0:0:1 -  -  [03/Jul/2015:19:46:00 +0000] "GET /openhab.app?sitemap=demo&sitemap=demo&w=0002&poll=true&__async=true&__source=waHome HTTP/1.1" 200 92 
0:0:0:0:0:0:0:1 -  -  [03/Jul/2015:19:46:00 +0000] "GET /openhab.app?sitemap=demo&poll=true&__async=true&__source=waHome HTTP/1.1" 200 92 
0:0:0:0:0:0:0:1 -  -  [03/Jul/2015:19:46:10 +0000] "GET /openhab.app?sitemap=demo&sitemap=demo&w=&poll=true&__async=true&__source=waHome HTTP/1.1" 200 92 
0:0:0:0:0:0:0:1 -  -  [03/Jul/2015:19:46:10 +0000] "GET /openhab.app?sitemap=demo&sitemap=demo&w=0002&poll=true&__async=true&__source=waHome HTTP/1.1" 200 92 
0:0:0:0:0:0:0:1 -  -  [03/Jul/2015:19:46:10 +0000] "GET /openhab.app?sitemap=demo&poll=true&__async=true&__source=waHome HTTP/1.1" 200 92 
0:0:0:0:0:0:0:1 -  -  [03/Jul/2015:19:46:21 +0000] "GET /openhab.app?sitemap=demo&sitemap=demo&w=&poll=true&__async=true&__source=waHome HTTP/1.1" 200 1288 
0:0:0:0:0:0:0:1 -  -  [03/Jul/2015:19:46:21 +0000] "GET /openhab.app?sitemap=demo&sitemap=demo&w=0002&poll=true&__async=true&__source=waHome HTTP/1.1" 200 1354 
0:0:0:0:0:0:0:1 -  -  [03/Jul/2015:19:46:21 +0000] "GET /openhab.app?sitemap=demo&poll=true&__async=true&__source=waHome HTTP/1.1" 200 1288 
0:0:0:0:0:0:0:1 -  -  [03/Jul/2015:19:46:30 +0000] "GET /openhab.app?sitemap=demo&sitemap=demo&w=&poll=true&__async=true&__source=waHome HTTP/1.1" 200 92 
0:0:0:0:0:0:0:1 -  -  [03/Jul/2015:19:46:30 +0000] "GET /openhab.app?sitemap=demo&sitemap=demo&w=0002&poll=true&__async=true&__source=waHome HTTP/1.1" 200 92 
0:0:0:0:0:0:0:1 -  -  [03/Jul/2015:19:46:30 +0000] "GET /openhab.app?sitemap=demo&poll=true&__async=true&__source=waHome HTTP/1.1" 200 92 
0:0:0:0:0:0:0:1 -  -  [03/Jul/2015:19:46:40 +0000] "GET /openhab.app?sitemap=demo&sitemap=demo&w=&poll=true&__async=true&__source=waHome HTTP/1.1" 200 92 
0:0:0:0:0:0:0:1 -  -  [03/Jul/2015:19:46:40 +0000] "GET /openhab.app?sitemap=demo&sitemap=demo&w=0002&poll=true&__async=true&__source=waHome HTTP/1.1" 200 92 
0:0:0:0:0:0:0:1 -  -  [03/Jul/2015:19:46:41 +0000] "GET /openhab.app?sitemap=demo&poll=true&__async=true&__source=waHome HTTP/1.1" 200 92 
0:0:0:0:0:0:0:1 -  -  [03/Jul/2015:19:46:51 +0000] "GET /openhab.app?sitemap=demo&sitemap=demo&w=&poll=true&__async=true&__source=waHome HTTP/1.1" 200 1288 
0:0:0:0:0:0:0:1 -  -  [03/Jul/2015:19:46:51 +0000] "GET /openhab.app?sitemap=demo&sitemap=demo&w=0002&poll=true&__async=true&__source=waHome HTTP/1.1" 200 1346 
0:0:0:0:0:0:0:1 -  -  [03/Jul/2015:19:46:51 +0000] "GET /openhab.app?sitemap=demo&poll=true&__async=true&__source=waHome HTTP/1.1" 200 1288 
0:0:0:0:0:0:0:1 -  -  [03/Jul/2015:19:47:00 +0000] "GET /openhab.app?sitemap=demo&sitemap=demo&w=&poll=true&__async=true&__source=waHome HTTP/1.1" 200 92 
0:0:0:0:0:0:0:1 -  -  [03/Jul/2015:19:47:00 +0000] "GET /openhab.app?sitemap=demo&sitemap=demo&w=0002&poll=true&__async=true&__source=waHome HTTP/1.1" 200 92 
0:0:0:0:0:0:0:1 -  -  [03/Jul/2015:19:47:00 +0000] "GET /openhab.app?sitemap=demo&poll=true&__async=true&__source=waHome HTTP/1.1" 200 92 
0:0:0:0:0:0:0:1 -  -  [03/Jul/2015:19:47:10 +0000] "GET /openhab.app?sitemap=demo&sitemap=demo&w=&poll=true&__async=true&__source=waHome HTTP/1.1" 200 92 
0:0:0:0:0:0:0:1 -  -  [03/Jul/2015:19:47:10 +0000] "GET /openhab.app?sitemap=demo&sitemap=demo&w=0002&poll=true&__async=true&__source=waHome HTTP/1.1" 200 92 
0:0:0:0:0:0:0:1 -  -  [03/Jul/2015:19:47:10 +0000] "GET /openhab.app?sitemap=demo&poll=true&__async=true&__source=waHome HTTP/1.1" 200 92 
0:0:0:0:0:0:0:1 -  -  [03/Jul/2015:19:47:21 +0000] "GET /openhab.app?sitemap=demo&sitemap=demo&w=&poll=true&__async=true&__source=waHome HTTP/1.1" 200 1288 
0:0:0:0:0:0:0:1 -  -  [03/Jul/2015:19:47:21 +0000] "GET /openhab.app?sitemap=demo&sitemap=demo&w=0002&poll=true&__async=true&__source=waHome HTTP/1.1" 200 1362 
0:0:0:0:0:0:0:1 -  -  [03/Jul/2015:19:47:21 +0000] "GET /openhab.app?sitemap=demo&poll=true&__async=true&__source=waHome HTTP/1.1" 200 1288 
0:0:0:0:0:0:0:1 -  -  [03/Jul/2015:19:47:30 +0000] "GET /openhab.app?sitemap=demo&sitemap=demo&w=&poll=true&__async=true&__source=waHome HTTP/1.1" 200 92 
0:0:0:0:0:0:0:1 -  -  [03/Jul/2015:19:47:30 +0000] "GET /openhab.app?sitemap=demo&sitemap=demo&w=0002&poll=true&__async=true&__source=waHome HTTP/1.1" 200 92 
0:0:0:0:0:0:0:1 -  -  [03/Jul/2015:19:47:30 +0000] "GET /openhab.app?sitemap=demo&poll=true&__async=true&__source=waHome HTTP/1.1" 200 92 
0:0:0:0:0:0:0:1 -  -  [03/Jul/2015:19:47:40 +0000] "GET /openhab.app?sitemap=demo&sitemap=demo&w=&poll=true&__async=true&__source=waHome HTTP/1.1" 200 92 
0:0:0:0:0:0:0:1 -  -  [03/Jul/2015:19:47:40 +0000] "GET /openhab.app?sitemap=demo&sitemap=demo&w=0002&poll=true&__async=true&__source=waHome HTTP/1.1" 200 92 
0:0:0:0:0:0:0:1 -  -  [03/Jul/2015:19:47:40 +0000] "GET /openhab.app?sitemap=demo&poll=true&__async=true&__source=waHome HTTP/1.1" 200 92 
0:0:0:0:0:0:0:1 -  -  [03/Jul/2015:19:47:51 +0000] "GET /openhab.app?sitemap=demo&sitemap=demo&w=&poll=true&__async=true&__source=waHome HTTP/1.1" 200 1288 
0:0:0:0:0:0:0:1 -  -  [03/Jul/2015:19:47:51 +0000] "GET /openhab.app?sitemap=demo&sitemap=demo&w=0002&poll=true&__async=true&__source=waHome HTTP/1.1" 200 1366 
0:0:0:0:0:0:0:1 -  -  [03/Jul/2015:19:47:51 +0000] "GET /openhab.app?sitemap=demo&poll=true&__async=true&__source=waHome HTTP/1.1" 200 1288 
0:0:0:0:0:0:0:1 -  -  [03/Jul/2015:19:48:00 +0000] "GET /openhab.app?sitemap=demo&sitemap=demo&w=&poll=true&__async=true&__source=waHome HTTP/1.1" 200 92 
0:0:0:0:0:0:0:1 -  -  [03/Jul/2015:19:48:00 +0000] "GET /openhab.app?sitemap=demo&sitemap=demo&w=0002&poll=true&__async=true&__source=waHome HTTP/1.1" 200 92 
0:0:0:0:0:0:0:1 -  -  [03/Jul/2015:19:48:00 +0000] "GET /openhab.app?sitemap=demo&poll=true&__async=true&__source=waHome HTTP/1.1" 200 92 
0:0:0:0:0:0:0:1 -  -  [03/Jul/2015:19:48:11 +0000] "GET /openhab.app?sitemap=demo&sitemap=demo&w=&poll=true&__async=true&__source=waHome HTTP/1.1" 200 92 
0:0:0:0:0:0:0:1 -  -  [03/Jul/2015:19:48:11 +0000] "GET /openhab.app?sitemap=demo&poll=true&__async=true&__source=waHome HTTP/1.1" 200 92 
0:0:0:0:0:0:0:1 -  -  [03/Jul/2015:19:48:11 +0000] "GET /openhab.app?sitemap=demo&sitemap=demo&w=0002&poll=true&__async=true&__source=waHome HTTP/1.1" 200 92 
0:0:0:0:0:0:0:1 -  -  [03/Jul/2015:19:48:21 +0000] "GET /openhab.app?sitemap=demo&sitemap=demo&w=&poll=true&__async=true&__source=waHome HTTP/1.1" 200 1288 
0:0:0:0:0:0:0:1 -  -  [03/Jul/2015:19:48:21 +0000] "GET /openhab.app?sitemap=demo&poll=true&__async=true&__source=waHome HTTP/1.1" 200 1288 
0:0:0:0:0:0:0:1 -  -  [03/Jul/2015:19:48:21 +0000] "GET /openhab.app?sitemap=demo&sitemap=demo&w=0002&poll=true&__async=true&__source=waHome HTTP/1.1" 200 1366 
0:0:0:0:0:0:0:1 -  -  [03/Jul/2015:19:48:30 +0000] "GET /openhab.app?sitemap=demo&sitemap=demo&w=&poll=true&__async=true&__source=waHome HTTP/1.1" 200 92 
0:0:0:0:0:0:0:1 -  -  [03/Jul/2015:19:48:30 +0000] "GET /openhab.app?sitemap=demo&poll=true&__async=true&__source=waHome HTTP/1.1" 200 92 
0:0:0:0:0:0:0:1 -  -  [03/Jul/2015:19:48:30 +0000] "GET /openhab.app?sitemap=demo&sitemap=demo&w=0002&poll=true&__async=true&__source=waHome HTTP/1.1" 200 92 
0:0:0:0:0:0:0:1 -  -  [03/Jul/2015:19:48:40 +0000] "GET /openhab.app?sitemap=demo&sitemap=demo&w=&poll=true&__async=true&__source=waHome HTTP/1.1" 200 92 
0:0:0:0:0:0:0:1 -  -  [03/Jul/2015:19:48:40 +0000] "GET /openhab.app?sitemap=demo&sitemap=demo&w=0002&poll=true&__async=true&__source=waHome HTTP/1.1" 200 92 
0:0:0:0:0:0:0:1 -  -  [03/Jul/2015:19:48:40 +0000] "GET /openhab.app?sitemap=demo&poll=true&__async=true&__source=waHome HTTP/1.1" 200 92 
0:0:0:0:0:0:0:1 -  -  [03/Jul/2015:19:48:51 +0000] "GET /openhab.app?sitemap=demo&sitemap=demo&w=&poll=true&__async=true&__source=waHome HTTP/1.1" 200 1288 
0:0:0:0:0:0:0:1 -  -  [03/Jul/2015:19:48:51 +0000] "GET /openhab.app?sitemap=demo&poll=true&__async=true&__source=waHome HTTP/1.1" 200 1288 
0:0:0:0:0:0:0:1 -  -  [03/Jul/2015:19:48:51 +0000] "GET /openhab.app?sitemap=demo&sitemap=demo&w=0002&poll=true&__async=true&__source=waHome HTTP/1.1" 200 1354 
0:0:0:0:0:0:0:1 -  -  [03/Jul/2015:19:49:00 +0000] "GET /openhab.app?sitemap=demo&sitemap=demo&w=&poll=true&__async=true&__source=waHome HTTP/1.1" 200 92 
0:0:0:0:0:0:0:1 -  -  [03/Jul/2015:19:49:00 +0000] "GET /openhab.app?sitemap=demo&poll=true&__async=true&__source=waHome HTTP/1.1" 200 92 
0:0:0:0:0:0:0:1 -  -  [03/Jul/2015:19:49:00 +0000] "GET /openhab.app?sitemap=demo&sitemap=demo&w=0002&poll=true&__async=true&__source=waHome HTTP/1.1" 200 92 
0:0:0:0:0:0:0:1 -  -  [03/Jul/2015:19:49:10 +0000] "GET /openhab.app?sitemap=demo&sitemap=demo&w=&poll=true&__async=true&__source=waHome HTTP/1.1" 200 92 
0:0:0:0:0:0:0:1 -  -  [03/Jul/2015:19:49:10 +0000] "GET /openhab.app?sitemap=demo&poll=true&__async=true&__source=waHome HTTP/1.1" 200 92 
0:0:0:0:0:0:0:1 -  -  [03/Jul/2015:19:49:10 +0000] "GET /openhab.app?sitemap=demo&sitemap=demo&w=0002&poll=true&__async=true&__source=waHome HTTP/1.1" 200 92 
0:0:0:0:0:0:0:1 -  -  [03/Jul/2015:19:49:21 +0000] "GET /openhab.app?sitemap=demo&sitemap=demo&w=&poll=true&__async=true&__source=waHome HTTP/1.1" 200 1288 
0:0:0:0:0:0:0:1 -  -  [03/Jul/2015:19:49:21 +0000] "GET /openhab.app?sitemap=demo&poll=true&__async=true&__source=waHome HTTP/1.1" 200 1288 
0:0:0:0:0:0:0:1 -  -  [03/Jul/2015:19:49:21 +0000] "GET /openhab.app?sitemap=demo&sitemap=demo&w=0002&poll=true&__async=true&__source=waHome HTTP/1.1" 200 1358 
0:0:0:0:0:0:0:1 -  -  [03/Jul/2015:19:49:30 +0000] "GET /openhab.app?sitemap=demo&sitemap=demo&w=&poll=true&__async=true&__source=waHome HTTP/1.1" 200 92 
0:0:0:0:0:0:0:1 -  -  [03/Jul/2015:19:49:30 +0000] "GET /openhab.app?sitemap=demo&poll=true&__async=true&__source=waHome HTTP/1.1" 200 92 
0:0:0:0:0:0:0:1 -  -  [03/Jul/2015:19:49:30 +0000] "GET /openhab.app?sitemap=demo&sitemap=demo&w=0002&poll=true&__async=true&__source=waHome HTTP/1.1" 200 92 
0:0:0:0:0:0:0:1 -  -  [03/Jul/2015:19:49:40 +0000] "GET /openhab.app?sitemap=demo&sitemap=demo&w=&poll=true&__async=true&__source=waHome HTTP/1.1" 200 92 
0:0:0:0:0:0:0:1 -  -  [03/Jul/2015:19:49:40 +0000] "GET /openhab.app?sitemap=demo&poll=true&__async=true&__source=waHome HTTP/1.1" 200 92 
0:0:0:0:0:0:0:1 -  -  [03/Jul/2015:19:49:40 +0000] "GET /openhab.app?sitemap=demo&sitemap=demo&w=0002&poll=true&__async=true&__source=waHome HTTP/1.1" 200 92 
0:0:0:0:0:0:0:1 -  -  [03/Jul/2015:19:49:51 +0000] "GET /openhab.app?sitemap=demo&sitemap=demo&w=&poll=true&__async=true&__source=waHome HTTP/1.1" 200 1288 
0:0:0:0:0:0:0:1 -  -  [03/Jul/2015:19:49:51 +0000] "GET /openhab.app?sitemap=demo&poll=true&__async=true&__source=waHome HTTP/1.1" 200 1288 
0:0:0:0:0:0:0:1 -  -  [03/Jul/2015:19:49:51 +0000] "GET /openhab.app?sitemap=demo&sitemap=demo&w=0002&poll=true&__async=true&__source=waHome HTTP/1.1" 200 1350 
0:0:0:0:0:0:0:1 -  -  [03/Jul/2015:19:50:00 +0000] "GET /openhab.app?sitemap=demo&sitemap=demo&w=&poll=true&__async=true&__source=waHome HTTP/1.1" 200 92 
0:0:0:0:0:0:0:1 -  -  [03/Jul/2015:19:50:00 +0000] "GET /openhab.app?sitemap=demo&poll=true&__async=true&__source=waHome HTTP/1.1" 200 92 
0:0:0:0:0:0:0:1 -  -  [03/Jul/2015:19:50:00 +0000] "GET /openhab.app?sitemap=demo&sitemap=demo&w=0002&poll=true&__async=true&__source=waHome HTTP/1.1" 200 92 
0:0:0:0:0:0:0:1 -  -  [03/Jul/2015:19:50:10 +0000] "GET /openhab.app?sitemap=demo&sitemap=demo&w=&poll=true&__async=true&__source=waHome HTTP/1.1" 200 92 
0:0:0:0:0:0:0:1 -  -  [03/Jul/2015:19:50:10 +0000] "GET /openhab.app?sitemap=demo&poll=true&__async=true&__source=waHome HTTP/1.1" 200 92 
0:0:0:0:0:0:0:1 -  -  [03/Jul/2015:19:50:10 +0000] "GET /openhab.app?sitemap=demo&sitemap=demo&w=0002&poll=true&__async=true&__source=waHome HTTP/1.1" 200 92 
0:0:0:0:0:0:0:1 -  -  [03/Jul/2015:19:50:21 +0000] "GET /openhab.app?sitemap=demo&sitemap=demo&w=&poll=true&__async=true&__source=waHome HTTP/1.1" 200 1288 
0:0:0:0:0:0:0:1 -  -  [03/Jul/2015:19:50:21 +0000] "GET /openhab.app?sitemap=demo&poll=true&__async=true&__source=waHome HTTP/1.1" 200 1288 
0:0:0:0:0:0:0:1 -  -  [03/Jul/2015:19:50:21 +0000] "GET /openhab.app?sitemap=demo&sitemap=demo&w=0002&poll=true&__async=true&__source=waHome HTTP/1.1" 200 1358 
0:0:0:0:0:0:0:1 -  -  [03/Jul/2015:19:50:30 +0000] "GET /openhab.app?sitemap=demo&sitemap=demo&w=&poll=true&__async=true&__source=waHome HTTP/1.1" 200 92 
0:0:0:0:0:0:0:1 -  -  [03/Jul/2015:19:50:30 +0000] "GET /openhab.app?sitemap=demo&poll=true&__async=true&__source=waHome HTTP/1.1" 200 92 
0:0:0:0:0:0:0:1 -  -  [03/Jul/2015:19:50:30 +0000] "GET /openhab.app?sitemap=demo&sitemap=demo&w=0002&poll=true&__async=true&__source=waHome HTTP/1.1" 200 92 
0:0:0:0:0:0:0:1 -  -  [03/Jul/2015:19:50:41 +0000] "GET /openhab.app?sitemap=demo&sitemap=demo&w=&poll=true&__async=true&__source=waHome HTTP/1.1" 200 92 
0:0:0:0:0:0:0:1 -  -  [03/Jul/2015:19:50:41 +0000] "GET /openhab.app?sitemap=demo&poll=true&__async=true&__source=waHome HTTP/1.1" 200 92 
0:0:0:0:0:0:0:1 -  -  [03/Jul/2015:19:50:41 +0000] "GET /openhab.app?sitemap=demo&sitemap=demo&w=0002&poll=true&__async=true&__source=waHome HTTP/1.1" 200 92 
0:0:0:0:0:0:0:1 -  -  [03/Jul/2015:19:50:51 +0000] "GET /openhab.app?sitemap=demo&sitemap=demo&w=&poll=true&__async=true&__source=waHome HTTP/1.1" 200 1288 
0:0:0:0:0:0:0:1 -  -  [03/Jul/2015:19:50:51 +0000] "GET /openhab.app?sitemap=demo&poll=true&__async=true&__source=waHome HTTP/1.1" 200 1288 
0:0:0:0:0:0:0:1 -  -  [03/Jul/2015:19:50:51 +0000] "GET /openhab.app?sitemap=demo&sitemap=demo&w=0002&poll=true&__async=true&__source=waHome HTTP/1.1" 200 1358 
0:0:0:0:0:0:0:1 -  -  [03/Jul/2015:19:51:00 +0000] "GET /openhab.app?sitemap=demo&sitemap=demo&w=&poll=true&__async=true&__source=waHome HTTP/1.1" 200 92 
0:0:0:0:0:0:0:1 -  -  [03/Jul/2015:19:51:00 +0000] "GET /openhab.app?sitemap=demo&poll=true&__async=true&__source=waHome HTTP/1.1" 200 92 
0:0:0:0:0:0:0:1 -  -  [03/Jul/2015:19:51:00 +0000] "GET /openhab.app?sitemap=demo&sitemap=demo&w=0002&poll=true&__async=true&__source=waHome HTTP/1.1" 200 92 
0:0:0:0:0:0:0:1 -  -  [03/Jul/2015:19:51:10 +0000] "GET /openhab.app?sitemap=demo&sitemap=demo&w=&poll=true&__async=true&__source=waHome HTTP/1.1" 200 92 
0:0:0:0:0:0:0:1 -  -  [03/Jul/2015:19:51:10 +0000] "GET /openhab.app?sitemap=demo&poll=true&__async=true&__source=waHome HTTP/1.1" 200 92 
0:0:0:0:0:0:0:1 -  -  [03/Jul/2015:19:51:10 +0000] "GET /openhab.app?sitemap=demo&sitemap=demo&w=0002&poll=true&__async=true&__source=waHome HTTP/1.1" 200 92 
0:0:0:0:0:0:0:1 -  -  [03/Jul/2015:19:51:21 +0000] "GET /openhab.app?sitemap=demo&sitemap=demo&w=&poll=true&__async=true&__source=waHome HTTP/1.1" 200 1288 
0:0:0:0:0:0:0:1 -  -  [03/Jul/2015:19:51:21 +0000] "GET /openhab.app?sitemap=demo&poll=true&__async=true&__source=waHome HTTP/1.1" 200 1288 
0:0:0:0:0:0:0:1 -  -  [03/Jul/2015:19:51:21 +0000] "GET /openhab.app?sitemap=demo&sitemap=demo&w=0002&poll=true&__async=true&__source=waHome HTTP/1.1" 200 1358 
0:0:0:0:0:0:0:1 -  -  [03/Jul/2015:19:51:30 +0000] "GET /openhab.app?sitemap=demo&sitemap=demo&w=&poll=true&__async=true&__source=waHome HTTP/1.1" 200 92 
0:0:0:0:0:0:0:1 -  -  [03/Jul/2015:19:51:30 +0000] "GET /openhab.app?sitemap=demo&poll=true&__async=true&__source=waHome HTTP/1.1" 200 92 
0:0:0:0:0:0:0:1 -  -  [03/Jul/2015:19:51:30 +0000] "GET /openhab.app?sitemap=demo&sitemap=demo&w=0002&poll=true&__async=true&__source=waHome HTTP/1.1" 200 92 
0:0:0:0:0:0:0:1 -  -  [03/Jul/2015:19:51:40 +0000] "GET /openhab.app?sitemap=demo&poll=true&__async=true&__source=waHome HTTP/1.1" 200 92 
0:0:0:0:0:0:0:1 -  -  [03/Jul/2015:19:51:40 +0000] "GET /openhab.app?sitemap=demo&sitemap=demo&w=&poll=true&__async=true&__source=waHome HTTP/1.1" 200 92 
0:0:0:0:0:0:0:1 -  -  [03/Jul/2015:19:51:40 +0000] "GET /openhab.app?sitemap=demo&sitemap=demo&w=0002&poll=true&__async=true&__source=waHome HTTP/1.1" 200 92 
0:0:0:0:0:0:0:1 -  -  [03/Jul/2015:19:51:51 +0000] "GET /openhab.app?sitemap=demo&sitemap=demo&w=0002&poll=true&__async=true&__source=waHome HTTP/1.1" 200 1358 
0:0:0:0:0:0:0:1 -  -  [03/Jul/2015:19:51:51 +0000] "GET /openhab.app?sitemap=demo&poll=true&__async=true&__source=waHome HTTP/1.1" 200 1288 
0:0:0:0:0:0:0:1 -  -  [03/Jul/2015:19:51:51 +0000] "GET /openhab.app?sitemap=demo&sitemap=demo&w=&poll=true&__async=true&__source=waHome HTTP/1.1" 200 1288 
0:0:0:0:0:0:0:1 -  -  [03/Jul/2015:19:52:00 +0000] "GET /openhab.app?sitemap=demo&sitemap=demo&w=0002&poll=true&__async=true&__source=waHome HTTP/1.1" 200 92 
0:0:0:0:0:0:0:1 -  -  [03/Jul/2015:19:52:00 +0000] "GET /openhab.app?sitemap=demo&poll=true&__async=true&__source=waHome HTTP/1.1" 200 92 
0:0:0:0:0:0:0:1 -  -  [03/Jul/2015:19:52:00 +0000] "GET /openhab.app?sitemap=demo&sitemap=demo&w=&poll=true&__async=true&__source=waHome HTTP/1.1" 200 92 
0:0:0:0:0:0:0:1 -  -  [03/Jul/2015:19:52:10 +0000] "GET /openhab.app?sitemap=demo&sitemap=demo&w=0002&poll=true&__async=true&__source=waHome HTTP/1.1" 200 92 
0:0:0:0:0:0:0:1 -  -  [03/Jul/2015:19:52:11 +0000] "GET /openhab.app?sitemap=demo&poll=true&__async=true&__source=waHome HTTP/1.1" 200 92 
0:0:0:0:0:0:0:1 -  -  [03/Jul/2015:19:52:11 +0000] "GET /openhab.app?sitemap=demo&sitemap=demo&w=&poll=true&__async=true&__source=waHome HTTP/1.1" 200 92 
0:0:0:0:0:0:0:1 -  -  [03/Jul/2015:19:52:21 +0000] "GET /openhab.app?sitemap=demo&poll=true&__async=true&__source=waHome HTTP/1.1" 200 1288 
0:0:0:0:0:0:0:1 -  -  [03/Jul/2015:19:52:21 +0000] "GET /openhab.app?sitemap=demo&sitemap=demo&w=&poll=true&__async=true&__source=waHome HTTP/1.1" 200 1288 
0:0:0:0:0:0:0:1 -  -  [03/Jul/2015:19:52:21 +0000] "GET /openhab.app?sitemap=demo&sitemap=demo&w=0002&poll=true&__async=true&__source=waHome HTTP/1.1" 200 1358 
0:0:0:0:0:0:0:1 -  -  [03/Jul/2015:19:52:30 +0000] "GET /openhab.app?sitemap=demo&poll=true&__async=true&__source=waHome HTTP/1.1" 200 92 
0:0:0:0:0:0:0:1 -  -  [03/Jul/2015:19:52:30 +0000] "GET /openhab.app?sitemap=demo&sitemap=demo&w=&poll=true&__async=true&__source=waHome HTTP/1.1" 200 92 
0:0:0:0:0:0:0:1 -  -  [03/Jul/2015:19:52:30 +0000] "GET /openhab.app?sitemap=demo&sitemap=demo&w=0002&poll=true&__async=true&__source=waHome HTTP/1.1" 200 92 
0:0:0:0:0:0:0:1 -  -  [03/Jul/2015:19:52:40 +0000] "GET /openhab.app?sitemap=demo&poll=true&__async=true&__source=waHome HTTP/1.1" 200 92 
0:0:0:0:0:0:0:1 -  -  [03/Jul/2015:19:52:40 +0000] "GET /openhab.app?sitemap=demo&sitemap=demo&w=&poll=true&__async=true&__source=waHome HTTP/1.1" 200 92 
0:0:0:0:0:0:0:1 -  -  [03/Jul/2015:19:52:41 +0000] "GET /openhab.app?sitemap=demo&sitemap=demo&w=0002&poll=true&__async=true&__source=waHome HTTP/1.1" 200 92 
0:0:0:0:0:0:0:1 -  -  [03/Jul/2015:19:52:51 +0000] "GET /openhab.app?sitemap=demo&poll=true&__async=true&__source=waHome HTTP/1.1" 200 1288 
0:0:0:0:0:0:0:1 -  -  [03/Jul/2015:19:52:51 +0000] "GET /openhab.app?sitemap=demo&sitemap=demo&w=&poll=true&__async=true&__source=waHome HTTP/1.1" 200 1288 
0:0:0:0:0:0:0:1 -  -  [03/Jul/2015:19:52:51 +0000] "GET /openhab.app?sitemap=demo&sitemap=demo&w=0002&poll=true&__async=true&__source=waHome HTTP/1.1" 200 1358 
0:0:0:0:0:0:0:1 -  -  [03/Jul/2015:19:53:00 +0000] "GET /openhab.app?sitemap=demo&poll=true&__async=true&__source=waHome HTTP/1.1" 200 92 
0:0:0:0:0:0:0:1 -  -  [03/Jul/2015:19:53:00 +0000] "GET /openhab.app?sitemap=demo&sitemap=demo&w=&poll=true&__async=true&__source=waHome HTTP/1.1" 200 92 
0:0:0:0:0:0:0:1 -  -  [03/Jul/2015:19:53:00 +0000] "GET /openhab.app?sitemap=demo&sitemap=demo&w=0002&poll=true&__async=true&__source=waHome HTTP/1.1" 200 92 
0:0:0:0:0:0:0:1 -  -  [03/Jul/2015:19:53:10 +0000] "GET /openhab.app?sitemap=demo&poll=true&__async=true&__source=waHome HTTP/1.1" 200 92 
0:0:0:0:0:0:0:1 -  -  [03/Jul/2015:19:53:10 +0000] "GET /openhab.app?sitemap=demo&sitemap=demo&w=&poll=true&__async=true&__source=waHome HTTP/1.1" 200 92 
0:0:0:0:0:0:0:1 -  -  [03/Jul/2015:19:53:10 +0000] "GET /openhab.app?sitemap=demo&sitemap=demo&w=0002&poll=true&__async=true&__source=waHome HTTP/1.1" 200 92 
0:0:0:0:0:0:0:1 -  -  [03/Jul/2015:19:53:21 +0000] "GET /openhab.app?sitemap=demo&sitemap=demo&w=&poll=true&__async=true&__source=waHome HTTP/1.1" 200 1288 
0:0:0:0:0:0:0:1 -  -  [03/Jul/2015:19:53:21 +0000] "GET /openhab.app?sitemap=demo&poll=true&__async=true&__source=waHome HTTP/1.1" 200 1288 
0:0:0:0:0:0:0:1 -  -  [03/Jul/2015:19:53:21 +0000] "GET /openhab.app?sitemap=demo&sitemap=demo&w=0002&poll=true&__async=true&__source=waHome HTTP/1.1" 200 1358 
0:0:0:0:0:0:0:1 -  -  [03/Jul/2015:19:53:30 +0000] "GET /openhab.app?sitemap=demo&sitemap=demo&w=&poll=true&__async=true&__source=waHome HTTP/1.1" 200 92 
0:0:0:0:0:0:0:1 -  -  [03/Jul/2015:19:53:30 +0000] "GET /openhab.app?sitemap=demo&poll=true&__async=true&__source=waHome HTTP/1.1" 200 92 
0:0:0:0:0:0:0:1 -  -  [03/Jul/2015:19:53:30 +0000] "GET /openhab.app?sitemap=demo&sitemap=demo&w=0002&poll=true&__async=true&__source=waHome HTTP/1.1" 200 92 
0:0:0:0:0:0:0:1 -  -  [03/Jul/2015:19:53:40 +0000] "GET /openhab.app?sitemap=demo&sitemap=demo&w=&poll=true&__async=true&__source=waHome HTTP/1.1" 200 92 
0:0:0:0:0:0:0:1 -  -  [03/Jul/2015:19:53:40 +0000] "GET /openhab.app?sitemap=demo&poll=true&__async=true&__source=waHome HTTP/1.1" 200 92 
0:0:0:0:0:0:0:1 -  -  [03/Jul/2015:19:53:40 +0000] "GET /openhab.app?sitemap=demo&sitemap=demo&w=0002&poll=true&__async=true&__source=waHome HTTP/1.1" 200 92 
0:0:0:0:0:0:0:1 -  -  [03/Jul/2015:19:53:51 +0000] "GET /openhab.app?sitemap=demo&sitemap=demo&w=0002&poll=true&__async=true&__source=waHome HTTP/1.1" 200 1358 
0:0:0:0:0:0:0:1 -  -  [03/Jul/2015:19:53:51 +0000] "GET /openhab.app?sitemap=demo&sitemap=demo&w=&poll=true&__async=true&__source=waHome HTTP/1.1" 200 1288 
0:0:0:0:0:0:0:1 -  -  [03/Jul/2015:19:53:51 +0000] "GET /openhab.app?sitemap=demo&poll=true&__async=true&__source=waHome HTTP/1.1" 200 1288 
0:0:0:0:0:0:0:1 -  -  [03/Jul/2015:19:54:00 +0000] "GET /openhab.app?sitemap=demo&sitemap=demo&w=0002&poll=true&__async=true&__source=waHome HTTP/1.1" 200 92 
0:0:0:0:0:0:0:1 -  -  [03/Jul/2015:19:54:00 +0000] "GET /openhab.app?sitemap=demo&sitemap=demo&w=&poll=true&__async=true&__source=waHome HTTP/1.1" 200 92 
0:0:0:0:0:0:0:1 -  -  [03/Jul/2015:19:54:00 +0000] "GET /openhab.app?sitemap=demo&poll=true&__async=true&__source=waHome HTTP/1.1" 200 92 
0:0:0:0:0:0:0:1 -  -  [03/Jul/2015:19:54:10 +0000] "GET /openhab.app?sitemap=demo&sitemap=demo&w=0002&poll=true&__async=true&__source=waHome HTTP/1.1" 200 92 
0:0:0:0:0:0:0:1 -  -  [03/Jul/2015:19:54:11 +0000] "GET /openhab.app?sitemap=demo&sitemap=demo&w=&poll=true&__async=true&__source=waHome HTTP/1.1" 200 92 
0:0:0:0:0:0:0:1 -  -  [03/Jul/2015:19:54:11 +0000] "GET /openhab.app?sitemap=demo&poll=true&__async=true&__source=waHome HTTP/1.1" 200 92 
0:0:0:0:0:0:0:1 -  -  [03/Jul/2015:19:54:21 +0000] "GET /openhab.app?sitemap=demo&sitemap=demo&w=&poll=true&__async=true&__source=waHome HTTP/1.1" 200 1288 
0:0:0:0:0:0:0:1 -  -  [03/Jul/2015:19:54:21 +0000] "GET /openhab.app?sitemap=demo&poll=true&__async=true&__source=waHome HTTP/1.1" 200 1288 
0:0:0:0:0:0:0:1 -  -  [03/Jul/2015:19:54:21 +0000] "GET /openhab.app?sitemap=demo&sitemap=demo&w=0002&poll=true&__async=true&__source=waHome HTTP/1.1" 200 1366 
0:0:0:0:0:0:0:1 -  -  [03/Jul/2015:19:54:30 +0000] "GET /openhab.app?sitemap=demo&sitemap=demo&w=&poll=true&__async=true&__source=waHome HTTP/1.1" 200 92 
0:0:0:0:0:0:0:1 -  -  [03/Jul/2015:19:54:30 +0000] "GET /openhab.app?sitemap=demo&poll=true&__async=true&__source=waHome HTTP/1.1" 200 92 
0:0:0:0:0:0:0:1 -  -  [03/Jul/2015:19:54:30 +0000] "GET /openhab.app?sitemap=demo&sitemap=demo&w=0002&poll=true&__async=true&__source=waHome HTTP/1.1" 200 92 
0:0:0:0:0:0:0:1 -  -  [03/Jul/2015:19:54:40 +0000] "GET /openhab.app?sitemap=demo&sitemap=demo&w=&poll=true&__async=true&__source=waHome HTTP/1.1" 200 92 
0:0:0:0:0:0:0:1 -  -  [03/Jul/2015:19:54:41 +0000] "GET /openhab.app?sitemap=demo&poll=true&__async=true&__source=waHome HTTP/1.1" 200 92 
0:0:0:0:0:0:0:1 -  -  [03/Jul/2015:19:54:41 +0000] "GET /openhab.app?sitemap=demo&sitemap=demo&w=0002&poll=true&__async=true&__source=waHome HTTP/1.1" 200 92 
0:0:0:0:0:0:0:1 -  -  [03/Jul/2015:19:54:51 +0000] "GET /openhab.app?sitemap=demo&sitemap=demo&w=&poll=true&__async=true&__source=waHome HTTP/1.1" 200 1288 
0:0:0:0:0:0:0:1 -  -  [03/Jul/2015:19:54:51 +0000] "GET /openhab.app?sitemap=demo&poll=true&__async=true&__source=waHome HTTP/1.1" 200 1288 
0:0:0:0:0:0:0:1 -  -  [03/Jul/2015:19:54:51 +0000] "GET /openhab.app?sitemap=demo&sitemap=demo&w=0002&poll=true&__async=true&__source=waHome HTTP/1.1" 200 1346 
0:0:0:0:0:0:0:1 -  -  [03/Jul/2015:19:55:00 +0000] "GET /openhab.app?sitemap=demo&sitemap=demo&w=&poll=true&__async=true&__source=waHome HTTP/1.1" 200 92 
0:0:0:0:0:0:0:1 -  -  [03/Jul/2015:19:55:00 +0000] "GET /openhab.app?sitemap=demo&poll=true&__async=true&__source=waHome HTTP/1.1" 200 92 
0:0:0:0:0:0:0:1 -  -  [03/Jul/2015:19:55:00 +0000] "GET /openhab.app?sitemap=demo&sitemap=demo&w=0002&poll=true&__async=true&__source=waHome HTTP/1.1" 200 92 
0:0:0:0:0:0:0:1 -  -  [03/Jul/2015:19:55:10 +0000] "GET /openhab.app?sitemap=demo&sitemap=demo&w=&poll=true&__async=true&__source=waHome HTTP/1.1" 200 92 
0:0:0:0:0:0:0:1 -  -  [03/Jul/2015:19:55:10 +0000] "GET /openhab.app?sitemap=demo&poll=true&__async=true&__source=waHome HTTP/1.1" 200 92 
0:0:0:0:0:0:0:1 -  -  [03/Jul/2015:19:55:10 +0000] "GET /openhab.app?sitemap=demo&sitemap=demo&w=0002&poll=true&__async=true&__source=waHome HTTP/1.1" 200 92 
0:0:0:0:0:0:0:1 -  -  [03/Jul/2015:19:55:21 +0000] "GET /openhab.app?sitemap=demo&sitemap=demo&w=&poll=true&__async=true&__source=waHome HTTP/1.1" 200 1288 
0:0:0:0:0:0:0:1 -  -  [03/Jul/2015:19:55:21 +0000] "GET /openhab.app?sitemap=demo&poll=true&__async=true&__source=waHome HTTP/1.1" 200 1288 
0:0:0:0:0:0:0:1 -  -  [03/Jul/2015:19:55:21 +0000] "GET /openhab.app?sitemap=demo&sitemap=demo&w=0002&poll=true&__async=true&__source=waHome HTTP/1.1" 200 1370 
0:0:0:0:0:0:0:1 -  -  [03/Jul/2015:19:55:30 +0000] "GET /openhab.app?sitemap=demo&sitemap=demo&w=&poll=true&__async=true&__source=waHome HTTP/1.1" 200 92 
0:0:0:0:0:0:0:1 -  -  [03/Jul/2015:19:55:30 +0000] "GET /openhab.app?sitemap=demo&poll=true&__async=true&__source=waHome HTTP/1.1" 200 92 
0:0:0:0:0:0:0:1 -  -  [03/Jul/2015:19:55:30 +0000] "GET /openhab.app?sitemap=demo&sitemap=demo&w=0002&poll=true&__async=true&__source=waHome HTTP/1.1" 200 92 
0:0:0:0:0:0:0:1 -  -  [03/Jul/2015:19:55:40 +0000] "GET /openhab.app?sitemap=demo&sitemap=demo&w=&poll=true&__async=true&__source=waHome HTTP/1.1" 200 92 
0:0:0:0:0:0:0:1 -  -  [03/Jul/2015:19:55:40 +0000] "GET /openhab.app?sitemap=demo&poll=true&__async=true&__source=waHome HTTP/1.1" 200 92 
0:0:0:0:0:0:0:1 -  -  [03/Jul/2015:19:55:40 +0000] "GET /openhab.app?sitemap=demo&sitemap=demo&w=0002&poll=true&__async=true&__source=waHome HTTP/1.1" 200 92 
0:0:0:0:0:0:0:1 -  -  [03/Jul/2015:19:55:51 +0000] "GET /openhab.app?sitemap=demo&sitemap=demo&w=&poll=true&__async=true&__source=waHome HTTP/1.1" 200 1288 
0:0:0:0:0:0:0:1 -  -  [03/Jul/2015:19:55:51 +0000] "GET /openhab.app?sitemap=demo&poll=true&__async=true&__source=waHome HTTP/1.1" 200 1288 
0:0:0:0:0:0:0:1 -  -  [03/Jul/2015:19:55:51 +0000] "GET /openhab.app?sitemap=demo&sitemap=demo&w=0002&poll=true&__async=true&__source=waHome HTTP/1.1" 200 1370 
0:0:0:0:0:0:0:1 -  -  [03/Jul/2015:19:56:00 +0000] "GET /openhab.app?sitemap=demo&sitemap=demo&w=&poll=true&__async=true&__source=waHome HTTP/1.1" 200 92 
0:0:0:0:0:0:0:1 -  -  [03/Jul/2015:19:56:00 +0000] "GET /openhab.app?sitemap=demo&poll=true&__async=true&__source=waHome HTTP/1.1" 200 92 
0:0:0:0:0:0:0:1 -  -  [03/Jul/2015:19:56:00 +0000] "GET /openhab.app?sitemap=demo&sitemap=demo&w=0002&poll=true&__async=true&__source=waHome HTTP/1.1" 200 92 
0:0:0:0:0:0:0:1 -  -  [03/Jul/2015:19:56:11 +0000] "GET /openhab.app?sitemap=demo&sitemap=demo&w=&poll=true&__async=true&__source=waHome HTTP/1.1" 200 92 
0:0:0:0:0:0:0:1 -  -  [03/Jul/2015:19:56:11 +0000] "GET /openhab.app?sitemap=demo&poll=true&__async=true&__source=waHome HTTP/1.1" 200 92 
0:0:0:0:0:0:0:1 -  -  [03/Jul/2015:19:56:11 +0000] "GET /openhab.app?sitemap=demo&sitemap=demo&w=0002&poll=true&__async=true&__source=waHome HTTP/1.1" 200 92 
0:0:0:0:0:0:0:1 -  -  [03/Jul/2015:19:56:21 +0000] "GET /openhab.app?sitemap=demo&sitemap=demo&w=&poll=true&__async=true&__source=waHome HTTP/1.1" 200 1288 
0:0:0:0:0:0:0:1 -  -  [03/Jul/2015:19:56:21 +0000] "GET /openhab.app?sitemap=demo&poll=true&__async=true&__source=waHome HTTP/1.1" 200 1288 
0:0:0:0:0:0:0:1 -  -  [03/Jul/2015:19:56:21 +0000] "GET /openhab.app?sitemap=demo&sitemap=demo&w=0002&poll=true&__async=true&__source=waHome HTTP/1.1" 200 1362 
0:0:0:0:0:0:0:1 -  -  [03/Jul/2015:19:56:30 +0000] "GET /openhab.app?sitemap=demo&sitemap=demo&w=&poll=true&__async=true&__source=waHome HTTP/1.1" 200 92 
0:0:0:0:0:0:0:1 -  -  [03/Jul/2015:19:56:30 +0000] "GET /openhab.app?sitemap=demo&poll=true&__async=true&__source=waHome HTTP/1.1" 200 92 
0:0:0:0:0:0:0:1 -  -  [03/Jul/2015:19:56:30 +0000] "GET /openhab.app?sitemap=demo&sitemap=demo&w=0002&poll=true&__async=true&__source=waHome HTTP/1.1" 200 92 
0:0:0:0:0:0:0:1 -  -  [03/Jul/2015:19:56:40 +0000] "GET /openhab.app?sitemap=demo&sitemap=demo&w=&poll=true&__async=true&__source=waHome HTTP/1.1" 200 92 
0:0:0:0:0:0:0:1 -  -  [03/Jul/2015:19:56:40 +0000] "GET /openhab.app?sitemap=demo&poll=true&__async=true&__source=waHome HTTP/1.1" 200 92 
0:0:0:0:0:0:0:1 -  -  [03/Jul/2015:19:56:41 +0000] "GET /openhab.app?sitemap=demo&sitemap=demo&w=0002&poll=true&__async=true&__source=waHome HTTP/1.1" 200 92 
0:0:0:0:0:0:0:1 -  -  [03/Jul/2015:19:56:51 +0000] "GET /openhab.app?sitemap=demo&sitemap=demo&w=&poll=true&__async=true&__source=waHome HTTP/1.1" 200 1288 
0:0:0:0:0:0:0:1 -  -  [03/Jul/2015:19:56:51 +0000] "GET /openhab.app?sitemap=demo&poll=true&__async=true&__source=waHome HTTP/1.1" 200 1288 
0:0:0:0:0:0:0:1 -  -  [03/Jul/2015:19:56:51 +0000] "GET /openhab.app?sitemap=demo&sitemap=demo&w=0002&poll=true&__async=true&__source=waHome HTTP/1.1" 200 1350 
0:0:0:0:0:0:0:1 -  -  [03/Jul/2015:19:57:00 +0000] "GET /openhab.app?sitemap=demo&sitemap=demo&w=&poll=true&__async=true&__source=waHome HTTP/1.1" 200 92 
0:0:0:0:0:0:0:1 -  -  [03/Jul/2015:19:57:00 +0000] "GET /openhab.app?sitemap=demo&poll=true&__async=true&__source=waHome HTTP/1.1" 200 92 
0:0:0:0:0:0:0:1 -  -  [03/Jul/2015:19:57:00 +0000] "GET /openhab.app?sitemap=demo&sitemap=demo&w=0002&poll=true&__async=true&__source=waHome HTTP/1.1" 200 92 
0:0:0:0:0:0:0:1 -  -  [03/Jul/2015:19:57:10 +0000] "GET /openhab.app?sitemap=demo&sitemap=demo&w=&poll=true&__async=true&__source=waHome HTTP/1.1" 200 92 
0:0:0:0:0:0:0:1 -  -  [03/Jul/2015:19:57:10 +0000] "GET /openhab.app?sitemap=demo&poll=true&__async=true&__source=waHome HTTP/1.1" 200 92 
0:0:0:0:0:0:0:1 -  -  [03/Jul/2015:19:57:10 +0000] "GET /openhab.app?sitemap=demo&sitemap=demo&w=0002&poll=true&__async=true&__source=waHome HTTP/1.1" 200 92 
0:0:0:0:0:0:0:1 -  -  [03/Jul/2015:19:57:21 +0000] "GET /openhab.app?sitemap=demo&sitemap=demo&w=&poll=true&__async=true&__source=waHome HTTP/1.1" 200 1288 
0:0:0:0:0:0:0:1 -  -  [03/Jul/2015:19:57:21 +0000] "GET /openhab.app?sitemap=demo&poll=true&__async=true&__source=waHome HTTP/1.1" 200 1288 
0:0:0:0:0:0:0:1 -  -  [03/Jul/2015:19:57:21 +0000] "GET /openhab.app?sitemap=demo&sitemap=demo&w=0002&poll=true&__async=true&__source=waHome HTTP/1.1" 200 1358 
0:0:0:0:0:0:0:1 -  -  [03/Jul/2015:19:57:30 +0000] "GET /openhab.app?sitemap=demo&sitemap=demo&w=&poll=true&__async=true&__source=waHome HTTP/1.1" 200 92 
0:0:0:0:0:0:0:1 -  -  [03/Jul/2015:19:57:30 +0000] "GET /openhab.app?sitemap=demo&poll=true&__async=true&__source=waHome HTTP/1.1" 200 92 
0:0:0:0:0:0:0:1 -  -  [03/Jul/2015:19:57:30 +0000] "GET /openhab.app?sitemap=demo&sitemap=demo&w=0002&poll=true&__async=true&__source=waHome HTTP/1.1" 200 92 
0:0:0:0:0:0:0:1 -  -  [03/Jul/2015:19:57:40 +0000] "GET /openhab.app?sitemap=demo&sitemap=demo&w=&poll=true&__async=true&__source=waHome HTTP/1.1" 200 92 
0:0:0:0:0:0:0:1 -  -  [03/Jul/2015:19:57:40 +0000] "GET /openhab.app?sitemap=demo&poll=true&__async=true&__source=waHome HTTP/1.1" 200 92 
0:0:0:0:0:0:0:1 -  -  [03/Jul/2015:19:57:40 +0000] "GET /openhab.app?sitemap=demo&sitemap=demo&w=0002&poll=true&__async=true&__source=waHome HTTP/1.1" 200 92 
0:0:0:0:0:0:0:1 -  -  [03/Jul/2015:19:57:51 +0000] "GET /openhab.app?sitemap=demo&sitemap=demo&w=0002&poll=true&__async=true&__source=waHome HTTP/1.1" 200 1362 
0:0:0:0:0:0:0:1 -  -  [03/Jul/2015:19:57:51 +0000] "GET /openhab.app?sitemap=demo&sitemap=demo&w=&poll=true&__async=true&__source=waHome HTTP/1.1" 200 1288 
0:0:0:0:0:0:0:1 -  -  [03/Jul/2015:19:57:51 +0000] "GET /openhab.app?sitemap=demo&poll=true&__async=true&__source=waHome HTTP/1.1" 200 1288 
0:0:0:0:0:0:0:1 -  -  [03/Jul/2015:19:58:00 +0000] "GET /openhab.app?sitemap=demo&sitemap=demo&w=0002&poll=true&__async=true&__source=waHome HTTP/1.1" 200 92 
0:0:0:0:0:0:0:1 -  -  [03/Jul/2015:19:58:00 +0000] "GET /openhab.app?sitemap=demo&poll=true&__async=true&__source=waHome HTTP/1.1" 200 92 
0:0:0:0:0:0:0:1 -  -  [03/Jul/2015:19:58:00 +0000] "GET /openhab.app?sitemap=demo&sitemap=demo&w=&poll=true&__async=true&__source=waHome HTTP/1.1" 200 92 
0:0:0:0:0:0:0:1 -  -  [03/Jul/2015:19:58:10 +0000] "GET /openhab.app?sitemap=demo&sitemap=demo&w=0002&poll=true&__async=true&__source=waHome HTTP/1.1" 200 92 
0:0:0:0:0:0:0:1 -  -  [03/Jul/2015:19:58:11 +0000] "GET /openhab.app?sitemap=demo&sitemap=demo&w=&poll=true&__async=true&__source=waHome HTTP/1.1" 200 92 
0:0:0:0:0:0:0:1 -  -  [03/Jul/2015:19:58:11 +0000] "GET /openhab.app?sitemap=demo&poll=true&__async=true&__source=waHome HTTP/1.1" 200 92 
0:0:0:0:0:0:0:1 -  -  [03/Jul/2015:19:58:21 +0000] "GET /openhab.app?sitemap=demo&poll=true&__async=true&__source=waHome HTTP/1.1" 200 1288 
0:0:0:0:0:0:0:1 -  -  [03/Jul/2015:19:58:21 +0000] "GET /openhab.app?sitemap=demo&sitemap=demo&w=&poll=true&__async=true&__source=waHome HTTP/1.1" 200 1288 
0:0:0:0:0:0:0:1 -  -  [03/Jul/2015:19:58:21 +0000] "GET /openhab.app?sitemap=demo&sitemap=demo&w=0002&poll=true&__async=true&__source=waHome HTTP/1.1" 200 1354 
0:0:0:0:0:0:0:1 -  -  [03/Jul/2015:19:58:30 +0000] "GET /openhab.app?sitemap=demo&sitemap=demo&w=&poll=true&__async=true&__source=waHome HTTP/1.1" 200 92 
0:0:0:0:0:0:0:1 -  -  [03/Jul/2015:19:58:30 +0000] "GET /openhab.app?sitemap=demo&poll=true&__async=true&__source=waHome HTTP/1.1" 200 92 
0:0:0:0:0:0:0:1 -  -  [03/Jul/2015:19:58:30 +0000] "GET /openhab.app?sitemap=demo&sitemap=demo&w=0002&poll=true&__async=true&__source=waHome HTTP/1.1" 200 92 
0:0:0:0:0:0:0:1 -  -  [03/Jul/2015:19:58:40 +0000] "GET /openhab.app?sitemap=demo&sitemap=demo&w=&poll=true&__async=true&__source=waHome HTTP/1.1" 200 92 
0:0:0:0:0:0:0:1 -  -  [03/Jul/2015:19:58:40 +0000] "GET /openhab.app?sitemap=demo&poll=true&__async=true&__source=waHome HTTP/1.1" 200 92 
0:0:0:0:0:0:0:1 -  -  [03/Jul/2015:19:58:41 +0000] "GET /openhab.app?sitemap=demo&sitemap=demo&w=0002&poll=true&__async=true&__source=waHome HTTP/1.1" 200 92 
0:0:0:0:0:0:0:1 -  -  [03/Jul/2015:19:58:51 +0000] "GET /openhab.app?sitemap=demo&poll=true&__async=true&__source=waHome HTTP/1.1" 200 1288 
0:0:0:0:0:0:0:1 -  -  [03/Jul/2015:19:58:51 +0000] "GET /openhab.app?sitemap=demo&sitemap=demo&w=&poll=true&__async=true&__source=waHome HTTP/1.1" 200 1288 
0:0:0:0:0:0:0:1 -  -  [03/Jul/2015:19:58:51 +0000] "GET /openhab.app?sitemap=demo&sitemap=demo&w=0002&poll=true&__async=true&__source=waHome HTTP/1.1" 200 1354 
0:0:0:0:0:0:0:1 -  -  [03/Jul/2015:19:59:00 +0000] "GET /openhab.app?sitemap=demo&sitemap=demo&w=&poll=true&__async=true&__source=waHome HTTP/1.1" 200 92 
0:0:0:0:0:0:0:1 -  -  [03/Jul/2015:19:59:00 +0000] "GET /openhab.app?sitemap=demo&poll=true&__async=true&__source=waHome HTTP/1.1" 200 92 
0:0:0:0:0:0:0:1 -  -  [03/Jul/2015:19:59:00 +0000] "GET /openhab.app?sitemap=demo&sitemap=demo&w=0002&poll=true&__async=true&__source=waHome HTTP/1.1" 200 92 
0:0:0:0:0:0:0:1 -  -  [03/Jul/2015:19:59:10 +0000] "GET /openhab.app?sitemap=demo&sitemap=demo&w=&poll=true&__async=true&__source=waHome HTTP/1.1" 200 92 
0:0:0:0:0:0:0:1 -  -  [03/Jul/2015:19:59:10 +0000] "GET /openhab.app?sitemap=demo&sitemap=demo&w=0002&poll=true&__async=true&__source=waHome HTTP/1.1" 200 92 
0:0:0:0:0:0:0:1 -  -  [03/Jul/2015:19:59:10 +0000] "GET /openhab.app?sitemap=demo&poll=true&__async=true&__source=waHome HTTP/1.1" 200 92 
0:0:0:0:0:0:0:1 -  -  [03/Jul/2015:19:59:21 +0000] "GET /openhab.app?sitemap=demo&poll=true&__async=true&__source=waHome HTTP/1.1" 200 1288 
0:0:0:0:0:0:0:1 -  -  [03/Jul/2015:19:59:21 +0000] "GET /openhab.app?sitemap=demo&sitemap=demo&w=&poll=true&__async=true&__source=waHome HTTP/1.1" 200 1288 
0:0:0:0:0:0:0:1 -  -  [03/Jul/2015:19:59:21 +0000] "GET /openhab.app?sitemap=demo&sitemap=demo&w=0002&poll=true&__async=true&__source=waHome HTTP/1.1" 200 1358 
0:0:0:0:0:0:0:1 -  -  [03/Jul/2015:19:59:30 +0000] "GET /openhab.app?sitemap=demo&sitemap=demo&w=&poll=true&__async=true&__source=waHome HTTP/1.1" 200 92 
0:0:0:0:0:0:0:1 -  -  [03/Jul/2015:19:59:30 +0000] "GET /openhab.app?sitemap=demo&poll=true&__async=true&__source=waHome HTTP/1.1" 200 92 
0:0:0:0:0:0:0:1 -  -  [03/Jul/2015:19:59:30 +0000] "GET /openhab.app?sitemap=demo&sitemap=demo&w=0002&poll=true&__async=true&__source=waHome HTTP/1.1" 200 92 
0:0:0:0:0:0:0:1 -  -  [03/Jul/2015:19:59:40 +0000] "GET /openhab.app?sitemap=demo&poll=true&__async=true&__source=waHome HTTP/1.1" 200 92 
0:0:0:0:0:0:0:1 -  -  [03/Jul/2015:19:59:40 +0000] "GET /openhab.app?sitemap=demo&sitemap=demo&w=0002&poll=true&__async=true&__source=waHome HTTP/1.1" 200 92 
0:0:0:0:0:0:0:1 -  -  [03/Jul/2015:19:59:40 +0000] "GET /openhab.app?sitemap=demo&sitemap=demo&w=&poll=true&__async=true&__source=waHome HTTP/1.1" 200 92 
0:0:0:0:0:0:0:1 -  -  [03/Jul/2015:19:59:51 +0000] "GET /openhab.app?sitemap=demo&sitemap=demo&w=&poll=true&__async=true&__source=waHome HTTP/1.1" 200 1288 
0:0:0:0:0:0:0:1 -  -  [03/Jul/2015:19:59:51 +0000] "GET /openhab.app?sitemap=demo&poll=true&__async=true&__source=waHome HTTP/1.1" 200 1288 
0:0:0:0:0:0:0:1 -  -  [03/Jul/2015:19:59:51 +0000] "GET /openhab.app?sitemap=demo&sitemap=demo&w=0002&poll=true&__async=true&__source=waHome HTTP/1.1" 200 1358 
0:0:0:0:0:0:0:1 -  -  [03/Jul/2015:20:00:00 +0000] "GET /openhab.app?sitemap=demo&poll=true&__async=true&__source=waHome HTTP/1.1" 200 92 
0:0:0:0:0:0:0:1 -  -  [03/Jul/2015:20:00:00 +0000] "GET /openhab.app?sitemap=demo&sitemap=demo&w=0002&poll=true&__async=true&__source=waHome HTTP/1.1" 200 92 
0:0:0:0:0:0:0:1 -  -  [03/Jul/2015:20:00:00 +0000] "GET /openhab.app?sitemap=demo&sitemap=demo&w=&poll=true&__async=true&__source=waHome HTTP/1.1" 200 92 
0:0:0:0:0:0:0:1 -  -  [03/Jul/2015:20:00:11 +0000] "GET /openhab.app?sitemap=demo&sitemap=demo&w=&poll=true&__async=true&__source=waHome HTTP/1.1" 200 92 
0:0:0:0:0:0:0:1 -  -  [03/Jul/2015:20:00:11 +0000] "GET /openhab.app?sitemap=demo&sitemap=demo&w=0002&poll=true&__async=true&__source=waHome HTTP/1.1" 200 92 
0:0:0:0:0:0:0:1 -  -  [03/Jul/2015:20:00:11 +0000] "GET /openhab.app?sitemap=demo&poll=true&__async=true&__source=waHome HTTP/1.1" 200 92 
0:0:0:0:0:0:0:1 -  -  [03/Jul/2015:20:00:21 +0000] "GET /openhab.app?sitemap=demo&sitemap=demo&w=&poll=true&__async=true&__source=waHome HTTP/1.1" 200 1288 
0:0:0:0:0:0:0:1 -  -  [03/Jul/2015:20:00:21 +0000] "GET /openhab.app?sitemap=demo&poll=true&__async=true&__source=waHome HTTP/1.1" 200 1288 
0:0:0:0:0:0:0:1 -  -  [03/Jul/2015:20:00:21 +0000] "GET /openhab.app?sitemap=demo&sitemap=demo&w=0002&poll=true&__async=true&__source=waHome HTTP/1.1" 200 1366 
0:0:0:0:0:0:0:1 -  -  [03/Jul/2015:20:00:30 +0000] "GET /openhab.app?sitemap=demo&sitemap=demo&w=&poll=true&__async=true&__source=waHome HTTP/1.1" 200 92 
0:0:0:0:0:0:0:1 -  -  [03/Jul/2015:20:00:30 +0000] "GET /openhab.app?sitemap=demo&poll=true&__async=true&__source=waHome HTTP/1.1" 200 92 
0:0:0:0:0:0:0:1 -  -  [03/Jul/2015:20:00:30 +0000] "GET /openhab.app?sitemap=demo&sitemap=demo&w=0002&poll=true&__async=true&__source=waHome HTTP/1.1" 200 92 
0:0:0:0:0:0:0:1 -  -  [03/Jul/2015:20:00:41 +0000] "GET /openhab.app?sitemap=demo&poll=true&__async=true&__source=waHome HTTP/1.1" 200 92 
0:0:0:0:0:0:0:1 -  -  [03/Jul/2015:20:00:41 +0000] "GET /openhab.app?sitemap=demo&sitemap=demo&w=&poll=true&__async=true&__source=waHome HTTP/1.1" 200 92 
0:0:0:0:0:0:0:1 -  -  [03/Jul/2015:20:00:41 +0000] "GET /openhab.app?sitemap=demo&sitemap=demo&w=0002&poll=true&__async=true&__source=waHome HTTP/1.1" 200 92 
0:0:0:0:0:0:0:1 -  -  [03/Jul/2015:20:00:51 +0000] "GET /openhab.app?sitemap=demo&poll=true&__async=true&__source=waHome HTTP/1.1" 200 1288 
0:0:0:0:0:0:0:1 -  -  [03/Jul/2015:20:00:51 +0000] "GET /openhab.app?sitemap=demo&sitemap=demo&w=&poll=true&__async=true&__source=waHome HTTP/1.1" 200 1288 
0:0:0:0:0:0:0:1 -  -  [03/Jul/2015:20:00:51 +0000] "GET /openhab.app?sitemap=demo&sitemap=demo&w=0002&poll=true&__async=true&__source=waHome HTTP/1.1" 200 1350 
0:0:0:0:0:0:0:1 -  -  [03/Jul/2015:20:01:00 +0000] "GET /openhab.app?sitemap=demo&sitemap=demo&w=&poll=true&__async=true&__source=waHome HTTP/1.1" 200 92 
0:0:0:0:0:0:0:1 -  -  [03/Jul/2015:20:01:00 +0000] "GET /openhab.app?sitemap=demo&sitemap=demo&w=0002&poll=true&__async=true&__source=waHome HTTP/1.1" 200 92 
0:0:0:0:0:0:0:1 -  -  [03/Jul/2015:20:01:00 +0000] "GET /openhab.app?sitemap=demo&poll=true&__async=true&__source=waHome HTTP/1.1" 200 92 
0:0:0:0:0:0:0:1 -  -  [03/Jul/2015:20:01:10 +0000] "GET /openhab.app?sitemap=demo&sitemap=demo&w=0002&poll=true&__async=true&__source=waHome HTTP/1.1" 200 92 
0:0:0:0:0:0:0:1 -  -  [03/Jul/2015:20:01:10 +0000] "GET /openhab.app?sitemap=demo&sitemap=demo&w=&poll=true&__async=true&__source=waHome HTTP/1.1" 200 92 
0:0:0:0:0:0:0:1 -  -  [03/Jul/2015:20:01:10 +0000] "GET /openhab.app?sitemap=demo&poll=true&__async=true&__source=waHome HTTP/1.1" 200 92 
0:0:0:0:0:0:0:1 -  -  [03/Jul/2015:20:01:21 +0000] "GET /openhab.app?sitemap=demo&poll=true&__async=true&__source=waHome HTTP/1.1" 200 1288 
0:0:0:0:0:0:0:1 -  -  [03/Jul/2015:20:01:21 +0000] "GET /openhab.app?sitemap=demo&sitemap=demo&w=&poll=true&__async=true&__source=waHome HTTP/1.1" 200 1288 
0:0:0:0:0:0:0:1 -  -  [03/Jul/2015:20:01:21 +0000] "GET /openhab.app?sitemap=demo&sitemap=demo&w=0002&poll=true&__async=true&__source=waHome HTTP/1.1" 200 1358 
0:0:0:0:0:0:0:1 -  -  [03/Jul/2015:20:01:30 +0000] "GET /openhab.app?sitemap=demo&sitemap=demo&w=&poll=true&__async=true&__source=waHome HTTP/1.1" 200 92 
0:0:0:0:0:0:0:1 -  -  [03/Jul/2015:20:01:30 +0000] "GET /openhab.app?sitemap=demo&poll=true&__async=true&__source=waHome HTTP/1.1" 200 92 
0:0:0:0:0:0:0:1 -  -  [03/Jul/2015:20:01:30 +0000] "GET /openhab.app?sitemap=demo&sitemap=demo&w=0002&poll=true&__async=true&__source=waHome HTTP/1.1" 200 92 
0:0:0:0:0:0:0:1 -  -  [03/Jul/2015:20:01:40 +0000] "GET /openhab.app?sitemap=demo&sitemap=demo&w=&poll=true&__async=true&__source=waHome HTTP/1.1" 200 92 
0:0:0:0:0:0:0:1 -  -  [03/Jul/2015:20:01:40 +0000] "GET /openhab.app?sitemap=demo&poll=true&__async=true&__source=waHome HTTP/1.1" 200 92 
0:0:0:0:0:0:0:1 -  -  [03/Jul/2015:20:01:40 +0000] "GET /openhab.app?sitemap=demo&sitemap=demo&w=0002&poll=true&__async=true&__source=waHome HTTP/1.1" 200 92 
0:0:0:0:0:0:0:1 -  -  [03/Jul/2015:20:01:51 +0000] "GET /openhab.app?sitemap=demo&sitemap=demo&w=&poll=true&__async=true&__source=waHome HTTP/1.1" 200 1288 
0:0:0:0:0:0:0:1 -  -  [03/Jul/2015:20:01:51 +0000] "GET /openhab.app?sitemap=demo&poll=true&__async=true&__source=waHome HTTP/1.1" 200 1288 
0:0:0:0:0:0:0:1 -  -  [03/Jul/2015:20:01:51 +0000] "GET /openhab.app?sitemap=demo&sitemap=demo&w=0002&poll=true&__async=true&__source=waHome HTTP/1.1" 200 1350 
0:0:0:0:0:0:0:1 -  -  [03/Jul/2015:20:02:00 +0000] "GET /openhab.app?sitemap=demo&sitemap=demo&w=&poll=true&__async=true&__source=waHome HTTP/1.1" 200 92 
0:0:0:0:0:0:0:1 -  -  [03/Jul/2015:20:02:00 +0000] "GET /openhab.app?sitemap=demo&poll=true&__async=true&__source=waHome HTTP/1.1" 200 92 
0:0:0:0:0:0:0:1 -  -  [03/Jul/2015:20:02:00 +0000] "GET /openhab.app?sitemap=demo&sitemap=demo&w=0002&poll=true&__async=true&__source=waHome HTTP/1.1" 200 92 
0:0:0:0:0:0:0:1 -  -  [03/Jul/2015:20:02:11 +0000] "GET /openhab.app?sitemap=demo&sitemap=demo&w=&poll=true&__async=true&__source=waHome HTTP/1.1" 200 92 
0:0:0:0:0:0:0:1 -  -  [03/Jul/2015:20:02:11 +0000] "GET /openhab.app?sitemap=demo&poll=true&__async=true&__source=waHome HTTP/1.1" 200 92 
0:0:0:0:0:0:0:1 -  -  [03/Jul/2015:20:02:11 +0000] "GET /openhab.app?sitemap=demo&sitemap=demo&w=0002&poll=true&__async=true&__source=waHome HTTP/1.1" 200 92 
0:0:0:0:0:0:0:1 -  -  [03/Jul/2015:20:02:21 +0000] "GET /openhab.app?sitemap=demo&sitemap=demo&w=&poll=true&__async=true&__source=waHome HTTP/1.1" 200 1288 
0:0:0:0:0:0:0:1 -  -  [03/Jul/2015:20:02:21 +0000] "GET /openhab.app?sitemap=demo&poll=true&__async=true&__source=waHome HTTP/1.1" 200 1288 
0:0:0:0:0:0:0:1 -  -  [03/Jul/2015:20:02:21 +0000] "GET /openhab.app?sitemap=demo&sitemap=demo&w=0002&poll=true&__async=true&__source=waHome HTTP/1.1" 200 1354 
0:0:0:0:0:0:0:1 -  -  [03/Jul/2015:20:02:30 +0000] "GET /openhab.app?sitemap=demo&poll=true&__async=true&__source=waHome HTTP/1.1" 200 92 
0:0:0:0:0:0:0:1 -  -  [03/Jul/2015:20:02:30 +0000] "GET /openhab.app?sitemap=demo&sitemap=demo&w=&poll=true&__async=true&__source=waHome HTTP/1.1" 200 92 
0:0:0:0:0:0:0:1 -  -  [03/Jul/2015:20:02:30 +0000] "GET /openhab.app?sitemap=demo&sitemap=demo&w=0002&poll=true&__async=true&__source=waHome HTTP/1.1" 200 92 
0:0:0:0:0:0:0:1 -  -  [03/Jul/2015:20:02:40 +0000] "GET /openhab.app?sitemap=demo&sitemap=demo&w=&poll=true&__async=true&__source=waHome HTTP/1.1" 200 92 
0:0:0:0:0:0:0:1 -  -  [03/Jul/2015:20:02:40 +0000] "GET /openhab.app?sitemap=demo&poll=true&__async=true&__source=waHome HTTP/1.1" 200 92 
0:0:0:0:0:0:0:1 -  -  [03/Jul/2015:20:02:40 +0000] "GET /openhab.app?sitemap=demo&sitemap=demo&w=0002&poll=true&__async=true&__source=waHome HTTP/1.1" 200 92 
0:0:0:0:0:0:0:1 -  -  [03/Jul/2015:20:02:51 +0000] "GET /openhab.app?sitemap=demo&sitemap=demo&w=&poll=true&__async=true&__source=waHome HTTP/1.1" 200 1288 
0:0:0:0:0:0:0:1 -  -  [03/Jul/2015:20:02:51 +0000] "GET /openhab.app?sitemap=demo&poll=true&__async=true&__source=waHome HTTP/1.1" 200 1288 
0:0:0:0:0:0:0:1 -  -  [03/Jul/2015:20:02:51 +0000] "GET /openhab.app?sitemap=demo&sitemap=demo&w=0002&poll=true&__async=true&__source=waHome HTTP/1.1" 200 1354 
0:0:0:0:0:0:0:1 -  -  [03/Jul/2015:20:03:00 +0000] "GET /openhab.app?sitemap=demo&poll=true&__async=true&__source=waHome HTTP/1.1" 200 92 
0:0:0:0:0:0:0:1 -  -  [03/Jul/2015:20:03:00 +0000] "GET /openhab.app?sitemap=demo&sitemap=demo&w=&poll=true&__async=true&__source=waHome HTTP/1.1" 200 92 
0:0:0:0:0:0:0:1 -  -  [03/Jul/2015:20:03:00 +0000] "GET /openhab.app?sitemap=demo&sitemap=demo&w=0002&poll=true&__async=true&__source=waHome HTTP/1.1" 200 92 
0:0:0:0:0:0:0:1 -  -  [03/Jul/2015:20:03:10 +0000] "GET /openhab.app?sitemap=demo&poll=true&__async=true&__source=waHome HTTP/1.1" 200 92 
0:0:0:0:0:0:0:1 -  -  [03/Jul/2015:20:03:10 +0000] "GET /openhab.app?sitemap=demo&sitemap=demo&w=0002&poll=true&__async=true&__source=waHome HTTP/1.1" 200 92 
0:0:0:0:0:0:0:1 -  -  [03/Jul/2015:20:03:10 +0000] "GET /openhab.app?sitemap=demo&sitemap=demo&w=&poll=true&__async=true&__source=waHome HTTP/1.1" 200 92 
0:0:0:0:0:0:0:1 -  -  [03/Jul/2015:20:03:21 +0000] "GET /openhab.app?sitemap=demo&poll=true&__async=true&__source=waHome HTTP/1.1" 200 1288 
0:0:0:0:0:0:0:1 -  -  [03/Jul/2015:20:03:21 +0000] "GET /openhab.app?sitemap=demo&sitemap=demo&w=&poll=true&__async=true&__source=waHome HTTP/1.1" 200 1288 
0:0:0:0:0:0:0:1 -  -  [03/Jul/2015:20:03:21 +0000] "GET /openhab.app?sitemap=demo&sitemap=demo&w=0002&poll=true&__async=true&__source=waHome HTTP/1.1" 200 1358 
0:0:0:0:0:0:0:1 -  -  [03/Jul/2015:20:03:30 +0000] "GET /openhab.app?sitemap=demo&poll=true&__async=true&__source=waHome HTTP/1.1" 200 92 
0:0:0:0:0:0:0:1 -  -  [03/Jul/2015:20:03:30 +0000] "GET /openhab.app?sitemap=demo&sitemap=demo&w=&poll=true&__async=true&__source=waHome HTTP/1.1" 200 92 
0:0:0:0:0:0:0:1 -  -  [03/Jul/2015:20:03:30 +0000] "GET /openhab.app?sitemap=demo&sitemap=demo&w=0002&poll=true&__async=true&__source=waHome HTTP/1.1" 200 92 
0:0:0:0:0:0:0:1 -  -  [03/Jul/2015:20:03:40 +0000] "GET /openhab.app?sitemap=demo&poll=true&__async=true&__source=waHome HTTP/1.1" 200 92 
0:0:0:0:0:0:0:1 -  -  [03/Jul/2015:20:03:40 +0000] "GET /openhab.app?sitemap=demo&sitemap=demo&w=&poll=true&__async=true&__source=waHome HTTP/1.1" 200 92 
0:0:0:0:0:0:0:1 -  -  [03/Jul/2015:20:03:40 +0000] "GET /openhab.app?sitemap=demo&sitemap=demo&w=0002&poll=true&__async=true&__source=waHome HTTP/1.1" 200 92 
0:0:0:0:0:0:0:1 -  -  [03/Jul/2015:20:03:51 +0000] "GET /openhab.app?sitemap=demo&poll=true&__async=true&__source=waHome HTTP/1.1" 200 1288 
0:0:0:0:0:0:0:1 -  -  [03/Jul/2015:20:03:51 +0000] "GET /openhab.app?sitemap=demo&sitemap=demo&w=&poll=true&__async=true&__source=waHome HTTP/1.1" 200 1288 
0:0:0:0:0:0:0:1 -  -  [03/Jul/2015:20:03:51 +0000] "GET /openhab.app?sitemap=demo&sitemap=demo&w=0002&poll=true&__async=true&__source=waHome HTTP/1.1" 200 1350 
0:0:0:0:0:0:0:1 -  -  [03/Jul/2015:20:04:00 +0000] "GET /openhab.app?sitemap=demo&poll=true&__async=true&__source=waHome HTTP/1.1" 200 92 
0:0:0:0:0:0:0:1 -  -  [03/Jul/2015:20:04:00 +0000] "GET /openhab.app?sitemap=demo&sitemap=demo&w=&poll=true&__async=true&__source=waHome HTTP/1.1" 200 92 
0:0:0:0:0:0:0:1 -  -  [03/Jul/2015:20:04:00 +0000] "GET /openhab.app?sitemap=demo&sitemap=demo&w=0002&poll=true&__async=true&__source=waHome HTTP/1.1" 200 92 
0:0:0:0:0:0:0:1 -  -  [03/Jul/2015:20:04:11 +0000] "GET /openhab.app?sitemap=demo&poll=true&__async=true&__source=waHome HTTP/1.1" 200 92 
0:0:0:0:0:0:0:1 -  -  [03/Jul/2015:20:04:11 +0000] "GET /openhab.app?sitemap=demo&sitemap=demo&w=&poll=true&__async=true&__source=waHome HTTP/1.1" 200 92 
0:0:0:0:0:0:0:1 -  -  [03/Jul/2015:20:04:11 +0000] "GET /openhab.app?sitemap=demo&sitemap=demo&w=0002&poll=true&__async=true&__source=waHome HTTP/1.1" 200 92 
0:0:0:0:0:0:0:1 -  -  [03/Jul/2015:20:04:21 +0000] "GET /openhab.app?sitemap=demo&poll=true&__async=true&__source=waHome HTTP/1.1" 200 1288 
0:0:0:0:0:0:0:1 -  -  [03/Jul/2015:20:04:21 +0000] "GET /openhab.app?sitemap=demo&sitemap=demo&w=&poll=true&__async=true&__source=waHome HTTP/1.1" 200 1288 
0:0:0:0:0:0:0:1 -  -  [03/Jul/2015:20:04:21 +0000] "GET /openhab.app?sitemap=demo&sitemap=demo&w=0002&poll=true&__async=true&__source=waHome HTTP/1.1" 200 1354 
0:0:0:0:0:0:0:1 -  -  [03/Jul/2015:20:04:30 +0000] "GET /openhab.app?sitemap=demo&poll=true&__async=true&__source=waHome HTTP/1.1" 200 92 
0:0:0:0:0:0:0:1 -  -  [03/Jul/2015:20:04:30 +0000] "GET /openhab.app?sitemap=demo&sitemap=demo&w=&poll=true&__async=true&__source=waHome HTTP/1.1" 200 92 
0:0:0:0:0:0:0:1 -  -  [03/Jul/2015:20:04:30 +0000] "GET /openhab.app?sitemap=demo&sitemap=demo&w=0002&poll=true&__async=true&__source=waHome HTTP/1.1" 200 92 
0:0:0:0:0:0:0:1 -  -  [03/Jul/2015:20:04:40 +0000] "GET /openhab.app?sitemap=demo&poll=true&__async=true&__source=waHome HTTP/1.1" 200 92 
0:0:0:0:0:0:0:1 -  -  [03/Jul/2015:20:04:41 +0000] "GET /openhab.app?sitemap=demo&sitemap=demo&w=&poll=true&__async=true&__source=waHome HTTP/1.1" 200 92 
0:0:0:0:0:0:0:1 -  -  [03/Jul/2015:20:04:41 +0000] "GET /openhab.app?sitemap=demo&sitemap=demo&w=0002&poll=true&__async=true&__source=waHome HTTP/1.1" 200 92 
0:0:0:0:0:0:0:1 -  -  [03/Jul/2015:20:04:51 +0000] "GET /openhab.app?sitemap=demo&poll=true&__async=true&__source=waHome HTTP/1.1" 200 1288 
0:0:0:0:0:0:0:1 -  -  [03/Jul/2015:20:04:51 +0000] "GET /openhab.app?sitemap=demo&sitemap=demo&w=&poll=true&__async=true&__source=waHome HTTP/1.1" 200 1288 
0:0:0:0:0:0:0:1 -  -  [03/Jul/2015:20:04:51 +0000] "GET /openhab.app?sitemap=demo&sitemap=demo&w=0002&poll=true&__async=true&__source=waHome HTTP/1.1" 200 1354 
0:0:0:0:0:0:0:1 -  -  [03/Jul/2015:20:05:00 +0000] "GET /openhab.app?sitemap=demo&poll=true&__async=true&__source=waHome HTTP/1.1" 200 92 
0:0:0:0:0:0:0:1 -  -  [03/Jul/2015:20:05:00 +0000] "GET /openhab.app?sitemap=demo&sitemap=demo&w=&poll=true&__async=true&__source=waHome HTTP/1.1" 200 92 
0:0:0:0:0:0:0:1 -  -  [03/Jul/2015:20:05:00 +0000] "GET /openhab.app?sitemap=demo&sitemap=demo&w=0002&poll=true&__async=true&__source=waHome HTTP/1.1" 200 92 
0:0:0:0:0:0:0:1 -  -  [03/Jul/2015:20:05:10 +0000] "GET /openhab.app?sitemap=demo&poll=true&__async=true&__source=waHome HTTP/1.1" 200 92 
0:0:0:0:0:0:0:1 -  -  [03/Jul/2015:20:05:10 +0000] "GET /openhab.app?sitemap=demo&sitemap=demo&w=&poll=true&__async=true&__source=waHome HTTP/1.1" 200 92 
0:0:0:0:0:0:0:1 -  -  [03/Jul/2015:20:05:10 +0000] "GET /openhab.app?sitemap=demo&sitemap=demo&w=0002&poll=true&__async=true&__source=waHome HTTP/1.1" 200 92 
0:0:0:0:0:0:0:1 -  -  [03/Jul/2015:20:05:21 +0000] "GET /openhab.app?sitemap=demo&poll=true&__async=true&__source=waHome HTTP/1.1" 200 1288 
0:0:0:0:0:0:0:1 -  -  [03/Jul/2015:20:05:21 +0000] "GET /openhab.app?sitemap=demo&sitemap=demo&w=&poll=true&__async=true&__source=waHome HTTP/1.1" 200 1288 
0:0:0:0:0:0:0:1 -  -  [03/Jul/2015:20:05:21 +0000] "GET /openhab.app?sitemap=demo&sitemap=demo&w=0002&poll=true&__async=true&__source=waHome HTTP/1.1" 200 1370 
0:0:0:0:0:0:0:1 -  -  [03/Jul/2015:20:05:30 +0000] "GET /openhab.app?sitemap=demo&poll=true&__async=true&__source=waHome HTTP/1.1" 200 92 
0:0:0:0:0:0:0:1 -  -  [03/Jul/2015:20:05:30 +0000] "GET /openhab.app?sitemap=demo&sitemap=demo&w=&poll=true&__async=true&__source=waHome HTTP/1.1" 200 92 
0:0:0:0:0:0:0:1 -  -  [03/Jul/2015:20:05:30 +0000] "GET /openhab.app?sitemap=demo&sitemap=demo&w=0002&poll=true&__async=true&__source=waHome HTTP/1.1" 200 92 
0:0:0:0:0:0:0:1 -  -  [03/Jul/2015:20:05:40 +0000] "GET /openhab.app?sitemap=demo&poll=true&__async=true&__source=waHome HTTP/1.1" 200 92 
0:0:0:0:0:0:0:1 -  -  [03/Jul/2015:20:05:40 +0000] "GET /openhab.app?sitemap=demo&sitemap=demo&w=&poll=true&__async=true&__source=waHome HTTP/1.1" 200 92 
0:0:0:0:0:0:0:1 -  -  [03/Jul/2015:20:05:40 +0000] "GET /openhab.app?sitemap=demo&sitemap=demo&w=0002&poll=true&__async=true&__source=waHome HTTP/1.1" 200 92 
0:0:0:0:0:0:0:1 -  -  [03/Jul/2015:20:05:51 +0000] "GET /openhab.app?sitemap=demo&sitemap=demo&w=0002&poll=true&__async=true&__source=waHome HTTP/1.1" 200 1362 
0:0:0:0:0:0:0:1 -  -  [03/Jul/2015:20:05:51 +0000] "GET /openhab.app?sitemap=demo&poll=true&__async=true&__source=waHome HTTP/1.1" 200 1288 
0:0:0:0:0:0:0:1 -  -  [03/Jul/2015:20:05:51 +0000] "GET /openhab.app?sitemap=demo&sitemap=demo&w=&poll=true&__async=true&__source=waHome HTTP/1.1" 200 1288 
0:0:0:0:0:0:0:1 -  -  [03/Jul/2015:20:06:00 +0000] "GET /openhab.app?sitemap=demo&sitemap=demo&w=0002&poll=true&__async=true&__source=waHome HTTP/1.1" 200 92 
0:0:0:0:0:0:0:1 -  -  [03/Jul/2015:20:06:00 +0000] "GET /openhab.app?sitemap=demo&poll=true&__async=true&__source=waHome HTTP/1.1" 200 92 
0:0:0:0:0:0:0:1 -  -  [03/Jul/2015:20:06:00 +0000] "GET /openhab.app?sitemap=demo&sitemap=demo&w=&poll=true&__async=true&__source=waHome HTTP/1.1" 200 92 
0:0:0:0:0:0:0:1 -  -  [03/Jul/2015:20:06:10 +0000] "GET /openhab.app?sitemap=demo&sitemap=demo&w=0002&poll=true&__async=true&__source=waHome HTTP/1.1" 200 92 
0:0:0:0:0:0:0:1 -  -  [03/Jul/2015:20:06:11 +0000] "GET /openhab.app?sitemap=demo&poll=true&__async=true&__source=waHome HTTP/1.1" 200 92 
0:0:0:0:0:0:0:1 -  -  [03/Jul/2015:20:06:11 +0000] "GET /openhab.app?sitemap=demo&sitemap=demo&w=&poll=true&__async=true&__source=waHome HTTP/1.1" 200 92 
0:0:0:0:0:0:0:1 -  -  [03/Jul/2015:20:06:21 +0000] "GET /openhab.app?sitemap=demo&poll=true&__async=true&__source=waHome HTTP/1.1" 200 1288 
0:0:0:0:0:0:0:1 -  -  [03/Jul/2015:20:06:21 +0000] "GET /openhab.app?sitemap=demo&sitemap=demo&w=&poll=true&__async=true&__source=waHome HTTP/1.1" 200 1288 
0:0:0:0:0:0:0:1 -  -  [03/Jul/2015:20:06:21 +0000] "GET /openhab.app?sitemap=demo&sitemap=demo&w=0002&poll=true&__async=true&__source=waHome HTTP/1.1" 200 1358 
0:0:0:0:0:0:0:1 -  -  [03/Jul/2015:20:06:30 +0000] "GET /openhab.app?sitemap=demo&poll=true&__async=true&__source=waHome HTTP/1.1" 200 92 
0:0:0:0:0:0:0:1 -  -  [03/Jul/2015:20:06:30 +0000] "GET /openhab.app?sitemap=demo&sitemap=demo&w=&poll=true&__async=true&__source=waHome HTTP/1.1" 200 92 
0:0:0:0:0:0:0:1 -  -  [03/Jul/2015:20:06:30 +0000] "GET /openhab.app?sitemap=demo&sitemap=demo&w=0002&poll=true&__async=true&__source=waHome HTTP/1.1" 200 92 
0:0:0:0:0:0:0:1 -  -  [03/Jul/2015:20:06:40 +0000] "GET /openhab.app?sitemap=demo&poll=true&__async=true&__source=waHome HTTP/1.1" 200 92 
0:0:0:0:0:0:0:1 -  -  [03/Jul/2015:20:06:40 +0000] "GET /openhab.app?sitemap=demo&sitemap=demo&w=&poll=true&__async=true&__source=waHome HTTP/1.1" 200 92 
0:0:0:0:0:0:0:1 -  -  [03/Jul/2015:20:06:41 +0000] "GET /openhab.app?sitemap=demo&sitemap=demo&w=0002&poll=true&__async=true&__source=waHome HTTP/1.1" 200 92 
