0:0:0:0:0:0:0:1 -  -  [04/Jul/2015:23:59:51 +0000] "GET /openhab.app?sitemap=demo&sitemap=demo&w=Home&poll=true&__async=true&__source=waHome HTTP/1.1" 200 1301 
0:0:0:0:0:0:0:1 -  -  [05/Jul/2015:00:00:00 +0000] "GET /images/group.png HTTP/1.1" 404 1381 
0:0:0:0:0:0:0:1 -  -  [04/Jul/2015:23:59:52 +0000] "GET /openhab.app?sitemap=demo&sitemap=demo&w=0004&poll=true&__async=true&__source=waHome HTTP/1.1" 200 92 
0:0:0:0:0:0:0:1 -  -  [04/Jul/2015:23:59:54 +0000] "GET /openhab.app?sitemap=demo&sitemap=demo&w=SF_Corridor&poll=true&__async=true&__source=waHome HTTP/1.1" 200 92 
0:0:0:0:0:0:0:1 -  -  [05/Jul/2015:00:00:00 +0000] "GET /openhab.app?sitemap=demo&sitemap=demo&w=Home&poll=true&__async=true&__source=waHome HTTP/1.1" 200 92 
0:0:0:0:0:0:0:1 -  -  [05/Jul/2015:00:00:02 +0000] "GET /openhab.app?sitemap=demo&sitemap=demo&w=0004&poll=true&__async=true&__source=waHome HTTP/1.1" 200 92 
0:0:0:0:0:0:0:1 -  -  [05/Jul/2015:00:00:05 +0000] "GET /openhab.app?sitemap=demo&sitemap=demo&w=SF_Corridor&poll=true&__async=true&__source=waHome HTTP/1.1" 200 92 
0:0:0:0:0:0:0:1 -  -  [05/Jul/2015:00:00:10 +0000] "GET /openhab.app?sitemap=demo&sitemap=demo&w=Home&poll=true&__async=true&__source=waHome HTTP/1.1" 200 92 
0:0:0:0:0:0:0:1 -  -  [05/Jul/2015:00:00:13 +0000] "GET /openhab.app?sitemap=demo&sitemap=demo&w=0004&poll=true&__async=true&__source=waHome HTTP/1.1" 200 92 
0:0:0:0:0:0:0:1 -  -  [05/Jul/2015:00:00:21 +0000] "GET /openhab.app?sitemap=demo&sitemap=demo&w=Home&poll=true&__async=true&__source=waHome HTTP/1.1" 200 1301 
0:0:0:0:0:0:0:1 -  -  [05/Jul/2015:00:00:25 +0000] "GET /images/group.png HTTP/1.1" 404 1381 
0:0:0:0:0:0:0:1 -  -  [05/Jul/2015:00:00:15 +0000] "GET /openhab.app?sitemap=demo&sitemap=demo&w=SF_Corridor&poll=true&__async=true&__source=waHome HTTP/1.1" 200 92 
0:0:0:0:0:0:0:1 -  -  [05/Jul/2015:00:00:25 +0000] "GET /openhab.app?sitemap=demo&sitemap=demo&w=Home&poll=true&__async=true&__source=waHome HTTP/1.1" 200 1301 
0:0:0:0:0:0:0:1 -  -  [05/Jul/2015:00:00:30 +0000] "GET /images/group.png HTTP/1.1" 404 1381 
0:0:0:0:0:0:0:1 -  -  [05/Jul/2015:00:00:23 +0000] "GET /openhab.app?sitemap=demo&sitemap=demo&w=0004&poll=true&__async=true&__source=waHome HTTP/1.1" 200 92 
0:0:0:0:0:0:0:1 -  -  [05/Jul/2015:00:00:26 +0000] "GET /openhab.app?sitemap=demo&sitemap=demo&w=SF_Corridor&poll=true&__async=true&__source=waHome HTTP/1.1" 200 92 
0:0:0:0:0:0:0:1 -  -  [05/Jul/2015:00:00:30 +0000] "GET /openhab.app?sitemap=demo&sitemap=demo&w=Home&poll=true&__async=true&__source=waHome HTTP/1.1" 200 92 
0:0:0:0:0:0:0:1 -  -  [05/Jul/2015:00:00:34 +0000] "GET /openhab.app?sitemap=demo&sitemap=demo&w=0004&poll=true&__async=true&__source=waHome HTTP/1.1" 200 92 
0:0:0:0:0:0:0:1 -  -  [05/Jul/2015:00:00:37 +0000] "GET /openhab.app?sitemap=demo&sitemap=demo&w=SF_Corridor&poll=true&__async=true&__source=waHome HTTP/1.1" 200 92 
0:0:0:0:0:0:0:1 -  -  [05/Jul/2015:00:00:40 +0000] "GET /openhab.app?sitemap=demo&sitemap=demo&w=Home&poll=true&__async=true&__source=waHome HTTP/1.1" 200 92 
0:0:0:0:0:0:0:1 -  -  [05/Jul/2015:00:00:44 +0000] "GET /openhab.app?sitemap=demo&sitemap=demo&w=0004&poll=true&__async=true&__source=waHome HTTP/1.1" 200 92 
0:0:0:0:0:0:0:1 -  -  [05/Jul/2015:00:00:47 +0000] "GET /openhab.app?sitemap=demo&sitemap=demo&w=SF_Corridor&poll=true&__async=true&__source=waHome HTTP/1.1" 200 92 
0:0:0:0:0:0:0:1 -  -  [05/Jul/2015:00:00:51 +0000] "GET /openhab.app?sitemap=demo&sitemap=demo&w=Home&poll=true&__async=true&__source=waHome HTTP/1.1" 200 1301 
0:0:0:0:0:0:0:1 -  -  [05/Jul/2015:00:01:00 +0000] "GET /images/group.png HTTP/1.1" 404 1381 
0:0:0:0:0:0:0:1 -  -  [05/Jul/2015:00:00:55 +0000] "GET /openhab.app?sitemap=demo&sitemap=demo&w=0004&poll=true&__async=true&__source=waHome HTTP/1.1" 200 92 
0:0:0:0:0:0:0:1 -  -  [05/Jul/2015:00:00:58 +0000] "GET /openhab.app?sitemap=demo&sitemap=demo&w=SF_Corridor&poll=true&__async=true&__source=waHome HTTP/1.1" 200 92 
0:0:0:0:0:0:0:1 -  -  [05/Jul/2015:00:01:00 +0000] "GET /openhab.app?sitemap=demo&sitemap=demo&w=Home&poll=true&__async=true&__source=waHome HTTP/1.1" 200 92 
0:0:0:0:0:0:0:1 -  -  [05/Jul/2015:00:01:06 +0000] "GET /openhab.app?sitemap=demo&sitemap=demo&w=0004&poll=true&__async=true&__source=waHome HTTP/1.1" 200 92 
0:0:0:0:0:0:0:1 -  -  [05/Jul/2015:00:01:08 +0000] "GET /openhab.app?sitemap=demo&sitemap=demo&w=SF_Corridor&poll=true&__async=true&__source=waHome HTTP/1.1" 200 92 
0:0:0:0:0:0:0:1 -  -  [05/Jul/2015:00:01:10 +0000] "GET /openhab.app?sitemap=demo&sitemap=demo&w=Home&poll=true&__async=true&__source=waHome HTTP/1.1" 200 92 
0:0:0:0:0:0:0:1 -  -  [05/Jul/2015:00:01:16 +0000] "GET /openhab.app?sitemap=demo&sitemap=demo&w=0004&poll=true&__async=true&__source=waHome HTTP/1.1" 200 92 
0:0:0:0:0:0:0:1 -  -  [05/Jul/2015:00:01:19 +0000] "GET /openhab.app?sitemap=demo&sitemap=demo&w=SF_Corridor&poll=true&__async=true&__source=waHome HTTP/1.1" 200 92 
0:0:0:0:0:0:0:1 -  -  [05/Jul/2015:00:01:21 +0000] "GET /openhab.app?sitemap=demo&sitemap=demo&w=Home&poll=true&__async=true&__source=waHome HTTP/1.1" 200 1301 
0:0:0:0:0:0:0:1 -  -  [05/Jul/2015:00:01:30 +0000] "GET /images/group.png HTTP/1.1" 404 1381 
0:0:0:0:0:0:0:1 -  -  [05/Jul/2015:00:01:27 +0000] "GET /openhab.app?sitemap=demo&sitemap=demo&w=0004&poll=true&__async=true&__source=waHome HTTP/1.1" 200 92 
0:0:0:0:0:0:0:1 -  -  [05/Jul/2015:00:01:29 +0000] "GET /openhab.app?sitemap=demo&sitemap=demo&w=SF_Corridor&poll=true&__async=true&__source=waHome HTTP/1.1" 200 92 
0:0:0:0:0:0:0:1 -  -  [05/Jul/2015:00:01:30 +0000] "GET /openhab.app?sitemap=demo&sitemap=demo&w=Home&poll=true&__async=true&__source=waHome HTTP/1.1" 200 92 
0:0:0:0:0:0:0:1 -  -  [05/Jul/2015:00:01:37 +0000] "GET /openhab.app?sitemap=demo&sitemap=demo&w=0004&poll=true&__async=true&__source=waHome HTTP/1.1" 200 92 
0:0:0:0:0:0:0:1 -  -  [05/Jul/2015:00:01:40 +0000] "GET /openhab.app?sitemap=demo&sitemap=demo&w=SF_Corridor&poll=true&__async=true&__source=waHome HTTP/1.1" 200 92 
0:0:0:0:0:0:0:1 -  -  [05/Jul/2015:00:01:41 +0000] "GET /openhab.app?sitemap=demo&sitemap=demo&w=Home&poll=true&__async=true&__source=waHome HTTP/1.1" 200 92 
0:0:0:0:0:0:0:1 -  -  [05/Jul/2015:00:01:48 +0000] "GET /openhab.app?sitemap=demo&sitemap=demo&w=0004&poll=true&__async=true&__source=waHome HTTP/1.1" 200 92 
0:0:0:0:0:0:0:1 -  -  [05/Jul/2015:00:01:51 +0000] "GET /openhab.app?sitemap=demo&sitemap=demo&w=Home&poll=true&__async=true&__source=waHome HTTP/1.1" 200 1301 
0:0:0:0:0:0:0:1 -  -  [05/Jul/2015:00:02:00 +0000] "GET /images/group.png HTTP/1.1" 404 1381 
0:0:0:0:0:0:0:1 -  -  [05/Jul/2015:00:01:51 +0000] "GET /openhab.app?sitemap=demo&sitemap=demo&w=SF_Corridor&poll=true&__async=true&__source=waHome HTTP/1.1" 200 92 
0:0:0:0:0:0:0:1 -  -  [05/Jul/2015:00:01:58 +0000] "GET /openhab.app?sitemap=demo&sitemap=demo&w=0004&poll=true&__async=true&__source=waHome HTTP/1.1" 200 92 
0:0:0:0:0:0:0:1 -  -  [05/Jul/2015:00:02:00 +0000] "GET /openhab.app?sitemap=demo&sitemap=demo&w=Home&poll=true&__async=true&__source=waHome HTTP/1.1" 200 92 
0:0:0:0:0:0:0:1 -  -  [05/Jul/2015:00:02:01 +0000] "GET /openhab.app?sitemap=demo&sitemap=demo&w=SF_Corridor&poll=true&__async=true&__source=waHome HTTP/1.1" 200 92 
0:0:0:0:0:0:0:1 -  -  [05/Jul/2015:00:02:09 +0000] "GET /openhab.app?sitemap=demo&sitemap=demo&w=0004&poll=true&__async=true&__source=waHome HTTP/1.1" 200 92 
0:0:0:0:0:0:0:1 -  -  [05/Jul/2015:00:02:10 +0000] "GET /openhab.app?sitemap=demo&sitemap=demo&w=Home&poll=true&__async=true&__source=waHome HTTP/1.1" 200 92 
0:0:0:0:0:0:0:1 -  -  [05/Jul/2015:00:02:12 +0000] "GET /openhab.app?sitemap=demo&sitemap=demo&w=SF_Corridor&poll=true&__async=true&__source=waHome HTTP/1.1" 200 92 
0:0:0:0:0:0:0:1 -  -  [05/Jul/2015:00:02:21 +0000] "GET /openhab.app?sitemap=demo&sitemap=demo&w=Home&poll=true&__async=true&__source=waHome HTTP/1.1" 200 1301 
0:0:0:0:0:0:0:1 -  -  [05/Jul/2015:00:02:30 +0000] "GET /images/group.png HTTP/1.1" 404 1381 
0:0:0:0:0:0:0:1 -  -  [05/Jul/2015:00:02:20 +0000] "GET /openhab.app?sitemap=demo&sitemap=demo&w=0004&poll=true&__async=true&__source=waHome HTTP/1.1" 200 92 
0:0:0:0:0:0:0:1 -  -  [05/Jul/2015:00:02:22 +0000] "GET /openhab.app?sitemap=demo&sitemap=demo&w=SF_Corridor&poll=true&__async=true&__source=waHome HTTP/1.1" 200 92 
0:0:0:0:0:0:0:1 -  -  [05/Jul/2015:00:02:30 +0000] "GET /openhab.app?sitemap=demo&sitemap=demo&w=Home&poll=true&__async=true&__source=waHome HTTP/1.1" 200 92 
0:0:0:0:0:0:0:1 -  -  [05/Jul/2015:00:02:30 +0000] "GET /openhab.app?sitemap=demo&sitemap=demo&w=0004&poll=true&__async=true&__source=waHome HTTP/1.1" 200 92 
0:0:0:0:0:0:0:1 -  -  [05/Jul/2015:00:02:33 +0000] "GET /openhab.app?sitemap=demo&sitemap=demo&w=SF_Corridor&poll=true&__async=true&__source=waHome HTTP/1.1" 200 92 
0:0:0:0:0:0:0:1 -  -  [05/Jul/2015:00:02:41 +0000] "GET /openhab.app?sitemap=demo&sitemap=demo&w=Home&poll=true&__async=true&__source=waHome HTTP/1.1" 200 92 
0:0:0:0:0:0:0:1 -  -  [05/Jul/2015:00:02:41 +0000] "GET /openhab.app?sitemap=demo&sitemap=demo&w=0004&poll=true&__async=true&__source=waHome HTTP/1.1" 200 92 
0:0:0:0:0:0:0:1 -  -  [05/Jul/2015:00:02:43 +0000] "GET /openhab.app?sitemap=demo&sitemap=demo&w=SF_Corridor&poll=true&__async=true&__source=waHome HTTP/1.1" 200 92 
0:0:0:0:0:0:0:1 -  -  [05/Jul/2015:00:02:51 +0000] "GET /openhab.app?sitemap=demo&sitemap=demo&w=Home&poll=true&__async=true&__source=waHome HTTP/1.1" 200 1301 
0:0:0:0:0:0:0:1 -  -  [05/Jul/2015:00:03:00 +0000] "GET /images/group.png HTTP/1.1" 404 1381 
0:0:0:0:0:0:0:1 -  -  [05/Jul/2015:00:02:51 +0000] "GET /openhab.app?sitemap=demo&sitemap=demo&w=0004&poll=true&__async=true&__source=waHome HTTP/1.1" 200 92 
0:0:0:0:0:0:0:1 -  -  [05/Jul/2015:00:02:54 +0000] "GET /openhab.app?sitemap=demo&sitemap=demo&w=SF_Corridor&poll=true&__async=true&__source=waHome HTTP/1.1" 200 92 
0:0:0:0:0:0:0:1 -  -  [05/Jul/2015:00:03:00 +0000] "GET /openhab.app?sitemap=demo&sitemap=demo&w=Home&poll=true&__async=true&__source=waHome HTTP/1.1" 200 92 
0:0:0:0:0:0:0:1 -  -  [05/Jul/2015:00:03:02 +0000] "GET /openhab.app?sitemap=demo&sitemap=demo&w=0004&poll=true&__async=true&__source=waHome HTTP/1.1" 200 92 
0:0:0:0:0:0:0:1 -  -  [05/Jul/2015:00:03:05 +0000] "GET /openhab.app?sitemap=demo&sitemap=demo&w=SF_Corridor&poll=true&__async=true&__source=waHome HTTP/1.1" 200 92 
0:0:0:0:0:0:0:1 -  -  [05/Jul/2015:00:03:10 +0000] "GET /openhab.app?sitemap=demo&sitemap=demo&w=Home&poll=true&__async=true&__source=waHome HTTP/1.1" 200 92 
0:0:0:0:0:0:0:1 -  -  [05/Jul/2015:00:03:12 +0000] "GET /openhab.app?sitemap=demo&sitemap=demo&w=0004&poll=true&__async=true&__source=waHome HTTP/1.1" 200 92 
0:0:0:0:0:0:0:1 -  -  [05/Jul/2015:00:03:15 +0000] "GET /openhab.app?sitemap=demo&sitemap=demo&w=SF_Corridor&poll=true&__async=true&__source=waHome HTTP/1.1" 200 92 
0:0:0:0:0:0:0:1 -  -  [05/Jul/2015:00:03:21 +0000] "GET /openhab.app?sitemap=demo&sitemap=demo&w=Home&poll=true&__async=true&__source=waHome HTTP/1.1" 200 1301 
0:0:0:0:0:0:0:1 -  -  [05/Jul/2015:00:03:30 +0000] "GET /images/group.png HTTP/1.1" 404 1381 
10.137.215.86 -  -  [05/Jul/2015:00:03:31 +0000] "GET /rest/sitemaps/demo/SF_Corridor HTTP/1.1" 200 499 
10.137.215.86 -  -  [05/Jul/2015:00:03:31 +0000] "GET /rest/sitemaps/demo/SF_Corridor HTTP/1.1" 200 0 
10.137.215.86 -  -  [05/Jul/2015:00:03:32 +0000] "GET /rest/sitemaps/demo/0004 HTTP/1.1" 200 757 
10.137.215.86 -  -  [05/Jul/2015:00:03:32 +0000] "GET /rest/sitemaps/demo/0004 HTTP/1.1" 200 0 
0:0:0:0:0:0:0:1 -  -  [05/Jul/2015:00:03:23 +0000] "GET /openhab.app?sitemap=demo&sitemap=demo&w=0004&poll=true&__async=true&__source=waHome HTTP/1.1" 200 92 
0:0:0:0:0:0:0:1 -  -  [05/Jul/2015:00:03:26 +0000] "GET /openhab.app?sitemap=demo&sitemap=demo&w=SF_Corridor&poll=true&__async=true&__source=waHome HTTP/1.1" 200 92 
0:0:0:0:0:0:0:1 -  -  [05/Jul/2015:00:03:30 +0000] "GET /openhab.app?sitemap=demo&sitemap=demo&w=Home&poll=true&__async=true&__source=waHome HTTP/1.1" 200 92 
0:0:0:0:0:0:0:1 -  -  [05/Jul/2015:00:03:34 +0000] "GET /openhab.app?sitemap=demo&sitemap=demo&w=0004&poll=true&__async=true&__source=waHome HTTP/1.1" 200 92 
0:0:0:0:0:0:0:1 -  -  [05/Jul/2015:00:03:36 +0000] "GET /openhab.app?sitemap=demo&sitemap=demo&w=SF_Corridor&poll=true&__async=true&__source=waHome HTTP/1.1" 200 92 
0:0:0:0:0:0:0:1 -  -  [05/Jul/2015:00:03:40 +0000] "GET /openhab.app?sitemap=demo&sitemap=demo&w=Home&poll=true&__async=true&__source=waHome HTTP/1.1" 200 92 
0:0:0:0:0:0:0:1 -  -  [05/Jul/2015:00:03:44 +0000] "GET /openhab.app?sitemap=demo&sitemap=demo&w=0004&poll=true&__async=true&__source=waHome HTTP/1.1" 200 92 
0:0:0:0:0:0:0:1 -  -  [05/Jul/2015:00:03:47 +0000] "GET /openhab.app?sitemap=demo&sitemap=demo&w=SF_Corridor&poll=true&__async=true&__source=waHome HTTP/1.1" 200 92 
0:0:0:0:0:0:0:1 -  -  [05/Jul/2015:00:03:51 +0000] "GET /openhab.app?sitemap=demo&sitemap=demo&w=Home&poll=true&__async=true&__source=waHome HTTP/1.1" 200 1301 
0:0:0:0:0:0:0:1 -  -  [05/Jul/2015:00:04:00 +0000] "GET /images/group.png HTTP/1.1" 404 1381 
0:0:0:0:0:0:0:1 -  -  [05/Jul/2015:00:03:55 +0000] "GET /openhab.app?sitemap=demo&sitemap=demo&w=0004&poll=true&__async=true&__source=waHome HTTP/1.1" 200 92 
0:0:0:0:0:0:0:1 -  -  [05/Jul/2015:00:03:57 +0000] "GET /openhab.app?sitemap=demo&sitemap=demo&w=SF_Corridor&poll=true&__async=true&__source=waHome HTTP/1.1" 200 92 
0:0:0:0:0:0:0:1 -  -  [05/Jul/2015:00:04:00 +0000] "GET /openhab.app?sitemap=demo&sitemap=demo&w=Home&poll=true&__async=true&__source=waHome HTTP/1.1" 200 92 
0:0:0:0:0:0:0:1 -  -  [05/Jul/2015:00:04:05 +0000] "GET /openhab.app?sitemap=demo&sitemap=demo&w=0004&poll=true&__async=true&__source=waHome HTTP/1.1" 200 92 
0:0:0:0:0:0:0:1 -  -  [05/Jul/2015:00:04:08 +0000] "GET /openhab.app?sitemap=demo&sitemap=demo&w=SF_Corridor&poll=true&__async=true&__source=waHome HTTP/1.1" 200 92 
0:0:0:0:0:0:0:1 -  -  [05/Jul/2015:00:04:10 +0000] "GET /openhab.app?sitemap=demo&sitemap=demo&w=Home&poll=true&__async=true&__source=waHome HTTP/1.1" 200 92 
0:0:0:0:0:0:0:1 -  -  [05/Jul/2015:00:04:16 +0000] "GET /openhab.app?sitemap=demo&sitemap=demo&w=0004&poll=true&__async=true&__source=waHome HTTP/1.1" 200 92 
0:0:0:0:0:0:0:1 -  -  [05/Jul/2015:00:04:19 +0000] "GET /openhab.app?sitemap=demo&sitemap=demo&w=SF_Corridor&poll=true&__async=true&__source=waHome HTTP/1.1" 200 92 
0:0:0:0:0:0:0:1 -  -  [05/Jul/2015:00:04:21 +0000] "GET /openhab.app?sitemap=demo&sitemap=demo&w=Home&poll=true&__async=true&__source=waHome HTTP/1.1" 200 1301 
0:0:0:0:0:0:0:1 -  -  [05/Jul/2015:00:04:30 +0000] "GET /images/group.png HTTP/1.1" 404 1381 
0:0:0:0:0:0:0:1 -  -  [05/Jul/2015:00:04:26 +0000] "GET /openhab.app?sitemap=demo&sitemap=demo&w=0004&poll=true&__async=true&__source=waHome HTTP/1.1" 200 92 
0:0:0:0:0:0:0:1 -  -  [05/Jul/2015:00:04:29 +0000] "GET /openhab.app?sitemap=demo&sitemap=demo&w=SF_Corridor&poll=true&__async=true&__source=waHome HTTP/1.1" 200 92 
0:0:0:0:0:0:0:1 -  -  [05/Jul/2015:00:04:30 +0000] "GET /openhab.app?sitemap=demo&sitemap=demo&w=Home&poll=true&__async=true&__source=waHome HTTP/1.1" 200 92 
0:0:0:0:0:0:0:1 -  -  [05/Jul/2015:00:04:37 +0000] "GET /openhab.app?sitemap=demo&sitemap=demo&w=0004&poll=true&__async=true&__source=waHome HTTP/1.1" 200 92 
0:0:0:0:0:0:0:1 -  -  [05/Jul/2015:00:04:40 +0000] "GET /openhab.app?sitemap=demo&sitemap=demo&w=SF_Corridor&poll=true&__async=true&__source=waHome HTTP/1.1" 200 92 
0:0:0:0:0:0:0:1 -  -  [05/Jul/2015:00:04:40 +0000] "GET /openhab.app?sitemap=demo&sitemap=demo&w=Home&poll=true&__async=true&__source=waHome HTTP/1.1" 200 92 
0:0:0:0:0:0:0:1 -  -  [05/Jul/2015:00:04:48 +0000] "GET /openhab.app?sitemap=demo&sitemap=demo&w=0004&poll=true&__async=true&__source=waHome HTTP/1.1" 200 92 
0:0:0:0:0:0:0:1 -  -  [05/Jul/2015:00:04:51 +0000] "GET /openhab.app?sitemap=demo&sitemap=demo&w=Home&poll=true&__async=true&__source=waHome HTTP/1.1" 200 1301 
0:0:0:0:0:0:0:1 -  -  [05/Jul/2015:00:05:00 +0000] "GET /images/group.png HTTP/1.1" 404 1381 
0:0:0:0:0:0:0:1 -  -  [05/Jul/2015:00:04:50 +0000] "GET /openhab.app?sitemap=demo&sitemap=demo&w=SF_Corridor&poll=true&__async=true&__source=waHome HTTP/1.1" 200 92 
0:0:0:0:0:0:0:1 -  -  [05/Jul/2015:00:04:58 +0000] "GET /openhab.app?sitemap=demo&sitemap=demo&w=0004&poll=true&__async=true&__source=waHome HTTP/1.1" 200 92 
0:0:0:0:0:0:0:1 -  -  [05/Jul/2015:00:05:00 +0000] "GET /openhab.app?sitemap=demo&sitemap=demo&w=Home&poll=true&__async=true&__source=waHome HTTP/1.1" 200 92 
0:0:0:0:0:0:0:1 -  -  [05/Jul/2015:00:05:01 +0000] "GET /openhab.app?sitemap=demo&sitemap=demo&w=SF_Corridor&poll=true&__async=true&__source=waHome HTTP/1.1" 200 92 
0:0:0:0:0:0:0:1 -  -  [05/Jul/2015:00:05:09 +0000] "GET /openhab.app?sitemap=demo&sitemap=demo&w=0004&poll=true&__async=true&__source=waHome HTTP/1.1" 200 92 
0:0:0:0:0:0:0:1 -  -  [05/Jul/2015:00:05:11 +0000] "GET /openhab.app?sitemap=demo&sitemap=demo&w=Home&poll=true&__async=true&__source=waHome HTTP/1.1" 200 92 
0:0:0:0:0:0:0:1 -  -  [05/Jul/2015:00:05:11 +0000] "GET /openhab.app?sitemap=demo&sitemap=demo&w=SF_Corridor&poll=true&__async=true&__source=waHome HTTP/1.1" 200 92 
0:0:0:0:0:0:0:1 -  -  [05/Jul/2015:00:05:21 +0000] "GET /openhab.app?sitemap=demo&sitemap=demo&w=Home&poll=true&__async=true&__source=waHome HTTP/1.1" 200 1301 
0:0:0:0:0:0:0:1 -  -  [05/Jul/2015:00:05:30 +0000] "GET /images/group.png HTTP/1.1" 404 1381 
0:0:0:0:0:0:0:1 -  -  [05/Jul/2015:00:05:19 +0000] "GET /openhab.app?sitemap=demo&sitemap=demo&w=0004&poll=true&__async=true&__source=waHome HTTP/1.1" 200 92 
0:0:0:0:0:0:0:1 -  -  [05/Jul/2015:00:05:22 +0000] "GET /openhab.app?sitemap=demo&sitemap=demo&w=SF_Corridor&poll=true&__async=true&__source=waHome HTTP/1.1" 200 92 
0:0:0:0:0:0:0:1 -  -  [05/Jul/2015:00:05:30 +0000] "GET /openhab.app?sitemap=demo&sitemap=demo&w=Home&poll=true&__async=true&__source=waHome HTTP/1.1" 200 92 
0:0:0:0:0:0:0:1 -  -  [05/Jul/2015:00:05:30 +0000] "GET /openhab.app?sitemap=demo&sitemap=demo&w=0004&poll=true&__async=true&__source=waHome HTTP/1.1" 200 92 
0:0:0:0:0:0:0:1 -  -  [05/Jul/2015:00:05:33 +0000] "GET /openhab.app?sitemap=demo&sitemap=demo&w=SF_Corridor&poll=true&__async=true&__source=waHome HTTP/1.1" 200 92 
0:0:0:0:0:0:0:1 -  -  [05/Jul/2015:00:05:40 +0000] "GET /openhab.app?sitemap=demo&sitemap=demo&w=Home&poll=true&__async=true&__source=waHome HTTP/1.1" 200 92 
0:0:0:0:0:0:0:1 -  -  [05/Jul/2015:00:05:40 +0000] "GET /openhab.app?sitemap=demo&sitemap=demo&w=0004&poll=true&__async=true&__source=waHome HTTP/1.1" 200 92 
0:0:0:0:0:0:0:1 -  -  [05/Jul/2015:00:05:43 +0000] "GET /openhab.app?sitemap=demo&sitemap=demo&w=SF_Corridor&poll=true&__async=true&__source=waHome HTTP/1.1" 200 92 
0:0:0:0:0:0:0:1 -  -  [05/Jul/2015:00:05:51 +0000] "GET /openhab.app?sitemap=demo&sitemap=demo&w=Home&poll=true&__async=true&__source=waHome HTTP/1.1" 200 1301 
0:0:0:0:0:0:0:1 -  -  [05/Jul/2015:00:06:00 +0000] "GET /images/group.png HTTP/1.1" 404 1381 
0:0:0:0:0:0:0:1 -  -  [05/Jul/2015:00:05:51 +0000] "GET /openhab.app?sitemap=demo&sitemap=demo&w=0004&poll=true&__async=true&__source=waHome HTTP/1.1" 200 92 
0:0:0:0:0:0:0:1 -  -  [05/Jul/2015:00:05:54 +0000] "GET /openhab.app?sitemap=demo&sitemap=demo&w=SF_Corridor&poll=true&__async=true&__source=waHome HTTP/1.1" 200 92 
0:0:0:0:0:0:0:1 -  -  [05/Jul/2015:00:06:00 +0000] "GET /openhab.app?sitemap=demo&sitemap=demo&w=Home&poll=true&__async=true&__source=waHome HTTP/1.1" 200 92 
0:0:0:0:0:0:0:1 -  -  [05/Jul/2015:00:06:02 +0000] "GET /openhab.app?sitemap=demo&sitemap=demo&w=0004&poll=true&__async=true&__source=waHome HTTP/1.1" 200 92 
0:0:0:0:0:0:0:1 -  -  [05/Jul/2015:00:06:04 +0000] "GET /openhab.app?sitemap=demo&sitemap=demo&w=SF_Corridor&poll=true&__async=true&__source=waHome HTTP/1.1" 200 92 
0:0:0:0:0:0:0:1 -  -  [05/Jul/2015:00:06:10 +0000] "GET /openhab.app?sitemap=demo&sitemap=demo&w=Home&poll=true&__async=true&__source=waHome HTTP/1.1" 200 92 
0:0:0:0:0:0:0:1 -  -  [05/Jul/2015:00:06:12 +0000] "GET /openhab.app?sitemap=demo&sitemap=demo&w=0004&poll=true&__async=true&__source=waHome HTTP/1.1" 200 92 
0:0:0:0:0:0:0:1 -  -  [05/Jul/2015:00:06:15 +0000] "GET /openhab.app?sitemap=demo&sitemap=demo&w=SF_Corridor&poll=true&__async=true&__source=waHome HTTP/1.1" 200 92 
0:0:0:0:0:0:0:1 -  -  [05/Jul/2015:00:06:21 +0000] "GET /openhab.app?sitemap=demo&sitemap=demo&w=Home&poll=true&__async=true&__source=waHome HTTP/1.1" 200 1301 
0:0:0:0:0:0:0:1 -  -  [05/Jul/2015:00:06:30 +0000] "GET /images/group.png HTTP/1.1" 404 1381 
0:0:0:0:0:0:0:1 -  -  [05/Jul/2015:00:06:23 +0000] "GET /openhab.app?sitemap=demo&sitemap=demo&w=0004&poll=true&__async=true&__source=waHome HTTP/1.1" 200 92 
0:0:0:0:0:0:0:1 -  -  [05/Jul/2015:00:06:25 +0000] "GET /openhab.app?sitemap=demo&sitemap=demo&w=SF_Corridor&poll=true&__async=true&__source=waHome HTTP/1.1" 200 92 
0:0:0:0:0:0:0:1 -  -  [05/Jul/2015:00:06:30 +0000] "GET /openhab.app?sitemap=demo&sitemap=demo&w=Home&poll=true&__async=true&__source=waHome HTTP/1.1" 200 92 
0:0:0:0:0:0:0:1 -  -  [05/Jul/2015:00:06:33 +0000] "GET /openhab.app?sitemap=demo&sitemap=demo&w=0004&poll=true&__async=true&__source=waHome HTTP/1.1" 200 92 
0:0:0:0:0:0:0:1 -  -  [05/Jul/2015:00:06:36 +0000] "GET /openhab.app?sitemap=demo&sitemap=demo&w=SF_Corridor&poll=true&__async=true&__source=waHome HTTP/1.1" 200 92 
0:0:0:0:0:0:0:1 -  -  [05/Jul/2015:00:06:40 +0000] "GET /openhab.app?sitemap=demo&sitemap=demo&w=Home&poll=true&__async=true&__source=waHome HTTP/1.1" 200 92 
0:0:0:0:0:0:0:1 -  -  [05/Jul/2015:00:06:44 +0000] "GET /openhab.app?sitemap=demo&sitemap=demo&w=0004&poll=true&__async=true&__source=waHome HTTP/1.1" 200 92 
0:0:0:0:0:0:0:1 -  -  [05/Jul/2015:00:06:47 +0000] "GET /openhab.app?sitemap=demo&sitemap=demo&w=SF_Corridor&poll=true&__async=true&__source=waHome HTTP/1.1" 200 92 
0:0:0:0:0:0:0:1 -  -  [05/Jul/2015:00:06:51 +0000] "GET /openhab.app?sitemap=demo&sitemap=demo&w=Home&poll=true&__async=true&__source=waHome HTTP/1.1" 200 1301 
0:0:0:0:0:0:0:1 -  -  [05/Jul/2015:00:07:00 +0000] "GET /images/group.png HTTP/1.1" 404 1381 
0:0:0:0:0:0:0:1 -  -  [05/Jul/2015:00:06:54 +0000] "GET /openhab.app?sitemap=demo&sitemap=demo&w=0004&poll=true&__async=true&__source=waHome HTTP/1.1" 200 92 
0:0:0:0:0:0:0:1 -  -  [05/Jul/2015:00:06:57 +0000] "GET /openhab.app?sitemap=demo&sitemap=demo&w=SF_Corridor&poll=true&__async=true&__source=waHome HTTP/1.1" 200 92 
0:0:0:0:0:0:0:1 -  -  [05/Jul/2015:00:07:00 +0000] "GET /openhab.app?sitemap=demo&sitemap=demo&w=Home&poll=true&__async=true&__source=waHome HTTP/1.1" 200 92 
0:0:0:0:0:0:0:1 -  -  [05/Jul/2015:00:07:05 +0000] "GET /openhab.app?sitemap=demo&sitemap=demo&w=0004&poll=true&__async=true&__source=waHome HTTP/1.1" 200 92 
0:0:0:0:0:0:0:1 -  -  [05/Jul/2015:00:07:08 +0000] "GET /openhab.app?sitemap=demo&sitemap=demo&w=SF_Corridor&poll=true&__async=true&__source=waHome HTTP/1.1" 200 92 
0:0:0:0:0:0:0:1 -  -  [05/Jul/2015:00:07:10 +0000] "GET /openhab.app?sitemap=demo&sitemap=demo&w=Home&poll=true&__async=true&__source=waHome HTTP/1.1" 200 92 
0:0:0:0:0:0:0:1 -  -  [05/Jul/2015:00:07:16 +0000] "GET /openhab.app?sitemap=demo&sitemap=demo&w=0004&poll=true&__async=true&__source=waHome HTTP/1.1" 200 92 
0:0:0:0:0:0:0:1 -  -  [05/Jul/2015:00:07:18 +0000] "GET /openhab.app?sitemap=demo&sitemap=demo&w=SF_Corridor&poll=true&__async=true&__source=waHome HTTP/1.1" 200 92 
0:0:0:0:0:0:0:1 -  -  [05/Jul/2015:00:07:21 +0000] "GET /openhab.app?sitemap=demo&sitemap=demo&w=Home&poll=true&__async=true&__source=waHome HTTP/1.1" 200 1301 
0:0:0:0:0:0:0:1 -  -  [05/Jul/2015:00:07:30 +0000] "GET /images/group.png HTTP/1.1" 404 1381 
0:0:0:0:0:0:0:1 -  -  [05/Jul/2015:00:07:26 +0000] "GET /openhab.app?sitemap=demo&sitemap=demo&w=0004&poll=true&__async=true&__source=waHome HTTP/1.1" 200 92 
0:0:0:0:0:0:0:1 -  -  [05/Jul/2015:00:07:29 +0000] "GET /openhab.app?sitemap=demo&sitemap=demo&w=SF_Corridor&poll=true&__async=true&__source=waHome HTTP/1.1" 200 92 
0:0:0:0:0:0:0:1 -  -  [05/Jul/2015:00:07:30 +0000] "GET /openhab.app?sitemap=demo&sitemap=demo&w=Home&poll=true&__async=true&__source=waHome HTTP/1.1" 200 92 
0:0:0:0:0:0:0:1 -  -  [05/Jul/2015:00:07:37 +0000] "GET /openhab.app?sitemap=demo&sitemap=demo&w=0004&poll=true&__async=true&__source=waHome HTTP/1.1" 200 92 
0:0:0:0:0:0:0:1 -  -  [05/Jul/2015:00:07:39 +0000] "GET /openhab.app?sitemap=demo&sitemap=demo&w=SF_Corridor&poll=true&__async=true&__source=waHome HTTP/1.1" 200 92 
0:0:0:0:0:0:0:1 -  -  [05/Jul/2015:00:07:40 +0000] "GET /openhab.app?sitemap=demo&sitemap=demo&w=Home&poll=true&__async=true&__source=waHome HTTP/1.1" 200 92 
0:0:0:0:0:0:0:1 -  -  [05/Jul/2015:00:07:47 +0000] "GET /openhab.app?sitemap=demo&sitemap=demo&w=0004&poll=true&__async=true&__source=waHome HTTP/1.1" 200 92 
0:0:0:0:0:0:0:1 -  -  [05/Jul/2015:00:07:51 +0000] "GET /openhab.app?sitemap=demo&sitemap=demo&w=Home&poll=true&__async=true&__source=waHome HTTP/1.1" 200 1301 
0:0:0:0:0:0:0:1 -  -  [05/Jul/2015:00:08:00 +0000] "GET /images/group.png HTTP/1.1" 404 1381 
0:0:0:0:0:0:0:1 -  -  [05/Jul/2015:00:07:50 +0000] "GET /openhab.app?sitemap=demo&sitemap=demo&w=SF_Corridor&poll=true&__async=true&__source=waHome HTTP/1.1" 200 92 
0:0:0:0:0:0:0:1 -  -  [05/Jul/2015:00:07:58 +0000] "GET /openhab.app?sitemap=demo&sitemap=demo&w=0004&poll=true&__async=true&__source=waHome HTTP/1.1" 200 92 
0:0:0:0:0:0:0:1 -  -  [05/Jul/2015:00:08:00 +0000] "GET /openhab.app?sitemap=demo&sitemap=demo&w=Home&poll=true&__async=true&__source=waHome HTTP/1.1" 200 92 
0:0:0:0:0:0:0:1 -  -  [05/Jul/2015:00:08:01 +0000] "GET /openhab.app?sitemap=demo&sitemap=demo&w=SF_Corridor&poll=true&__async=true&__source=waHome HTTP/1.1" 200 92 
0:0:0:0:0:0:0:1 -  -  [05/Jul/2015:00:08:08 +0000] "GET /openhab.app?sitemap=demo&sitemap=demo&w=0004&poll=true&__async=true&__source=waHome HTTP/1.1" 200 92 
0:0:0:0:0:0:0:1 -  -  [05/Jul/2015:00:08:10 +0000] "GET /openhab.app?sitemap=demo&sitemap=demo&w=Home&poll=true&__async=true&__source=waHome HTTP/1.1" 200 92 
0:0:0:0:0:0:0:1 -  -  [05/Jul/2015:00:08:11 +0000] "GET /openhab.app?sitemap=demo&sitemap=demo&w=SF_Corridor&poll=true&__async=true&__source=waHome HTTP/1.1" 200 92 
0:0:0:0:0:0:0:1 -  -  [05/Jul/2015:00:08:19 +0000] "GET /openhab.app?sitemap=demo&sitemap=demo&w=0004&poll=true&__async=true&__source=waHome HTTP/1.1" 200 92 
0:0:0:0:0:0:0:1 -  -  [05/Jul/2015:00:08:21 +0000] "GET /openhab.app?sitemap=demo&sitemap=demo&w=Home&poll=true&__async=true&__source=waHome HTTP/1.1" 200 1301 
0:0:0:0:0:0:0:1 -  -  [05/Jul/2015:00:08:30 +0000] "GET /images/group.png HTTP/1.1" 404 1381 
0:0:0:0:0:0:0:1 -  -  [05/Jul/2015:00:08:22 +0000] "GET /openhab.app?sitemap=demo&sitemap=demo&w=SF_Corridor&poll=true&__async=true&__source=waHome HTTP/1.1" 200 92 
0:0:0:0:0:0:0:1 -  -  [05/Jul/2015:00:08:30 +0000] "GET /openhab.app?sitemap=demo&sitemap=demo&w=0004&poll=true&__async=true&__source=waHome HTTP/1.1" 200 92 
0:0:0:0:0:0:0:1 -  -  [05/Jul/2015:00:08:30 +0000] "GET /openhab.app?sitemap=demo&sitemap=demo&w=Home&poll=true&__async=true&__source=waHome HTTP/1.1" 200 92 
0:0:0:0:0:0:0:1 -  -  [05/Jul/2015:00:08:32 +0000] "GET /openhab.app?sitemap=demo&sitemap=demo&w=SF_Corridor&poll=true&__async=true&__source=waHome HTTP/1.1" 200 92 
0:0:0:0:0:0:0:1 -  -  [05/Jul/2015:00:08:40 +0000] "GET /openhab.app?sitemap=demo&sitemap=demo&w=0004&poll=true&__async=true&__source=waHome HTTP/1.1" 200 92 
0:0:0:0:0:0:0:1 -  -  [05/Jul/2015:00:08:40 +0000] "GET /openhab.app?sitemap=demo&sitemap=demo&w=Home&poll=true&__async=true&__source=waHome HTTP/1.1" 200 92 
0:0:0:0:0:0:0:1 -  -  [05/Jul/2015:00:08:43 +0000] "GET /openhab.app?sitemap=demo&sitemap=demo&w=SF_Corridor&poll=true&__async=true&__source=waHome HTTP/1.1" 200 92 
0:0:0:0:0:0:0:1 -  -  [05/Jul/2015:00:08:51 +0000] "GET /openhab.app?sitemap=demo&sitemap=demo&w=Home&poll=true&__async=true&__source=waHome HTTP/1.1" 200 1301 
0:0:0:0:0:0:0:1 -  -  [05/Jul/2015:00:09:00 +0000] "GET /images/group.png HTTP/1.1" 404 1381 
0:0:0:0:0:0:0:1 -  -  [05/Jul/2015:00:08:51 +0000] "GET /openhab.app?sitemap=demo&sitemap=demo&w=0004&poll=true&__async=true&__source=waHome HTTP/1.1" 200 92 
0:0:0:0:0:0:0:1 -  -  [05/Jul/2015:00:08:53 +0000] "GET /openhab.app?sitemap=demo&sitemap=demo&w=SF_Corridor&poll=true&__async=true&__source=waHome HTTP/1.1" 200 92 
0:0:0:0:0:0:0:1 -  -  [05/Jul/2015:00:09:00 +0000] "GET /openhab.app?sitemap=demo&sitemap=demo&w=Home&poll=true&__async=true&__source=waHome HTTP/1.1" 200 92 
0:0:0:0:0:0:0:1 -  -  [05/Jul/2015:00:09:01 +0000] "GET /openhab.app?sitemap=demo&sitemap=demo&w=0004&poll=true&__async=true&__source=waHome HTTP/1.1" 200 92 
0:0:0:0:0:0:0:1 -  -  [05/Jul/2015:00:09:04 +0000] "GET /openhab.app?sitemap=demo&sitemap=demo&w=SF_Corridor&poll=true&__async=true&__source=waHome HTTP/1.1" 200 92 
0:0:0:0:0:0:0:1 -  -  [05/Jul/2015:00:09:10 +0000] "GET /openhab.app?sitemap=demo&sitemap=demo&w=Home&poll=true&__async=true&__source=waHome HTTP/1.1" 200 92 
0:0:0:0:0:0:0:1 -  -  [05/Jul/2015:00:09:12 +0000] "GET /openhab.app?sitemap=demo&sitemap=demo&w=0004&poll=true&__async=true&__source=waHome HTTP/1.1" 200 92 
0:0:0:0:0:0:0:1 -  -  [05/Jul/2015:00:09:15 +0000] "GET /openhab.app?sitemap=demo&sitemap=demo&w=SF_Corridor&poll=true&__async=true&__source=waHome HTTP/1.1" 200 92 
0:0:0:0:0:0:0:1 -  -  [05/Jul/2015:00:09:21 +0000] "GET /openhab.app?sitemap=demo&sitemap=demo&w=Home&poll=true&__async=true&__source=waHome HTTP/1.1" 200 1301 
0:0:0:0:0:0:0:1 -  -  [05/Jul/2015:00:09:30 +0000] "GET /images/group.png HTTP/1.1" 404 1381 
0:0:0:0:0:0:0:1 -  -  [05/Jul/2015:00:09:22 +0000] "GET /openhab.app?sitemap=demo&sitemap=demo&w=0004&poll=true&__async=true&__source=waHome HTTP/1.1" 200 92 
0:0:0:0:0:0:0:1 -  -  [05/Jul/2015:00:09:25 +0000] "GET /openhab.app?sitemap=demo&sitemap=demo&w=SF_Corridor&poll=true&__async=true&__source=waHome HTTP/1.1" 200 92 
0:0:0:0:0:0:0:1 -  -  [05/Jul/2015:00:09:30 +0000] "GET /openhab.app?sitemap=demo&sitemap=demo&w=Home&poll=true&__async=true&__source=waHome HTTP/1.1" 200 92 
0:0:0:0:0:0:0:1 -  -  [05/Jul/2015:00:09:33 +0000] "GET /openhab.app?sitemap=demo&sitemap=demo&w=0004&poll=true&__async=true&__source=waHome HTTP/1.1" 200 92 
0:0:0:0:0:0:0:1 -  -  [05/Jul/2015:00:09:36 +0000] "GET /openhab.app?sitemap=demo&sitemap=demo&w=SF_Corridor&poll=true&__async=true&__source=waHome HTTP/1.1" 200 92 
0:0:0:0:0:0:0:1 -  -  [05/Jul/2015:00:09:40 +0000] "GET /openhab.app?sitemap=demo&sitemap=demo&w=Home&poll=true&__async=true&__source=waHome HTTP/1.1" 200 92 
0:0:0:0:0:0:0:1 -  -  [05/Jul/2015:00:09:44 +0000] "GET /openhab.app?sitemap=demo&sitemap=demo&w=0004&poll=true&__async=true&__source=waHome HTTP/1.1" 200 92 
0:0:0:0:0:0:0:1 -  -  [05/Jul/2015:00:09:46 +0000] "GET /openhab.app?sitemap=demo&sitemap=demo&w=SF_Corridor&poll=true&__async=true&__source=waHome HTTP/1.1" 200 92 
0:0:0:0:0:0:0:1 -  -  [05/Jul/2015:00:09:51 +0000] "GET /openhab.app?sitemap=demo&sitemap=demo&w=Home&poll=true&__async=true&__source=waHome HTTP/1.1" 200 1301 
0:0:0:0:0:0:0:1 -  -  [05/Jul/2015:00:10:00 +0000] "GET /images/group.png HTTP/1.1" 404 1381 
0:0:0:0:0:0:0:1 -  -  [05/Jul/2015:00:09:54 +0000] "GET /openhab.app?sitemap=demo&sitemap=demo&w=0004&poll=true&__async=true&__source=waHome HTTP/1.1" 200 92 
0:0:0:0:0:0:0:1 -  -  [05/Jul/2015:00:09:57 +0000] "GET /openhab.app?sitemap=demo&sitemap=demo&w=SF_Corridor&poll=true&__async=true&__source=waHome HTTP/1.1" 200 92 
0:0:0:0:0:0:0:1 -  -  [05/Jul/2015:00:10:00 +0000] "GET /openhab.app?sitemap=demo&sitemap=demo&w=Home&poll=true&__async=true&__source=waHome HTTP/1.1" 200 92 
0:0:0:0:0:0:0:1 -  -  [05/Jul/2015:00:10:05 +0000] "GET /openhab.app?sitemap=demo&sitemap=demo&w=0004&poll=true&__async=true&__source=waHome HTTP/1.1" 200 92 
0:0:0:0:0:0:0:1 -  -  [05/Jul/2015:00:10:07 +0000] "GET /openhab.app?sitemap=demo&sitemap=demo&w=SF_Corridor&poll=true&__async=true&__source=waHome HTTP/1.1" 200 92 
0:0:0:0:0:0:0:1 -  -  [05/Jul/2015:00:10:10 +0000] "GET /openhab.app?sitemap=demo&sitemap=demo&w=Home&poll=true&__async=true&__source=waHome HTTP/1.1" 200 92 
0:0:0:0:0:0:0:1 -  -  [05/Jul/2015:00:10:21 +0000] "GET /openhab.app?sitemap=demo&sitemap=demo&w=Home&poll=true&__async=true&__source=waHome HTTP/1.1" 200 1301 
0:0:0:0:0:0:0:1 -  -  [05/Jul/2015:00:10:25 +0000] "GET /images/group.png HTTP/1.1" 404 1381 
0:0:0:0:0:0:0:1 -  -  [05/Jul/2015:00:10:15 +0000] "GET /openhab.app?sitemap=demo&sitemap=demo&w=0004&poll=true&__async=true&__source=waHome HTTP/1.1" 200 92 
0:0:0:0:0:0:0:1 -  -  [05/Jul/2015:00:10:18 +0000] "GET /openhab.app?sitemap=demo&sitemap=demo&w=SF_Corridor&poll=true&__async=true&__source=waHome HTTP/1.1" 200 92 
0:0:0:0:0:0:0:1 -  -  [05/Jul/2015:00:10:25 +0000] "GET /openhab.app?sitemap=demo&sitemap=demo&w=Home&poll=true&__async=true&__source=waHome HTTP/1.1" 200 1301 
0:0:0:0:0:0:0:1 -  -  [05/Jul/2015:00:10:30 +0000] "GET /images/group.png HTTP/1.1" 404 1381 
0:0:0:0:0:0:0:1 -  -  [05/Jul/2015:00:10:26 +0000] "GET /openhab.app?sitemap=demo&sitemap=demo&w=0004&poll=true&__async=true&__source=waHome HTTP/1.1" 200 92 
0:0:0:0:0:0:0:1 -  -  [05/Jul/2015:00:10:29 +0000] "GET /openhab.app?sitemap=demo&sitemap=demo&w=SF_Corridor&poll=true&__async=true&__source=waHome HTTP/1.1" 200 92 
0:0:0:0:0:0:0:1 -  -  [05/Jul/2015:00:10:30 +0000] "GET /openhab.app?sitemap=demo&sitemap=demo&w=Home&poll=true&__async=true&__source=waHome HTTP/1.1" 200 92 
0:0:0:0:0:0:0:1 -  -  [05/Jul/2015:00:10:36 +0000] "GET /openhab.app?sitemap=demo&sitemap=demo&w=0004&poll=true&__async=true&__source=waHome HTTP/1.1" 200 92 
0:0:0:0:0:0:0:1 -  -  [05/Jul/2015:00:10:39 +0000] "GET /openhab.app?sitemap=demo&sitemap=demo&w=SF_Corridor&poll=true&__async=true&__source=waHome HTTP/1.1" 200 92 
0:0:0:0:0:0:0:1 -  -  [05/Jul/2015:00:10:40 +0000] "GET /openhab.app?sitemap=demo&sitemap=demo&w=Home&poll=true&__async=true&__source=waHome HTTP/1.1" 200 92 
0:0:0:0:0:0:0:1 -  -  [05/Jul/2015:00:10:47 +0000] "GET /openhab.app?sitemap=demo&sitemap=demo&w=0004&poll=true&__async=true&__source=waHome HTTP/1.1" 200 92 
0:0:0:0:0:0:0:1 -  -  [05/Jul/2015:00:10:51 +0000] "GET /openhab.app?sitemap=demo&sitemap=demo&w=Home&poll=true&__async=true&__source=waHome HTTP/1.1" 200 1301 
0:0:0:0:0:0:0:1 -  -  [05/Jul/2015:00:11:00 +0000] "GET /images/group.png HTTP/1.1" 404 1381 
0:0:0:0:0:0:0:1 -  -  [05/Jul/2015:00:10:50 +0000] "GET /openhab.app?sitemap=demo&sitemap=demo&w=SF_Corridor&poll=true&__async=true&__source=waHome HTTP/1.1" 200 92 
