0:0:0:0:0:0:0:1 -  -  [10/Jun/2015:15:06:42 +0000] "GET / HTTP/1.1" 302 0 
0:0:0:0:0:0:0:1 -  -  [10/Jun/2015:15:06:42 +0000] "GET /static/index.html HTTP/1.1" 200 656 
0:0:0:0:0:0:0:1 -  -  [10/Jun/2015:15:06:42 +0000] "GET /openhab.app HTTP/1.1" 500 3911 
0:0:0:0:0:0:0:1 -  -  [10/Jun/2015:15:06:46 +0000] "GET / HTTP/1.1" 302 0 
0:0:0:0:0:0:0:1 -  -  [10/Jun/2015:15:06:46 +0000] "GET /openhab.app HTTP/1.1" 500 3911 
0:0:0:0:0:0:0:1 -  -  [10/Jun/2015:15:07:29 +0000] "GET /openhab.app?sitemap=demo HTTP/1.1" 200 9807 
0:0:0:0:0:0:0:1 -  -  [10/Jun/2015:15:07:29 +0000] "GET /WebApp/Design/Render.css HTTP/1.1" 200 16314 
0:0:0:0:0:0:0:1 -  -  [10/Jun/2015:15:07:29 +0000] "GET /WebApp/Design/Firefox.css HTTP/1.1" 200 3505 
0:0:0:0:0:0:0:1 -  -  [10/Jun/2015:15:07:29 +0000] "GET /WebApp/Design/RenderRTL.css HTTP/1.1" 200 2903 
0:0:0:0:0:0:0:1 -  -  [10/Jun/2015:15:07:29 +0000] "GET /WebApp/Action/Logic.min.js HTTP/1.1" 200 25268 
0:0:0:0:0:0:0:1 -  -  [10/Jun/2015:15:07:29 +0000] "GET /jquery.miniColors.js HTTP/1.1" 200 20436 
0:0:0:0:0:0:0:1 -  -  [10/Jun/2015:15:07:29 +0000] "GET /jquery.miniColors.css HTTP/1.1" 200 3525 
0:0:0:0:0:0:0:1 -  -  [10/Jun/2015:15:07:29 +0000] "GET /WebApp/Design/openHAB.css HTTP/1.1" 200 101 
0:0:0:0:0:0:0:1 -  -  [10/Jun/2015:15:07:29 +0000] "GET /jquery.min.js HTTP/1.1" 200 93637 
0:0:0:0:0:0:0:1 -  -  [10/Jun/2015:15:07:29 +0000] "GET /images/present.png HTTP/1.1" 200 5272 
0:0:0:0:0:0:0:1 -  -  [10/Jun/2015:15:07:29 +0000] "GET /images/switch.png HTTP/1.1" 200 1467 
0:0:0:0:0:0:0:1 -  -  [10/Jun/2015:15:07:29 +0000] "GET /images/none.png HTTP/1.1" 200 132 
0:0:0:0:0:0:0:1 -  -  [10/Jun/2015:15:07:29 +0000] "GET /WebApp/Design/Img/select.png HTTP/1.1" 200 135 
0:0:0:0:0:0:0:1 -  -  [10/Jun/2015:15:07:29 +0000] "GET /images/temperature.png HTTP/1.1" 200 4361 
0:0:0:0:0:0:0:1 -  -  [10/Jun/2015:15:07:29 +0000] "GET /WebApp/Design/Img/bg.png HTTP/1.1" 200 115 
0:0:0:0:0:0:0:1 -  -  [10/Jun/2015:15:07:29 +0000] "GET /WebApp/Design/Img/loader-white-100x12x1.png HTTP/1.1" 200 608 
0:0:0:0:0:0:0:1 -  -  [10/Jun/2015:15:07:29 +0000] "GET /WebApp/Design/Img/loader-white-100x12x2.png HTTP/1.1" 200 621 
0:0:0:0:0:0:0:1 -  -  [10/Jun/2015:15:07:29 +0000] "GET /WebApp/Design/Img/loader-white-100x12x3.png HTTP/1.1" 200 615 
0:0:0:0:0:0:0:1 -  -  [10/Jun/2015:15:07:29 +0000] "GET /images/contact-open.png HTTP/1.1" 200 4596 
0:0:0:0:0:0:0:1 -  -  [10/Jun/2015:15:07:29 +0000] "GET /WebApp/Design/Img/loader-white-100x12x4.png HTTP/1.1" 200 615 
0:0:0:0:0:0:0:1 -  -  [10/Jun/2015:15:07:29 +0000] "GET /WebApp/Design/Img/loader-white-100x12x7.png HTTP/1.1" 200 607 
0:0:0:0:0:0:0:1 -  -  [10/Jun/2015:15:07:29 +0000] "GET /WebApp/Design/Img/loader-white-100x12x9.png HTTP/1.1" 200 604 
0:0:0:0:0:0:0:1 -  -  [10/Jun/2015:15:07:29 +0000] "GET /WebApp/Design/Img/loader-white-100x12x5.png HTTP/1.1" 200 608 
0:0:0:0:0:0:0:1 -  -  [10/Jun/2015:15:07:29 +0000] "GET /WebApp/Design/Img/loader-white-100x12x12.png HTTP/1.1" 200 616 
0:0:0:0:0:0:0:1 -  -  [10/Jun/2015:15:07:29 +0000] "GET /WebApp/Design/Img/loader-white-100x12x8.png HTTP/1.1" 200 616 
0:0:0:0:0:0:0:1 -  -  [10/Jun/2015:15:07:29 +0000] "GET /WebApp/Design/Img/loader-white-100x12x10.png HTTP/1.1" 200 608 
0:0:0:0:0:0:0:1 -  -  [10/Jun/2015:15:07:29 +0000] "GET /WebApp/Design/Img/loader-gray-100x12x1.png HTTP/1.1" 200 701 
0:0:0:0:0:0:0:1 -  -  [10/Jun/2015:15:07:29 +0000] "GET /WebApp/Design/Img/loader-white-100x12x6.png HTTP/1.1" 200 601 
0:0:0:0:0:0:0:1 -  -  [10/Jun/2015:15:07:29 +0000] "GET /WebApp/Design/Img/loader-white-100x12x11.png HTTP/1.1" 200 606 
0:0:0:0:0:0:0:1 -  -  [10/Jun/2015:15:07:29 +0000] "GET /WebApp/Design/Img/loader-gray-100x12x4.png HTTP/1.1" 200 689 
0:0:0:0:0:0:0:1 -  -  [10/Jun/2015:15:07:29 +0000] "GET /WebApp/Design/Img/loader-gray-100x12x3.png HTTP/1.1" 200 700 
0:0:0:0:0:0:0:1 -  -  [10/Jun/2015:15:07:29 +0000] "GET /WebApp/Design/Img/loader-gray-100x12x5.png HTTP/1.1" 200 699 
0:0:0:0:0:0:0:1 -  -  [10/Jun/2015:15:07:29 +0000] "GET /WebApp/Design/Img/loader-gray-100x12x9.png HTTP/1.1" 200 692 
0:0:0:0:0:0:0:1 -  -  [10/Jun/2015:15:07:29 +0000] "GET /WebApp/Design/Img/loader-gray-100x12x6.png HTTP/1.1" 200 689 
0:0:0:0:0:0:0:1 -  -  [10/Jun/2015:15:07:29 +0000] "GET /WebApp/Design/Img/loader-gray-100x12x7.png HTTP/1.1" 200 689 
0:0:0:0:0:0:0:1 -  -  [10/Jun/2015:15:07:29 +0000] "GET /WebApp/Design/Img/loader-gray-100x12x8.png HTTP/1.1" 200 688 
0:0:0:0:0:0:0:1 -  -  [10/Jun/2015:15:07:29 +0000] "GET /WebApp/Design/Img/loader-gray-100x12x10.png HTTP/1.1" 200 692 
0:0:0:0:0:0:0:1 -  -  [10/Jun/2015:15:07:29 +0000] "GET /WebApp/Design/Img/loader-gray-100x12x2.png HTTP/1.1" 200 693 
0:0:0:0:0:0:0:1 -  -  [10/Jun/2015:15:07:29 +0000] "GET /WebApp/Design/Img/loader-gray-100x12x11.png HTTP/1.1" 200 688 
0:0:0:0:0:0:0:1 -  -  [10/Jun/2015:15:07:29 +0000] "GET /WebApp/Design/Img/loader-gray-100x12x12.png HTTP/1.1" 200 694 
0:0:0:0:0:0:0:1 -  -  [10/Jun/2015:15:07:29 +0000] "GET /WebApp/Design/Img/loader-big-white-100x12x2.png HTTP/1.1" 200 1870 
0:0:0:0:0:0:0:1 -  -  [10/Jun/2015:15:07:29 +0000] "GET /WebApp/Design/Img/loader-big-white-100x12x4.png HTTP/1.1" 200 1923 
0:0:0:0:0:0:0:1 -  -  [10/Jun/2015:15:07:29 +0000] "GET /WebApp/Design/Img/loader-big-white-100x12x1.png HTTP/1.1" 200 1873 
0:0:0:0:0:0:0:1 -  -  [10/Jun/2015:15:07:29 +0000] "GET /WebApp/Design/Img/loader-big-white-100x12x3.png HTTP/1.1" 200 1849 
0:0:0:0:0:0:0:1 -  -  [10/Jun/2015:15:07:29 +0000] "GET /WebApp/Design/Img/loader-big-white-100x12x7.png HTTP/1.1" 200 1859 
0:0:0:0:0:0:0:1 -  -  [10/Jun/2015:15:07:29 +0000] "GET /WebApp/Design/Img/loader-big-white-100x12x8.png HTTP/1.1" 200 1897 
0:0:0:0:0:0:0:1 -  -  [10/Jun/2015:15:07:29 +0000] "GET /WebApp/Design/Img/loader-big-white-100x12x9.png HTTP/1.1" 200 1876 
0:0:0:0:0:0:0:1 -  -  [10/Jun/2015:15:07:29 +0000] "GET /WebApp/Design/Img/loader-big-white-100x12x6.png HTTP/1.1" 200 1901 
0:0:0:0:0:0:0:1 -  -  [10/Jun/2015:15:07:29 +0000] "GET /WebApp/Design/Img/loader-big-white-100x12x10.png HTTP/1.1" 200 1893 
0:0:0:0:0:0:0:1 -  -  [10/Jun/2015:15:07:29 +0000] "GET /WebApp/Design/Img/chevron-select.png HTTP/1.1" 200 196 
0:0:0:0:0:0:0:1 -  -  [10/Jun/2015:15:07:29 +0000] "GET /WebApp/Design/Img/loader-big-white-100x12x11.png HTTP/1.1" 200 1889 
0:0:0:0:0:0:0:1 -  -  [10/Jun/2015:15:07:29 +0000] "GET /WebApp/Design/Img/loader-big-white-100x12x12.png HTTP/1.1" 200 1873 
0:0:0:0:0:0:0:1 -  -  [10/Jun/2015:15:07:29 +0000] "GET /WebApp/Design/Img/check-sel.png HTTP/1.1" 200 290 
0:0:0:0:0:0:0:1 -  -  [10/Jun/2015:15:07:29 +0000] "GET /WebApp/Design/Img/button-back-touch.png HTTP/1.1" 200 932 
0:0:0:0:0:0:0:1 -  -  [10/Jun/2015:15:07:29 +0000] "GET /WebApp/Design/Img/bg-head.png HTTP/1.1" 200 152 
0:0:0:0:0:0:0:1 -  -  [10/Jun/2015:15:07:29 +0000] "GET /WebApp/Design/Img/button-back.png HTTP/1.1" 200 940 
0:0:0:0:0:0:0:1 -  -  [10/Jun/2015:15:07:29 +0000] "GET /WebApp/Design/Img/button-simple.png HTTP/1.1" 200 670 
0:0:0:0:0:0:0:1 -  -  [10/Jun/2015:15:07:29 +0000] "GET /WebApp/Design/Img/button-simple-touch.png HTTP/1.1" 200 665 
0:0:0:0:0:0:0:1 -  -  [10/Jun/2015:15:07:29 +0000] "GET /WebApp/Design/Img/loader-big-white-100x12x5.png HTTP/1.1" 200 1914 
0:0:0:0:0:0:0:1 -  -  [10/Jun/2015:15:07:29 +0000] "GET /WebApp/Design/Img/bg-switch.png HTTP/1.1" 200 157 
0:0:0:0:0:0:0:1 -  -  [10/Jun/2015:15:07:29 +0000] "GET /WebApp/Design/Img/form-check-text.png HTTP/1.1" 200 122 
0:0:0:0:0:0:0:1 -  -  [10/Jun/2015:15:07:29 +0000] "GET /WebApp/Design/Img/chevron.png HTTP/1.1" 200 254 
0:0:0:0:0:0:0:1 -  -  [10/Jun/2015:15:07:29 +0000] "GET /WebApp/Design/Img/bg-switch-thumb.png HTTP/1.1" 200 164 
0:0:0:0:0:0:0:1 -  -  [10/Jun/2015:15:07:29 +0000] "GET /jquery.minicolors.png HTTP/1.1" 200 50867 
0:0:0:0:0:0:0:1 -  -  [10/Jun/2015:15:07:31 +0000] "GET /openhab.app?sitemap=demo&w=0004&__async=true&__source=waHome HTTP/1.1" 200 551 
0:0:0:0:0:0:0:1 -  -  [10/Jun/2015:15:07:31 +0000] "GET /images/corridor.png HTTP/1.1" 200 4365 
0:0:0:0:0:0:0:1 -  -  [10/Jun/2015:15:07:33 +0000] "GET /openhab.app?sitemap=demo&w=SF_Corridor&__async=true&__source=wa0004 HTTP/1.1" 200 684 
0:0:0:0:0:0:0:1 -  -  [10/Jun/2015:15:07:35 +0000] "GET /WebApp/Design/Img/form-check-texton.png HTTP/1.1" 200 121 
0:0:0:0:0:0:0:1 -  -  [10/Jun/2015:15:07:35 +0000] "GET /CMD?Light_SF_Corridor_Ceiling=TOGGLE&__async=true&__source=waSF_Corridor HTTP/1.1" 200 13 
0:0:0:0:0:0:0:1 -  -  [10/Jun/2015:15:07:32 +0000] "GET /openhab.app?sitemap=demo&sitemap=demo&w=0004&poll=true&__async=true&__source=wa0004 HTTP/1.1" 200 551 
0:0:0:0:0:0:0:1 -  -  [10/Jun/2015:15:07:34 +0000] "GET /openhab.app?sitemap=demo&sitemap=demo&w=SF_Corridor&poll=true&__async=true&__source=waSF_Corridor HTTP/1.1" 200 699 
0:0:0:0:0:0:0:1 -  -  [10/Jun/2015:15:07:35 +0000] "GET /images/switch-on.png HTTP/1.1" 200 2076 
0:0:0:0:0:0:0:1 -  -  [10/Jun/2015:15:07:31 +0000] "GET /openhab.app?sitemap=demo&poll=true&__async=true&__source=waHome HTTP/1.1" 200 1265 
0:0:0:0:0:0:0:1 -  -  [10/Jun/2015:15:07:36 +0000] "GET /CMD?Light_SF_Corridor_Ceiling=TOGGLE&__async=true&__source=waSF_Corridor HTTP/1.1" 200 13 
0:0:0:0:0:0:0:1 -  -  [10/Jun/2015:15:07:35 +0000] "GET /openhab.app?sitemap=demo&sitemap=demo&w=SF_Corridor&poll=true&__async=true&__source=waSF_Corridor HTTP/1.1" 200 688 
0:0:0:0:0:0:0:1 -  -  [10/Jun/2015:15:07:37 +0000] "GET /images/switch-off.png HTTP/1.1" 200 1467 
0:0:0:0:0:0:0:1 -  -  [10/Jun/2015:15:07:37 +0000] "GET /openhab.app?sitemap=demo&sitemap=demo&w=SF_Corridor&poll=true&__async=true&__source=waSF_Corridor HTTP/1.1" 200 92 
0:0:0:0:0:0:0:1 -  -  [10/Jun/2015:15:07:47 +0000] "GET /openhab.app?sitemap=demo&sitemap=demo&w=SF_Corridor&poll=true&__async=true&__source=waSF_Corridor HTTP/1.1" 200 92 
0:0:0:0:0:0:0:1 -  -  [10/Jun/2015:15:08:06 +0000] "GET /CMD?Light_SF_Corridor_Ceiling=TOGGLE&__async=true&__source=waSF_Corridor HTTP/1.1" 200 13 
0:0:0:0:0:0:0:1 -  -  [10/Jun/2015:15:07:58 +0000] "GET /openhab.app?sitemap=demo&sitemap=demo&w=SF_Corridor&poll=true&__async=true&__source=waSF_Corridor HTTP/1.1" 200 699 
0:0:0:0:0:0:0:1 -  -  [10/Jun/2015:15:08:07 +0000] "GET /openhab.app?sitemap=demo&sitemap=demo&w=SF_Corridor&poll=true&__async=true&__source=waSF_Corridor HTTP/1.1" 200 92 
0:0:0:0:0:0:0:1 -  -  [10/Jun/2015:15:08:17 +0000] "GET /openhab.app?sitemap=demo&sitemap=demo&w=SF_Corridor&poll=true&__async=true&__source=waSF_Corridor HTTP/1.1" 200 92 
0:0:0:0:0:0:0:1 -  -  [10/Jun/2015:15:08:28 +0000] "GET /openhab.app?sitemap=demo&sitemap=demo&w=SF_Corridor&poll=true&__async=true&__source=waSF_Corridor HTTP/1.1" 200 92 
0:0:0:0:0:0:0:1 -  -  [10/Jun/2015:15:08:38 +0000] "GET /openhab.app?sitemap=demo&sitemap=demo&w=SF_Corridor&poll=true&__async=true&__source=waSF_Corridor HTTP/1.1" 200 92 
0:0:0:0:0:0:0:1 -  -  [10/Jun/2015:15:08:49 +0000] "GET /openhab.app?sitemap=demo&sitemap=demo&w=SF_Corridor&poll=true&__async=true&__source=waSF_Corridor HTTP/1.1" 200 92 
0:0:0:0:0:0:0:1 -  -  [10/Jun/2015:15:09:00 +0000] "GET /openhab.app?sitemap=demo&sitemap=demo&w=SF_Corridor&poll=true&__async=true&__source=waSF_Corridor HTTP/1.1" 200 688 
0:0:0:0:0:0:0:1 -  -  [10/Jun/2015:15:09:06 +0000] "GET /openhab.app?sitemap=demo&sitemap=demo&w=SF_Corridor&poll=true&__async=true&__source=waSF_Corridor HTTP/1.1" 200 92 
0:0:0:0:0:0:0:1 -  -  [10/Jun/2015:15:09:16 +0000] "GET /openhab.app?sitemap=demo&sitemap=demo&w=SF_Corridor&poll=true&__async=true&__source=waSF_Corridor HTTP/1.1" 200 92 
0:0:0:0:0:0:0:1 -  -  [10/Jun/2015:15:09:27 +0000] "GET /openhab.app?sitemap=demo&sitemap=demo&w=SF_Corridor&poll=true&__async=true&__source=waSF_Corridor HTTP/1.1" 200 92 
0:0:0:0:0:0:0:1 -  -  [10/Jun/2015:15:09:37 +0000] "GET /openhab.app?sitemap=demo&sitemap=demo&w=SF_Corridor&poll=true&__async=true&__source=waSF_Corridor HTTP/1.1" 200 92 
0:0:0:0:0:0:0:1 -  -  [10/Jun/2015:15:09:48 +0000] "GET /openhab.app?sitemap=demo&sitemap=demo&w=SF_Corridor&poll=true&__async=true&__source=waSF_Corridor HTTP/1.1" 200 92 
0:0:0:0:0:0:0:1 -  -  [10/Jun/2015:15:09:58 +0000] "GET /openhab.app?sitemap=demo&sitemap=demo&w=SF_Corridor&poll=true&__async=true&__source=waSF_Corridor HTTP/1.1" 200 92 
0:0:0:0:0:0:0:1 -  -  [10/Jun/2015:15:10:09 +0000] "GET /openhab.app?sitemap=demo&sitemap=demo&w=SF_Corridor&poll=true&__async=true&__source=waSF_Corridor HTTP/1.1" 200 92 
0:0:0:0:0:0:0:1 -  -  [10/Jun/2015:15:10:19 +0000] "GET /openhab.app?sitemap=demo&sitemap=demo&w=SF_Corridor&poll=true&__async=true&__source=waSF_Corridor HTTP/1.1" 200 92 
0:0:0:0:0:0:0:1 -  -  [10/Jun/2015:15:10:30 +0000] "GET /openhab.app?sitemap=demo&sitemap=demo&w=SF_Corridor&poll=true&__async=true&__source=waSF_Corridor HTTP/1.1" 200 92 
0:0:0:0:0:0:0:1 -  -  [10/Jun/2015:15:10:41 +0000] "GET /openhab.app?sitemap=demo&sitemap=demo&w=SF_Corridor&poll=true&__async=true&__source=waSF_Corridor HTTP/1.1" 200 92 
0:0:0:0:0:0:0:1 -  -  [10/Jun/2015:15:10:51 +0000] "GET /openhab.app?sitemap=demo&sitemap=demo&w=SF_Corridor&poll=true&__async=true&__source=waSF_Corridor HTTP/1.1" 200 92 
0:0:0:0:0:0:0:1 -  -  [10/Jun/2015:15:11:02 +0000] "GET /openhab.app?sitemap=demo&sitemap=demo&w=SF_Corridor&poll=true&__async=true&__source=waSF_Corridor HTTP/1.1" 200 92 
0:0:0:0:0:0:0:1 -  -  [10/Jun/2015:15:11:12 +0000] "GET /openhab.app?sitemap=demo&sitemap=demo&w=SF_Corridor&poll=true&__async=true&__source=waSF_Corridor HTTP/1.1" 200 92 
0:0:0:0:0:0:0:1 -  -  [10/Jun/2015:15:11:23 +0000] "GET /openhab.app?sitemap=demo&sitemap=demo&w=SF_Corridor&poll=true&__async=true&__source=waSF_Corridor HTTP/1.1" 200 92 
0:0:0:0:0:0:0:1 -  -  [10/Jun/2015:15:11:33 +0000] "GET /openhab.app?sitemap=demo&sitemap=demo&w=SF_Corridor&poll=true&__async=true&__source=waSF_Corridor HTTP/1.1" 200 92 
0:0:0:0:0:0:0:1 -  -  [10/Jun/2015:15:11:44 +0000] "GET /openhab.app?sitemap=demo&sitemap=demo&w=SF_Corridor&poll=true&__async=true&__source=waSF_Corridor HTTP/1.1" 200 92 
0:0:0:0:0:0:0:1 -  -  [10/Jun/2015:15:11:55 +0000] "GET /openhab.app?sitemap=demo&sitemap=demo&w=SF_Corridor&poll=true&__async=true&__source=waSF_Corridor HTTP/1.1" 200 92 
