0:0:0:0:0:0:0:1 -  -  [04/Jul/2015:21:24:07 +0000] "GET / HTTP/1.1" 302 0 
0:0:0:0:0:0:0:1 -  -  [04/Jul/2015:21:24:07 +0000] "GET /openhab.app HTTP/1.1" 500 3911 
0:0:0:0:0:0:0:1 -  -  [04/Jul/2015:21:24:09 +0000] "GET /openhab.app?sitemap=demo HTTP/1.1" 200 9935 
0:0:0:0:0:0:0:1 -  -  [04/Jul/2015:21:24:09 +0000] "GET /images/present.png HTTP/1.1" 304 0 
0:0:0:0:0:0:0:1 -  -  [04/Jul/2015:21:24:09 +0000] "GET /images/switch.png HTTP/1.1" 304 0 
0:0:0:0:0:0:0:1 -  -  [04/Jul/2015:21:24:09 +0000] "GET /images/contact-open.png HTTP/1.1" 304 0 
0:0:0:0:0:0:0:1 -  -  [04/Jul/2015:21:24:15 +0000] "GET /openhab.app?sitemap=demo HTTP/1.1" 200 9935 
0:0:0:0:0:0:0:1 -  -  [04/Jul/2015:21:24:15 +0000] "GET /WebApp/Design/Render.css HTTP/1.1" 304 0 
0:0:0:0:0:0:0:1 -  -  [04/Jul/2015:21:24:15 +0000] "GET /WebApp/Design/RenderRTL.css HTTP/1.1" 304 0 
0:0:0:0:0:0:0:1 -  -  [04/Jul/2015:21:24:15 +0000] "GET /WebApp/Design/Firefox.css HTTP/1.1" 304 0 
0:0:0:0:0:0:0:1 -  -  [04/Jul/2015:21:24:15 +0000] "GET /WebApp/Design/openHAB.css HTTP/1.1" 304 0 
0:0:0:0:0:0:0:1 -  -  [04/Jul/2015:21:24:15 +0000] "GET /jquery.min.js HTTP/1.1" 304 0 
0:0:0:0:0:0:0:1 -  -  [04/Jul/2015:21:24:15 +0000] "GET /WebApp/Action/Logic.min.js HTTP/1.1" 304 0 
0:0:0:0:0:0:0:1 -  -  [04/Jul/2015:21:24:15 +0000] "GET /jquery.miniColors.css HTTP/1.1" 304 0 
0:0:0:0:0:0:0:1 -  -  [04/Jul/2015:21:24:15 +0000] "GET /jquery.miniColors.js HTTP/1.1" 304 0 
0:0:0:0:0:0:0:1 -  -  [04/Jul/2015:21:24:15 +0000] "GET /images/present.png HTTP/1.1" 304 0 
0:0:0:0:0:0:0:1 -  -  [04/Jul/2015:21:24:15 +0000] "GET /images/switch.png HTTP/1.1" 304 0 
0:0:0:0:0:0:0:1 -  -  [04/Jul/2015:21:24:15 +0000] "GET /images/contact-open.png HTTP/1.1" 304 0 
0:0:0:0:0:0:0:1 -  -  [04/Jul/2015:21:24:15 +0000] "GET /images/none.png HTTP/1.1" 200 132 
0:0:0:0:0:0:0:1 -  -  [04/Jul/2015:21:24:15 +0000] "GET /images/firstfloor.png HTTP/1.1" 200 4473 
0:0:0:0:0:0:0:1 -  -  [04/Jul/2015:21:24:16 +0000] "GET /openhab.app?sitemap=demo HTTP/1.1" 200 9935 
0:0:0:0:0:0:0:1 -  -  [04/Jul/2015:21:24:16 +0000] "GET /WebApp/Design/Render.css HTTP/1.1" 304 0 
0:0:0:0:0:0:0:1 -  -  [04/Jul/2015:21:24:16 +0000] "GET /WebApp/Design/RenderRTL.css HTTP/1.1" 304 0 
0:0:0:0:0:0:0:1 -  -  [04/Jul/2015:21:24:16 +0000] "GET /WebApp/Design/Firefox.css HTTP/1.1" 304 0 
0:0:0:0:0:0:0:1 -  -  [04/Jul/2015:21:24:16 +0000] "GET /WebApp/Design/openHAB.css HTTP/1.1" 304 0 
0:0:0:0:0:0:0:1 -  -  [04/Jul/2015:21:24:16 +0000] "GET /jquery.min.js HTTP/1.1" 304 0 
0:0:0:0:0:0:0:1 -  -  [04/Jul/2015:21:24:16 +0000] "GET /jquery.miniColors.css HTTP/1.1" 304 0 
0:0:0:0:0:0:0:1 -  -  [04/Jul/2015:21:24:16 +0000] "GET /WebApp/Action/Logic.min.js HTTP/1.1" 304 0 
0:0:0:0:0:0:0:1 -  -  [04/Jul/2015:21:24:16 +0000] "GET /jquery.miniColors.js HTTP/1.1" 304 0 
0:0:0:0:0:0:0:1 -  -  [04/Jul/2015:21:24:16 +0000] "GET /images/present.png HTTP/1.1" 304 0 
0:0:0:0:0:0:0:1 -  -  [04/Jul/2015:21:24:16 +0000] "GET /images/contact-open.png HTTP/1.1" 304 0 
0:0:0:0:0:0:0:1 -  -  [04/Jul/2015:21:24:16 +0000] "GET /images/switch.png HTTP/1.1" 304 0 
0:0:0:0:0:0:0:1 -  -  [04/Jul/2015:21:24:16 +0000] "GET /images/firstfloor.png HTTP/1.1" 304 0 
0:0:0:0:0:0:0:1 -  -  [04/Jul/2015:21:24:16 +0000] "GET /images/none.png HTTP/1.1" 304 0 
0:0:0:0:0:0:0:1 -  -  [04/Jul/2015:21:24:17 +0000] "GET /openhab.app?sitemap=demo HTTP/1.1" 200 9935 
0:0:0:0:0:0:0:1 -  -  [04/Jul/2015:21:24:17 +0000] "GET /WebApp/Design/Render.css HTTP/1.1" 304 0 
0:0:0:0:0:0:0:1 -  -  [04/Jul/2015:21:24:17 +0000] "GET /WebApp/Design/RenderRTL.css HTTP/1.1" 304 0 
0:0:0:0:0:0:0:1 -  -  [04/Jul/2015:21:24:17 +0000] "GET /WebApp/Design/openHAB.css HTTP/1.1" 304 0 
0:0:0:0:0:0:0:1 -  -  [04/Jul/2015:21:24:17 +0000] "GET /WebApp/Design/Firefox.css HTTP/1.1" 304 0 
0:0:0:0:0:0:0:1 -  -  [04/Jul/2015:21:24:17 +0000] "GET /jquery.miniColors.css HTTP/1.1" 304 0 
0:0:0:0:0:0:0:1 -  -  [04/Jul/2015:21:24:17 +0000] "GET /WebApp/Action/Logic.min.js HTTP/1.1" 304 0 
0:0:0:0:0:0:0:1 -  -  [04/Jul/2015:21:24:17 +0000] "GET /jquery.min.js HTTP/1.1" 304 0 
0:0:0:0:0:0:0:1 -  -  [04/Jul/2015:21:24:17 +0000] "GET /jquery.miniColors.js HTTP/1.1" 304 0 
0:0:0:0:0:0:0:1 -  -  [04/Jul/2015:21:24:17 +0000] "GET /images/present.png HTTP/1.1" 304 0 
0:0:0:0:0:0:0:1 -  -  [04/Jul/2015:21:24:17 +0000] "GET /images/switch.png HTTP/1.1" 304 0 
0:0:0:0:0:0:0:1 -  -  [04/Jul/2015:21:24:17 +0000] "GET /images/none.png HTTP/1.1" 304 0 
0:0:0:0:0:0:0:1 -  -  [04/Jul/2015:21:24:17 +0000] "GET /images/contact-open.png HTTP/1.1" 304 0 
0:0:0:0:0:0:0:1 -  -  [04/Jul/2015:21:24:17 +0000] "GET /images/firstfloor.png HTTP/1.1" 304 0 
0:0:0:0:0:0:0:1 -  -  [04/Jul/2015:21:24:18 +0000] "GET /openhab.app?sitemap=demo HTTP/1.1" 200 9935 
0:0:0:0:0:0:0:1 -  -  [04/Jul/2015:21:24:18 +0000] "GET /WebApp/Design/Render.css HTTP/1.1" 304 0 
0:0:0:0:0:0:0:1 -  -  [04/Jul/2015:21:24:18 +0000] "GET /WebApp/Design/RenderRTL.css HTTP/1.1" 304 0 
0:0:0:0:0:0:0:1 -  -  [04/Jul/2015:21:24:18 +0000] "GET /WebApp/Design/Firefox.css HTTP/1.1" 304 0 
0:0:0:0:0:0:0:1 -  -  [04/Jul/2015:21:24:18 +0000] "GET /WebApp/Design/openHAB.css HTTP/1.1" 304 0 
0:0:0:0:0:0:0:1 -  -  [04/Jul/2015:21:24:18 +0000] "GET /jquery.miniColors.js HTTP/1.1" 304 0 
0:0:0:0:0:0:0:1 -  -  [04/Jul/2015:21:24:18 +0000] "GET /jquery.min.js HTTP/1.1" 304 0 
0:0:0:0:0:0:0:1 -  -  [04/Jul/2015:21:24:18 +0000] "GET /WebApp/Action/Logic.min.js HTTP/1.1" 304 0 
0:0:0:0:0:0:0:1 -  -  [04/Jul/2015:21:24:18 +0000] "GET /jquery.miniColors.css HTTP/1.1" 304 0 
0:0:0:0:0:0:0:1 -  -  [04/Jul/2015:21:24:18 +0000] "GET /images/present.png HTTP/1.1" 304 0 
0:0:0:0:0:0:0:1 -  -  [04/Jul/2015:21:24:18 +0000] "GET /images/switch.png HTTP/1.1" 304 0 
0:0:0:0:0:0:0:1 -  -  [04/Jul/2015:21:24:18 +0000] "GET /images/contact-open.png HTTP/1.1" 304 0 
0:0:0:0:0:0:0:1 -  -  [04/Jul/2015:21:24:18 +0000] "GET /images/firstfloor.png HTTP/1.1" 304 0 
0:0:0:0:0:0:0:1 -  -  [04/Jul/2015:21:24:18 +0000] "GET /images/none.png HTTP/1.1" 304 0 
0:0:0:0:0:0:0:1 -  -  [04/Jul/2015:21:24:18 +0000] "GET /openhab.app?sitemap=demo HTTP/1.1" 200 9935 
0:0:0:0:0:0:0:1 -  -  [04/Jul/2015:21:24:18 +0000] "GET /WebApp/Design/Render.css HTTP/1.1" 304 0 
0:0:0:0:0:0:0:1 -  -  [04/Jul/2015:21:24:18 +0000] "GET /WebApp/Design/RenderRTL.css HTTP/1.1" 304 0 
0:0:0:0:0:0:0:1 -  -  [04/Jul/2015:21:24:18 +0000] "GET /WebApp/Design/Firefox.css HTTP/1.1" 304 0 
0:0:0:0:0:0:0:1 -  -  [04/Jul/2015:21:24:18 +0000] "GET /WebApp/Design/openHAB.css HTTP/1.1" 304 0 
0:0:0:0:0:0:0:1 -  -  [04/Jul/2015:21:24:18 +0000] "GET /jquery.miniColors.css HTTP/1.1" 304 0 
0:0:0:0:0:0:0:1 -  -  [04/Jul/2015:21:24:18 +0000] "GET /jquery.min.js HTTP/1.1" 304 0 
0:0:0:0:0:0:0:1 -  -  [04/Jul/2015:21:24:18 +0000] "GET /jquery.miniColors.js HTTP/1.1" 304 0 
0:0:0:0:0:0:0:1 -  -  [04/Jul/2015:21:24:18 +0000] "GET /WebApp/Action/Logic.min.js HTTP/1.1" 304 0 
0:0:0:0:0:0:0:1 -  -  [04/Jul/2015:21:24:18 +0000] "GET /images/present.png HTTP/1.1" 304 0 
0:0:0:0:0:0:0:1 -  -  [04/Jul/2015:21:24:18 +0000] "GET /images/switch.png HTTP/1.1" 304 0 
0:0:0:0:0:0:0:1 -  -  [04/Jul/2015:21:24:18 +0000] "GET /images/contact-open.png HTTP/1.1" 304 0 
0:0:0:0:0:0:0:1 -  -  [04/Jul/2015:21:24:18 +0000] "GET /images/none.png HTTP/1.1" 304 0 
0:0:0:0:0:0:0:1 -  -  [04/Jul/2015:21:24:18 +0000] "GET /images/firstfloor.png HTTP/1.1" 304 0 
0:0:0:0:0:0:0:1 -  -  [04/Jul/2015:21:24:11 +0000] "GET /openhab.app?sitemap=demo&poll=true&__async=true&__source=waHome HTTP/1.1" 200 92 
0:0:0:0:0:0:0:1 -  -  [04/Jul/2015:21:24:20 +0000] "GET /openhab.app?sitemap=demo&poll=true&__async=true&__source=waHome HTTP/1.1" 200 1393 
0:0:0:0:0:0:0:1 -  -  [04/Jul/2015:21:24:30 +0000] "GET /openhab.app?sitemap=demo&poll=true&__async=true&__source=waHome HTTP/1.1" 200 92 
0:0:0:0:0:0:0:1 -  -  [04/Jul/2015:21:24:40 +0000] "GET /openhab.app?sitemap=demo&poll=true&__async=true&__source=waHome HTTP/1.1" 200 92 
0:0:0:0:0:0:0:1 -  -  [04/Jul/2015:21:24:51 +0000] "GET /openhab.app?sitemap=demo&poll=true&__async=true&__source=waHome HTTP/1.1" 200 1393 
0:0:0:0:0:0:0:1 -  -  [04/Jul/2015:21:25:00 +0000] "GET /openhab.app?sitemap=demo&poll=true&__async=true&__source=waHome HTTP/1.1" 200 92 
0:0:0:0:0:0:0:1 -  -  [04/Jul/2015:21:25:10 +0000] "GET /openhab.app?sitemap=demo&poll=true&__async=true&__source=waHome HTTP/1.1" 200 92 
0:0:0:0:0:0:0:1 -  -  [04/Jul/2015:21:25:21 +0000] "GET /openhab.app?sitemap=demo&poll=true&__async=true&__source=waHome HTTP/1.1" 200 1393 
0:0:0:0:0:0:0:1 -  -  [04/Jul/2015:21:25:33 +0000] "GET /openhab.app?sitemap=demo HTTP/1.1" 200 9935 
0:0:0:0:0:0:0:1 -  -  [04/Jul/2015:21:25:33 +0000] "GET /WebApp/Design/Render.css HTTP/1.1" 304 0 
0:0:0:0:0:0:0:1 -  -  [04/Jul/2015:21:25:33 +0000] "GET /WebApp/Design/RenderRTL.css HTTP/1.1" 304 0 
0:0:0:0:0:0:0:1 -  -  [04/Jul/2015:21:25:33 +0000] "GET /WebApp/Design/Firefox.css HTTP/1.1" 304 0 
0:0:0:0:0:0:0:1 -  -  [04/Jul/2015:21:25:33 +0000] "GET /WebApp/Action/Logic.min.js HTTP/1.1" 304 0 
0:0:0:0:0:0:0:1 -  -  [04/Jul/2015:21:25:33 +0000] "GET /jquery.miniColors.css HTTP/1.1" 304 0 
0:0:0:0:0:0:0:1 -  -  [04/Jul/2015:21:25:33 +0000] "GET /WebApp/Design/openHAB.css HTTP/1.1" 304 0 
0:0:0:0:0:0:0:1 -  -  [04/Jul/2015:21:25:33 +0000] "GET /jquery.min.js HTTP/1.1" 304 0 
0:0:0:0:0:0:0:1 -  -  [04/Jul/2015:21:25:33 +0000] "GET /jquery.miniColors.js HTTP/1.1" 304 0 
0:0:0:0:0:0:0:1 -  -  [04/Jul/2015:21:25:33 +0000] "GET /images/switch.png HTTP/1.1" 304 0 
0:0:0:0:0:0:0:1 -  -  [04/Jul/2015:21:25:33 +0000] "GET /images/present.png HTTP/1.1" 304 0 
0:0:0:0:0:0:0:1 -  -  [04/Jul/2015:21:25:33 +0000] "GET /images/none.png HTTP/1.1" 304 0 
0:0:0:0:0:0:0:1 -  -  [04/Jul/2015:21:25:33 +0000] "GET /images/contact-open.png HTTP/1.1" 304 0 
0:0:0:0:0:0:0:1 -  -  [04/Jul/2015:21:25:33 +0000] "GET /images/firstfloor.png HTTP/1.1" 304 0 
0:0:0:0:0:0:0:1 -  -  [04/Jul/2015:21:25:30 +0000] "GET /openhab.app?sitemap=demo&poll=true&__async=true&__source=waHome HTTP/1.1" 200 92 
0:0:0:0:0:0:0:1 -  -  [04/Jul/2015:21:25:34 +0000] "GET /openhab.app?sitemap=demo&poll=true&__async=true&__source=waHome HTTP/1.1" 200 92 
0:0:0:0:0:0:0:1 -  -  [04/Jul/2015:21:25:45 +0000] "GET /openhab.app?sitemap=demo&poll=true&__async=true&__source=waHome HTTP/1.1" 200 92 
0:0:0:0:0:0:0:1 -  -  [04/Jul/2015:21:25:55 +0000] "GET /openhab.app?sitemap=demo&poll=true&__async=true&__source=waHome HTTP/1.1" 200 1393 
0:0:0:0:0:0:0:1 -  -  [04/Jul/2015:21:26:00 +0000] "GET /openhab.app?sitemap=demo&poll=true&__async=true&__source=waHome HTTP/1.1" 200 92 
0:0:0:0:0:0:0:1 -  -  [04/Jul/2015:21:26:10 +0000] "GET /openhab.app?sitemap=demo&poll=true&__async=true&__source=waHome HTTP/1.1" 200 92 
0:0:0:0:0:0:0:1 -  -  [04/Jul/2015:21:26:21 +0000] "GET /openhab.app?sitemap=demo&poll=true&__async=true&__source=waHome HTTP/1.1" 200 1393 
0:0:0:0:0:0:0:1 -  -  [04/Jul/2015:21:26:38 +0000] "GET /openhab.app?sitemap=demo HTTP/1.1" 200 9935 
0:0:0:0:0:0:0:1 -  -  [04/Jul/2015:21:26:38 +0000] "GET /WebApp/Design/Render.css HTTP/1.1" 304 0 
0:0:0:0:0:0:0:1 -  -  [04/Jul/2015:21:26:38 +0000] "GET /WebApp/Design/RenderRTL.css HTTP/1.1" 304 0 
0:0:0:0:0:0:0:1 -  -  [04/Jul/2015:21:26:38 +0000] "GET /WebApp/Design/Firefox.css HTTP/1.1" 304 0 
0:0:0:0:0:0:0:1 -  -  [04/Jul/2015:21:26:38 +0000] "GET /WebApp/Design/openHAB.css HTTP/1.1" 304 0 
0:0:0:0:0:0:0:1 -  -  [04/Jul/2015:21:26:38 +0000] "GET /WebApp/Action/Logic.min.js HTTP/1.1" 304 0 
0:0:0:0:0:0:0:1 -  -  [04/Jul/2015:21:26:38 +0000] "GET /jquery.miniColors.css HTTP/1.1" 304 0 
0:0:0:0:0:0:0:1 -  -  [04/Jul/2015:21:26:38 +0000] "GET /jquery.miniColors.js HTTP/1.1" 304 0 
0:0:0:0:0:0:0:1 -  -  [04/Jul/2015:21:26:38 +0000] "GET /jquery.min.js HTTP/1.1" 304 0 
0:0:0:0:0:0:0:1 -  -  [04/Jul/2015:21:26:38 +0000] "GET /images/present.png HTTP/1.1" 304 0 
0:0:0:0:0:0:0:1 -  -  [04/Jul/2015:21:26:38 +0000] "GET /images/switch.png HTTP/1.1" 304 0 
0:0:0:0:0:0:0:1 -  -  [04/Jul/2015:21:26:38 +0000] "GET /images/none.png HTTP/1.1" 304 0 
0:0:0:0:0:0:0:1 -  -  [04/Jul/2015:21:26:38 +0000] "GET /images/contact-open.png HTTP/1.1" 304 0 
0:0:0:0:0:0:0:1 -  -  [04/Jul/2015:21:26:38 +0000] "GET /images/firstfloor.png HTTP/1.1" 304 0 
0:0:0:0:0:0:0:1 -  -  [04/Jul/2015:21:26:30 +0000] "GET /openhab.app?sitemap=demo&poll=true&__async=true&__source=waHome HTTP/1.1" 200 92 
0:0:0:0:0:0:0:1 -  -  [04/Jul/2015:21:26:40 +0000] "GET /openhab.app?sitemap=demo HTTP/1.1" 200 9935 
0:0:0:0:0:0:0:1 -  -  [04/Jul/2015:21:26:40 +0000] "GET /WebApp/Design/Render.css HTTP/1.1" 304 0 
0:0:0:0:0:0:0:1 -  -  [04/Jul/2015:21:26:40 +0000] "GET /WebApp/Design/RenderRTL.css HTTP/1.1" 304 0 
0:0:0:0:0:0:0:1 -  -  [04/Jul/2015:21:26:40 +0000] "GET /WebApp/Design/Firefox.css HTTP/1.1" 304 0 
0:0:0:0:0:0:0:1 -  -  [04/Jul/2015:21:26:40 +0000] "GET /WebApp/Design/openHAB.css HTTP/1.1" 304 0 
0:0:0:0:0:0:0:1 -  -  [04/Jul/2015:21:26:40 +0000] "GET /jquery.miniColors.css HTTP/1.1" 304 0 
0:0:0:0:0:0:0:1 -  -  [04/Jul/2015:21:26:40 +0000] "GET /WebApp/Action/Logic.min.js HTTP/1.1" 304 0 
0:0:0:0:0:0:0:1 -  -  [04/Jul/2015:21:26:40 +0000] "GET /jquery.min.js HTTP/1.1" 304 0 
0:0:0:0:0:0:0:1 -  -  [04/Jul/2015:21:26:40 +0000] "GET /jquery.miniColors.js HTTP/1.1" 304 0 
0:0:0:0:0:0:0:1 -  -  [04/Jul/2015:21:26:40 +0000] "GET /images/present.png HTTP/1.1" 304 0 
0:0:0:0:0:0:0:1 -  -  [04/Jul/2015:21:26:40 +0000] "GET /images/contact-open.png HTTP/1.1" 304 0 
0:0:0:0:0:0:0:1 -  -  [04/Jul/2015:21:26:40 +0000] "GET /images/switch.png HTTP/1.1" 304 0 
0:0:0:0:0:0:0:1 -  -  [04/Jul/2015:21:26:40 +0000] "GET /images/firstfloor.png HTTP/1.1" 304 0 
0:0:0:0:0:0:0:1 -  -  [04/Jul/2015:21:26:40 +0000] "GET /images/none.png HTTP/1.1" 304 0 
0:0:0:0:0:0:0:1 -  -  [04/Jul/2015:21:26:40 +0000] "GET /openhab.app?sitemap=demo&poll=true&__async=true&__source=waHome HTTP/1.1" 200 92 
0:0:0:0:0:0:0:1 -  -  [04/Jul/2015:21:26:51 +0000] "GET /openhab.app?sitemap=demo HTTP/1.1" 200 9922 
0:0:0:0:0:0:0:1 -  -  [04/Jul/2015:21:26:51 +0000] "GET /WebApp/Design/Render.css HTTP/1.1" 304 0 
0:0:0:0:0:0:0:1 -  -  [04/Jul/2015:21:26:51 +0000] "GET /WebApp/Design/RenderRTL.css HTTP/1.1" 304 0 
0:0:0:0:0:0:0:1 -  -  [04/Jul/2015:21:26:51 +0000] "GET /WebApp/Design/Firefox.css HTTP/1.1" 304 0 
0:0:0:0:0:0:0:1 -  -  [04/Jul/2015:21:26:51 +0000] "GET /WebApp/Design/openHAB.css HTTP/1.1" 304 0 
0:0:0:0:0:0:0:1 -  -  [04/Jul/2015:21:26:51 +0000] "GET /jquery.miniColors.css HTTP/1.1" 304 0 
0:0:0:0:0:0:0:1 -  -  [04/Jul/2015:21:26:51 +0000] "GET /jquery.min.js HTTP/1.1" 304 0 
0:0:0:0:0:0:0:1 -  -  [04/Jul/2015:21:26:51 +0000] "GET /WebApp/Action/Logic.min.js HTTP/1.1" 304 0 
0:0:0:0:0:0:0:1 -  -  [04/Jul/2015:21:26:51 +0000] "GET /jquery.miniColors.js HTTP/1.1" 304 0 
0:0:0:0:0:0:0:1 -  -  [04/Jul/2015:21:26:51 +0000] "GET /images/present.png HTTP/1.1" 304 0 
0:0:0:0:0:0:0:1 -  -  [04/Jul/2015:21:26:51 +0000] "GET /images/switch.png HTTP/1.1" 304 0 
0:0:0:0:0:0:0:1 -  -  [04/Jul/2015:21:26:51 +0000] "GET /images/contact-open.png HTTP/1.1" 304 0 
0:0:0:0:0:0:0:1 -  -  [04/Jul/2015:21:26:51 +0000] "GET /images/none.png HTTP/1.1" 304 0 
0:0:0:0:0:0:0:1 -  -  [04/Jul/2015:21:26:51 +0000] "GET /images/firstfloor.png HTTP/1.1" 304 0 
0:0:0:0:0:0:0:1 -  -  [04/Jul/2015:21:26:52 +0000] "GET /openhab.app?sitemap=demo HTTP/1.1" 200 9922 
0:0:0:0:0:0:0:1 -  -  [04/Jul/2015:21:26:52 +0000] "GET /WebApp/Design/Render.css HTTP/1.1" 304 0 
0:0:0:0:0:0:0:1 -  -  [04/Jul/2015:21:26:52 +0000] "GET /WebApp/Design/RenderRTL.css HTTP/1.1" 304 0 
0:0:0:0:0:0:0:1 -  -  [04/Jul/2015:21:26:52 +0000] "GET /WebApp/Design/Firefox.css HTTP/1.1" 304 0 
0:0:0:0:0:0:0:1 -  -  [04/Jul/2015:21:26:52 +0000] "GET /WebApp/Design/openHAB.css HTTP/1.1" 304 0 
0:0:0:0:0:0:0:1 -  -  [04/Jul/2015:21:26:52 +0000] "GET /jquery.miniColors.css HTTP/1.1" 304 0 
0:0:0:0:0:0:0:1 -  -  [04/Jul/2015:21:26:52 +0000] "GET /jquery.miniColors.js HTTP/1.1" 304 0 
0:0:0:0:0:0:0:1 -  -  [04/Jul/2015:21:26:53 +0000] "GET /WebApp/Action/Logic.min.js HTTP/1.1" 304 0 
0:0:0:0:0:0:0:1 -  -  [04/Jul/2015:21:26:53 +0000] "GET /jquery.min.js HTTP/1.1" 304 0 
0:0:0:0:0:0:0:1 -  -  [04/Jul/2015:21:26:53 +0000] "GET /images/present.png HTTP/1.1" 304 0 
0:0:0:0:0:0:0:1 -  -  [04/Jul/2015:21:26:53 +0000] "GET /images/switch.png HTTP/1.1" 304 0 
0:0:0:0:0:0:0:1 -  -  [04/Jul/2015:21:26:53 +0000] "GET /images/contact-open.png HTTP/1.1" 304 0 
0:0:0:0:0:0:0:1 -  -  [04/Jul/2015:21:26:53 +0000] "GET /images/none.png HTTP/1.1" 304 0 
0:0:0:0:0:0:0:1 -  -  [04/Jul/2015:21:26:53 +0000] "GET /images/firstfloor.png HTTP/1.1" 304 0 
0:0:0:0:0:0:0:1 -  -  [04/Jul/2015:21:26:42 +0000] "GET /openhab.app?sitemap=demo&poll=true&__async=true&__source=waHome HTTP/1.1" 200 92 
0:0:0:0:0:0:0:1 -  -  [04/Jul/2015:21:26:54 +0000] "GET /openhab.app?sitemap=demo&poll=true&__async=true&__source=waHome HTTP/1.1" 200 1380 
0:0:0:0:0:0:0:1 -  -  [04/Jul/2015:21:27:00 +0000] "GET /openhab.app?sitemap=demo&poll=true&__async=true&__source=waHome HTTP/1.1" 200 92 
0:0:0:0:0:0:0:1 -  -  [04/Jul/2015:21:27:10 +0000] "GET /openhab.app?sitemap=demo&poll=true&__async=true&__source=waHome HTTP/1.1" 200 92 
0:0:0:0:0:0:0:1 -  -  [04/Jul/2015:21:27:29 +0000] "GET /openhab.app?sitemap=demo HTTP/1.1" 200 9922 
0:0:0:0:0:0:0:1 -  -  [04/Jul/2015:21:27:29 +0000] "GET /WebApp/Design/Render.css HTTP/1.1" 304 0 
0:0:0:0:0:0:0:1 -  -  [04/Jul/2015:21:27:29 +0000] "GET /WebApp/Design/RenderRTL.css HTTP/1.1" 304 0 
0:0:0:0:0:0:0:1 -  -  [04/Jul/2015:21:27:29 +0000] "GET /WebApp/Design/Firefox.css HTTP/1.1" 304 0 
0:0:0:0:0:0:0:1 -  -  [04/Jul/2015:21:27:29 +0000] "GET /jquery.min.js HTTP/1.1" 304 0 
0:0:0:0:0:0:0:1 -  -  [04/Jul/2015:21:27:29 +0000] "GET /WebApp/Design/openHAB.css HTTP/1.1" 304 0 
0:0:0:0:0:0:0:1 -  -  [04/Jul/2015:21:27:29 +0000] "GET /jquery.miniColors.css HTTP/1.1" 304 0 
0:0:0:0:0:0:0:1 -  -  [04/Jul/2015:21:27:29 +0000] "GET /WebApp/Action/Logic.min.js HTTP/1.1" 304 0 
0:0:0:0:0:0:0:1 -  -  [04/Jul/2015:21:27:29 +0000] "GET /jquery.miniColors.js HTTP/1.1" 304 0 
0:0:0:0:0:0:0:1 -  -  [04/Jul/2015:21:27:29 +0000] "GET /images/present.png HTTP/1.1" 304 0 
0:0:0:0:0:0:0:1 -  -  [04/Jul/2015:21:27:29 +0000] "GET /images/none.png HTTP/1.1" 304 0 
0:0:0:0:0:0:0:1 -  -  [04/Jul/2015:21:27:29 +0000] "GET /images/contact-open.png HTTP/1.1" 304 0 
0:0:0:0:0:0:0:1 -  -  [04/Jul/2015:21:27:29 +0000] "GET /images/firstfloor.png HTTP/1.1" 304 0 
0:0:0:0:0:0:0:1 -  -  [04/Jul/2015:21:27:29 +0000] "GET /images/switch.png HTTP/1.1" 304 0 
0:0:0:0:0:0:0:1 -  -  [04/Jul/2015:21:27:21 +0000] "GET /openhab.app?sitemap=demo&poll=true&__async=true&__source=waHome HTTP/1.1" 200 1380 
0:0:0:0:0:0:0:1 -  -  [04/Jul/2015:21:27:31 +0000] "GET /openhab.app?sitemap=demo&poll=true&__async=true&__source=waHome HTTP/1.1" 200 92 
0:0:0:0:0:0:0:1 -  -  [04/Jul/2015:21:27:41 +0000] "GET /openhab.app?sitemap=demo&poll=true&__async=true&__source=waHome HTTP/1.1" 200 92 
0:0:0:0:0:0:0:1 -  -  [04/Jul/2015:21:27:52 +0000] "GET /openhab.app?sitemap=demo&poll=true&__async=true&__source=waHome HTTP/1.1" 200 1380 
0:0:0:0:0:0:0:1 -  -  [04/Jul/2015:21:28:00 +0000] "GET /openhab.app?sitemap=demo&poll=true&__async=true&__source=waHome HTTP/1.1" 200 92 
0:0:0:0:0:0:0:1 -  -  [04/Jul/2015:21:28:10 +0000] "GET /openhab.app?sitemap=demo&poll=true&__async=true&__source=waHome HTTP/1.1" 200 92 
0:0:0:0:0:0:0:1 -  -  [04/Jul/2015:21:28:21 +0000] "GET /openhab.app?sitemap=demo&poll=true&__async=true&__source=waHome HTTP/1.1" 200 1380 
0:0:0:0:0:0:0:1 -  -  [04/Jul/2015:21:28:30 +0000] "GET /openhab.app?sitemap=demo&poll=true&__async=true&__source=waHome HTTP/1.1" 200 92 
0:0:0:0:0:0:0:1 -  -  [04/Jul/2015:21:28:48 +0000] "GET /openhab.app?sitemap=demo HTTP/1.1" 200 9922 
0:0:0:0:0:0:0:1 -  -  [04/Jul/2015:21:28:41 +0000] "GET /openhab.app?sitemap=demo&poll=true&__async=true&__source=waHome HTTP/1.1" 200 92 
0:0:0:0:0:0:0:1 -  -  [04/Jul/2015:21:28:52 +0000] "GET /openhab.app?sitemap=demo&w=0002&__async=true&__source=waHome HTTP/1.1" 200 1362 
0:0:0:0:0:0:0:1 -  -  [04/Jul/2015:21:28:52 +0000] "GET /images/contact-closed.png HTTP/1.1" 200 4262 
0:0:0:0:0:0:0:1 -  -  [04/Jul/2015:21:28:56 +0000] "GET /openhab.app?sitemap=demo&w=0005&__async=true&__source=waHome HTTP/1.1" 200 560 
0:0:0:0:0:0:0:1 -  -  [04/Jul/2015:21:28:57 +0000] "GET /openhab.app?sitemap=demo&w=SF_Corridor&__async=true&__source=wa0005 HTTP/1.1" 200 684 
0:0:0:0:0:0:0:1 -  -  [04/Jul/2015:21:28:53 +0000] "GET /openhab.app?sitemap=demo&sitemap=demo&w=0002&poll=true&__async=true&__source=wa0002 HTTP/1.1" 200 1354 
0:0:0:0:0:0:0:1 -  -  [04/Jul/2015:21:28:55 +0000] "GET /openhab.app?sitemap=demo&sitemap=demo&w=&poll=true&__async=true&__source=waHome HTTP/1.1" 200 1380 
0:0:0:0:0:0:0:1 -  -  [04/Jul/2015:21:28:50 +0000] "GET /openhab.app?sitemap=demo&poll=true&__async=true&__source=waHome HTTP/1.1" 200 1380 
0:0:0:0:0:0:0:1 -  -  [04/Jul/2015:21:28:56 +0000] "GET /openhab.app?sitemap=demo&sitemap=demo&w=0005&poll=true&__async=true&__source=wa0005 HTTP/1.1" 200 92 
0:0:0:0:0:0:0:1 -  -  [04/Jul/2015:21:28:57 +0000] "GET /openhab.app?sitemap=demo&sitemap=demo&w=SF_Corridor&poll=true&__async=true&__source=waSF_Corridor HTTP/1.1" 200 92 
0:0:0:0:0:0:0:1 -  -  [04/Jul/2015:21:29:00 +0000] "GET /openhab.app?sitemap=demo&sitemap=demo&w=&poll=true&__async=true&__source=wa0005 HTTP/1.1" 200 92 
0:0:0:0:0:0:0:1 -  -  [04/Jul/2015:21:29:00 +0000] "GET /openhab.app?sitemap=demo&poll=true&__async=true&__source=wa0005 HTTP/1.1" 200 92 
0:0:0:0:0:0:0:1 -  -  [04/Jul/2015:21:29:00 +0000] "GET /openhab.app?sitemap=demo&sitemap=demo&w=Home&poll=true&__async=true&__source=waHome HTTP/1.1" 200 92 
0:0:0:0:0:0:0:1 -  -  [04/Jul/2015:21:29:07 +0000] "GET /openhab.app?sitemap=demo&sitemap=demo&w=0005&poll=true&__async=true&__source=waHome HTTP/1.1" 200 92 
0:0:0:0:0:0:0:1 -  -  [04/Jul/2015:21:29:08 +0000] "GET /openhab.app?sitemap=demo&sitemap=demo&w=SF_Corridor&poll=true&__async=true&__source=waHome HTTP/1.1" 200 92 
0:0:0:0:0:0:0:1 -  -  [04/Jul/2015:21:29:10 +0000] "GET /openhab.app?sitemap=demo&sitemap=demo&w=&poll=true&__async=true&__source=waHome HTTP/1.1" 200 92 
0:0:0:0:0:0:0:1 -  -  [04/Jul/2015:21:29:10 +0000] "GET /openhab.app?sitemap=demo&poll=true&__async=true&__source=waHome HTTP/1.1" 200 92 
0:0:0:0:0:0:0:1 -  -  [04/Jul/2015:21:29:11 +0000] "GET /openhab.app?sitemap=demo&sitemap=demo&w=Home&poll=true&__async=true&__source=waHome HTTP/1.1" 200 92 
0:0:0:0:0:0:0:1 -  -  [04/Jul/2015:21:29:17 +0000] "GET /openhab.app?sitemap=demo&sitemap=demo&w=0005&poll=true&__async=true&__source=waHome HTTP/1.1" 200 92 
0:0:0:0:0:0:0:1 -  -  [04/Jul/2015:21:29:18 +0000] "GET /openhab.app?sitemap=demo&sitemap=demo&w=SF_Corridor&poll=true&__async=true&__source=waHome HTTP/1.1" 200 92 
0:0:0:0:0:0:0:1 -  -  [04/Jul/2015:21:29:21 +0000] "GET /openhab.app?sitemap=demo&poll=true&__async=true&__source=waHome HTTP/1.1" 200 1380 
0:0:0:0:0:0:0:1 -  -  [04/Jul/2015:21:29:21 +0000] "GET /openhab.app?sitemap=demo&sitemap=demo&w=&poll=true&__async=true&__source=waHome HTTP/1.1" 200 1380 
0:0:0:0:0:0:0:1 -  -  [04/Jul/2015:21:29:21 +0000] "GET /openhab.app?sitemap=demo&sitemap=demo&w=Home&poll=true&__async=true&__source=waHome HTTP/1.1" 200 1380 
0:0:0:0:0:0:0:1 -  -  [04/Jul/2015:21:29:28 +0000] "GET /openhab.app?sitemap=demo&sitemap=demo&w=0005&poll=true&__async=true&__source=waHome HTTP/1.1" 200 92 
0:0:0:0:0:0:0:1 -  -  [04/Jul/2015:21:29:29 +0000] "GET /openhab.app?sitemap=demo&sitemap=demo&w=SF_Corridor&poll=true&__async=true&__source=waHome HTTP/1.1" 200 92 
0:0:0:0:0:0:0:1 -  -  [04/Jul/2015:21:29:30 +0000] "GET /openhab.app?sitemap=demo&poll=true&__async=true&__source=waHome HTTP/1.1" 200 92 
0:0:0:0:0:0:0:1 -  -  [04/Jul/2015:21:29:30 +0000] "GET /openhab.app?sitemap=demo&sitemap=demo&w=&poll=true&__async=true&__source=waHome HTTP/1.1" 200 92 
0:0:0:0:0:0:0:1 -  -  [04/Jul/2015:21:29:30 +0000] "GET /openhab.app?sitemap=demo&sitemap=demo&w=Home&poll=true&__async=true&__source=waHome HTTP/1.1" 200 92 
0:0:0:0:0:0:0:1 -  -  [04/Jul/2015:21:29:38 +0000] "GET /openhab.app?sitemap=demo&sitemap=demo&w=0005&poll=true&__async=true&__source=waHome HTTP/1.1" 200 92 
0:0:0:0:0:0:0:1 -  -  [04/Jul/2015:21:29:40 +0000] "GET /openhab.app?sitemap=demo&sitemap=demo&w=SF_Corridor&poll=true&__async=true&__source=waHome HTTP/1.1" 200 92 
0:0:0:0:0:0:0:1 -  -  [04/Jul/2015:21:29:40 +0000] "GET /openhab.app?sitemap=demo&poll=true&__async=true&__source=waHome HTTP/1.1" 200 92 
0:0:0:0:0:0:0:1 -  -  [04/Jul/2015:21:29:41 +0000] "GET /openhab.app?sitemap=demo&sitemap=demo&w=&poll=true&__async=true&__source=waHome HTTP/1.1" 200 92 
0:0:0:0:0:0:0:1 -  -  [04/Jul/2015:21:29:41 +0000] "GET /openhab.app?sitemap=demo&sitemap=demo&w=Home&poll=true&__async=true&__source=waHome HTTP/1.1" 200 92 
0:0:0:0:0:0:0:1 -  -  [04/Jul/2015:21:29:49 +0000] "GET /openhab.app?sitemap=demo&sitemap=demo&w=0005&poll=true&__async=true&__source=waHome HTTP/1.1" 200 92 
0:0:0:0:0:0:0:1 -  -  [04/Jul/2015:21:29:51 +0000] "GET /openhab.app?sitemap=demo&sitemap=demo&w=&poll=true&__async=true&__source=waHome HTTP/1.1" 200 1380 
0:0:0:0:0:0:0:1 -  -  [04/Jul/2015:21:29:51 +0000] "GET /openhab.app?sitemap=demo&sitemap=demo&w=Home&poll=true&__async=true&__source=waHome HTTP/1.1" 200 1380 
0:0:0:0:0:0:0:1 -  -  [04/Jul/2015:21:29:51 +0000] "GET /openhab.app?sitemap=demo&poll=true&__async=true&__source=waHome HTTP/1.1" 200 1380 
0:0:0:0:0:0:0:1 -  -  [04/Jul/2015:21:29:50 +0000] "GET /openhab.app?sitemap=demo&sitemap=demo&w=SF_Corridor&poll=true&__async=true&__source=waHome HTTP/1.1" 200 92 
0:0:0:0:0:0:0:1 -  -  [04/Jul/2015:21:29:59 +0000] "GET /openhab.app?sitemap=demo&sitemap=demo&w=0005&poll=true&__async=true&__source=waHome HTTP/1.1" 200 92 
0:0:0:0:0:0:0:1 -  -  [04/Jul/2015:21:30:00 +0000] "GET /openhab.app?sitemap=demo&sitemap=demo&w=&poll=true&__async=true&__source=waHome HTTP/1.1" 200 92 
0:0:0:0:0:0:0:1 -  -  [04/Jul/2015:21:30:00 +0000] "GET /openhab.app?sitemap=demo&sitemap=demo&w=Home&poll=true&__async=true&__source=waHome HTTP/1.1" 200 92 
0:0:0:0:0:0:0:1 -  -  [04/Jul/2015:21:30:00 +0000] "GET /openhab.app?sitemap=demo&poll=true&__async=true&__source=waHome HTTP/1.1" 200 92 
0:0:0:0:0:0:0:1 -  -  [04/Jul/2015:21:30:01 +0000] "GET /openhab.app?sitemap=demo&sitemap=demo&w=SF_Corridor&poll=true&__async=true&__source=waHome HTTP/1.1" 200 92 
0:0:0:0:0:0:0:1 -  -  [04/Jul/2015:21:30:10 +0000] "GET /openhab.app?sitemap=demo&sitemap=demo&w=0005&poll=true&__async=true&__source=waHome HTTP/1.1" 200 92 
0:0:0:0:0:0:0:1 -  -  [04/Jul/2015:21:30:10 +0000] "GET /openhab.app?sitemap=demo&sitemap=demo&w=&poll=true&__async=true&__source=waHome HTTP/1.1" 200 92 
0:0:0:0:0:0:0:1 -  -  [04/Jul/2015:21:30:10 +0000] "GET /openhab.app?sitemap=demo&sitemap=demo&w=Home&poll=true&__async=true&__source=waHome HTTP/1.1" 200 92 
0:0:0:0:0:0:0:1 -  -  [04/Jul/2015:21:30:10 +0000] "GET /openhab.app?sitemap=demo&poll=true&__async=true&__source=waHome HTTP/1.1" 200 92 
0:0:0:0:0:0:0:1 -  -  [04/Jul/2015:21:30:11 +0000] "GET /openhab.app?sitemap=demo&sitemap=demo&w=SF_Corridor&poll=true&__async=true&__source=waHome HTTP/1.1" 200 92 
0:0:0:0:0:0:0:1 -  -  [04/Jul/2015:21:30:21 +0000] "GET /openhab.app?sitemap=demo&sitemap=demo&w=&poll=true&__async=true&__source=waHome HTTP/1.1" 200 1380 
0:0:0:0:0:0:0:1 -  -  [04/Jul/2015:21:30:21 +0000] "GET /openhab.app?sitemap=demo&sitemap=demo&w=Home&poll=true&__async=true&__source=waHome HTTP/1.1" 200 1380 
0:0:0:0:0:0:0:1 -  -  [04/Jul/2015:21:30:21 +0000] "GET /openhab.app?sitemap=demo&poll=true&__async=true&__source=waHome HTTP/1.1" 200 1380 
0:0:0:0:0:0:0:1 -  -  [04/Jul/2015:21:30:21 +0000] "GET /openhab.app?sitemap=demo&sitemap=demo&w=0005&poll=true&__async=true&__source=waHome HTTP/1.1" 200 92 
0:0:0:0:0:0:0:1 -  -  [04/Jul/2015:21:30:22 +0000] "GET /openhab.app?sitemap=demo&sitemap=demo&w=SF_Corridor&poll=true&__async=true&__source=waHome HTTP/1.1" 200 92 
0:0:0:0:0:0:0:1 -  -  [04/Jul/2015:21:30:30 +0000] "GET /openhab.app?sitemap=demo&sitemap=demo&w=&poll=true&__async=true&__source=waHome HTTP/1.1" 200 92 
0:0:0:0:0:0:0:1 -  -  [04/Jul/2015:21:30:30 +0000] "GET /openhab.app?sitemap=demo&sitemap=demo&w=Home&poll=true&__async=true&__source=waHome HTTP/1.1" 200 92 
0:0:0:0:0:0:0:1 -  -  [04/Jul/2015:21:30:30 +0000] "GET /openhab.app?sitemap=demo&poll=true&__async=true&__source=waHome HTTP/1.1" 200 92 
0:0:0:0:0:0:0:1 -  -  [04/Jul/2015:21:30:31 +0000] "GET /openhab.app?sitemap=demo&sitemap=demo&w=0005&poll=true&__async=true&__source=waHome HTTP/1.1" 200 92 
0:0:0:0:0:0:0:1 -  -  [04/Jul/2015:21:30:32 +0000] "GET /openhab.app?sitemap=demo&sitemap=demo&w=SF_Corridor&poll=true&__async=true&__source=waHome HTTP/1.1" 200 92 
0:0:0:0:0:0:0:1 -  -  [04/Jul/2015:21:30:40 +0000] "GET /openhab.app?sitemap=demo&sitemap=demo&w=&poll=true&__async=true&__source=waHome HTTP/1.1" 200 92 
0:0:0:0:0:0:0:1 -  -  [04/Jul/2015:21:30:40 +0000] "GET /openhab.app?sitemap=demo&sitemap=demo&w=Home&poll=true&__async=true&__source=waHome HTTP/1.1" 200 92 
0:0:0:0:0:0:0:1 -  -  [04/Jul/2015:21:30:40 +0000] "GET /openhab.app?sitemap=demo&poll=true&__async=true&__source=waHome HTTP/1.1" 200 92 
0:0:0:0:0:0:0:1 -  -  [04/Jul/2015:21:30:42 +0000] "GET /openhab.app?sitemap=demo&sitemap=demo&w=0005&poll=true&__async=true&__source=waHome HTTP/1.1" 200 92 
0:0:0:0:0:0:0:1 -  -  [04/Jul/2015:21:30:43 +0000] "GET /openhab.app?sitemap=demo&sitemap=demo&w=SF_Corridor&poll=true&__async=true&__source=waHome HTTP/1.1" 200 92 
0:0:0:0:0:0:0:1 -  -  [04/Jul/2015:21:30:51 +0000] "GET /openhab.app?sitemap=demo&sitemap=demo&w=&poll=true&__async=true&__source=waHome HTTP/1.1" 200 1380 
0:0:0:0:0:0:0:1 -  -  [04/Jul/2015:21:30:51 +0000] "GET /openhab.app?sitemap=demo&sitemap=demo&w=Home&poll=true&__async=true&__source=waHome HTTP/1.1" 200 1380 
0:0:0:0:0:0:0:1 -  -  [04/Jul/2015:21:30:51 +0000] "GET /openhab.app?sitemap=demo&poll=true&__async=true&__source=waHome HTTP/1.1" 200 1380 
0:0:0:0:0:0:0:1 -  -  [04/Jul/2015:21:30:52 +0000] "GET /openhab.app?sitemap=demo&sitemap=demo&w=0005&poll=true&__async=true&__source=waHome HTTP/1.1" 200 92 
0:0:0:0:0:0:0:1 -  -  [04/Jul/2015:21:30:54 +0000] "GET /openhab.app?sitemap=demo&sitemap=demo&w=SF_Corridor&poll=true&__async=true&__source=waHome HTTP/1.1" 200 92 
0:0:0:0:0:0:0:1 -  -  [04/Jul/2015:21:31:00 +0000] "GET /openhab.app?sitemap=demo&sitemap=demo&w=&poll=true&__async=true&__source=waHome HTTP/1.1" 200 92 
0:0:0:0:0:0:0:1 -  -  [04/Jul/2015:21:31:00 +0000] "GET /openhab.app?sitemap=demo&sitemap=demo&w=Home&poll=true&__async=true&__source=waHome HTTP/1.1" 200 92 
0:0:0:0:0:0:0:1 -  -  [04/Jul/2015:21:31:00 +0000] "GET /openhab.app?sitemap=demo&poll=true&__async=true&__source=waHome HTTP/1.1" 200 92 
0:0:0:0:0:0:0:1 -  -  [04/Jul/2015:21:31:03 +0000] "GET /openhab.app?sitemap=demo&sitemap=demo&w=0005&poll=true&__async=true&__source=waHome HTTP/1.1" 200 92 
0:0:0:0:0:0:0:1 -  -  [04/Jul/2015:21:31:04 +0000] "GET /openhab.app?sitemap=demo&sitemap=demo&w=SF_Corridor&poll=true&__async=true&__source=waHome HTTP/1.1" 200 92 
0:0:0:0:0:0:0:1 -  -  [04/Jul/2015:21:31:10 +0000] "GET /openhab.app?sitemap=demo&sitemap=demo&w=&poll=true&__async=true&__source=waHome HTTP/1.1" 200 92 
0:0:0:0:0:0:0:1 -  -  [04/Jul/2015:21:31:10 +0000] "GET /openhab.app?sitemap=demo&sitemap=demo&w=Home&poll=true&__async=true&__source=waHome HTTP/1.1" 200 92 
0:0:0:0:0:0:0:1 -  -  [04/Jul/2015:21:31:10 +0000] "GET /openhab.app?sitemap=demo&poll=true&__async=true&__source=waHome HTTP/1.1" 200 92 
0:0:0:0:0:0:0:1 -  -  [04/Jul/2015:21:31:13 +0000] "GET /openhab.app?sitemap=demo&sitemap=demo&w=0005&poll=true&__async=true&__source=waHome HTTP/1.1" 200 92 
0:0:0:0:0:0:0:1 -  -  [04/Jul/2015:21:31:15 +0000] "GET /openhab.app?sitemap=demo&sitemap=demo&w=SF_Corridor&poll=true&__async=true&__source=waHome HTTP/1.1" 200 92 
0:0:0:0:0:0:0:1 -  -  [04/Jul/2015:21:31:21 +0000] "GET /openhab.app?sitemap=demo&sitemap=demo&w=Home&poll=true&__async=true&__source=waHome HTTP/1.1" 200 1380 
0:0:0:0:0:0:0:1 -  -  [04/Jul/2015:21:31:21 +0000] "GET /openhab.app?sitemap=demo&sitemap=demo&w=&poll=true&__async=true&__source=waHome HTTP/1.1" 200 1380 
0:0:0:0:0:0:0:1 -  -  [04/Jul/2015:21:31:21 +0000] "GET /openhab.app?sitemap=demo&poll=true&__async=true&__source=waHome HTTP/1.1" 200 1380 
0:0:0:0:0:0:0:1 -  -  [04/Jul/2015:21:31:24 +0000] "GET /openhab.app?sitemap=demo&sitemap=demo&w=0005&poll=true&__async=true&__source=waHome HTTP/1.1" 200 92 
0:0:0:0:0:0:0:1 -  -  [04/Jul/2015:21:31:25 +0000] "GET /openhab.app?sitemap=demo&sitemap=demo&w=SF_Corridor&poll=true&__async=true&__source=waHome HTTP/1.1" 200 92 
0:0:0:0:0:0:0:1 -  -  [04/Jul/2015:21:31:30 +0000] "GET /openhab.app?sitemap=demo&sitemap=demo&w=Home&poll=true&__async=true&__source=waHome HTTP/1.1" 200 92 
0:0:0:0:0:0:0:1 -  -  [04/Jul/2015:21:31:30 +0000] "GET /openhab.app?sitemap=demo&sitemap=demo&w=&poll=true&__async=true&__source=waHome HTTP/1.1" 200 92 
0:0:0:0:0:0:0:1 -  -  [04/Jul/2015:21:31:30 +0000] "GET /openhab.app?sitemap=demo&poll=true&__async=true&__source=waHome HTTP/1.1" 200 92 
0:0:0:0:0:0:0:1 -  -  [04/Jul/2015:21:31:34 +0000] "GET /openhab.app?sitemap=demo&sitemap=demo&w=0005&poll=true&__async=true&__source=waHome HTTP/1.1" 200 92 
0:0:0:0:0:0:0:1 -  -  [04/Jul/2015:21:31:36 +0000] "GET /openhab.app?sitemap=demo&sitemap=demo&w=SF_Corridor&poll=true&__async=true&__source=waHome HTTP/1.1" 200 92 
0:0:0:0:0:0:0:1 -  -  [04/Jul/2015:21:31:40 +0000] "GET /openhab.app?sitemap=demo&sitemap=demo&w=Home&poll=true&__async=true&__source=waHome HTTP/1.1" 200 92 
0:0:0:0:0:0:0:1 -  -  [04/Jul/2015:21:31:40 +0000] "GET /openhab.app?sitemap=demo&sitemap=demo&w=&poll=true&__async=true&__source=waHome HTTP/1.1" 200 92 
0:0:0:0:0:0:0:1 -  -  [04/Jul/2015:21:31:40 +0000] "GET /openhab.app?sitemap=demo&poll=true&__async=true&__source=waHome HTTP/1.1" 200 92 
0:0:0:0:0:0:0:1 -  -  [04/Jul/2015:21:31:55 +0000] "GET /openhab.app?sitemap=demo HTTP/1.1" 200 9922 
0:0:0:0:0:0:0:1 -  -  [04/Jul/2015:21:31:56 +0000] "GET /WebApp/Design/Render.css HTTP/1.1" 304 0 
0:0:0:0:0:0:0:1 -  -  [04/Jul/2015:21:31:56 +0000] "GET /WebApp/Design/RenderRTL.css HTTP/1.1" 304 0 
0:0:0:0:0:0:0:1 -  -  [04/Jul/2015:21:31:56 +0000] "GET /WebApp/Design/Firefox.css HTTP/1.1" 304 0 
0:0:0:0:0:0:0:1 -  -  [04/Jul/2015:21:31:56 +0000] "GET /WebApp/Design/openHAB.css HTTP/1.1" 304 0 
0:0:0:0:0:0:0:1 -  -  [04/Jul/2015:21:31:56 +0000] "GET /jquery.miniColors.css HTTP/1.1" 304 0 
0:0:0:0:0:0:0:1 -  -  [04/Jul/2015:21:31:56 +0000] "GET /WebApp/Action/Logic.min.js HTTP/1.1" 304 0 
0:0:0:0:0:0:0:1 -  -  [04/Jul/2015:21:31:56 +0000] "GET /jquery.min.js HTTP/1.1" 304 0 
0:0:0:0:0:0:0:1 -  -  [04/Jul/2015:21:31:56 +0000] "GET /jquery.miniColors.js HTTP/1.1" 304 0 
0:0:0:0:0:0:0:1 -  -  [04/Jul/2015:21:31:56 +0000] "GET /images/present.png HTTP/1.1" 304 0 
0:0:0:0:0:0:0:1 -  -  [04/Jul/2015:21:31:56 +0000] "GET /images/switch.png HTTP/1.1" 304 0 
0:0:0:0:0:0:0:1 -  -  [04/Jul/2015:21:31:56 +0000] "GET /images/contact-open.png HTTP/1.1" 304 0 
0:0:0:0:0:0:0:1 -  -  [04/Jul/2015:21:31:56 +0000] "GET /images/none.png HTTP/1.1" 304 0 
0:0:0:0:0:0:0:1 -  -  [04/Jul/2015:21:31:56 +0000] "GET /images/firstfloor.png HTTP/1.1" 304 0 
0:0:0:0:0:0:0:1 -  -  [04/Jul/2015:21:31:45 +0000] "GET /openhab.app?sitemap=demo&sitemap=demo&w=0005&poll=true&__async=true&__source=waHome HTTP/1.1" 200 92 
0:0:0:0:0:0:0:1 -  -  [04/Jul/2015:21:31:46 +0000] "GET /openhab.app?sitemap=demo&sitemap=demo&w=SF_Corridor&poll=true&__async=true&__source=waHome HTTP/1.1" 200 92 
0:0:0:0:0:0:0:1 -  -  [04/Jul/2015:21:31:58 +0000] "GET /openhab.app?sitemap=demo&poll=true&__async=true&__source=waHome HTTP/1.1" 200 1380 
0:0:0:0:0:0:0:1 -  -  [04/Jul/2015:21:31:51 +0000] "GET /openhab.app?sitemap=demo&sitemap=demo&w=Home&poll=true&__async=true&__source=waHome HTTP/1.1" 200 1380 
0:0:0:0:0:0:0:1 -  -  [04/Jul/2015:21:31:51 +0000] "GET /openhab.app?sitemap=demo&sitemap=demo&w=&poll=true&__async=true&__source=waHome HTTP/1.1" 200 1380 
0:0:0:0:0:0:0:1 -  -  [04/Jul/2015:21:31:51 +0000] "GET /openhab.app?sitemap=demo&poll=true&__async=true&__source=waHome HTTP/1.1" 200 1380 
0:0:0:0:0:0:0:1 -  -  [04/Jul/2015:21:32:00 +0000] "GET /openhab.app?sitemap=demo&poll=true&__async=true&__source=waHome HTTP/1.1" 200 92 
0:0:0:0:0:0:0:1 -  -  [04/Jul/2015:21:32:10 +0000] "GET /openhab.app?sitemap=demo&poll=true&__async=true&__source=waHome HTTP/1.1" 200 92 
0:0:0:0:0:0:0:1 -  -  [04/Jul/2015:21:32:21 +0000] "GET /openhab.app?sitemap=demo&poll=true&__async=true&__source=waHome HTTP/1.1" 200 1380 
0:0:0:0:0:0:0:1 -  -  [04/Jul/2015:21:32:33 +0000] "GET /openhab.app?sitemap=demo HTTP/1.1" 200 9922 
0:0:0:0:0:0:0:1 -  -  [04/Jul/2015:21:32:33 +0000] "GET /WebApp/Design/Render.css HTTP/1.1" 304 0 
0:0:0:0:0:0:0:1 -  -  [04/Jul/2015:21:32:33 +0000] "GET /WebApp/Design/RenderRTL.css HTTP/1.1" 304 0 
0:0:0:0:0:0:0:1 -  -  [04/Jul/2015:21:32:33 +0000] "GET /WebApp/Design/Firefox.css HTTP/1.1" 304 0 
0:0:0:0:0:0:0:1 -  -  [04/Jul/2015:21:32:33 +0000] "GET /WebApp/Design/openHAB.css HTTP/1.1" 304 0 
0:0:0:0:0:0:0:1 -  -  [04/Jul/2015:21:32:33 +0000] "GET /jquery.miniColors.css HTTP/1.1" 304 0 
0:0:0:0:0:0:0:1 -  -  [04/Jul/2015:21:32:33 +0000] "GET /WebApp/Action/Logic.min.js HTTP/1.1" 304 0 
0:0:0:0:0:0:0:1 -  -  [04/Jul/2015:21:32:33 +0000] "GET /jquery.min.js HTTP/1.1" 304 0 
0:0:0:0:0:0:0:1 -  -  [04/Jul/2015:21:32:33 +0000] "GET /jquery.miniColors.js HTTP/1.1" 304 0 
0:0:0:0:0:0:0:1 -  -  [04/Jul/2015:21:32:33 +0000] "GET /images/present.png HTTP/1.1" 304 0 
0:0:0:0:0:0:0:1 -  -  [04/Jul/2015:21:32:33 +0000] "GET /images/contact-open.png HTTP/1.1" 304 0 
0:0:0:0:0:0:0:1 -  -  [04/Jul/2015:21:32:33 +0000] "GET /images/switch.png HTTP/1.1" 304 0 
0:0:0:0:0:0:0:1 -  -  [04/Jul/2015:21:32:33 +0000] "GET /images/none.png HTTP/1.1" 304 0 
0:0:0:0:0:0:0:1 -  -  [04/Jul/2015:21:32:33 +0000] "GET /images/firstfloor.png HTTP/1.1" 304 0 
0:0:0:0:0:0:0:1 -  -  [04/Jul/2015:21:33:00 +0000] "GET /openhab.app?sitemap=demo HTTP/1.1" 404 1410 
0:0:0:0:0:0:0:1 -  -  [04/Jul/2015:21:33:01 +0000] "GET /openhab.app?sitemap=demo HTTP/1.1" 404 1410 
0:0:0:0:0:0:0:1 -  -  [04/Jul/2015:21:33:02 +0000] "GET /openhab.app?sitemap=demo HTTP/1.1" 404 1410 
0:0:0:0:0:0:0:1 -  -  [04/Jul/2015:21:33:03 +0000] "GET /openhab.app?sitemap=demo HTTP/1.1" 404 1410 
0:0:0:0:0:0:0:1 -  -  [04/Jul/2015:21:33:04 +0000] "GET /openhab.app?sitemap=demo HTTP/1.1" 404 1410 
0:0:0:0:0:0:0:1 -  -  [04/Jul/2015:21:33:04 +0000] "GET /favicon.ico HTTP/1.1" 404 1410 
0:0:0:0:0:0:0:1 -  -  [04/Jul/2015:21:33:04 +0000] "GET /openhab.app?sitemap=demo HTTP/1.1" 404 1410 
0:0:0:0:0:0:0:1 -  -  [04/Jul/2015:21:33:04 +0000] "GET /apple-touch-icon-precomposed.png HTTP/1.1" 404 1473 
0:0:0:0:0:0:0:1 -  -  [04/Jul/2015:21:33:04 +0000] "GET /apple-touch-icon.png HTTP/1.1" 404 1437 
0:0:0:0:0:0:0:1 -  -  [04/Jul/2015:21:33:04 +0000] "GET /openhab.app?sitemap=demo HTTP/1.1" 404 1410 
0:0:0:0:0:0:0:1 -  -  [04/Jul/2015:21:33:07 +0000] "GET /openhab.app?sitemap=demo HTTP/1.1" 404 1410 
0:0:0:0:0:0:0:1 -  -  [04/Jul/2015:21:33:07 +0000] "GET /openhab.app?sitemap=demo HTTP/1.1" 404 1410 
0:0:0:0:0:0:0:1 -  -  [04/Jul/2015:21:33:08 +0000] "GET /openhab.app?sitemap=demo HTTP/1.1" 404 1410 
0:0:0:0:0:0:0:1 -  -  [04/Jul/2015:21:33:08 +0000] "GET /openhab.app?sitemap=demo HTTP/1.1" 404 1410 
0:0:0:0:0:0:0:1 -  -  [04/Jul/2015:21:33:09 +0000] "GET /openhab.app?sitemap=demo HTTP/1.1" 200 9917 
0:0:0:0:0:0:0:1 -  -  [04/Jul/2015:21:33:09 +0000] "GET /WebApp/Design/Render.css HTTP/1.1" 304 0 
0:0:0:0:0:0:0:1 -  -  [04/Jul/2015:21:33:09 +0000] "GET /WebApp/Design/RenderRTL.css HTTP/1.1" 304 0 
0:0:0:0:0:0:0:1 -  -  [04/Jul/2015:21:33:09 +0000] "GET /jquery.miniColors.js HTTP/1.1" 304 0 
0:0:0:0:0:0:0:1 -  -  [04/Jul/2015:21:33:09 +0000] "GET /WebApp/Action/Logic.min.js HTTP/1.1" 304 0 
0:0:0:0:0:0:0:1 -  -  [04/Jul/2015:21:33:09 +0000] "GET /WebApp/Design/Firefox.css HTTP/1.1" 304 0 
0:0:0:0:0:0:0:1 -  -  [04/Jul/2015:21:33:09 +0000] "GET /WebApp/Design/openHAB.css HTTP/1.1" 304 0 
0:0:0:0:0:0:0:1 -  -  [04/Jul/2015:21:33:09 +0000] "GET /jquery.miniColors.css HTTP/1.1" 304 0 
0:0:0:0:0:0:0:1 -  -  [04/Jul/2015:21:33:09 +0000] "GET /jquery.min.js HTTP/1.1" 304 0 
0:0:0:0:0:0:0:1 -  -  [04/Jul/2015:21:33:09 +0000] "GET /images/none.png HTTP/1.1" 304 0 
0:0:0:0:0:0:0:1 -  -  [04/Jul/2015:21:33:09 +0000] "GET /images/switch.png HTTP/1.1" 304 0 
0:0:0:0:0:0:0:1 -  -  [04/Jul/2015:21:33:09 +0000] "GET /images/contact.png HTTP/1.1" 304 0 
0:0:0:0:0:0:0:1 -  -  [04/Jul/2015:21:33:09 +0000] "GET /images/present.png HTTP/1.1" 304 0 
0:0:0:0:0:0:0:1 -  -  [04/Jul/2015:21:33:09 +0000] "GET /images/firstfloor.png HTTP/1.1" 304 0 
0:0:0:0:0:0:0:1 -  -  [04/Jul/2015:21:33:11 +0000] "GET /openhab.app?sitemap=demo HTTP/1.1" 200 9917 
0:0:0:0:0:0:0:1 -  -  [04/Jul/2015:21:33:11 +0000] "GET /WebApp/Design/Render.css HTTP/1.1" 304 0 
0:0:0:0:0:0:0:1 -  -  [04/Jul/2015:21:33:11 +0000] "GET /WebApp/Design/RenderRTL.css HTTP/1.1" 304 0 
0:0:0:0:0:0:0:1 -  -  [04/Jul/2015:21:33:11 +0000] "GET /WebApp/Design/Firefox.css HTTP/1.1" 304 0 
0:0:0:0:0:0:0:1 -  -  [04/Jul/2015:21:33:11 +0000] "GET /WebApp/Design/openHAB.css HTTP/1.1" 304 0 
0:0:0:0:0:0:0:1 -  -  [04/Jul/2015:21:33:11 +0000] "GET /WebApp/Action/Logic.min.js HTTP/1.1" 304 0 
0:0:0:0:0:0:0:1 -  -  [04/Jul/2015:21:33:11 +0000] "GET /jquery.miniColors.css HTTP/1.1" 304 0 
0:0:0:0:0:0:0:1 -  -  [04/Jul/2015:21:33:11 +0000] "GET /jquery.miniColors.js HTTP/1.1" 304 0 
0:0:0:0:0:0:0:1 -  -  [04/Jul/2015:21:33:11 +0000] "GET /jquery.min.js HTTP/1.1" 304 0 
0:0:0:0:0:0:0:1 -  -  [04/Jul/2015:21:33:11 +0000] "GET /images/switch.png HTTP/1.1" 304 0 
0:0:0:0:0:0:0:1 -  -  [04/Jul/2015:21:33:11 +0000] "GET /images/present.png HTTP/1.1" 304 0 
0:0:0:0:0:0:0:1 -  -  [04/Jul/2015:21:33:11 +0000] "GET /images/contact.png HTTP/1.1" 304 0 
0:0:0:0:0:0:0:1 -  -  [04/Jul/2015:21:33:11 +0000] "GET /images/none.png HTTP/1.1" 304 0 
0:0:0:0:0:0:0:1 -  -  [04/Jul/2015:21:33:11 +0000] "GET /images/firstfloor.png HTTP/1.1" 304 0 
0:0:0:0:0:0:0:1 -  -  [04/Jul/2015:21:33:12 +0000] "GET /openhab.app?sitemap=demo HTTP/1.1" 200 9917 
0:0:0:0:0:0:0:1 -  -  [04/Jul/2015:21:33:12 +0000] "GET /WebApp/Design/Render.css HTTP/1.1" 304 0 
0:0:0:0:0:0:0:1 -  -  [04/Jul/2015:21:33:12 +0000] "GET /WebApp/Design/RenderRTL.css HTTP/1.1" 304 0 
0:0:0:0:0:0:0:1 -  -  [04/Jul/2015:21:33:12 +0000] "GET /WebApp/Design/Firefox.css HTTP/1.1" 304 0 
0:0:0:0:0:0:0:1 -  -  [04/Jul/2015:21:33:12 +0000] "GET /jquery.miniColors.js HTTP/1.1" 304 0 
0:0:0:0:0:0:0:1 -  -  [04/Jul/2015:21:33:12 +0000] "GET /WebApp/Action/Logic.min.js HTTP/1.1" 304 0 
0:0:0:0:0:0:0:1 -  -  [04/Jul/2015:21:33:12 +0000] "GET /jquery.miniColors.css HTTP/1.1" 304 0 
0:0:0:0:0:0:0:1 -  -  [04/Jul/2015:21:33:12 +0000] "GET /WebApp/Design/openHAB.css HTTP/1.1" 304 0 
0:0:0:0:0:0:0:1 -  -  [04/Jul/2015:21:33:12 +0000] "GET /jquery.min.js HTTP/1.1" 304 0 
0:0:0:0:0:0:0:1 -  -  [04/Jul/2015:21:33:12 +0000] "GET /images/present.png HTTP/1.1" 304 0 
0:0:0:0:0:0:0:1 -  -  [04/Jul/2015:21:33:12 +0000] "GET /images/firstfloor.png HTTP/1.1" 304 0 
0:0:0:0:0:0:0:1 -  -  [04/Jul/2015:21:33:12 +0000] "GET /images/none.png HTTP/1.1" 304 0 
0:0:0:0:0:0:0:1 -  -  [04/Jul/2015:21:33:12 +0000] "GET /images/contact.png HTTP/1.1" 304 0 
0:0:0:0:0:0:0:1 -  -  [04/Jul/2015:21:33:12 +0000] "GET /images/switch.png HTTP/1.1" 304 0 
0:0:0:0:0:0:0:1 -  -  [04/Jul/2015:21:33:12 +0000] "GET /openhab.app?sitemap=demo HTTP/1.1" 200 9922 
0:0:0:0:0:0:0:1 -  -  [04/Jul/2015:21:33:12 +0000] "GET /WebApp/Design/Render.css HTTP/1.1" 304 0 
0:0:0:0:0:0:0:1 -  -  [04/Jul/2015:21:33:12 +0000] "GET /WebApp/Design/RenderRTL.css HTTP/1.1" 304 0 
0:0:0:0:0:0:0:1 -  -  [04/Jul/2015:21:33:12 +0000] "GET /WebApp/Design/Firefox.css HTTP/1.1" 304 0 
0:0:0:0:0:0:0:1 -  -  [04/Jul/2015:21:33:12 +0000] "GET /WebApp/Design/openHAB.css HTTP/1.1" 304 0 
0:0:0:0:0:0:0:1 -  -  [04/Jul/2015:21:33:12 +0000] "GET /jquery.miniColors.css HTTP/1.1" 304 0 
0:0:0:0:0:0:0:1 -  -  [04/Jul/2015:21:33:12 +0000] "GET /jquery.min.js HTTP/1.1" 304 0 
0:0:0:0:0:0:0:1 -  -  [04/Jul/2015:21:33:12 +0000] "GET /WebApp/Action/Logic.min.js HTTP/1.1" 304 0 
0:0:0:0:0:0:0:1 -  -  [04/Jul/2015:21:33:12 +0000] "GET /jquery.miniColors.js HTTP/1.1" 304 0 
0:0:0:0:0:0:0:1 -  -  [04/Jul/2015:21:33:13 +0000] "GET /images/switch.png HTTP/1.1" 304 0 
0:0:0:0:0:0:0:1 -  -  [04/Jul/2015:21:33:13 +0000] "GET /images/none.png HTTP/1.1" 304 0 
0:0:0:0:0:0:0:1 -  -  [04/Jul/2015:21:33:13 +0000] "GET /images/present.png HTTP/1.1" 304 0 
0:0:0:0:0:0:0:1 -  -  [04/Jul/2015:21:33:13 +0000] "GET /images/firstfloor.png HTTP/1.1" 304 0 
0:0:0:0:0:0:0:1 -  -  [04/Jul/2015:21:33:13 +0000] "GET /images/contact-open.png HTTP/1.1" 304 0 
0:0:0:0:0:0:0:1 -  -  [04/Jul/2015:21:33:13 +0000] "GET /openhab.app?sitemap=demo HTTP/1.1" 200 9922 
0:0:0:0:0:0:0:1 -  -  [04/Jul/2015:21:33:13 +0000] "GET /WebApp/Design/Render.css HTTP/1.1" 304 0 
0:0:0:0:0:0:0:1 -  -  [04/Jul/2015:21:33:13 +0000] "GET /WebApp/Design/RenderRTL.css HTTP/1.1" 304 0 
0:0:0:0:0:0:0:1 -  -  [04/Jul/2015:21:33:13 +0000] "GET /WebApp/Design/Firefox.css HTTP/1.1" 304 0 
0:0:0:0:0:0:0:1 -  -  [04/Jul/2015:21:33:13 +0000] "GET /WebApp/Design/openHAB.css HTTP/1.1" 304 0 
0:0:0:0:0:0:0:1 -  -  [04/Jul/2015:21:33:13 +0000] "GET /jquery.miniColors.css HTTP/1.1" 304 0 
0:0:0:0:0:0:0:1 -  -  [04/Jul/2015:21:33:13 +0000] "GET /WebApp/Action/Logic.min.js HTTP/1.1" 304 0 
0:0:0:0:0:0:0:1 -  -  [04/Jul/2015:21:33:13 +0000] "GET /jquery.min.js HTTP/1.1" 304 0 
0:0:0:0:0:0:0:1 -  -  [04/Jul/2015:21:33:13 +0000] "GET /jquery.miniColors.js HTTP/1.1" 304 0 
0:0:0:0:0:0:0:1 -  -  [04/Jul/2015:21:33:13 +0000] "GET /images/present.png HTTP/1.1" 304 0 
0:0:0:0:0:0:0:1 -  -  [04/Jul/2015:21:33:13 +0000] "GET /images/switch.png HTTP/1.1" 304 0 
0:0:0:0:0:0:0:1 -  -  [04/Jul/2015:21:33:13 +0000] "GET /images/contact-open.png HTTP/1.1" 304 0 
0:0:0:0:0:0:0:1 -  -  [04/Jul/2015:21:33:13 +0000] "GET /images/firstfloor.png HTTP/1.1" 304 0 
0:0:0:0:0:0:0:1 -  -  [04/Jul/2015:21:33:13 +0000] "GET /images/none.png HTTP/1.1" 304 0 
0:0:0:0:0:0:0:1 -  -  [04/Jul/2015:21:33:14 +0000] "GET /openhab.app?sitemap=demo HTTP/1.1" 200 9922 
0:0:0:0:0:0:0:1 -  -  [04/Jul/2015:21:33:14 +0000] "GET /WebApp/Design/Render.css HTTP/1.1" 304 0 
0:0:0:0:0:0:0:1 -  -  [04/Jul/2015:21:33:14 +0000] "GET /WebApp/Design/RenderRTL.css HTTP/1.1" 304 0 
0:0:0:0:0:0:0:1 -  -  [04/Jul/2015:21:33:14 +0000] "GET /WebApp/Design/openHAB.css HTTP/1.1" 304 0 
0:0:0:0:0:0:0:1 -  -  [04/Jul/2015:21:33:14 +0000] "GET /WebApp/Design/Firefox.css HTTP/1.1" 304 0 
0:0:0:0:0:0:0:1 -  -  [04/Jul/2015:21:33:14 +0000] "GET /jquery.miniColors.js HTTP/1.1" 304 0 
0:0:0:0:0:0:0:1 -  -  [04/Jul/2015:21:33:14 +0000] "GET /jquery.min.js HTTP/1.1" 304 0 
0:0:0:0:0:0:0:1 -  -  [04/Jul/2015:21:33:14 +0000] "GET /WebApp/Action/Logic.min.js HTTP/1.1" 304 0 
0:0:0:0:0:0:0:1 -  -  [04/Jul/2015:21:33:14 +0000] "GET /jquery.miniColors.css HTTP/1.1" 304 0 
0:0:0:0:0:0:0:1 -  -  [04/Jul/2015:21:33:14 +0000] "GET /images/switch.png HTTP/1.1" 304 0 
0:0:0:0:0:0:0:1 -  -  [04/Jul/2015:21:33:14 +0000] "GET /images/present.png HTTP/1.1" 304 0 
0:0:0:0:0:0:0:1 -  -  [04/Jul/2015:21:33:14 +0000] "GET /images/contact-open.png HTTP/1.1" 304 0 
0:0:0:0:0:0:0:1 -  -  [04/Jul/2015:21:33:14 +0000] "GET /images/none.png HTTP/1.1" 304 0 
0:0:0:0:0:0:0:1 -  -  [04/Jul/2015:21:33:14 +0000] "GET /images/firstfloor.png HTTP/1.1" 304 0 
0:0:0:0:0:0:0:1 -  -  [04/Jul/2015:21:33:15 +0000] "GET /openhab.app?sitemap=demo HTTP/1.1" 200 9922 
0:0:0:0:0:0:0:1 -  -  [04/Jul/2015:21:33:15 +0000] "GET /WebApp/Design/Render.css HTTP/1.1" 304 0 
0:0:0:0:0:0:0:1 -  -  [04/Jul/2015:21:33:15 +0000] "GET /WebApp/Design/RenderRTL.css HTTP/1.1" 304 0 
0:0:0:0:0:0:0:1 -  -  [04/Jul/2015:21:33:15 +0000] "GET /WebApp/Design/Firefox.css HTTP/1.1" 304 0 
0:0:0:0:0:0:0:1 -  -  [04/Jul/2015:21:33:15 +0000] "GET /WebApp/Design/openHAB.css HTTP/1.1" 304 0 
0:0:0:0:0:0:0:1 -  -  [04/Jul/2015:21:33:15 +0000] "GET /jquery.min.js HTTP/1.1" 304 0 
0:0:0:0:0:0:0:1 -  -  [04/Jul/2015:21:33:15 +0000] "GET /jquery.miniColors.css HTTP/1.1" 304 0 
0:0:0:0:0:0:0:1 -  -  [04/Jul/2015:21:33:15 +0000] "GET /jquery.miniColors.js HTTP/1.1" 304 0 
0:0:0:0:0:0:0:1 -  -  [04/Jul/2015:21:33:15 +0000] "GET /WebApp/Action/Logic.min.js HTTP/1.1" 304 0 
0:0:0:0:0:0:0:1 -  -  [04/Jul/2015:21:33:15 +0000] "GET /images/switch.png HTTP/1.1" 304 0 
0:0:0:0:0:0:0:1 -  -  [04/Jul/2015:21:33:15 +0000] "GET /images/present.png HTTP/1.1" 304 0 
0:0:0:0:0:0:0:1 -  -  [04/Jul/2015:21:33:15 +0000] "GET /images/contact-open.png HTTP/1.1" 304 0 
0:0:0:0:0:0:0:1 -  -  [04/Jul/2015:21:33:15 +0000] "GET /images/firstfloor.png HTTP/1.1" 304 0 
0:0:0:0:0:0:0:1 -  -  [04/Jul/2015:21:33:15 +0000] "GET /images/none.png HTTP/1.1" 304 0 
0:0:0:0:0:0:0:1 -  -  [04/Jul/2015:21:33:16 +0000] "GET /openhab.app?sitemap=demo HTTP/1.1" 200 9922 
0:0:0:0:0:0:0:1 -  -  [04/Jul/2015:21:33:16 +0000] "GET /WebApp/Design/Render.css HTTP/1.1" 304 0 
0:0:0:0:0:0:0:1 -  -  [04/Jul/2015:21:33:16 +0000] "GET /WebApp/Design/RenderRTL.css HTTP/1.1" 304 0 
0:0:0:0:0:0:0:1 -  -  [04/Jul/2015:21:33:16 +0000] "GET /WebApp/Design/Firefox.css HTTP/1.1" 304 0 
0:0:0:0:0:0:0:1 -  -  [04/Jul/2015:21:33:16 +0000] "GET /WebApp/Design/openHAB.css HTTP/1.1" 304 0 
0:0:0:0:0:0:0:1 -  -  [04/Jul/2015:21:33:16 +0000] "GET /jquery.miniColors.css HTTP/1.1" 304 0 
0:0:0:0:0:0:0:1 -  -  [04/Jul/2015:21:33:16 +0000] "GET /jquery.min.js HTTP/1.1" 304 0 
0:0:0:0:0:0:0:1 -  -  [04/Jul/2015:21:33:16 +0000] "GET /WebApp/Action/Logic.min.js HTTP/1.1" 304 0 
0:0:0:0:0:0:0:1 -  -  [04/Jul/2015:21:33:16 +0000] "GET /jquery.miniColors.js HTTP/1.1" 304 0 
0:0:0:0:0:0:0:1 -  -  [04/Jul/2015:21:33:16 +0000] "GET /images/present.png HTTP/1.1" 304 0 
0:0:0:0:0:0:0:1 -  -  [04/Jul/2015:21:33:16 +0000] "GET /images/switch.png HTTP/1.1" 304 0 
0:0:0:0:0:0:0:1 -  -  [04/Jul/2015:21:33:16 +0000] "GET /images/contact-open.png HTTP/1.1" 304 0 
0:0:0:0:0:0:0:1 -  -  [04/Jul/2015:21:33:16 +0000] "GET /images/none.png HTTP/1.1" 304 0 
0:0:0:0:0:0:0:1 -  -  [04/Jul/2015:21:33:16 +0000] "GET /images/firstfloor.png HTTP/1.1" 304 0 
0:0:0:0:0:0:0:1 -  -  [04/Jul/2015:21:33:18 +0000] "GET /openhab.app?sitemap=demo HTTP/1.1" 200 9922 
0:0:0:0:0:0:0:1 -  -  [04/Jul/2015:21:33:18 +0000] "GET /WebApp/Design/Render.css HTTP/1.1" 304 0 
0:0:0:0:0:0:0:1 -  -  [04/Jul/2015:21:33:18 +0000] "GET /WebApp/Design/RenderRTL.css HTTP/1.1" 304 0 
0:0:0:0:0:0:0:1 -  -  [04/Jul/2015:21:33:18 +0000] "GET /WebApp/Design/Firefox.css HTTP/1.1" 304 0 
0:0:0:0:0:0:0:1 -  -  [04/Jul/2015:21:33:18 +0000] "GET /jquery.miniColors.css HTTP/1.1" 304 0 
0:0:0:0:0:0:0:1 -  -  [04/Jul/2015:21:33:18 +0000] "GET /jquery.min.js HTTP/1.1" 304 0 
0:0:0:0:0:0:0:1 -  -  [04/Jul/2015:21:33:18 +0000] "GET /WebApp/Action/Logic.min.js HTTP/1.1" 304 0 
0:0:0:0:0:0:0:1 -  -  [04/Jul/2015:21:33:18 +0000] "GET /WebApp/Design/openHAB.css HTTP/1.1" 304 0 
0:0:0:0:0:0:0:1 -  -  [04/Jul/2015:21:33:18 +0000] "GET /jquery.miniColors.js HTTP/1.1" 304 0 
0:0:0:0:0:0:0:1 -  -  [04/Jul/2015:21:33:18 +0000] "GET /images/present.png HTTP/1.1" 304 0 
0:0:0:0:0:0:0:1 -  -  [04/Jul/2015:21:33:18 +0000] "GET /images/switch.png HTTP/1.1" 304 0 
0:0:0:0:0:0:0:1 -  -  [04/Jul/2015:21:33:18 +0000] "GET /images/contact-open.png HTTP/1.1" 304 0 
0:0:0:0:0:0:0:1 -  -  [04/Jul/2015:21:33:18 +0000] "GET /images/none.png HTTP/1.1" 304 0 
0:0:0:0:0:0:0:1 -  -  [04/Jul/2015:21:33:18 +0000] "GET /images/firstfloor.png HTTP/1.1" 304 0 
0:0:0:0:0:0:0:1 -  -  [04/Jul/2015:21:33:18 +0000] "GET /openhab.app?sitemap=demo&poll=true&__async=true&__source=waHome HTTP/1.1" 200 1380 
0:0:0:0:0:0:0:1 -  -  [04/Jul/2015:21:33:23 +0000] "GET /openhab.app?sitemap=demo HTTP/1.1" 200 9922 
0:0:0:0:0:0:0:1 -  -  [04/Jul/2015:21:33:23 +0000] "GET /WebApp/Design/Render.css HTTP/1.1" 304 0 
0:0:0:0:0:0:0:1 -  -  [04/Jul/2015:21:33:23 +0000] "GET /WebApp/Design/RenderRTL.css HTTP/1.1" 304 0 
0:0:0:0:0:0:0:1 -  -  [04/Jul/2015:21:33:23 +0000] "GET /WebApp/Design/Firefox.css HTTP/1.1" 304 0 
0:0:0:0:0:0:0:1 -  -  [04/Jul/2015:21:33:23 +0000] "GET /WebApp/Design/openHAB.css HTTP/1.1" 304 0 
0:0:0:0:0:0:0:1 -  -  [04/Jul/2015:21:33:23 +0000] "GET /WebApp/Action/Logic.min.js HTTP/1.1" 304 0 
0:0:0:0:0:0:0:1 -  -  [04/Jul/2015:21:33:23 +0000] "GET /jquery.miniColors.css HTTP/1.1" 304 0 
0:0:0:0:0:0:0:1 -  -  [04/Jul/2015:21:33:23 +0000] "GET /jquery.min.js HTTP/1.1" 304 0 
0:0:0:0:0:0:0:1 -  -  [04/Jul/2015:21:33:23 +0000] "GET /jquery.miniColors.js HTTP/1.1" 304 0 
0:0:0:0:0:0:0:1 -  -  [04/Jul/2015:21:33:23 +0000] "GET /images/present.png HTTP/1.1" 304 0 
0:0:0:0:0:0:0:1 -  -  [04/Jul/2015:21:33:23 +0000] "GET /images/switch.png HTTP/1.1" 304 0 
0:0:0:0:0:0:0:1 -  -  [04/Jul/2015:21:33:23 +0000] "GET /images/firstfloor.png HTTP/1.1" 304 0 
0:0:0:0:0:0:0:1 -  -  [04/Jul/2015:21:33:23 +0000] "GET /images/none.png HTTP/1.1" 304 0 
0:0:0:0:0:0:0:1 -  -  [04/Jul/2015:21:33:23 +0000] "GET /images/contact-open.png HTTP/1.1" 304 0 
0:0:0:0:0:0:0:1 -  -  [04/Jul/2015:21:33:24 +0000] "GET /openhab.app?sitemap=demo HTTP/1.1" 200 9922 
0:0:0:0:0:0:0:1 -  -  [04/Jul/2015:21:33:24 +0000] "GET /WebApp/Design/Render.css HTTP/1.1" 304 0 
0:0:0:0:0:0:0:1 -  -  [04/Jul/2015:21:33:24 +0000] "GET /WebApp/Design/RenderRTL.css HTTP/1.1" 304 0 
0:0:0:0:0:0:0:1 -  -  [04/Jul/2015:21:33:24 +0000] "GET /WebApp/Design/Firefox.css HTTP/1.1" 304 0 
0:0:0:0:0:0:0:1 -  -  [04/Jul/2015:21:33:24 +0000] "GET /WebApp/Design/openHAB.css HTTP/1.1" 304 0 
0:0:0:0:0:0:0:1 -  -  [04/Jul/2015:21:33:24 +0000] "GET /jquery.miniColors.css HTTP/1.1" 304 0 
0:0:0:0:0:0:0:1 -  -  [04/Jul/2015:21:33:24 +0000] "GET /WebApp/Action/Logic.min.js HTTP/1.1" 304 0 
0:0:0:0:0:0:0:1 -  -  [04/Jul/2015:21:33:24 +0000] "GET /jquery.miniColors.js HTTP/1.1" 304 0 
0:0:0:0:0:0:0:1 -  -  [04/Jul/2015:21:33:24 +0000] "GET /jquery.min.js HTTP/1.1" 304 0 
0:0:0:0:0:0:0:1 -  -  [04/Jul/2015:21:33:24 +0000] "GET /images/present.png HTTP/1.1" 304 0 
0:0:0:0:0:0:0:1 -  -  [04/Jul/2015:21:33:24 +0000] "GET /images/switch.png HTTP/1.1" 304 0 
0:0:0:0:0:0:0:1 -  -  [04/Jul/2015:21:33:24 +0000] "GET /images/firstfloor.png HTTP/1.1" 304 0 
0:0:0:0:0:0:0:1 -  -  [04/Jul/2015:21:33:24 +0000] "GET /images/none.png HTTP/1.1" 304 0 
0:0:0:0:0:0:0:1 -  -  [04/Jul/2015:21:33:24 +0000] "GET /images/contact-open.png HTTP/1.1" 304 0 
0:0:0:0:0:0:0:1 -  -  [04/Jul/2015:21:33:25 +0000] "GET /openhab.app?sitemap=demo HTTP/1.1" 200 9922 
0:0:0:0:0:0:0:1 -  -  [04/Jul/2015:21:33:25 +0000] "GET /WebApp/Design/Render.css HTTP/1.1" 304 0 
0:0:0:0:0:0:0:1 -  -  [04/Jul/2015:21:33:25 +0000] "GET /WebApp/Design/RenderRTL.css HTTP/1.1" 304 0 
0:0:0:0:0:0:0:1 -  -  [04/Jul/2015:21:33:25 +0000] "GET /WebApp/Design/Firefox.css HTTP/1.1" 304 0 
0:0:0:0:0:0:0:1 -  -  [04/Jul/2015:21:33:25 +0000] "GET /WebApp/Design/openHAB.css HTTP/1.1" 304 0 
0:0:0:0:0:0:0:1 -  -  [04/Jul/2015:21:33:25 +0000] "GET /jquery.miniColors.js HTTP/1.1" 304 0 
0:0:0:0:0:0:0:1 -  -  [04/Jul/2015:21:33:25 +0000] "GET /jquery.miniColors.css HTTP/1.1" 304 0 
0:0:0:0:0:0:0:1 -  -  [04/Jul/2015:21:33:25 +0000] "GET /jquery.min.js HTTP/1.1" 304 0 
0:0:0:0:0:0:0:1 -  -  [04/Jul/2015:21:33:25 +0000] "GET /WebApp/Action/Logic.min.js HTTP/1.1" 304 0 
0:0:0:0:0:0:0:1 -  -  [04/Jul/2015:21:33:25 +0000] "GET /images/present.png HTTP/1.1" 304 0 
0:0:0:0:0:0:0:1 -  -  [04/Jul/2015:21:33:25 +0000] "GET /images/switch.png HTTP/1.1" 304 0 
0:0:0:0:0:0:0:1 -  -  [04/Jul/2015:21:33:25 +0000] "GET /images/contact-open.png HTTP/1.1" 304 0 
0:0:0:0:0:0:0:1 -  -  [04/Jul/2015:21:33:25 +0000] "GET /images/none.png HTTP/1.1" 304 0 
0:0:0:0:0:0:0:1 -  -  [04/Jul/2015:21:33:25 +0000] "GET /images/firstfloor.png HTTP/1.1" 304 0 
0:0:0:0:0:0:0:1 -  -  [04/Jul/2015:21:33:25 +0000] "GET /openhab.app?sitemap=demo HTTP/1.1" 200 9922 
0:0:0:0:0:0:0:1 -  -  [04/Jul/2015:21:33:26 +0000] "GET /WebApp/Design/Render.css HTTP/1.1" 304 0 
0:0:0:0:0:0:0:1 -  -  [04/Jul/2015:21:33:26 +0000] "GET /WebApp/Design/RenderRTL.css HTTP/1.1" 304 0 
0:0:0:0:0:0:0:1 -  -  [04/Jul/2015:21:33:26 +0000] "GET /WebApp/Design/Firefox.css HTTP/1.1" 304 0 
0:0:0:0:0:0:0:1 -  -  [04/Jul/2015:21:33:26 +0000] "GET /WebApp/Design/openHAB.css HTTP/1.1" 304 0 
0:0:0:0:0:0:0:1 -  -  [04/Jul/2015:21:33:26 +0000] "GET /jquery.miniColors.css HTTP/1.1" 304 0 
0:0:0:0:0:0:0:1 -  -  [04/Jul/2015:21:33:26 +0000] "GET /WebApp/Action/Logic.min.js HTTP/1.1" 304 0 
0:0:0:0:0:0:0:1 -  -  [04/Jul/2015:21:33:26 +0000] "GET /jquery.min.js HTTP/1.1" 304 0 
0:0:0:0:0:0:0:1 -  -  [04/Jul/2015:21:33:26 +0000] "GET /jquery.miniColors.js HTTP/1.1" 304 0 
0:0:0:0:0:0:0:1 -  -  [04/Jul/2015:21:33:26 +0000] "GET /images/contact-open.png HTTP/1.1" 304 0 
0:0:0:0:0:0:0:1 -  -  [04/Jul/2015:21:33:26 +0000] "GET /images/present.png HTTP/1.1" 304 0 
0:0:0:0:0:0:0:1 -  -  [04/Jul/2015:21:33:26 +0000] "GET /images/switch.png HTTP/1.1" 304 0 
0:0:0:0:0:0:0:1 -  -  [04/Jul/2015:21:33:26 +0000] "GET /images/none.png HTTP/1.1" 304 0 
0:0:0:0:0:0:0:1 -  -  [04/Jul/2015:21:33:26 +0000] "GET /images/firstfloor.png HTTP/1.1" 304 0 
0:0:0:0:0:0:0:1 -  -  [04/Jul/2015:21:33:27 +0000] "GET /openhab.app?sitemap=demo&poll=true&__async=true&__source=waHome HTTP/1.1" 200 1380 
0:0:0:0:0:0:0:1 -  -  [04/Jul/2015:21:33:20 +0000] "GET /openhab.app?sitemap=demo&poll=true&__async=true&__source=waHome HTTP/1.1" 200 1380 
0:0:0:0:0:0:0:1 -  -  [04/Jul/2015:21:33:30 +0000] "GET /openhab.app?sitemap=demo&poll=true&__async=true&__source=waHome HTTP/1.1" 200 92 
0:0:0:0:0:0:0:1 -  -  [04/Jul/2015:21:33:40 +0000] "GET /openhab.app?sitemap=demo&poll=true&__async=true&__source=waHome HTTP/1.1" 200 92 
0:0:0:0:0:0:0:1 -  -  [04/Jul/2015:21:33:51 +0000] "GET /openhab.app?sitemap=demo&poll=true&__async=true&__source=waHome HTTP/1.1" 200 1380 
0:0:0:0:0:0:0:1 -  -  [04/Jul/2015:21:34:00 +0000] "GET /openhab.app?sitemap=demo&poll=true&__async=true&__source=waHome HTTP/1.1" 200 92 
0:0:0:0:0:0:0:1 -  -  [04/Jul/2015:21:34:10 +0000] "GET /openhab.app?sitemap=demo&poll=true&__async=true&__source=waHome HTTP/1.1" 200 92 
0:0:0:0:0:0:0:1 -  -  [04/Jul/2015:21:35:09 +0000] "GET /openhab.app?sitemap=demo HTTP/1.1" 404 1410 
0:0:0:0:0:0:0:1 -  -  [04/Jul/2015:21:35:12 +0000] "GET /openhab.app?sitemap=demo HTTP/1.1" 404 1410 
0:0:0:0:0:0:0:1 -  -  [04/Jul/2015:21:35:13 +0000] "GET /openhab.app?sitemap=demo HTTP/1.1" 404 1410 
0:0:0:0:0:0:0:1 -  -  [04/Jul/2015:21:35:14 +0000] "GET /openhab.app?sitemap=demo HTTP/1.1" 200 9917 
0:0:0:0:0:0:0:1 -  -  [04/Jul/2015:21:35:14 +0000] "GET /WebApp/Design/Render.css HTTP/1.1" 304 0 
0:0:0:0:0:0:0:1 -  -  [04/Jul/2015:21:35:15 +0000] "GET /WebApp/Design/RenderRTL.css HTTP/1.1" 304 0 
0:0:0:0:0:0:0:1 -  -  [04/Jul/2015:21:35:15 +0000] "GET /WebApp/Design/Firefox.css HTTP/1.1" 304 0 
0:0:0:0:0:0:0:1 -  -  [04/Jul/2015:21:35:15 +0000] "GET /WebApp/Design/openHAB.css HTTP/1.1" 304 0 
0:0:0:0:0:0:0:1 -  -  [04/Jul/2015:21:35:15 +0000] "GET /WebApp/Action/Logic.min.js HTTP/1.1" 304 0 
0:0:0:0:0:0:0:1 -  -  [04/Jul/2015:21:35:15 +0000] "GET /jquery.min.js HTTP/1.1" 304 0 
0:0:0:0:0:0:0:1 -  -  [04/Jul/2015:21:35:15 +0000] "GET /jquery.miniColors.js HTTP/1.1" 304 0 
0:0:0:0:0:0:0:1 -  -  [04/Jul/2015:21:35:15 +0000] "GET /jquery.miniColors.css HTTP/1.1" 304 0 
0:0:0:0:0:0:0:1 -  -  [04/Jul/2015:21:35:15 +0000] "GET /images/present.png HTTP/1.1" 304 0 
0:0:0:0:0:0:0:1 -  -  [04/Jul/2015:21:35:15 +0000] "GET /images/none.png HTTP/1.1" 304 0 
0:0:0:0:0:0:0:1 -  -  [04/Jul/2015:21:35:15 +0000] "GET /images/switch.png HTTP/1.1" 304 0 
0:0:0:0:0:0:0:1 -  -  [04/Jul/2015:21:35:15 +0000] "GET /images/contact.png HTTP/1.1" 304 0 
0:0:0:0:0:0:0:1 -  -  [04/Jul/2015:21:35:15 +0000] "GET /images/firstfloor.png HTTP/1.1" 304 0 
0:0:0:0:0:0:0:1 -  -  [04/Jul/2015:21:35:16 +0000] "GET /openhab.app?sitemap=demo HTTP/1.1" 200 9917 
0:0:0:0:0:0:0:1 -  -  [04/Jul/2015:21:35:16 +0000] "GET /WebApp/Design/Render.css HTTP/1.1" 304 0 
0:0:0:0:0:0:0:1 -  -  [04/Jul/2015:21:35:16 +0000] "GET /WebApp/Design/RenderRTL.css HTTP/1.1" 304 0 
0:0:0:0:0:0:0:1 -  -  [04/Jul/2015:21:35:16 +0000] "GET /WebApp/Design/Firefox.css HTTP/1.1" 304 0 
0:0:0:0:0:0:0:1 -  -  [04/Jul/2015:21:35:16 +0000] "GET /WebApp/Design/openHAB.css HTTP/1.1" 304 0 
0:0:0:0:0:0:0:1 -  -  [04/Jul/2015:21:35:16 +0000] "GET /jquery.miniColors.css HTTP/1.1" 304 0 
0:0:0:0:0:0:0:1 -  -  [04/Jul/2015:21:35:16 +0000] "GET /jquery.miniColors.js HTTP/1.1" 304 0 
0:0:0:0:0:0:0:1 -  -  [04/Jul/2015:21:35:16 +0000] "GET /WebApp/Action/Logic.min.js HTTP/1.1" 304 0 
0:0:0:0:0:0:0:1 -  -  [04/Jul/2015:21:35:16 +0000] "GET /jquery.min.js HTTP/1.1" 304 0 
0:0:0:0:0:0:0:1 -  -  [04/Jul/2015:21:35:16 +0000] "GET /images/present.png HTTP/1.1" 304 0 
0:0:0:0:0:0:0:1 -  -  [04/Jul/2015:21:35:16 +0000] "GET /images/switch.png HTTP/1.1" 304 0 
0:0:0:0:0:0:0:1 -  -  [04/Jul/2015:21:35:16 +0000] "GET /images/firstfloor.png HTTP/1.1" 304 0 
0:0:0:0:0:0:0:1 -  -  [04/Jul/2015:21:35:16 +0000] "GET /images/none.png HTTP/1.1" 304 0 
0:0:0:0:0:0:0:1 -  -  [04/Jul/2015:21:35:16 +0000] "GET /images/contact.png HTTP/1.1" 304 0 
0:0:0:0:0:0:0:1 -  -  [04/Jul/2015:21:35:16 +0000] "GET /openhab.app?sitemap=demo HTTP/1.1" 200 9917 
0:0:0:0:0:0:0:1 -  -  [04/Jul/2015:21:35:16 +0000] "GET /WebApp/Design/Render.css HTTP/1.1" 304 0 
0:0:0:0:0:0:0:1 -  -  [04/Jul/2015:21:35:16 +0000] "GET /WebApp/Design/RenderRTL.css HTTP/1.1" 304 0 
0:0:0:0:0:0:0:1 -  -  [04/Jul/2015:21:35:16 +0000] "GET /WebApp/Design/Firefox.css HTTP/1.1" 304 0 
0:0:0:0:0:0:0:1 -  -  [04/Jul/2015:21:35:16 +0000] "GET /jquery.miniColors.css HTTP/1.1" 304 0 
0:0:0:0:0:0:0:1 -  -  [04/Jul/2015:21:35:16 +0000] "GET /WebApp/Design/openHAB.css HTTP/1.1" 304 0 
0:0:0:0:0:0:0:1 -  -  [04/Jul/2015:21:35:16 +0000] "GET /WebApp/Action/Logic.min.js HTTP/1.1" 304 0 
0:0:0:0:0:0:0:1 -  -  [04/Jul/2015:21:35:16 +0000] "GET /jquery.miniColors.js HTTP/1.1" 304 0 
0:0:0:0:0:0:0:1 -  -  [04/Jul/2015:21:35:16 +0000] "GET /jquery.min.js HTTP/1.1" 304 0 
0:0:0:0:0:0:0:1 -  -  [04/Jul/2015:21:35:16 +0000] "GET /images/present.png HTTP/1.1" 304 0 
0:0:0:0:0:0:0:1 -  -  [04/Jul/2015:21:35:16 +0000] "GET /images/switch.png HTTP/1.1" 304 0 
0:0:0:0:0:0:0:1 -  -  [04/Jul/2015:21:35:16 +0000] "GET /images/contact.png HTTP/1.1" 304 0 
0:0:0:0:0:0:0:1 -  -  [04/Jul/2015:21:35:16 +0000] "GET /images/none.png HTTP/1.1" 304 0 
0:0:0:0:0:0:0:1 -  -  [04/Jul/2015:21:35:16 +0000] "GET /images/firstfloor.png HTTP/1.1" 304 0 
0:0:0:0:0:0:0:1 -  -  [04/Jul/2015:21:35:17 +0000] "GET /openhab.app?sitemap=demo HTTP/1.1" 200 9917 
0:0:0:0:0:0:0:1 -  -  [04/Jul/2015:21:35:17 +0000] "GET /WebApp/Design/Render.css HTTP/1.1" 304 0 
0:0:0:0:0:0:0:1 -  -  [04/Jul/2015:21:35:17 +0000] "GET /WebApp/Design/RenderRTL.css HTTP/1.1" 304 0 
0:0:0:0:0:0:0:1 -  -  [04/Jul/2015:21:35:17 +0000] "GET /WebApp/Design/Firefox.css HTTP/1.1" 304 0 
0:0:0:0:0:0:0:1 -  -  [04/Jul/2015:21:35:17 +0000] "GET /WebApp/Design/openHAB.css HTTP/1.1" 304 0 
0:0:0:0:0:0:0:1 -  -  [04/Jul/2015:21:35:17 +0000] "GET /jquery.miniColors.js HTTP/1.1" 304 0 
0:0:0:0:0:0:0:1 -  -  [04/Jul/2015:21:35:17 +0000] "GET /WebApp/Action/Logic.min.js HTTP/1.1" 304 0 
0:0:0:0:0:0:0:1 -  -  [04/Jul/2015:21:35:17 +0000] "GET /jquery.min.js HTTP/1.1" 304 0 
0:0:0:0:0:0:0:1 -  -  [04/Jul/2015:21:35:17 +0000] "GET /jquery.miniColors.css HTTP/1.1" 304 0 
0:0:0:0:0:0:0:1 -  -  [04/Jul/2015:21:35:17 +0000] "GET /images/switch.png HTTP/1.1" 304 0 
0:0:0:0:0:0:0:1 -  -  [04/Jul/2015:21:35:17 +0000] "GET /images/contact.png HTTP/1.1" 304 0 
0:0:0:0:0:0:0:1 -  -  [04/Jul/2015:21:35:17 +0000] "GET /images/present.png HTTP/1.1" 304 0 
0:0:0:0:0:0:0:1 -  -  [04/Jul/2015:21:35:17 +0000] "GET /images/none.png HTTP/1.1" 304 0 
0:0:0:0:0:0:0:1 -  -  [04/Jul/2015:21:35:17 +0000] "GET /images/firstfloor.png HTTP/1.1" 304 0 
0:0:0:0:0:0:0:1 -  -  [04/Jul/2015:21:35:18 +0000] "GET /openhab.app?sitemap=demo HTTP/1.1" 200 9924 
0:0:0:0:0:0:0:1 -  -  [04/Jul/2015:21:35:18 +0000] "GET /WebApp/Design/Render.css HTTP/1.1" 304 0 
0:0:0:0:0:0:0:1 -  -  [04/Jul/2015:21:35:18 +0000] "GET /WebApp/Design/RenderRTL.css HTTP/1.1" 304 0 
0:0:0:0:0:0:0:1 -  -  [04/Jul/2015:21:35:18 +0000] "GET /WebApp/Design/Firefox.css HTTP/1.1" 304 0 
0:0:0:0:0:0:0:1 -  -  [04/Jul/2015:21:35:18 +0000] "GET /WebApp/Design/openHAB.css HTTP/1.1" 304 0 
0:0:0:0:0:0:0:1 -  -  [04/Jul/2015:21:35:18 +0000] "GET /jquery.miniColors.css HTTP/1.1" 304 0 
0:0:0:0:0:0:0:1 -  -  [04/Jul/2015:21:35:18 +0000] "GET /WebApp/Action/Logic.min.js HTTP/1.1" 304 0 
0:0:0:0:0:0:0:1 -  -  [04/Jul/2015:21:35:18 +0000] "GET /jquery.min.js HTTP/1.1" 304 0 
0:0:0:0:0:0:0:1 -  -  [04/Jul/2015:21:35:18 +0000] "GET /jquery.miniColors.js HTTP/1.1" 304 0 
0:0:0:0:0:0:0:1 -  -  [04/Jul/2015:21:35:18 +0000] "GET /images/present.png HTTP/1.1" 304 0 
0:0:0:0:0:0:0:1 -  -  [04/Jul/2015:21:35:18 +0000] "GET /images/switch.png HTTP/1.1" 304 0 
0:0:0:0:0:0:0:1 -  -  [04/Jul/2015:21:35:18 +0000] "GET /images/none.png HTTP/1.1" 304 0 
0:0:0:0:0:0:0:1 -  -  [04/Jul/2015:21:35:18 +0000] "GET /images/contact-closed.png HTTP/1.1" 304 0 
0:0:0:0:0:0:0:1 -  -  [04/Jul/2015:21:35:18 +0000] "GET /images/firstfloor.png HTTP/1.1" 304 0 
0:0:0:0:0:0:0:1 -  -  [04/Jul/2015:21:35:19 +0000] "GET /openhab.app?sitemap=demo HTTP/1.1" 200 9924 
0:0:0:0:0:0:0:1 -  -  [04/Jul/2015:21:35:20 +0000] "GET /WebApp/Design/Render.css HTTP/1.1" 304 0 
0:0:0:0:0:0:0:1 -  -  [04/Jul/2015:21:35:20 +0000] "GET /WebApp/Design/RenderRTL.css HTTP/1.1" 304 0 
0:0:0:0:0:0:0:1 -  -  [04/Jul/2015:21:35:20 +0000] "GET /WebApp/Design/Firefox.css HTTP/1.1" 304 0 
0:0:0:0:0:0:0:1 -  -  [04/Jul/2015:21:35:20 +0000] "GET /WebApp/Design/openHAB.css HTTP/1.1" 304 0 
0:0:0:0:0:0:0:1 -  -  [04/Jul/2015:21:35:20 +0000] "GET /jquery.miniColors.css HTTP/1.1" 304 0 
0:0:0:0:0:0:0:1 -  -  [04/Jul/2015:21:35:20 +0000] "GET /jquery.min.js HTTP/1.1" 304 0 
0:0:0:0:0:0:0:1 -  -  [04/Jul/2015:21:35:20 +0000] "GET /jquery.miniColors.js HTTP/1.1" 304 0 
0:0:0:0:0:0:0:1 -  -  [04/Jul/2015:21:35:20 +0000] "GET /WebApp/Action/Logic.min.js HTTP/1.1" 304 0 
0:0:0:0:0:0:0:1 -  -  [04/Jul/2015:21:35:20 +0000] "GET /images/present.png HTTP/1.1" 304 0 
0:0:0:0:0:0:0:1 -  -  [04/Jul/2015:21:35:20 +0000] "GET /images/contact-closed.png HTTP/1.1" 304 0 
0:0:0:0:0:0:0:1 -  -  [04/Jul/2015:21:35:20 +0000] "GET /images/switch.png HTTP/1.1" 304 0 
0:0:0:0:0:0:0:1 -  -  [04/Jul/2015:21:35:20 +0000] "GET /images/none.png HTTP/1.1" 304 0 
0:0:0:0:0:0:0:1 -  -  [04/Jul/2015:21:35:20 +0000] "GET /images/firstfloor.png HTTP/1.1" 304 0 
0:0:0:0:0:0:0:1 -  -  [04/Jul/2015:21:35:21 +0000] "GET /openhab.app?sitemap=demo HTTP/1.1" 200 9924 
0:0:0:0:0:0:0:1 -  -  [04/Jul/2015:21:35:21 +0000] "GET /WebApp/Design/Render.css HTTP/1.1" 304 0 
0:0:0:0:0:0:0:1 -  -  [04/Jul/2015:21:35:21 +0000] "GET /WebApp/Design/RenderRTL.css HTTP/1.1" 304 0 
0:0:0:0:0:0:0:1 -  -  [04/Jul/2015:21:35:21 +0000] "GET /WebApp/Design/Firefox.css HTTP/1.1" 304 0 
0:0:0:0:0:0:0:1 -  -  [04/Jul/2015:21:35:21 +0000] "GET /jquery.miniColors.css HTTP/1.1" 304 0 
0:0:0:0:0:0:0:1 -  -  [04/Jul/2015:21:35:21 +0000] "GET /WebApp/Design/openHAB.css HTTP/1.1" 304 0 
0:0:0:0:0:0:0:1 -  -  [04/Jul/2015:21:35:21 +0000] "GET /jquery.min.js HTTP/1.1" 304 0 
0:0:0:0:0:0:0:1 -  -  [04/Jul/2015:21:35:21 +0000] "GET /jquery.miniColors.js HTTP/1.1" 304 0 
0:0:0:0:0:0:0:1 -  -  [04/Jul/2015:21:35:21 +0000] "GET /WebApp/Action/Logic.min.js HTTP/1.1" 304 0 
0:0:0:0:0:0:0:1 -  -  [04/Jul/2015:21:35:21 +0000] "GET /images/present.png HTTP/1.1" 304 0 
0:0:0:0:0:0:0:1 -  -  [04/Jul/2015:21:35:21 +0000] "GET /images/contact-closed.png HTTP/1.1" 304 0 
0:0:0:0:0:0:0:1 -  -  [04/Jul/2015:21:35:21 +0000] "GET /images/switch.png HTTP/1.1" 304 0 
0:0:0:0:0:0:0:1 -  -  [04/Jul/2015:21:35:21 +0000] "GET /images/none.png HTTP/1.1" 304 0 
0:0:0:0:0:0:0:1 -  -  [04/Jul/2015:21:35:21 +0000] "GET /images/firstfloor.png HTTP/1.1" 304 0 
0:0:0:0:0:0:0:1 -  -  [04/Jul/2015:21:35:23 +0000] "GET /openhab.app?sitemap=demo HTTP/1.1" 200 9929 
0:0:0:0:0:0:0:1 -  -  [04/Jul/2015:21:35:23 +0000] "GET /WebApp/Design/Render.css HTTP/1.1" 304 0 
0:0:0:0:0:0:0:1 -  -  [04/Jul/2015:21:35:23 +0000] "GET /WebApp/Design/RenderRTL.css HTTP/1.1" 304 0 
0:0:0:0:0:0:0:1 -  -  [04/Jul/2015:21:35:23 +0000] "GET /WebApp/Design/Firefox.css HTTP/1.1" 304 0 
0:0:0:0:0:0:0:1 -  -  [04/Jul/2015:21:35:23 +0000] "GET /WebApp/Design/openHAB.css HTTP/1.1" 304 0 
0:0:0:0:0:0:0:1 -  -  [04/Jul/2015:21:35:23 +0000] "GET /WebApp/Action/Logic.min.js HTTP/1.1" 304 0 
0:0:0:0:0:0:0:1 -  -  [04/Jul/2015:21:35:23 +0000] "GET /jquery.min.js HTTP/1.1" 304 0 
0:0:0:0:0:0:0:1 -  -  [04/Jul/2015:21:35:23 +0000] "GET /jquery.miniColors.css HTTP/1.1" 304 0 
0:0:0:0:0:0:0:1 -  -  [04/Jul/2015:21:35:23 +0000] "GET /jquery.miniColors.js HTTP/1.1" 304 0 
0:0:0:0:0:0:0:1 -  -  [04/Jul/2015:21:35:23 +0000] "GET /images/present.png HTTP/1.1" 304 0 
0:0:0:0:0:0:0:1 -  -  [04/Jul/2015:21:35:23 +0000] "GET /images/switch.png HTTP/1.1" 304 0 
0:0:0:0:0:0:0:1 -  -  [04/Jul/2015:21:35:23 +0000] "GET /images/contact-closed.png HTTP/1.1" 304 0 
0:0:0:0:0:0:0:1 -  -  [04/Jul/2015:21:35:23 +0000] "GET /images/none.png HTTP/1.1" 304 0 
0:0:0:0:0:0:0:1 -  -  [04/Jul/2015:21:35:23 +0000] "GET /images/firstfloor.png HTTP/1.1" 304 0 
0:0:0:0:0:0:0:1 -  -  [04/Jul/2015:21:35:24 +0000] "GET /openhab.app?sitemap=demo HTTP/1.1" 200 9927 
0:0:0:0:0:0:0:1 -  -  [04/Jul/2015:21:35:24 +0000] "GET /WebApp/Design/Render.css HTTP/1.1" 304 0 
0:0:0:0:0:0:0:1 -  -  [04/Jul/2015:21:35:24 +0000] "GET /WebApp/Design/RenderRTL.css HTTP/1.1" 304 0 
0:0:0:0:0:0:0:1 -  -  [04/Jul/2015:21:35:24 +0000] "GET /WebApp/Design/Firefox.css HTTP/1.1" 304 0 
0:0:0:0:0:0:0:1 -  -  [04/Jul/2015:21:35:24 +0000] "GET /WebApp/Action/Logic.min.js HTTP/1.1" 304 0 
0:0:0:0:0:0:0:1 -  -  [04/Jul/2015:21:35:24 +0000] "GET /WebApp/Design/openHAB.css HTTP/1.1" 304 0 
0:0:0:0:0:0:0:1 -  -  [04/Jul/2015:21:35:24 +0000] "GET /jquery.miniColors.css HTTP/1.1" 304 0 
0:0:0:0:0:0:0:1 -  -  [04/Jul/2015:21:35:24 +0000] "GET /jquery.min.js HTTP/1.1" 304 0 
0:0:0:0:0:0:0:1 -  -  [04/Jul/2015:21:35:24 +0000] "GET /jquery.miniColors.js HTTP/1.1" 304 0 
0:0:0:0:0:0:0:1 -  -  [04/Jul/2015:21:35:24 +0000] "GET /images/present.png HTTP/1.1" 304 0 
0:0:0:0:0:0:0:1 -  -  [04/Jul/2015:21:35:24 +0000] "GET /images/switch.png HTTP/1.1" 304 0 
0:0:0:0:0:0:0:1 -  -  [04/Jul/2015:21:35:24 +0000] "GET /images/contact-open.png HTTP/1.1" 304 0 
0:0:0:0:0:0:0:1 -  -  [04/Jul/2015:21:35:24 +0000] "GET /images/none.png HTTP/1.1" 304 0 
0:0:0:0:0:0:0:1 -  -  [04/Jul/2015:21:35:24 +0000] "GET /images/firstfloor.png HTTP/1.1" 304 0 
0:0:0:0:0:0:0:1 -  -  [04/Jul/2015:21:35:22 +0000] "GET /openhab.app?sitemap=demo&poll=true&__async=true&__source=waHome HTTP/1.1" 200 1385 
0:0:0:0:0:0:0:1 -  -  [04/Jul/2015:21:35:25 +0000] "GET /openhab.app?sitemap=demo HTTP/1.1" 200 9927 
0:0:0:0:0:0:0:1 -  -  [04/Jul/2015:21:35:25 +0000] "GET /WebApp/Design/Render.css HTTP/1.1" 304 0 
0:0:0:0:0:0:0:1 -  -  [04/Jul/2015:21:35:25 +0000] "GET /WebApp/Design/RenderRTL.css HTTP/1.1" 304 0 
0:0:0:0:0:0:0:1 -  -  [04/Jul/2015:21:35:25 +0000] "GET /jquery.miniColors.css HTTP/1.1" 304 0 
0:0:0:0:0:0:0:1 -  -  [04/Jul/2015:21:35:25 +0000] "GET /jquery.min.js HTTP/1.1" 304 0 
0:0:0:0:0:0:0:1 -  -  [04/Jul/2015:21:35:25 +0000] "GET /WebApp/Design/openHAB.css HTTP/1.1" 304 0 
0:0:0:0:0:0:0:1 -  -  [04/Jul/2015:21:35:25 +0000] "GET /WebApp/Action/Logic.min.js HTTP/1.1" 304 0 
0:0:0:0:0:0:0:1 -  -  [04/Jul/2015:21:35:25 +0000] "GET /WebApp/Design/Firefox.css HTTP/1.1" 304 0 
0:0:0:0:0:0:0:1 -  -  [04/Jul/2015:21:35:25 +0000] "GET /jquery.miniColors.js HTTP/1.1" 304 0 
0:0:0:0:0:0:0:1 -  -  [04/Jul/2015:21:35:25 +0000] "GET /images/present.png HTTP/1.1" 304 0 
0:0:0:0:0:0:0:1 -  -  [04/Jul/2015:21:35:25 +0000] "GET /images/switch.png HTTP/1.1" 304 0 
0:0:0:0:0:0:0:1 -  -  [04/Jul/2015:21:35:25 +0000] "GET /images/contact-open.png HTTP/1.1" 304 0 
0:0:0:0:0:0:0:1 -  -  [04/Jul/2015:21:35:25 +0000] "GET /images/none.png HTTP/1.1" 304 0 
0:0:0:0:0:0:0:1 -  -  [04/Jul/2015:21:35:25 +0000] "GET /images/firstfloor.png HTTP/1.1" 304 0 
0:0:0:0:0:0:0:1 -  -  [04/Jul/2015:21:35:25 +0000] "GET /openhab.app?sitemap=demo HTTP/1.1" 200 9927 
0:0:0:0:0:0:0:1 -  -  [04/Jul/2015:21:35:26 +0000] "GET /WebApp/Design/Render.css HTTP/1.1" 304 0 
0:0:0:0:0:0:0:1 -  -  [04/Jul/2015:21:35:26 +0000] "GET /WebApp/Design/RenderRTL.css HTTP/1.1" 304 0 
0:0:0:0:0:0:0:1 -  -  [04/Jul/2015:21:35:26 +0000] "GET /WebApp/Design/Firefox.css HTTP/1.1" 304 0 
0:0:0:0:0:0:0:1 -  -  [04/Jul/2015:21:35:26 +0000] "GET /WebApp/Design/openHAB.css HTTP/1.1" 304 0 
0:0:0:0:0:0:0:1 -  -  [04/Jul/2015:21:35:26 +0000] "GET /WebApp/Action/Logic.min.js HTTP/1.1" 304 0 
0:0:0:0:0:0:0:1 -  -  [04/Jul/2015:21:35:26 +0000] "GET /jquery.miniColors.css HTTP/1.1" 304 0 
0:0:0:0:0:0:0:1 -  -  [04/Jul/2015:21:35:26 +0000] "GET /jquery.min.js HTTP/1.1" 304 0 
0:0:0:0:0:0:0:1 -  -  [04/Jul/2015:21:35:26 +0000] "GET /jquery.miniColors.js HTTP/1.1" 304 0 
0:0:0:0:0:0:0:1 -  -  [04/Jul/2015:21:35:26 +0000] "GET /images/present.png HTTP/1.1" 304 0 
0:0:0:0:0:0:0:1 -  -  [04/Jul/2015:21:35:26 +0000] "GET /images/contact-open.png HTTP/1.1" 304 0 
0:0:0:0:0:0:0:1 -  -  [04/Jul/2015:21:35:26 +0000] "GET /images/none.png HTTP/1.1" 304 0 
0:0:0:0:0:0:0:1 -  -  [04/Jul/2015:21:35:26 +0000] "GET /images/switch.png HTTP/1.1" 304 0 
0:0:0:0:0:0:0:1 -  -  [04/Jul/2015:21:35:26 +0000] "GET /images/firstfloor.png HTTP/1.1" 304 0 
0:0:0:0:0:0:0:1 -  -  [04/Jul/2015:21:35:27 +0000] "GET /openhab.app?sitemap=demo&poll=true&__async=true&__source=waHome HTTP/1.1" 200 1385 
0:0:0:0:0:0:0:1 -  -  [04/Jul/2015:21:35:30 +0000] "GET /openhab.app?sitemap=demo&poll=true&__async=true&__source=waHome HTTP/1.1" 200 92 
0:0:0:0:0:0:0:1 -  -  [04/Jul/2015:21:35:40 +0000] "GET /openhab.app?sitemap=demo&poll=true&__async=true&__source=waHome HTTP/1.1" 200 92 
0:0:0:0:0:0:0:1 -  -  [04/Jul/2015:21:35:55 +0000] "GET /openhab.app?sitemap=demo HTTP/1.1" 200 9935 
0:0:0:0:0:0:0:1 -  -  [04/Jul/2015:21:35:55 +0000] "GET /WebApp/Design/Render.css HTTP/1.1" 304 0 
0:0:0:0:0:0:0:1 -  -  [04/Jul/2015:21:35:55 +0000] "GET /WebApp/Design/RenderRTL.css HTTP/1.1" 304 0 
0:0:0:0:0:0:0:1 -  -  [04/Jul/2015:21:35:55 +0000] "GET /WebApp/Design/Firefox.css HTTP/1.1" 304 0 
0:0:0:0:0:0:0:1 -  -  [04/Jul/2015:21:35:55 +0000] "GET /WebApp/Design/openHAB.css HTTP/1.1" 304 0 
0:0:0:0:0:0:0:1 -  -  [04/Jul/2015:21:35:55 +0000] "GET /jquery.miniColors.css HTTP/1.1" 304 0 
0:0:0:0:0:0:0:1 -  -  [04/Jul/2015:21:35:55 +0000] "GET /WebApp/Action/Logic.min.js HTTP/1.1" 304 0 
0:0:0:0:0:0:0:1 -  -  [04/Jul/2015:21:35:55 +0000] "GET /jquery.min.js HTTP/1.1" 304 0 
0:0:0:0:0:0:0:1 -  -  [04/Jul/2015:21:35:55 +0000] "GET /jquery.miniColors.js HTTP/1.1" 304 0 
0:0:0:0:0:0:0:1 -  -  [04/Jul/2015:21:35:55 +0000] "GET /images/present.png HTTP/1.1" 304 0 
0:0:0:0:0:0:0:1 -  -  [04/Jul/2015:21:35:55 +0000] "GET /images/switch.png HTTP/1.1" 304 0 
0:0:0:0:0:0:0:1 -  -  [04/Jul/2015:21:35:55 +0000] "GET /images/contact-open.png HTTP/1.1" 304 0 
0:0:0:0:0:0:0:1 -  -  [04/Jul/2015:21:35:55 +0000] "GET /images/none.png HTTP/1.1" 304 0 
0:0:0:0:0:0:0:1 -  -  [04/Jul/2015:21:35:55 +0000] "GET /images/firstfloor.png HTTP/1.1" 304 0 
0:0:0:0:0:0:0:1 -  -  [04/Jul/2015:21:35:56 +0000] "GET /openhab.app?sitemap=demo HTTP/1.1" 200 9935 
0:0:0:0:0:0:0:1 -  -  [04/Jul/2015:21:35:56 +0000] "GET /WebApp/Design/Render.css HTTP/1.1" 304 0 
0:0:0:0:0:0:0:1 -  -  [04/Jul/2015:21:35:56 +0000] "GET /WebApp/Design/RenderRTL.css HTTP/1.1" 304 0 
0:0:0:0:0:0:0:1 -  -  [04/Jul/2015:21:35:56 +0000] "GET /WebApp/Design/Firefox.css HTTP/1.1" 304 0 
0:0:0:0:0:0:0:1 -  -  [04/Jul/2015:21:35:56 +0000] "GET /jquery.miniColors.css HTTP/1.1" 304 0 
0:0:0:0:0:0:0:1 -  -  [04/Jul/2015:21:35:56 +0000] "GET /jquery.min.js HTTP/1.1" 304 0 
0:0:0:0:0:0:0:1 -  -  [04/Jul/2015:21:35:56 +0000] "GET /WebApp/Design/openHAB.css HTTP/1.1" 304 0 
0:0:0:0:0:0:0:1 -  -  [04/Jul/2015:21:35:56 +0000] "GET /WebApp/Action/Logic.min.js HTTP/1.1" 304 0 
0:0:0:0:0:0:0:1 -  -  [04/Jul/2015:21:35:56 +0000] "GET /jquery.miniColors.js HTTP/1.1" 304 0 
0:0:0:0:0:0:0:1 -  -  [04/Jul/2015:21:35:57 +0000] "GET /images/present.png HTTP/1.1" 304 0 
0:0:0:0:0:0:0:1 -  -  [04/Jul/2015:21:35:57 +0000] "GET /images/switch.png HTTP/1.1" 304 0 
0:0:0:0:0:0:0:1 -  -  [04/Jul/2015:21:35:57 +0000] "GET /images/firstfloor.png HTTP/1.1" 304 0 
0:0:0:0:0:0:0:1 -  -  [04/Jul/2015:21:35:57 +0000] "GET /images/none.png HTTP/1.1" 304 0 
0:0:0:0:0:0:0:1 -  -  [04/Jul/2015:21:35:57 +0000] "GET /images/contact-open.png HTTP/1.1" 304 0 
0:0:0:0:0:0:0:1 -  -  [04/Jul/2015:21:35:57 +0000] "GET /openhab.app?sitemap=demo HTTP/1.1" 200 9935 
0:0:0:0:0:0:0:1 -  -  [04/Jul/2015:21:35:57 +0000] "GET /WebApp/Design/Render.css HTTP/1.1" 304 0 
0:0:0:0:0:0:0:1 -  -  [04/Jul/2015:21:35:57 +0000] "GET /WebApp/Design/RenderRTL.css HTTP/1.1" 304 0 
0:0:0:0:0:0:0:1 -  -  [04/Jul/2015:21:35:57 +0000] "GET /WebApp/Design/Firefox.css HTTP/1.1" 304 0 
0:0:0:0:0:0:0:1 -  -  [04/Jul/2015:21:35:57 +0000] "GET /WebApp/Design/openHAB.css HTTP/1.1" 304 0 
0:0:0:0:0:0:0:1 -  -  [04/Jul/2015:21:35:57 +0000] "GET /WebApp/Action/Logic.min.js HTTP/1.1" 304 0 
0:0:0:0:0:0:0:1 -  -  [04/Jul/2015:21:35:57 +0000] "GET /jquery.miniColors.css HTTP/1.1" 304 0 
0:0:0:0:0:0:0:1 -  -  [04/Jul/2015:21:35:57 +0000] "GET /jquery.min.js HTTP/1.1" 304 0 
0:0:0:0:0:0:0:1 -  -  [04/Jul/2015:21:35:57 +0000] "GET /jquery.miniColors.js HTTP/1.1" 304 0 
0:0:0:0:0:0:0:1 -  -  [04/Jul/2015:21:35:57 +0000] "GET /images/present.png HTTP/1.1" 304 0 
0:0:0:0:0:0:0:1 -  -  [04/Jul/2015:21:35:57 +0000] "GET /images/switch.png HTTP/1.1" 304 0 
0:0:0:0:0:0:0:1 -  -  [04/Jul/2015:21:35:57 +0000] "GET /images/contact-open.png HTTP/1.1" 304 0 
0:0:0:0:0:0:0:1 -  -  [04/Jul/2015:21:35:57 +0000] "GET /images/none.png HTTP/1.1" 304 0 
0:0:0:0:0:0:0:1 -  -  [04/Jul/2015:21:35:57 +0000] "GET /images/firstfloor.png HTTP/1.1" 304 0 
0:0:0:0:0:0:0:1 -  -  [04/Jul/2015:21:35:56 +0000] "GET /openhab.app?sitemap=demo&poll=true&__async=true&__source=waHome HTTP/1.1" 200 1398 
0:0:0:0:0:0:0:1 -  -  [04/Jul/2015:21:35:58 +0000] "GET /openhab.app?sitemap=demo HTTP/1.1" 200 9940 
0:0:0:0:0:0:0:1 -  -  [04/Jul/2015:21:35:58 +0000] "GET /WebApp/Design/Render.css HTTP/1.1" 304 0 
0:0:0:0:0:0:0:1 -  -  [04/Jul/2015:21:35:58 +0000] "GET /WebApp/Design/RenderRTL.css HTTP/1.1" 304 0 
0:0:0:0:0:0:0:1 -  -  [04/Jul/2015:21:35:58 +0000] "GET /WebApp/Design/Firefox.css HTTP/1.1" 304 0 
0:0:0:0:0:0:0:1 -  -  [04/Jul/2015:21:35:58 +0000] "GET /WebApp/Design/openHAB.css HTTP/1.1" 304 0 
0:0:0:0:0:0:0:1 -  -  [04/Jul/2015:21:35:58 +0000] "GET /jquery.miniColors.css HTTP/1.1" 304 0 
0:0:0:0:0:0:0:1 -  -  [04/Jul/2015:21:35:58 +0000] "GET /WebApp/Action/Logic.min.js HTTP/1.1" 304 0 
0:0:0:0:0:0:0:1 -  -  [04/Jul/2015:21:35:58 +0000] "GET /jquery.min.js HTTP/1.1" 304 0 
0:0:0:0:0:0:0:1 -  -  [04/Jul/2015:21:35:58 +0000] "GET /jquery.miniColors.js HTTP/1.1" 304 0 
0:0:0:0:0:0:0:1 -  -  [04/Jul/2015:21:35:58 +0000] "GET /images/present.png HTTP/1.1" 304 0 
0:0:0:0:0:0:0:1 -  -  [04/Jul/2015:21:35:58 +0000] "GET /images/switch.png HTTP/1.1" 304 0 
0:0:0:0:0:0:0:1 -  -  [04/Jul/2015:21:35:58 +0000] "GET /images/none.png HTTP/1.1" 304 0 
0:0:0:0:0:0:0:1 -  -  [04/Jul/2015:21:35:58 +0000] "GET /images/contact-open.png HTTP/1.1" 304 0 
0:0:0:0:0:0:0:1 -  -  [04/Jul/2015:21:35:58 +0000] "GET /images/firstfloor.png HTTP/1.1" 304 0 
0:0:0:0:0:0:0:1 -  -  [04/Jul/2015:21:35:51 +0000] "GET /openhab.app?sitemap=demo&poll=true&__async=true&__source=waHome HTTP/1.1" 200 92 
0:0:0:0:0:0:0:1 -  -  [04/Jul/2015:21:36:00 +0000] "GET /openhab.app?sitemap=demo&poll=true&__async=true&__source=waHome HTTP/1.1" 200 92 
0:0:0:0:0:0:0:1 -  -  [04/Jul/2015:21:36:10 +0000] "GET /openhab.app?sitemap=demo&poll=true&__async=true&__source=waHome HTTP/1.1" 200 92 
0:0:0:0:0:0:0:1 -  -  [04/Jul/2015:21:36:21 +0000] "GET /openhab.app?sitemap=demo&poll=true&__async=true&__source=waHome HTTP/1.1" 200 1398 
0:0:0:0:0:0:0:1 -  -  [04/Jul/2015:21:36:30 +0000] "GET /openhab.app?sitemap=demo&poll=true&__async=true&__source=waHome HTTP/1.1" 200 92 
0:0:0:0:0:0:0:1 -  -  [04/Jul/2015:21:36:40 +0000] "GET /openhab.app?sitemap=demo&poll=true&__async=true&__source=waHome HTTP/1.1" 200 92 
0:0:0:0:0:0:0:1 -  -  [04/Jul/2015:21:36:51 +0000] "GET /openhab.app?sitemap=demo&poll=true&__async=true&__source=waHome HTTP/1.1" 200 1398 
0:0:0:0:0:0:0:1 -  -  [04/Jul/2015:21:36:58 +0000] "GET /openhab.app?sitemap=demo&poll=true&__async=true&__source=waHome HTTP/1.1" 200 1398 
0:0:0:0:0:0:0:1 -  -  [04/Jul/2015:21:37:00 +0000] "GET /openhab.app?sitemap=demo&poll=true&__async=true&__source=waHome HTTP/1.1" 200 92 
0:0:0:0:0:0:0:1 -  -  [04/Jul/2015:21:37:10 +0000] "GET /openhab.app?sitemap=demo&poll=true&__async=true&__source=waHome HTTP/1.1" 200 92 
0:0:0:0:0:0:0:1 -  -  [04/Jul/2015:21:37:21 +0000] "GET /openhab.app?sitemap=demo&poll=true&__async=true&__source=waHome HTTP/1.1" 200 1398 
0:0:0:0:0:0:0:1 -  -  [04/Jul/2015:21:37:30 +0000] "GET /openhab.app?sitemap=demo&poll=true&__async=true&__source=waHome HTTP/1.1" 200 92 
0:0:0:0:0:0:0:1 -  -  [04/Jul/2015:21:37:41 +0000] "GET /openhab.app?sitemap=demo&poll=true&__async=true&__source=waHome HTTP/1.1" 200 92 
0:0:0:0:0:0:0:1 -  -  [04/Jul/2015:21:37:51 +0000] "GET /openhab.app?sitemap=demo&poll=true&__async=true&__source=waHome HTTP/1.1" 200 1398 
0:0:0:0:0:0:0:1 -  -  [04/Jul/2015:21:37:58 +0000] "GET /openhab.app?sitemap=demo&poll=true&__async=true&__source=waHome HTTP/1.1" 200 1398 
0:0:0:0:0:0:0:1 -  -  [04/Jul/2015:21:38:00 +0000] "GET /openhab.app?sitemap=demo&poll=true&__async=true&__source=waHome HTTP/1.1" 200 92 
0:0:0:0:0:0:0:1 -  -  [04/Jul/2015:21:38:10 +0000] "GET /openhab.app?sitemap=demo&poll=true&__async=true&__source=waHome HTTP/1.1" 200 92 
0:0:0:0:0:0:0:1 -  -  [04/Jul/2015:21:38:26 +0000] "GET /openhab.app?sitemap=demo&w=0002&__async=true&__source=waHome HTTP/1.1" 200 1358 
0:0:0:0:0:0:0:1 -  -  [04/Jul/2015:21:38:26 +0000] "GET /openhab.app?sitemap=demo&sitemap=demo&w=0002&poll=true&__async=true&__source=wa0002 HTTP/1.1" 200 1358 
0:0:0:0:0:0:0:1 -  -  [04/Jul/2015:21:38:21 +0000] "GET /openhab.app?sitemap=demo&poll=true&__async=true&__source=waHome HTTP/1.1" 200 1398 
0:0:0:0:0:0:0:1 -  -  [04/Jul/2015:21:38:27 +0000] "GET /openhab.app?sitemap=demo&sitemap=demo&w=&poll=true&__async=true&__source=waHome HTTP/1.1" 200 1398 
0:0:0:0:0:0:0:1 -  -  [04/Jul/2015:21:38:30 +0000] "GET /openhab.app?sitemap=demo&sitemap=demo&w=0002&poll=true&__async=true&__source=waHome HTTP/1.1" 200 92 
0:0:0:0:0:0:0:1 -  -  [04/Jul/2015:21:38:30 +0000] "GET /openhab.app?sitemap=demo&poll=true&__async=true&__source=waHome HTTP/1.1" 200 92 
0:0:0:0:0:0:0:1 -  -  [04/Jul/2015:21:38:30 +0000] "GET /openhab.app?sitemap=demo&sitemap=demo&w=&poll=true&__async=true&__source=waHome HTTP/1.1" 200 92 
0:0:0:0:0:0:0:1 -  -  [04/Jul/2015:21:38:40 +0000] "GET /openhab.app?sitemap=demo&sitemap=demo&w=0002&poll=true&__async=true&__source=waHome HTTP/1.1" 200 92 
0:0:0:0:0:0:0:1 -  -  [04/Jul/2015:21:38:40 +0000] "GET /openhab.app?sitemap=demo&poll=true&__async=true&__source=waHome HTTP/1.1" 200 92 
0:0:0:0:0:0:0:1 -  -  [04/Jul/2015:21:38:40 +0000] "GET /openhab.app?sitemap=demo&sitemap=demo&w=&poll=true&__async=true&__source=waHome HTTP/1.1" 200 92 
0:0:0:0:0:0:0:1 -  -  [04/Jul/2015:21:38:51 +0000] "GET /openhab.app?sitemap=demo&poll=true&__async=true&__source=waHome HTTP/1.1" 200 1398 
0:0:0:0:0:0:0:1 -  -  [04/Jul/2015:21:38:51 +0000] "GET /openhab.app?sitemap=demo&sitemap=demo&w=&poll=true&__async=true&__source=waHome HTTP/1.1" 200 1398 
0:0:0:0:0:0:0:1 -  -  [04/Jul/2015:21:38:58 +0000] "GET /openhab.app?sitemap=demo&sitemap=demo&w=&poll=true&__async=true&__source=waHome HTTP/1.1" 200 1398 
0:0:0:0:0:0:0:1 -  -  [04/Jul/2015:21:38:51 +0000] "GET /openhab.app?sitemap=demo&sitemap=demo&w=0002&poll=true&__async=true&__source=waHome HTTP/1.1" 200 1362 
0:0:0:0:0:0:0:1 -  -  [04/Jul/2015:21:38:57 +0000] "GET /openhab.app?sitemap=demo&poll=true&__async=true&__source=waHome HTTP/1.1" 200 1398 
0:0:0:0:0:0:0:1 -  -  [04/Jul/2015:21:39:00 +0000] "GET /openhab.app?sitemap=demo&sitemap=demo&w=&poll=true&__async=true&__source=waHome HTTP/1.1" 200 92 
0:0:0:0:0:0:0:1 -  -  [04/Jul/2015:21:39:00 +0000] "GET /openhab.app?sitemap=demo&sitemap=demo&w=0002&poll=true&__async=true&__source=waHome HTTP/1.1" 200 92 
0:0:0:0:0:0:0:1 -  -  [04/Jul/2015:21:39:00 +0000] "GET /openhab.app?sitemap=demo&poll=true&__async=true&__source=waHome HTTP/1.1" 200 92 
