0:0:0:0:0:0:0:1 -  -  [09/Jun/2015:16:22:03 +0000] "GET /openhab.app?sitemap=demo HTTP/1.1" 404 1410 
0:0:0:0:0:0:0:1 -  -  [09/Jun/2015:16:22:04 +0000] "GET /favicon.ico HTTP/1.1" 404 1410 
192.168.0.18 -  -  [09/Jun/2015:16:22:11 +0000] "GET /openhab.app?sitemap=demo HTTP/1.1" 404 1410 
192.168.0.18 -  -  [09/Jun/2015:16:22:12 +0000] "GET /favicon.ico HTTP/1.1" 404 1410 
0:0:0:0:0:0:0:1 -  -  [09/Jun/2015:16:22:17 +0000] "GET /openhab.app?sitemap=demo HTTP/1.1" 200 10440 
0:0:0:0:0:0:0:1 -  -  [09/Jun/2015:16:22:17 +0000] "GET /WebApp/Design/Render.css HTTP/1.1" 200 16314 
0:0:0:0:0:0:0:1 -  -  [09/Jun/2015:16:22:17 +0000] "GET /WebApp/Design/RenderRTL.css HTTP/1.1" 200 2903 
0:0:0:0:0:0:0:1 -  -  [09/Jun/2015:16:22:17 +0000] "GET /WebApp/Design/Firefox.css HTTP/1.1" 200 3505 
0:0:0:0:0:0:0:1 -  -  [09/Jun/2015:16:22:17 +0000] "GET /WebApp/Action/Logic.min.js HTTP/1.1" 200 25268 
0:0:0:0:0:0:0:1 -  -  [09/Jun/2015:16:22:17 +0000] "GET /jquery.miniColors.css HTTP/1.1" 200 3525 
0:0:0:0:0:0:0:1 -  -  [09/Jun/2015:16:22:17 +0000] "GET /WebApp/Design/openHAB.css HTTP/1.1" 200 101 
0:0:0:0:0:0:0:1 -  -  [09/Jun/2015:16:22:17 +0000] "GET /jquery.miniColors.js HTTP/1.1" 200 20436 
0:0:0:0:0:0:0:1 -  -  [09/Jun/2015:16:22:17 +0000] "GET /jquery.min.js HTTP/1.1" 200 93637 
0:0:0:0:0:0:0:1 -  -  [09/Jun/2015:16:22:17 +0000] "GET /images/firstfloor.png HTTP/1.1" 200 4473 
0:0:0:0:0:0:0:1 -  -  [09/Jun/2015:16:22:17 +0000] "GET /images/groundfloor.png HTTP/1.1" 200 5194 
0:0:0:0:0:0:0:1 -  -  [09/Jun/2015:16:22:17 +0000] "GET /images/video.png HTTP/1.1" 200 5269 
0:0:0:0:0:0:0:1 -  -  [09/Jun/2015:16:22:17 +0000] "GET /images/none.png HTTP/1.1" 200 132 
0:0:0:0:0:0:0:1 -  -  [09/Jun/2015:16:22:17 +0000] "GET /images/garden.png HTTP/1.1" 200 5237 
0:0:0:0:0:0:0:1 -  -  [09/Jun/2015:16:22:17 +0000] "GET /images/calendar.png HTTP/1.1" 200 4333 
0:0:0:0:0:0:0:1 -  -  [09/Jun/2015:16:22:17 +0000] "GET /images/chart.png HTTP/1.1" 200 3772 
0:0:0:0:0:0:0:1 -  -  [09/Jun/2015:16:22:17 +0000] "GET /WebApp/Design/Img/bg.png HTTP/1.1" 200 115 
0:0:0:0:0:0:0:1 -  -  [09/Jun/2015:16:22:17 +0000] "GET /images/temperature.png HTTP/1.1" 200 4361 
0:0:0:0:0:0:0:1 -  -  [09/Jun/2015:16:22:17 +0000] "GET /WebApp/Design/Img/loader-white-100x12x9.png HTTP/1.1" 200 604 
0:0:0:0:0:0:0:1 -  -  [09/Jun/2015:16:22:17 +0000] "GET /WebApp/Design/Img/select.png HTTP/1.1" 200 135 
0:0:0:0:0:0:0:1 -  -  [09/Jun/2015:16:22:17 +0000] "GET /WebApp/Design/Img/loader-white-100x12x1.png HTTP/1.1" 200 608 
0:0:0:0:0:0:0:1 -  -  [09/Jun/2015:16:22:17 +0000] "GET /WebApp/Design/Img/loader-white-100x12x4.png HTTP/1.1" 200 615 
0:0:0:0:0:0:0:1 -  -  [09/Jun/2015:16:22:17 +0000] "GET /WebApp/Design/Img/loader-white-100x12x5.png HTTP/1.1" 200 608 
0:0:0:0:0:0:0:1 -  -  [09/Jun/2015:16:22:17 +0000] "GET /images/cellar.png HTTP/1.1" 200 5294 
0:0:0:0:0:0:0:1 -  -  [09/Jun/2015:16:22:17 +0000] "GET /WebApp/Design/Img/loader-white-100x12x2.png HTTP/1.1" 200 621 
0:0:0:0:0:0:0:1 -  -  [09/Jun/2015:16:22:17 +0000] "GET /WebApp/Design/Img/loader-white-100x12x3.png HTTP/1.1" 200 615 
0:0:0:0:0:0:0:1 -  -  [09/Jun/2015:16:22:17 +0000] "GET /WebApp/Design/Img/loader-white-100x12x7.png HTTP/1.1" 200 607 
0:0:0:0:0:0:0:1 -  -  [09/Jun/2015:16:22:17 +0000] "GET /WebApp/Design/Img/loader-white-100x12x8.png HTTP/1.1" 200 616 
0:0:0:0:0:0:0:1 -  -  [09/Jun/2015:16:22:17 +0000] "GET /WebApp/Design/Img/loader-gray-100x12x2.png HTTP/1.1" 200 693 
0:0:0:0:0:0:0:1 -  -  [09/Jun/2015:16:22:17 +0000] "GET /WebApp/Design/Img/loader-white-100x12x6.png HTTP/1.1" 200 601 
0:0:0:0:0:0:0:1 -  -  [09/Jun/2015:16:22:17 +0000] "GET /WebApp/Design/Img/loader-white-100x12x10.png HTTP/1.1" 200 608 
0:0:0:0:0:0:0:1 -  -  [09/Jun/2015:16:22:17 +0000] "GET /WebApp/Design/Img/loader-big-white-100x12x3.png HTTP/1.1" 200 1849 
0:0:0:0:0:0:0:1 -  -  [09/Jun/2015:16:22:17 +0000] "GET /WebApp/Design/Img/loader-gray-100x12x9.png HTTP/1.1" 200 692 
0:0:0:0:0:0:0:1 -  -  [09/Jun/2015:16:22:17 +0000] "GET /WebApp/Design/Img/loader-white-100x12x12.png HTTP/1.1" 200 616 
0:0:0:0:0:0:0:1 -  -  [09/Jun/2015:16:22:17 +0000] "GET /WebApp/Design/Img/loader-big-white-100x12x1.png HTTP/1.1" 200 1873 
0:0:0:0:0:0:0:1 -  -  [09/Jun/2015:16:22:17 +0000] "GET /WebApp/Design/Img/loader-gray-100x12x11.png HTTP/1.1" 200 688 
0:0:0:0:0:0:0:1 -  -  [09/Jun/2015:16:22:17 +0000] "GET /WebApp/Design/Img/loader-white-100x12x11.png HTTP/1.1" 200 606 
0:0:0:0:0:0:0:1 -  -  [09/Jun/2015:16:22:17 +0000] "GET /WebApp/Design/Img/loader-gray-100x12x4.png HTTP/1.1" 200 689 
0:0:0:0:0:0:0:1 -  -  [09/Jun/2015:16:22:17 +0000] "GET /WebApp/Design/Img/loader-big-white-100x12x2.png HTTP/1.1" 200 1870 
0:0:0:0:0:0:0:1 -  -  [09/Jun/2015:16:22:17 +0000] "GET /WebApp/Design/Img/loader-gray-100x12x3.png HTTP/1.1" 200 700 
0:0:0:0:0:0:0:1 -  -  [09/Jun/2015:16:22:17 +0000] "GET /WebApp/Design/Img/loader-gray-100x12x1.png HTTP/1.1" 200 701 
0:0:0:0:0:0:0:1 -  -  [09/Jun/2015:16:22:17 +0000] "GET /WebApp/Design/Img/loader-gray-100x12x6.png HTTP/1.1" 200 689 
0:0:0:0:0:0:0:1 -  -  [09/Jun/2015:16:22:17 +0000] "GET /WebApp/Design/Img/loader-big-white-100x12x8.png HTTP/1.1" 200 1897 
0:0:0:0:0:0:0:1 -  -  [09/Jun/2015:16:22:17 +0000] "GET /WebApp/Design/Img/loader-gray-100x12x7.png HTTP/1.1" 200 689 
0:0:0:0:0:0:0:1 -  -  [09/Jun/2015:16:22:17 +0000] "GET /WebApp/Design/Img/loader-big-white-100x12x10.png HTTP/1.1" 200 1893 
0:0:0:0:0:0:0:1 -  -  [09/Jun/2015:16:22:17 +0000] "GET /WebApp/Design/Img/button-simple-touch.png HTTP/1.1" 200 665 
0:0:0:0:0:0:0:1 -  -  [09/Jun/2015:16:22:17 +0000] "GET /WebApp/Design/Img/loader-big-white-100x12x12.png HTTP/1.1" 200 1873 
0:0:0:0:0:0:0:1 -  -  [09/Jun/2015:16:22:17 +0000] "GET /WebApp/Design/Img/loader-big-white-100x12x7.png HTTP/1.1" 200 1859 
0:0:0:0:0:0:0:1 -  -  [09/Jun/2015:16:22:17 +0000] "GET /WebApp/Design/Img/loader-gray-100x12x8.png HTTP/1.1" 200 688 
0:0:0:0:0:0:0:1 -  -  [09/Jun/2015:16:22:17 +0000] "GET /WebApp/Design/Img/loader-big-white-100x12x5.png HTTP/1.1" 200 1914 
0:0:0:0:0:0:0:1 -  -  [09/Jun/2015:16:22:17 +0000] "GET /WebApp/Design/Img/loader-gray-100x12x5.png HTTP/1.1" 200 699 
0:0:0:0:0:0:0:1 -  -  [09/Jun/2015:16:22:17 +0000] "GET /WebApp/Design/Img/loader-gray-100x12x12.png HTTP/1.1" 200 694 
0:0:0:0:0:0:0:1 -  -  [09/Jun/2015:16:22:17 +0000] "GET /WebApp/Design/Img/loader-big-white-100x12x6.png HTTP/1.1" 200 1901 
0:0:0:0:0:0:0:1 -  -  [09/Jun/2015:16:22:17 +0000] "GET /WebApp/Design/Img/loader-big-white-100x12x4.png HTTP/1.1" 200 1923 
0:0:0:0:0:0:0:1 -  -  [09/Jun/2015:16:22:17 +0000] "GET /WebApp/Design/Img/loader-big-white-100x12x9.png HTTP/1.1" 200 1876 
0:0:0:0:0:0:0:1 -  -  [09/Jun/2015:16:22:17 +0000] "GET /WebApp/Design/Img/loader-gray-100x12x10.png HTTP/1.1" 200 692 
0:0:0:0:0:0:0:1 -  -  [09/Jun/2015:16:22:17 +0000] "GET /WebApp/Design/Img/loader-big-white-100x12x11.png HTTP/1.1" 200 1889 
0:0:0:0:0:0:0:1 -  -  [09/Jun/2015:16:22:17 +0000] "GET /WebApp/Design/Img/button-back-touch.png HTTP/1.1" 200 932 
0:0:0:0:0:0:0:1 -  -  [09/Jun/2015:16:22:17 +0000] "GET /WebApp/Design/Img/chevron-select.png HTTP/1.1" 200 196 
0:0:0:0:0:0:0:1 -  -  [09/Jun/2015:16:22:17 +0000] "GET /WebApp/Design/Img/bg-head.png HTTP/1.1" 200 152 
0:0:0:0:0:0:0:1 -  -  [09/Jun/2015:16:22:17 +0000] "GET /WebApp/Design/Img/check-sel.png HTTP/1.1" 200 290 
0:0:0:0:0:0:0:1 -  -  [09/Jun/2015:16:22:17 +0000] "GET /WebApp/Design/Img/button-back.png HTTP/1.1" 200 940 
0:0:0:0:0:0:0:1 -  -  [09/Jun/2015:16:22:17 +0000] "GET /WebApp/Design/Img/button-simple.png HTTP/1.1" 200 670 
0:0:0:0:0:0:0:1 -  -  [09/Jun/2015:16:22:17 +0000] "GET /WebApp/Design/Img/chevron.png HTTP/1.1" 200 254 
0:0:0:0:0:0:0:1 -  -  [09/Jun/2015:16:22:17 +0000] "GET /jquery.minicolors.png HTTP/1.1" 200 50867 
0:0:0:0:0:0:0:1 -  -  [09/Jun/2015:16:22:17 +0000] "GET /images/favicon.ico HTTP/1.1" 200 1150 
0:0:0:0:0:0:0:1 -  -  [09/Jun/2015:16:22:19 +0000] "GET /openhab.app?sitemap=demo&poll=true&__async=true&__source=waHome HTTP/1.1" 200 1909 
0:0:0:0:0:0:0:1 -  -  [09/Jun/2015:16:22:19 +0000] "GET /openhab.app?sitemap=demo&poll=true&__async=true&__source=waHome HTTP/1.1" 200 1909 
0:0:0:0:0:0:0:1 -  -  [09/Jun/2015:16:22:32 +0000] "GET /openhab.app?sitemap=demo&w=0000&__async=true&__source=waHome HTTP/1.1" 200 1113 
0:0:0:0:0:0:0:1 -  -  [09/Jun/2015:16:22:32 +0000] "GET /images/corridor.png HTTP/1.1" 200 4365 
0:0:0:0:0:0:0:1 -  -  [09/Jun/2015:16:22:32 +0000] "GET /images/bath.png HTTP/1.1" 200 386 
0:0:0:0:0:0:0:1 -  -  [09/Jun/2015:16:22:32 +0000] "GET /images/bedroom.png HTTP/1.1" 200 2690 
0:0:0:0:0:0:0:1 -  -  [09/Jun/2015:16:22:32 +0000] "GET /images/office.png HTTP/1.1" 200 5131 
0:0:0:0:0:0:0:1 -  -  [09/Jun/2015:16:22:32 +0000] "GET /images/boy1.png HTTP/1.1" 200 4483 
0:0:0:0:0:0:0:1 -  -  [09/Jun/2015:16:22:34 +0000] "GET /openhab.app?sitemap=demo&w=0001&__async=true&__source=waHome HTTP/1.1" 200 986 
0:0:0:0:0:0:0:1 -  -  [09/Jun/2015:16:22:34 +0000] "GET /images/kitchen.png HTTP/1.1" 200 5021 
0:0:0:0:0:0:0:1 -  -  [09/Jun/2015:16:22:26 +0000] "GET /openhab.app?sitemap=demo&poll=true&__async=true&__source=waHome HTTP/1.1" 200 92 
0:0:0:0:0:0:0:1 -  -  [09/Jun/2015:16:22:32 +0000] "GET /openhab.app?sitemap=demo&sitemap=demo&w=0000&poll=true&__async=true&__source=wa0000 HTTP/1.1" 200 92 
0:0:0:0:0:0:0:1 -  -  [09/Jun/2015:16:22:34 +0000] "GET /openhab.app?sitemap=demo&sitemap=demo&w=&poll=true&__async=true&__source=waHome HTTP/1.1" 200 92 
0:0:0:0:0:0:0:1 -  -  [09/Jun/2015:16:22:35 +0000] "GET /openhab.app?sitemap=demo&sitemap=demo&w=0001&poll=true&__async=true&__source=wa0001 HTTP/1.1" 200 92 
0:0:0:0:0:0:0:1 -  -  [09/Jun/2015:16:22:36 +0000] "GET /openhab.app?sitemap=demo&sitemap=demo&w=Home&poll=true&__async=true&__source=waHome HTTP/1.1" 200 92 
0:0:0:0:0:0:0:1 -  -  [09/Jun/2015:16:22:36 +0000] "GET /openhab.app?sitemap=demo&poll=true&__async=true&__source=waHome HTTP/1.1" 200 92 
0:0:0:0:0:0:0:1 -  -  [09/Jun/2015:16:22:43 +0000] "GET /openhab.app?sitemap=demo&sitemap=demo&w=0000&poll=true&__async=true&__source=waHome HTTP/1.1" 200 92 
0:0:0:0:0:0:0:1 -  -  [09/Jun/2015:16:22:44 +0000] "GET /openhab.app?sitemap=demo&sitemap=demo&w=&poll=true&__async=true&__source=waHome HTTP/1.1" 200 92 
0:0:0:0:0:0:0:1 -  -  [09/Jun/2015:16:22:45 +0000] "GET /openhab.app?sitemap=demo&sitemap=demo&w=0001&poll=true&__async=true&__source=waHome HTTP/1.1" 200 92 
0:0:0:0:0:0:0:1 -  -  [09/Jun/2015:16:22:46 +0000] "GET /openhab.app?sitemap=demo&sitemap=demo&w=Home&poll=true&__async=true&__source=waHome HTTP/1.1" 200 92 
0:0:0:0:0:0:0:1 -  -  [09/Jun/2015:16:22:47 +0000] "GET /openhab.app?sitemap=demo&poll=true&__async=true&__source=waHome HTTP/1.1" 200 92 
0:0:0:0:0:0:0:1 -  -  [09/Jun/2015:16:22:53 +0000] "GET /openhab.app?sitemap=demo&sitemap=demo&w=0000&poll=true&__async=true&__source=waHome HTTP/1.1" 200 92 
0:0:0:0:0:0:0:1 -  -  [09/Jun/2015:16:22:55 +0000] "GET /openhab.app?sitemap=demo&sitemap=demo&w=&poll=true&__async=true&__source=waHome HTTP/1.1" 200 92 
0:0:0:0:0:0:0:1 -  -  [09/Jun/2015:16:22:56 +0000] "GET /openhab.app?sitemap=demo&sitemap=demo&w=0001&poll=true&__async=true&__source=waHome HTTP/1.1" 200 92 
0:0:0:0:0:0:0:1 -  -  [09/Jun/2015:16:22:57 +0000] "GET /openhab.app?sitemap=demo&sitemap=demo&w=Home&poll=true&__async=true&__source=waHome HTTP/1.1" 200 92 
0:0:0:0:0:0:0:1 -  -  [09/Jun/2015:16:22:57 +0000] "GET /openhab.app?sitemap=demo&poll=true&__async=true&__source=waHome HTTP/1.1" 200 92 
0:0:0:0:0:0:0:1 -  -  [09/Jun/2015:16:23:04 +0000] "GET /openhab.app?sitemap=demo&sitemap=demo&w=0000&poll=true&__async=true&__source=waHome HTTP/1.1" 200 92 
0:0:0:0:0:0:0:1 -  -  [09/Jun/2015:16:23:06 +0000] "GET /openhab.app?sitemap=demo&sitemap=demo&w=&poll=true&__async=true&__source=waHome HTTP/1.1" 200 92 
0:0:0:0:0:0:0:1 -  -  [09/Jun/2015:16:23:06 +0000] "GET /openhab.app?sitemap=demo&sitemap=demo&w=0001&poll=true&__async=true&__source=waHome HTTP/1.1" 200 92 
0:0:0:0:0:0:0:1 -  -  [09/Jun/2015:16:23:07 +0000] "GET /openhab.app?sitemap=demo&sitemap=demo&w=Home&poll=true&__async=true&__source=waHome HTTP/1.1" 200 92 
0:0:0:0:0:0:0:1 -  -  [09/Jun/2015:16:23:08 +0000] "GET /openhab.app?sitemap=demo&poll=true&__async=true&__source=waHome HTTP/1.1" 200 92 
0:0:0:0:0:0:0:1 -  -  [09/Jun/2015:16:23:18 +0000] "GET /openhab.app?sitemap=demo&sitemap=demo&w=Home&poll=true&__async=true&__source=waHome HTTP/1.1" 200 1907 
0:0:0:0:0:0:0:1 -  -  [09/Jun/2015:16:23:18 +0000] "GET /openhab.app?sitemap=demo&poll=true&__async=true&__source=waHome HTTP/1.1" 200 1907 
0:0:0:0:0:0:0:1 -  -  [09/Jun/2015:16:23:16 +0000] "GET /openhab.app?sitemap=demo&sitemap=demo&w=&poll=true&__async=true&__source=waHome HTTP/1.1" 200 1907 
0:0:0:0:0:0:0:1 -  -  [09/Jun/2015:16:23:15 +0000] "GET /openhab.app?sitemap=demo&sitemap=demo&w=0000&poll=true&__async=true&__source=waHome HTTP/1.1" 200 92 
0:0:0:0:0:0:0:1 -  -  [09/Jun/2015:16:23:17 +0000] "GET /openhab.app?sitemap=demo&sitemap=demo&w=0001&poll=true&__async=true&__source=waHome HTTP/1.1" 200 92 
0:0:0:0:0:0:0:1 -  -  [09/Jun/2015:16:23:19 +0000] "GET /openhab.app?sitemap=demo&sitemap=demo&w=Home&poll=true&__async=true&__source=waHome HTTP/1.1" 200 92 
0:0:0:0:0:0:0:1 -  -  [09/Jun/2015:16:23:19 +0000] "GET /openhab.app?sitemap=demo&poll=true&__async=true&__source=waHome HTTP/1.1" 200 92 
0:0:0:0:0:0:0:1 -  -  [09/Jun/2015:16:23:20 +0000] "GET /openhab.app?sitemap=demo&sitemap=demo&w=&poll=true&__async=true&__source=waHome HTTP/1.1" 200 92 
0:0:0:0:0:0:0:1 -  -  [09/Jun/2015:16:23:25 +0000] "GET /openhab.app?sitemap=demo&sitemap=demo&w=0000&poll=true&__async=true&__source=waHome HTTP/1.1" 200 92 
0:0:0:0:0:0:0:1 -  -  [09/Jun/2015:16:23:27 +0000] "GET /openhab.app?sitemap=demo&sitemap=demo&w=0001&poll=true&__async=true&__source=waHome HTTP/1.1" 200 92 
0:0:0:0:0:0:0:1 -  -  [09/Jun/2015:16:23:30 +0000] "GET /openhab.app?sitemap=demo&sitemap=demo&w=Home&poll=true&__async=true&__source=waHome HTTP/1.1" 200 92 
0:0:0:0:0:0:0:1 -  -  [09/Jun/2015:16:23:30 +0000] "GET /openhab.app?sitemap=demo&poll=true&__async=true&__source=waHome HTTP/1.1" 200 92 
0:0:0:0:0:0:0:1 -  -  [09/Jun/2015:16:23:30 +0000] "GET /openhab.app?sitemap=demo&sitemap=demo&w=&poll=true&__async=true&__source=waHome HTTP/1.1" 200 92 
0:0:0:0:0:0:0:1 -  -  [09/Jun/2015:16:23:36 +0000] "GET /openhab.app?sitemap=demo&sitemap=demo&w=0000&poll=true&__async=true&__source=waHome HTTP/1.1" 200 92 
0:0:0:0:0:0:0:1 -  -  [09/Jun/2015:16:23:38 +0000] "GET /openhab.app?sitemap=demo&sitemap=demo&w=0001&poll=true&__async=true&__source=waHome HTTP/1.1" 200 92 
0:0:0:0:0:0:0:1 -  -  [09/Jun/2015:16:23:41 +0000] "GET /openhab.app?sitemap=demo&sitemap=demo&w=Home&poll=true&__async=true&__source=waHome HTTP/1.1" 200 92 
0:0:0:0:0:0:0:1 -  -  [09/Jun/2015:16:23:41 +0000] "GET /openhab.app?sitemap=demo&poll=true&__async=true&__source=waHome HTTP/1.1" 200 92 
0:0:0:0:0:0:0:1 -  -  [09/Jun/2015:16:23:41 +0000] "GET /openhab.app?sitemap=demo&sitemap=demo&w=&poll=true&__async=true&__source=waHome HTTP/1.1" 200 92 
0:0:0:0:0:0:0:1 -  -  [09/Jun/2015:16:23:46 +0000] "GET /openhab.app?sitemap=demo&sitemap=demo&w=0000&poll=true&__async=true&__source=waHome HTTP/1.1" 200 92 
0:0:0:0:0:0:0:1 -  -  [09/Jun/2015:16:23:49 +0000] "GET /openhab.app?sitemap=demo&sitemap=demo&w=0001&poll=true&__async=true&__source=waHome HTTP/1.1" 200 92 
0:0:0:0:0:0:0:1 -  -  [09/Jun/2015:16:23:51 +0000] "GET /openhab.app?sitemap=demo&sitemap=demo&w=Home&poll=true&__async=true&__source=waHome HTTP/1.1" 200 92 
0:0:0:0:0:0:0:1 -  -  [09/Jun/2015:16:23:51 +0000] "GET /openhab.app?sitemap=demo&poll=true&__async=true&__source=waHome HTTP/1.1" 200 92 
0:0:0:0:0:0:0:1 -  -  [09/Jun/2015:16:23:51 +0000] "GET /openhab.app?sitemap=demo&sitemap=demo&w=&poll=true&__async=true&__source=waHome HTTP/1.1" 200 92 
0:0:0:0:0:0:0:1 -  -  [09/Jun/2015:16:23:57 +0000] "GET /openhab.app?sitemap=demo&sitemap=demo&w=0000&poll=true&__async=true&__source=waHome HTTP/1.1" 200 92 
0:0:0:0:0:0:0:1 -  -  [09/Jun/2015:16:23:59 +0000] "GET /openhab.app?sitemap=demo&sitemap=demo&w=0001&poll=true&__async=true&__source=waHome HTTP/1.1" 200 92 
0:0:0:0:0:0:0:1 -  -  [09/Jun/2015:16:24:02 +0000] "GET /openhab.app?sitemap=demo&sitemap=demo&w=Home&poll=true&__async=true&__source=waHome HTTP/1.1" 200 92 
0:0:0:0:0:0:0:1 -  -  [09/Jun/2015:16:24:02 +0000] "GET /openhab.app?sitemap=demo&poll=true&__async=true&__source=waHome HTTP/1.1" 200 92 
0:0:0:0:0:0:0:1 -  -  [09/Jun/2015:16:24:02 +0000] "GET /openhab.app?sitemap=demo&sitemap=demo&w=&poll=true&__async=true&__source=waHome HTTP/1.1" 200 92 
0:0:0:0:0:0:0:1 -  -  [09/Jun/2015:16:24:07 +0000] "GET /openhab.app?sitemap=demo&sitemap=demo&w=0000&poll=true&__async=true&__source=waHome HTTP/1.1" 200 92 
0:0:0:0:0:0:0:1 -  -  [09/Jun/2015:16:24:12 +0000] "GET /openhab.app?sitemap=demo&poll=true&__async=true&__source=waHome HTTP/1.1" 200 1907 
0:0:0:0:0:0:0:1 -  -  [09/Jun/2015:16:24:12 +0000] "GET /openhab.app?sitemap=demo&sitemap=demo&w=&poll=true&__async=true&__source=waHome HTTP/1.1" 200 1907 
0:0:0:0:0:0:0:1 -  -  [09/Jun/2015:16:24:10 +0000] "GET /openhab.app?sitemap=demo&sitemap=demo&w=0001&poll=true&__async=true&__source=waHome HTTP/1.1" 200 92 
0:0:0:0:0:0:0:1 -  -  [09/Jun/2015:16:24:12 +0000] "GET /openhab.app?sitemap=demo&sitemap=demo&w=Home&poll=true&__async=true&__source=waHome HTTP/1.1" 200 1907 
0:0:0:0:0:0:0:1 -  -  [09/Jun/2015:16:24:18 +0000] "GET /openhab.app?sitemap=demo&sitemap=demo&w=0000&poll=true&__async=true&__source=waHome HTTP/1.1" 200 92 
0:0:0:0:0:0:0:1 -  -  [09/Jun/2015:16:24:20 +0000] "GET /openhab.app?sitemap=demo&poll=true&__async=true&__source=waHome HTTP/1.1" 200 92 
0:0:0:0:0:0:0:1 -  -  [09/Jun/2015:16:24:20 +0000] "GET /openhab.app?sitemap=demo&sitemap=demo&w=&poll=true&__async=true&__source=waHome HTTP/1.1" 200 92 
0:0:0:0:0:0:0:1 -  -  [09/Jun/2015:16:24:20 +0000] "GET /openhab.app?sitemap=demo&sitemap=demo&w=0001&poll=true&__async=true&__source=waHome HTTP/1.1" 200 92 
0:0:0:0:0:0:0:1 -  -  [09/Jun/2015:16:24:20 +0000] "GET /openhab.app?sitemap=demo&sitemap=demo&w=Home&poll=true&__async=true&__source=waHome HTTP/1.1" 200 92 
0:0:0:0:0:0:0:1 -  -  [09/Jun/2015:16:24:29 +0000] "GET /openhab.app?sitemap=demo&sitemap=demo&w=0000&poll=true&__async=true&__source=waHome HTTP/1.1" 200 92 
0:0:0:0:0:0:0:1 -  -  [09/Jun/2015:16:24:30 +0000] "GET /openhab.app?sitemap=demo&poll=true&__async=true&__source=waHome HTTP/1.1" 200 92 
0:0:0:0:0:0:0:1 -  -  [09/Jun/2015:16:24:31 +0000] "GET /openhab.app?sitemap=demo&sitemap=demo&w=&poll=true&__async=true&__source=waHome HTTP/1.1" 200 92 
0:0:0:0:0:0:0:1 -  -  [09/Jun/2015:16:24:31 +0000] "GET /openhab.app?sitemap=demo&sitemap=demo&w=0001&poll=true&__async=true&__source=waHome HTTP/1.1" 200 92 
0:0:0:0:0:0:0:1 -  -  [09/Jun/2015:16:24:31 +0000] "GET /openhab.app?sitemap=demo&sitemap=demo&w=Home&poll=true&__async=true&__source=waHome HTTP/1.1" 200 92 
0:0:0:0:0:0:0:1 -  -  [09/Jun/2015:16:24:39 +0000] "GET /openhab.app?sitemap=demo&sitemap=demo&w=0000&poll=true&__async=true&__source=waHome HTTP/1.1" 200 92 
0:0:0:0:0:0:0:1 -  -  [09/Jun/2015:16:24:41 +0000] "GET /openhab.app?sitemap=demo&poll=true&__async=true&__source=waHome HTTP/1.1" 200 92 
0:0:0:0:0:0:0:1 -  -  [09/Jun/2015:16:24:41 +0000] "GET /openhab.app?sitemap=demo&sitemap=demo&w=&poll=true&__async=true&__source=waHome HTTP/1.1" 200 92 
0:0:0:0:0:0:0:1 -  -  [09/Jun/2015:16:24:41 +0000] "GET /openhab.app?sitemap=demo&sitemap=demo&w=Home&poll=true&__async=true&__source=waHome HTTP/1.1" 200 92 
0:0:0:0:0:0:0:1 -  -  [09/Jun/2015:16:24:41 +0000] "GET /openhab.app?sitemap=demo&sitemap=demo&w=0001&poll=true&__async=true&__source=waHome HTTP/1.1" 200 92 
0:0:0:0:0:0:0:1 -  -  [09/Jun/2015:16:24:50 +0000] "GET /openhab.app?sitemap=demo&sitemap=demo&w=0000&poll=true&__async=true&__source=waHome HTTP/1.1" 200 92 
0:0:0:0:0:0:0:1 -  -  [09/Jun/2015:16:24:51 +0000] "GET /openhab.app?sitemap=demo&poll=true&__async=true&__source=waHome HTTP/1.1" 200 92 
0:0:0:0:0:0:0:1 -  -  [09/Jun/2015:16:24:52 +0000] "GET /openhab.app?sitemap=demo&sitemap=demo&w=&poll=true&__async=true&__source=waHome HTTP/1.1" 200 92 
0:0:0:0:0:0:0:1 -  -  [09/Jun/2015:16:24:52 +0000] "GET /openhab.app?sitemap=demo&sitemap=demo&w=0001&poll=true&__async=true&__source=waHome HTTP/1.1" 200 92 
0:0:0:0:0:0:0:1 -  -  [09/Jun/2015:16:24:52 +0000] "GET /openhab.app?sitemap=demo&sitemap=demo&w=Home&poll=true&__async=true&__source=waHome HTTP/1.1" 200 92 
0:0:0:0:0:0:0:1 -  -  [09/Jun/2015:16:25:00 +0000] "GET /openhab.app?sitemap=demo&sitemap=demo&w=0000&poll=true&__async=true&__source=waHome HTTP/1.1" 200 92 
0:0:0:0:0:0:0:1 -  -  [09/Jun/2015:16:25:02 +0000] "GET /openhab.app?sitemap=demo&poll=true&__async=true&__source=waHome HTTP/1.1" 200 92 
0:0:0:0:0:0:0:1 -  -  [09/Jun/2015:16:25:02 +0000] "GET /openhab.app?sitemap=demo&sitemap=demo&w=&poll=true&__async=true&__source=waHome HTTP/1.1" 200 92 
0:0:0:0:0:0:0:1 -  -  [09/Jun/2015:16:25:02 +0000] "GET /openhab.app?sitemap=demo&sitemap=demo&w=0001&poll=true&__async=true&__source=waHome HTTP/1.1" 200 92 
0:0:0:0:0:0:0:1 -  -  [09/Jun/2015:16:25:02 +0000] "GET /openhab.app?sitemap=demo&sitemap=demo&w=Home&poll=true&__async=true&__source=waHome HTTP/1.1" 200 92 
0:0:0:0:0:0:0:1 -  -  [09/Jun/2015:16:25:13 +0000] "GET /openhab.app?sitemap=demo&sitemap=demo&w=&poll=true&__async=true&__source=waHome HTTP/1.1" 200 1907 
0:0:0:0:0:0:0:1 -  -  [09/Jun/2015:16:25:13 +0000] "GET /openhab.app?sitemap=demo&sitemap=demo&w=Home&poll=true&__async=true&__source=waHome HTTP/1.1" 200 1907 
0:0:0:0:0:0:0:1 -  -  [09/Jun/2015:16:25:13 +0000] "GET /openhab.app?sitemap=demo&poll=true&__async=true&__source=waHome HTTP/1.1" 200 1907 
0:0:0:0:0:0:0:1 -  -  [09/Jun/2015:16:25:11 +0000] "GET /openhab.app?sitemap=demo&sitemap=demo&w=0000&poll=true&__async=true&__source=waHome HTTP/1.1" 200 92 
0:0:0:0:0:0:0:1 -  -  [09/Jun/2015:16:25:13 +0000] "GET /openhab.app?sitemap=demo&sitemap=demo&w=0001&poll=true&__async=true&__source=waHome HTTP/1.1" 200 92 
0:0:0:0:0:0:0:1 -  -  [09/Jun/2015:16:25:20 +0000] "GET /openhab.app?sitemap=demo&sitemap=demo&w=&poll=true&__async=true&__source=waHome HTTP/1.1" 200 92 
0:0:0:0:0:0:0:1 -  -  [09/Jun/2015:16:25:21 +0000] "GET /openhab.app?sitemap=demo&sitemap=demo&w=Home&poll=true&__async=true&__source=waHome HTTP/1.1" 200 92 
0:0:0:0:0:0:0:1 -  -  [09/Jun/2015:16:25:21 +0000] "GET /openhab.app?sitemap=demo&poll=true&__async=true&__source=waHome HTTP/1.1" 200 92 
0:0:0:0:0:0:0:1 -  -  [09/Jun/2015:16:25:21 +0000] "GET /openhab.app?sitemap=demo&sitemap=demo&w=0000&poll=true&__async=true&__source=waHome HTTP/1.1" 200 92 
0:0:0:0:0:0:0:1 -  -  [09/Jun/2015:16:25:24 +0000] "GET /openhab.app?sitemap=demo&sitemap=demo&w=0001&poll=true&__async=true&__source=waHome HTTP/1.1" 200 92 
0:0:0:0:0:0:0:1 -  -  [09/Jun/2015:16:25:31 +0000] "GET /openhab.app?sitemap=demo&sitemap=demo&w=&poll=true&__async=true&__source=waHome HTTP/1.1" 200 92 
0:0:0:0:0:0:0:1 -  -  [09/Jun/2015:16:25:31 +0000] "GET /openhab.app?sitemap=demo&sitemap=demo&w=Home&poll=true&__async=true&__source=waHome HTTP/1.1" 200 92 
0:0:0:0:0:0:0:1 -  -  [09/Jun/2015:16:25:31 +0000] "GET /openhab.app?sitemap=demo&poll=true&__async=true&__source=waHome HTTP/1.1" 200 92 
0:0:0:0:0:0:0:1 -  -  [09/Jun/2015:16:25:32 +0000] "GET /openhab.app?sitemap=demo&sitemap=demo&w=0000&poll=true&__async=true&__source=waHome HTTP/1.1" 200 92 
0:0:0:0:0:0:0:1 -  -  [09/Jun/2015:16:25:34 +0000] "GET /openhab.app?sitemap=demo&sitemap=demo&w=0001&poll=true&__async=true&__source=waHome HTTP/1.1" 200 92 
0:0:0:0:0:0:0:1 -  -  [09/Jun/2015:16:25:41 +0000] "GET /openhab.app?sitemap=demo&sitemap=demo&w=&poll=true&__async=true&__source=waHome HTTP/1.1" 200 92 
0:0:0:0:0:0:0:1 -  -  [09/Jun/2015:16:25:42 +0000] "GET /openhab.app?sitemap=demo&sitemap=demo&w=Home&poll=true&__async=true&__source=waHome HTTP/1.1" 200 92 
0:0:0:0:0:0:0:1 -  -  [09/Jun/2015:16:25:42 +0000] "GET /openhab.app?sitemap=demo&poll=true&__async=true&__source=waHome HTTP/1.1" 200 92 
0:0:0:0:0:0:0:1 -  -  [09/Jun/2015:16:25:42 +0000] "GET /openhab.app?sitemap=demo&sitemap=demo&w=0000&poll=true&__async=true&__source=waHome HTTP/1.1" 200 92 
0:0:0:0:0:0:0:1 -  -  [09/Jun/2015:16:25:45 +0000] "GET /openhab.app?sitemap=demo&sitemap=demo&w=0001&poll=true&__async=true&__source=waHome HTTP/1.1" 200 92 
0:0:0:0:0:0:0:1 -  -  [09/Jun/2015:16:25:52 +0000] "GET /openhab.app?sitemap=demo&sitemap=demo&w=&poll=true&__async=true&__source=waHome HTTP/1.1" 200 92 
0:0:0:0:0:0:0:1 -  -  [09/Jun/2015:16:25:52 +0000] "GET /openhab.app?sitemap=demo&sitemap=demo&w=Home&poll=true&__async=true&__source=waHome HTTP/1.1" 200 92 
0:0:0:0:0:0:0:1 -  -  [09/Jun/2015:16:25:52 +0000] "GET /openhab.app?sitemap=demo&poll=true&__async=true&__source=waHome HTTP/1.1" 200 92 
0:0:0:0:0:0:0:1 -  -  [09/Jun/2015:16:25:53 +0000] "GET /openhab.app?sitemap=demo&sitemap=demo&w=0000&poll=true&__async=true&__source=waHome HTTP/1.1" 200 92 
0:0:0:0:0:0:0:1 -  -  [09/Jun/2015:16:26:05 +0000] "GET /openhab.app?sitemap=demo HTTP/1.1" 200 10452 
0:0:0:0:0:0:0:1 -  -  [09/Jun/2015:16:26:05 +0000] "GET /WebApp/Design/Render.css HTTP/1.1" 304 0 
0:0:0:0:0:0:0:1 -  -  [09/Jun/2015:16:26:05 +0000] "GET /WebApp/Design/RenderRTL.css HTTP/1.1" 304 0 
0:0:0:0:0:0:0:1 -  -  [09/Jun/2015:16:26:05 +0000] "GET /WebApp/Design/openHAB.css HTTP/1.1" 304 0 
0:0:0:0:0:0:0:1 -  -  [09/Jun/2015:16:26:05 +0000] "GET /WebApp/Design/Firefox.css HTTP/1.1" 304 0 
0:0:0:0:0:0:0:1 -  -  [09/Jun/2015:16:26:05 +0000] "GET /jquery.miniColors.js HTTP/1.1" 304 0 
0:0:0:0:0:0:0:1 -  -  [09/Jun/2015:16:26:05 +0000] "GET /jquery.miniColors.css HTTP/1.1" 304 0 
0:0:0:0:0:0:0:1 -  -  [09/Jun/2015:16:26:05 +0000] "GET /jquery.min.js HTTP/1.1" 304 0 
0:0:0:0:0:0:0:1 -  -  [09/Jun/2015:16:26:05 +0000] "GET /WebApp/Action/Logic.min.js HTTP/1.1" 304 0 
0:0:0:0:0:0:0:1 -  -  [09/Jun/2015:16:26:05 +0000] "GET /images/firstfloor.png HTTP/1.1" 304 0 
0:0:0:0:0:0:0:1 -  -  [09/Jun/2015:16:26:05 +0000] "GET /images/groundfloor.png HTTP/1.1" 304 0 
0:0:0:0:0:0:0:1 -  -  [09/Jun/2015:16:26:05 +0000] "GET /images/cellar.png HTTP/1.1" 304 0 
0:0:0:0:0:0:0:1 -  -  [09/Jun/2015:16:26:05 +0000] "GET /images/calendar.png HTTP/1.1" 304 0 
0:0:0:0:0:0:0:1 -  -  [09/Jun/2015:16:26:05 +0000] "GET /images/temperature.png HTTP/1.1" 304 0 
0:0:0:0:0:0:0:1 -  -  [09/Jun/2015:16:26:05 +0000] "GET /images/garden.png HTTP/1.1" 304 0 
0:0:0:0:0:0:0:1 -  -  [09/Jun/2015:16:26:05 +0000] "GET /images/chart.png HTTP/1.1" 304 0 
0:0:0:0:0:0:0:1 -  -  [09/Jun/2015:16:26:05 +0000] "GET /images/none.png HTTP/1.1" 304 0 
0:0:0:0:0:0:0:1 -  -  [09/Jun/2015:16:26:05 +0000] "GET /images/video.png HTTP/1.1" 304 0 
0:0:0:0:0:0:0:1 -  -  [09/Jun/2015:16:26:06 +0000] "GET /openhab.app?sitemap=demo&w=0000&__async=true&__source=waHome HTTP/1.1" 200 1113 
0:0:0:0:0:0:0:1 -  -  [09/Jun/2015:16:25:55 +0000] "GET /openhab.app?sitemap=demo&sitemap=demo&w=0001&poll=true&__async=true&__source=waHome HTTP/1.1" 200 92 
0:0:0:0:0:0:0:1 -  -  [09/Jun/2015:16:26:07 +0000] "GET /openhab.app?sitemap=demo&w=FF_Bath&__async=true&__source=wa0000 HTTP/1.1" 200 2367 
0:0:0:0:0:0:0:1 -  -  [09/Jun/2015:16:26:07 +0000] "GET /images/switch-off.png HTTP/1.1" 200 1467 
0:0:0:0:0:0:0:1 -  -  [09/Jun/2015:16:26:07 +0000] "GET /images/_down.png HTTP/1.1" 200 1690 
0:0:0:0:0:0:0:1 -  -  [09/Jun/2015:16:26:07 +0000] "GET /images/rollershutter.png HTTP/1.1" 200 4037 
0:0:0:0:0:0:0:1 -  -  [09/Jun/2015:16:26:07 +0000] "GET /images/_stop.png HTTP/1.1" 200 1911 
0:0:0:0:0:0:0:1 -  -  [09/Jun/2015:16:26:07 +0000] "GET /images/_up.png HTTP/1.1" 200 1697 
0:0:0:0:0:0:0:1 -  -  [09/Jun/2015:16:26:07 +0000] "GET /images/heating-off.png HTTP/1.1" 200 4710 
0:0:0:0:0:0:0:1 -  -  [09/Jun/2015:16:26:07 +0000] "GET /images/contact-closed.png HTTP/1.1" 200 4262 
0:0:0:0:0:0:0:1 -  -  [09/Jun/2015:16:26:08 +0000] "GET /WebApp/Design/Img/bg-switch.png HTTP/1.1" 200 157 
0:0:0:0:0:0:0:1 -  -  [09/Jun/2015:16:26:08 +0000] "GET /WebApp/Design/Img/form-check-text.png HTTP/1.1" 200 122 
0:0:0:0:0:0:0:1 -  -  [09/Jun/2015:16:26:08 +0000] "GET /WebApp/Design/Img/bg-switch-thumb.png HTTP/1.1" 200 164 
0:0:0:0:0:0:0:1 -  -  [09/Jun/2015:16:26:10 +0000] "GET /WebApp/Design/Img/form-check-texton.png HTTP/1.1" 200 121 
0:0:0:0:0:0:0:1 -  -  [09/Jun/2015:16:26:10 +0000] "GET /CMD?Light_FF_Bath_Ceiling=TOGGLE&__async=true&__source=waFF_Bath HTTP/1.1" 200 13 
0:0:0:0:0:0:0:1 -  -  [09/Jun/2015:16:26:06 +0000] "GET /openhab.app?sitemap=demo&sitemap=demo&w=0000&poll=true&__async=true&__source=wa0000 HTTP/1.1" 200 1113 
0:0:0:0:0:0:0:1 -  -  [09/Jun/2015:16:26:03 +0000] "GET /openhab.app?sitemap=demo&sitemap=demo&w=Home&poll=true&__async=true&__source=waHome HTTP/1.1" 200 1907 
0:0:0:0:0:0:0:1 -  -  [09/Jun/2015:16:26:03 +0000] "GET /openhab.app?sitemap=demo&poll=true&__async=true&__source=waHome HTTP/1.1" 200 1907 
0:0:0:0:0:0:0:1 -  -  [09/Jun/2015:16:26:08 +0000] "GET /openhab.app?sitemap=demo&sitemap=demo&w=FF_Bath&poll=true&__async=true&__source=waFF_Bath HTTP/1.1" 200 2378 
0:0:0:0:0:0:0:1 -  -  [09/Jun/2015:16:26:10 +0000] "GET /images/switch-on.png HTTP/1.1" 200 2076 
0:0:0:0:0:0:0:1 -  -  [09/Jun/2015:16:26:07 +0000] "GET /openhab.app?sitemap=demo&poll=true&__async=true&__source=wa0000 HTTP/1.1" 200 1907 
0:0:0:0:0:0:0:1 -  -  [09/Jun/2015:16:26:03 +0000] "GET /openhab.app?sitemap=demo&sitemap=demo&w=&poll=true&__async=true&__source=waHome HTTP/1.1" 200 1907 
0:0:0:0:0:0:0:1 -  -  [09/Jun/2015:16:26:04 +0000] "GET /openhab.app?sitemap=demo&sitemap=demo&w=0000&poll=true&__async=true&__source=waHome HTTP/1.1" 200 1113 
0:0:0:0:0:0:0:1 -  -  [09/Jun/2015:16:26:11 +0000] "GET /CMD?Light_FF_Bath_Ceiling=TOGGLE&__async=true&__source=waFF_Bath HTTP/1.1" 200 13 
0:0:0:0:0:0:0:1 -  -  [09/Jun/2015:16:26:10 +0000] "GET /openhab.app?sitemap=demo&sitemap=demo&w=FF_Bath&poll=true&__async=true&__source=waFF_Bath HTTP/1.1" 200 2367 
0:0:0:0:0:0:0:1 -  -  [09/Jun/2015:16:26:14 +0000] "GET /openhab.app?sitemap=demo&sitemap=demo&w=Home&poll=true&__async=true&__source=waHome HTTP/1.1" 200 1907 
0:0:0:0:0:0:0:1 -  -  [09/Jun/2015:16:26:11 +0000] "GET /openhab.app?sitemap=demo&sitemap=demo&w=FF_Bath&poll=true&__async=true&__source=waFF_Bath HTTP/1.1" 200 92 
0:0:0:0:0:0:0:1 -  -  [09/Jun/2015:16:26:13 +0000] "GET /openhab.app?sitemap=demo&sitemap=demo&w=0000&poll=true&__async=true&__source=wa0000 HTTP/1.1" 200 92 
0:0:0:0:0:0:0:1 -  -  [09/Jun/2015:16:26:21 +0000] "GET /openhab.app?sitemap=demo&sitemap=demo&w=Home&poll=true&__async=true&__source=waHome HTTP/1.1" 200 92 
0:0:0:0:0:0:0:1 -  -  [09/Jun/2015:16:26:22 +0000] "GET /openhab.app?sitemap=demo&sitemap=demo&w=FF_Bath&poll=true&__async=true&__source=waHome HTTP/1.1" 200 92 
0:0:0:0:0:0:0:1 -  -  [09/Jun/2015:16:26:24 +0000] "GET /openhab.app?sitemap=demo&sitemap=demo&w=0000&poll=true&__async=true&__source=waHome HTTP/1.1" 200 92 
0:0:0:0:0:0:0:1 -  -  [09/Jun/2015:16:26:32 +0000] "GET /openhab.app?sitemap=demo&sitemap=demo&w=Home&poll=true&__async=true&__source=waHome HTTP/1.1" 200 92 
0:0:0:0:0:0:0:1 -  -  [09/Jun/2015:16:26:33 +0000] "GET /openhab.app?sitemap=demo&sitemap=demo&w=FF_Bath&poll=true&__async=true&__source=waHome HTTP/1.1" 200 92 
0:0:0:0:0:0:0:1 -  -  [09/Jun/2015:16:26:35 +0000] "GET /openhab.app?sitemap=demo&sitemap=demo&w=0000&poll=true&__async=true&__source=waHome HTTP/1.1" 200 92 
0:0:0:0:0:0:0:1 -  -  [09/Jun/2015:16:26:42 +0000] "GET /openhab.app?sitemap=demo&sitemap=demo&w=Home&poll=true&__async=true&__source=waHome HTTP/1.1" 200 92 
0:0:0:0:0:0:0:1 -  -  [09/Jun/2015:16:26:43 +0000] "GET /openhab.app?sitemap=demo&sitemap=demo&w=FF_Bath&poll=true&__async=true&__source=waHome HTTP/1.1" 200 92 
0:0:0:0:0:0:0:1 -  -  [09/Jun/2015:16:26:45 +0000] "GET /openhab.app?sitemap=demo&sitemap=demo&w=0000&poll=true&__async=true&__source=waHome HTTP/1.1" 200 92 
0:0:0:0:0:0:0:1 -  -  [09/Jun/2015:16:26:53 +0000] "GET /openhab.app?sitemap=demo&sitemap=demo&w=Home&poll=true&__async=true&__source=waHome HTTP/1.1" 200 92 
0:0:0:0:0:0:0:1 -  -  [09/Jun/2015:16:26:54 +0000] "GET /openhab.app?sitemap=demo&sitemap=demo&w=FF_Bath&poll=true&__async=true&__source=waHome HTTP/1.1" 200 92 
0:0:0:0:0:0:0:1 -  -  [09/Jun/2015:16:26:56 +0000] "GET /openhab.app?sitemap=demo&sitemap=demo&w=0000&poll=true&__async=true&__source=waHome HTTP/1.1" 200 92 
0:0:0:0:0:0:0:1 -  -  [09/Jun/2015:16:27:04 +0000] "GET /openhab.app?sitemap=demo&sitemap=demo&w=Home&poll=true&__async=true&__source=waHome HTTP/1.1" 200 92 
0:0:0:0:0:0:0:1 -  -  [09/Jun/2015:16:27:04 +0000] "GET /openhab.app?sitemap=demo&sitemap=demo&w=FF_Bath&poll=true&__async=true&__source=waHome HTTP/1.1" 200 92 
0:0:0:0:0:0:0:1 -  -  [09/Jun/2015:16:27:06 +0000] "GET /openhab.app?sitemap=demo&sitemap=demo&w=0000&poll=true&__async=true&__source=waHome HTTP/1.1" 200 92 
0:0:0:0:0:0:0:1 -  -  [09/Jun/2015:16:27:14 +0000] "GET /openhab.app?sitemap=demo&sitemap=demo&w=Home&poll=true&__async=true&__source=waHome HTTP/1.1" 200 1907 
0:0:0:0:0:0:0:1 -  -  [09/Jun/2015:16:27:15 +0000] "GET /openhab.app?sitemap=demo&sitemap=demo&w=FF_Bath&poll=true&__async=true&__source=waHome HTTP/1.1" 200 92 
0:0:0:0:0:0:0:1 -  -  [09/Jun/2015:16:27:17 +0000] "GET /openhab.app?sitemap=demo&sitemap=demo&w=0000&poll=true&__async=true&__source=waHome HTTP/1.1" 200 92 
0:0:0:0:0:0:0:1 -  -  [09/Jun/2015:16:27:22 +0000] "GET /openhab.app?sitemap=demo&sitemap=demo&w=Home&poll=true&__async=true&__source=waHome HTTP/1.1" 200 92 
0:0:0:0:0:0:0:1 -  -  [09/Jun/2015:16:27:25 +0000] "GET /openhab.app?sitemap=demo&sitemap=demo&w=FF_Bath&poll=true&__async=true&__source=waHome HTTP/1.1" 200 92 
0:0:0:0:0:0:0:1 -  -  [09/Jun/2015:16:27:27 +0000] "GET /openhab.app?sitemap=demo&sitemap=demo&w=0000&poll=true&__async=true&__source=waHome HTTP/1.1" 200 92 
0:0:0:0:0:0:0:1 -  -  [09/Jun/2015:16:27:32 +0000] "GET /openhab.app?sitemap=demo&sitemap=demo&w=Home&poll=true&__async=true&__source=waHome HTTP/1.1" 200 92 
0:0:0:0:0:0:0:1 -  -  [09/Jun/2015:16:27:36 +0000] "GET /openhab.app?sitemap=demo&sitemap=demo&w=FF_Bath&poll=true&__async=true&__source=waHome HTTP/1.1" 200 92 
0:0:0:0:0:0:0:1 -  -  [09/Jun/2015:16:27:38 +0000] "GET /openhab.app?sitemap=demo&sitemap=demo&w=0000&poll=true&__async=true&__source=waHome HTTP/1.1" 200 92 
0:0:0:0:0:0:0:1 -  -  [09/Jun/2015:16:27:43 +0000] "GET /openhab.app?sitemap=demo&sitemap=demo&w=Home&poll=true&__async=true&__source=waHome HTTP/1.1" 200 92 
0:0:0:0:0:0:0:1 -  -  [09/Jun/2015:16:27:47 +0000] "GET /openhab.app?sitemap=demo&sitemap=demo&w=FF_Bath&poll=true&__async=true&__source=waHome HTTP/1.1" 200 92 
0:0:0:0:0:0:0:1 -  -  [09/Jun/2015:16:27:49 +0000] "GET /openhab.app?sitemap=demo&sitemap=demo&w=0000&poll=true&__async=true&__source=waHome HTTP/1.1" 200 92 
0:0:0:0:0:0:0:1 -  -  [09/Jun/2015:16:27:53 +0000] "GET /openhab.app?sitemap=demo&sitemap=demo&w=Home&poll=true&__async=true&__source=waHome HTTP/1.1" 200 92 
0:0:0:0:0:0:0:1 -  -  [09/Jun/2015:16:27:57 +0000] "GET /openhab.app?sitemap=demo&sitemap=demo&w=FF_Bath&poll=true&__async=true&__source=waHome HTTP/1.1" 200 92 
0:0:0:0:0:0:0:1 -  -  [09/Jun/2015:16:27:59 +0000] "GET /openhab.app?sitemap=demo&sitemap=demo&w=0000&poll=true&__async=true&__source=waHome HTTP/1.1" 200 92 
0:0:0:0:0:0:0:1 -  -  [09/Jun/2015:16:28:04 +0000] "GET /openhab.app?sitemap=demo&sitemap=demo&w=Home&poll=true&__async=true&__source=waHome HTTP/1.1" 200 92 
0:0:0:0:0:0:0:1 -  -  [09/Jun/2015:16:28:08 +0000] "GET /openhab.app?sitemap=demo&sitemap=demo&w=FF_Bath&poll=true&__async=true&__source=waHome HTTP/1.1" 200 92 
0:0:0:0:0:0:0:1 -  -  [09/Jun/2015:16:28:10 +0000] "GET /openhab.app?sitemap=demo&sitemap=demo&w=0000&poll=true&__async=true&__source=waHome HTTP/1.1" 200 92 
0:0:0:0:0:0:0:1 -  -  [09/Jun/2015:16:28:14 +0000] "GET /openhab.app?sitemap=demo&sitemap=demo&w=Home&poll=true&__async=true&__source=waHome HTTP/1.1" 200 1907 
0:0:0:0:0:0:0:1 -  -  [09/Jun/2015:16:28:18 +0000] "GET /openhab.app?sitemap=demo&sitemap=demo&w=FF_Bath&poll=true&__async=true&__source=waHome HTTP/1.1" 200 92 
0:0:0:0:0:0:0:1 -  -  [09/Jun/2015:16:28:20 +0000] "GET /openhab.app?sitemap=demo&sitemap=demo&w=0000&poll=true&__async=true&__source=waHome HTTP/1.1" 200 92 
0:0:0:0:0:0:0:1 -  -  [09/Jun/2015:16:28:22 +0000] "GET /openhab.app?sitemap=demo&sitemap=demo&w=Home&poll=true&__async=true&__source=waHome HTTP/1.1" 200 92 
0:0:0:0:0:0:0:1 -  -  [09/Jun/2015:16:28:29 +0000] "GET /openhab.app?sitemap=demo&sitemap=demo&w=FF_Bath&poll=true&__async=true&__source=waHome HTTP/1.1" 200 92 
0:0:0:0:0:0:0:1 -  -  [09/Jun/2015:16:28:31 +0000] "GET /openhab.app?sitemap=demo&sitemap=demo&w=0000&poll=true&__async=true&__source=waHome HTTP/1.1" 200 92 
0:0:0:0:0:0:0:1 -  -  [09/Jun/2015:16:28:33 +0000] "GET /openhab.app?sitemap=demo&sitemap=demo&w=Home&poll=true&__async=true&__source=waHome HTTP/1.1" 200 92 
0:0:0:0:0:0:0:1 -  -  [09/Jun/2015:16:28:39 +0000] "GET /openhab.app?sitemap=demo&sitemap=demo&w=FF_Bath&poll=true&__async=true&__source=waHome HTTP/1.1" 200 92 
0:0:0:0:0:0:0:1 -  -  [09/Jun/2015:16:28:41 +0000] "GET /openhab.app?sitemap=demo&sitemap=demo&w=0000&poll=true&__async=true&__source=waHome HTTP/1.1" 200 92 
0:0:0:0:0:0:0:1 -  -  [09/Jun/2015:16:28:43 +0000] "GET /openhab.app?sitemap=demo&sitemap=demo&w=Home&poll=true&__async=true&__source=waHome HTTP/1.1" 200 92 
0:0:0:0:0:0:0:1 -  -  [09/Jun/2015:16:28:50 +0000] "GET /openhab.app?sitemap=demo&sitemap=demo&w=FF_Bath&poll=true&__async=true&__source=waHome HTTP/1.1" 200 92 
0:0:0:0:0:0:0:1 -  -  [09/Jun/2015:16:28:52 +0000] "GET /openhab.app?sitemap=demo&sitemap=demo&w=0000&poll=true&__async=true&__source=waHome HTTP/1.1" 200 92 
0:0:0:0:0:0:0:1 -  -  [09/Jun/2015:16:28:54 +0000] "GET /openhab.app?sitemap=demo&sitemap=demo&w=Home&poll=true&__async=true&__source=waHome HTTP/1.1" 200 92 
0:0:0:0:0:0:0:1 -  -  [09/Jun/2015:16:29:00 +0000] "GET /openhab.app?sitemap=demo&sitemap=demo&w=FF_Bath&poll=true&__async=true&__source=waHome HTTP/1.1" 200 92 
0:0:0:0:0:0:0:1 -  -  [09/Jun/2015:16:29:02 +0000] "GET /openhab.app?sitemap=demo&sitemap=demo&w=0000&poll=true&__async=true&__source=waHome HTTP/1.1" 200 92 
0:0:0:0:0:0:0:1 -  -  [09/Jun/2015:16:29:04 +0000] "GET /openhab.app?sitemap=demo&sitemap=demo&w=Home&poll=true&__async=true&__source=waHome HTTP/1.1" 200 92 
0:0:0:0:0:0:0:1 -  -  [09/Jun/2015:16:29:11 +0000] "GET /openhab.app?sitemap=demo&sitemap=demo&w=FF_Bath&poll=true&__async=true&__source=waHome HTTP/1.1" 200 92 
0:0:0:0:0:0:0:1 -  -  [09/Jun/2015:16:29:15 +0000] "GET /openhab.app?sitemap=demo&sitemap=demo&w=Home&poll=true&__async=true&__source=waHome HTTP/1.1" 200 1907 
0:0:0:0:0:0:0:1 -  -  [09/Jun/2015:16:29:13 +0000] "GET /openhab.app?sitemap=demo&sitemap=demo&w=0000&poll=true&__async=true&__source=waHome HTTP/1.1" 200 92 
0:0:0:0:0:0:0:1 -  -  [09/Jun/2015:16:29:22 +0000] "GET /openhab.app?sitemap=demo&sitemap=demo&w=FF_Bath&poll=true&__async=true&__source=waHome HTTP/1.1" 200 92 
0:0:0:0:0:0:0:1 -  -  [09/Jun/2015:16:29:23 +0000] "GET /openhab.app?sitemap=demo&sitemap=demo&w=Home&poll=true&__async=true&__source=waHome HTTP/1.1" 200 92 
0:0:0:0:0:0:0:1 -  -  [09/Jun/2015:16:29:24 +0000] "GET /openhab.app?sitemap=demo&sitemap=demo&w=0000&poll=true&__async=true&__source=waHome HTTP/1.1" 200 92 
0:0:0:0:0:0:0:1 -  -  [09/Jun/2015:16:29:32 +0000] "GET /openhab.app?sitemap=demo&sitemap=demo&w=FF_Bath&poll=true&__async=true&__source=waHome HTTP/1.1" 200 92 
0:0:0:0:0:0:0:1 -  -  [09/Jun/2015:16:29:33 +0000] "GET /openhab.app?sitemap=demo&sitemap=demo&w=Home&poll=true&__async=true&__source=waHome HTTP/1.1" 200 92 
0:0:0:0:0:0:0:1 -  -  [09/Jun/2015:16:29:34 +0000] "GET /openhab.app?sitemap=demo&sitemap=demo&w=0000&poll=true&__async=true&__source=waHome HTTP/1.1" 200 92 
0:0:0:0:0:0:0:1 -  -  [09/Jun/2015:16:29:43 +0000] "GET /openhab.app?sitemap=demo&sitemap=demo&w=FF_Bath&poll=true&__async=true&__source=waHome HTTP/1.1" 200 92 
0:0:0:0:0:0:0:1 -  -  [09/Jun/2015:16:29:44 +0000] "GET /openhab.app?sitemap=demo&sitemap=demo&w=Home&poll=true&__async=true&__source=waHome HTTP/1.1" 200 92 
0:0:0:0:0:0:0:1 -  -  [09/Jun/2015:16:29:45 +0000] "GET /openhab.app?sitemap=demo&sitemap=demo&w=0000&poll=true&__async=true&__source=waHome HTTP/1.1" 200 92 
