2015-06-09 12:22:18 - Date state updated to 2015-06-09T12:22:18
2015-06-09 12:22:19 - Weather_Humidity state updated to 32
2015-06-09 12:22:19 - Weather_Temperature state updated to 19
2015-06-09 12:22:25 - Light_GF_Living_Table state updated to OFF
2015-06-09 12:22:25 - Light_GF_Corridor_Ceiling state updated to OFF
2015-06-09 12:22:25 - Light_GF_Kitchen_Ceiling state updated to OFF
2015-06-09 12:22:25 - Light_GF_Kitchen_Table state updated to OFF
2015-06-09 12:22:25 - Light_GF_Corridor_Wardrobe state updated to OFF
2015-06-09 12:22:25 - Light_GF_Toilet_Ceiling state updated to OFF
2015-06-09 12:22:25 - Light_GF_Toilet_Mirror state updated to ON
2015-06-09 12:22:25 - Light_FF_Bath_Ceiling state updated to OFF
2015-06-09 12:22:25 - Light_FF_Bath_Mirror state updated to OFF
2015-06-09 12:22:25 - Light_FF_Corridor_Ceiling state updated to OFF
2015-06-09 12:22:25 - Light_FF_Office_Ceiling state updated to OFF
2015-06-09 12:22:25 - Light_FF_Child_Ceiling state updated to OFF
2015-06-09 12:22:25 - Light_FF_Bed_Ceiling state updated to OFF
2015-06-09 12:22:25 - Light_C_Corridor_Ceiling state updated to OFF
2015-06-09 12:22:25 - Light_C_Staircase state updated to ON
2015-06-09 12:22:25 - Light_C_Washing_Ceiling state updated to ON
2015-06-09 12:22:25 - Light_C_Workshop state updated to OFF
2015-06-09 12:22:25 - Light_Outdoor_Garage state updated to ON
2015-06-09 12:22:25 - Light_Outdoor_Terrace state updated to OFF
2015-06-09 12:22:25 - Light_Outdoor_Frontdoor state updated to ON
2015-06-09 12:22:25 - Heating_GF_Corridor state updated to OFF
2015-06-09 12:22:25 - Heating_GF_Toilet state updated to OFF
2015-06-09 12:22:25 - Heating_GF_Living state updated to OFF
2015-06-09 12:22:25 - Heating_GF_Kitchen state updated to OFF
2015-06-09 12:22:25 - Heating_FF_Bath state updated to OFF
2015-06-09 12:22:25 - Heating_FF_Office state updated to OFF
2015-06-09 12:22:25 - Heating_FF_Child state updated to OFF
2015-06-09 12:22:25 - Heating_FF_Bed state updated to OFF
2015-06-09 12:22:25 - Temperature_Setpoint state updated to 22
2015-06-09 12:22:25 - Window_GF_Frontdoor state updated to OPEN
2015-06-09 12:22:25 - Window_GF_Kitchen state updated to CLOSED
2015-06-09 12:22:25 - Window_GF_Living state updated to CLOSED
2015-06-09 12:22:25 - Window_GF_Toilet state updated to CLOSED
2015-06-09 12:22:25 - Window_FF_Bath state updated to CLOSED
2015-06-09 12:22:25 - Window_FF_Bed state updated to OPEN
2015-06-09 12:22:25 - Window_FF_Office_Window state updated to OPEN
2015-06-09 12:22:25 - Window_FF_Office_Door state updated to CLOSED
2015-06-09 12:22:25 - Garage_Door state updated to OPEN
2015-06-09 12:22:25 - DemoLocation state updated to 52.52°N, 13.40°W, 0.00 m
2015-06-09 12:22:26 - Weather_Temp_Max state updated to 19
2015-06-09 12:22:26 - Weather_Temp_Min state updated to 19
2015-06-09 12:23:19 - Weather_Humidity state updated to 32
2015-06-09 12:23:19 - Weather_Temperature state updated to 19
2015-06-09 12:23:19 - Weather_LastUpdate state updated to 2015-06-09T12:23:19
2015-06-09 12:24:19 - Weather_Humidity state updated to 32
2015-06-09 12:24:20 - Weather_Temperature state updated to 19
2015-06-09 12:24:20 - Weather_LastUpdate state updated to 2015-06-09T12:24:20
2015-06-09 12:25:20 - Weather_Humidity state updated to 32
2015-06-09 12:25:20 - Weather_Temperature state updated to 19
2015-06-09 12:25:20 - Weather_LastUpdate state updated to 2015-06-09T12:25:20
2015-06-09 12:26:10 - Light_FF_Bath_Ceiling received command ON
2015-06-09 12:26:11 - Light_FF_Bath_Ceiling received command OFF
2015-06-09 12:26:21 - Weather_Humidity state updated to 32
2015-06-09 12:26:21 - Weather_Temperature state updated to 19
2015-06-09 12:26:21 - Weather_LastUpdate state updated to 2015-06-09T12:26:21
2015-06-09 12:27:21 - Weather_Humidity state updated to 32
2015-06-09 12:27:21 - Weather_Temperature state updated to 19
2015-06-09 12:27:21 - Weather_LastUpdate state updated to 2015-06-09T12:27:21
2015-06-09 12:28:22 - Weather_Humidity state updated to 32
2015-06-09 12:28:22 - Weather_Temperature state updated to 19
2015-06-09 12:28:22 - Weather_LastUpdate state updated to 2015-06-09T12:28:22
2015-06-09 12:29:22 - Weather_Humidity state updated to 32
2015-06-09 12:29:23 - Weather_Temperature state updated to 19
2015-06-09 12:29:23 - Weather_LastUpdate state updated to 2015-06-09T12:29:23
