2015-06-21 17:07:22,263 - Temperature_GF_Corridor  : 21.30000000
2015-06-21 17:07:22,266 - Temperature_GF_Toilet    : 17.60000000
2015-06-21 17:07:22,269 - Temperature_GF_Living    : 20.10000000
2015-06-21 17:07:22,274 - Temperature_GF_Kitchen   : 22.50000000
2015-06-21 17:07:22,276 - Temperature_FF_Bath      : 19.90000000
2015-06-21 17:07:22,279 - Temperature_FF_Office    : 17.70000000
2015-06-21 17:07:22,283 - Temperature_FF_Child     : 21.30000000
2015-06-21 17:07:22,286 - Temperature_FF_Bed       : 18.70000000
2015-06-21 17:10:00,035 - Temperature_GF_Corridor  : 18.90000000
2015-06-21 17:10:00,039 - Temperature_GF_Toilet    : 19.90000000
2015-06-21 17:10:00,042 - Temperature_GF_Living    : 22.50000000
2015-06-21 17:10:00,045 - Temperature_GF_Kitchen   : 20.10000000
2015-06-21 17:10:00,048 - Temperature_FF_Bath      : 21.70000000
2015-06-21 17:10:00,050 - Temperature_FF_Office    : 20.00000000
2015-06-21 17:10:00,052 - Temperature_FF_Child     : 20.80000000
2015-06-21 17:10:00,055 - Temperature_FF_Bed       : 19.30000000
2015-06-21 17:15:00,017 - Temperature_GF_Corridor  : 19.60000000
2015-06-21 17:15:00,019 - Temperature_GF_Toilet    : 17.90000000
2015-06-21 17:15:00,021 - Temperature_GF_Living    : 18.90000000
2015-06-21 17:15:00,022 - Temperature_GF_Kitchen   : 18.20000000
2015-06-21 17:15:00,024 - Temperature_FF_Bath      : 19.00000000
2015-06-21 17:15:00,047 - Temperature_FF_Office    : 18.00000000
2015-06-21 17:15:00,050 - Temperature_FF_Child     : 21.20000000
2015-06-21 17:15:00,052 - Temperature_FF_Bed       : 22.40000000
2015-06-21 17:20:00,017 - Temperature_GF_Corridor  : 21.90000000
2015-06-21 17:20:00,018 - Temperature_GF_Toilet    : 19.90000000
2015-06-21 17:20:00,020 - Temperature_GF_Living    : 21.70000000
2015-06-21 17:20:00,025 - Temperature_GF_Kitchen   : 19.80000000
2015-06-21 17:20:00,026 - Temperature_FF_Bath      : 20.80000000
2015-06-21 17:20:00,028 - Temperature_FF_Office    : 17.70000000
2015-06-21 17:20:00,030 - Temperature_FF_Child     : 19.10000000
2015-06-21 17:20:00,031 - Temperature_FF_Bed       : 21.10000000
2015-06-21 17:25:00,042 - Temperature_GF_Corridor  : 20.30000000
2015-06-21 17:25:00,045 - Temperature_GF_Toilet    : 18.10000000
2015-06-21 17:25:00,051 - Temperature_GF_Living    : 20.40000000
2015-06-21 17:25:00,060 - Temperature_GF_Kitchen   : 22.40000000
2015-06-21 17:25:00,064 - Temperature_FF_Bath      : 18.10000000
2015-06-21 17:25:00,068 - Temperature_FF_Office    : 19.20000000
2015-06-21 17:25:00,071 - Temperature_FF_Child     : 22.50000000
2015-06-21 17:25:00,074 - Temperature_FF_Bed       : 18.90000000
2015-06-21 17:30:00,012 - Temperature_GF_Corridor  : 19.80000000
2015-06-21 17:30:00,015 - Temperature_GF_Toilet    : 18.20000000
2015-06-21 17:30:00,016 - Temperature_GF_Living    : 22.00000000
2015-06-21 17:30:00,019 - Temperature_GF_Kitchen   : 17.90000000
2015-06-21 17:30:00,024 - Temperature_FF_Bath      : 19.90000000
2015-06-21 17:30:00,030 - Temperature_FF_Office    : 17.70000000
2015-06-21 17:30:00,032 - Temperature_FF_Child     : 20.40000000
2015-06-21 17:30:00,035 - Temperature_FF_Bed       : 19.60000000
